<?xml version="1.0" encoding="UTF-8" ?>
<testsuite errors="0" failures="0" hostname="SERIAL-R9039N1G" name="com.ibm.juno.core.test.AllTests" tests="2815" time="8.497" timestamp="2015-12-30T17:17:52">
  <properties>
    <property name="file.encoding.pkg" value="sun.io" />
    <property name="org.osgi.framework.executionenvironment" value="OSGi/Minimum-1.0,OSGi/Minimum-1.1,OSGi/Minimum-1.2,JRE-1.1,J2SE-1.2,J2SE-1.3,J2SE-1.4,J2SE-1.5,JavaSE-1.6,JavaSE-1.7" />
    <property name="osgi.framework" value="file:/C:/RTC/../IMShared/plugins/org.eclipse.osgi_3.8.2.v20140416-1442.jar" />
    <property name="java.home" value="C:\RTC\jdk\jre" />
    <property name="eclipse.application" value="org.eclipse.ui.ide.workbench" />
    <property name="bin.includes" value="lib/derby/derby.jar,lib/jaxrs/jsr311-api-1.1.1.jar,META-INF/,." />
    <property name="JAZZ_HOME" value="C:/test/JTS4000/JazzTeamServer" />
    <property name="osgi.debug" value="" />
    <property name="org.eclipse.debug.ui.breakpoints.toggleFactoriesUsed" value="false" />
    <property name="java.endorsed.dirs" value="C:\RTC\jdk\jre\lib\endorsed" />
    <property name="osgi.bundlestore" value="C:\RTC\configuration\org.eclipse.osgi\bundles" />
    <property name="java.fullversion" value="JRE 1.7.0 IBM J9 2.7 Windows 7 amd64-64 Compressed References 20140410_195893 (JIT enabled, AOT enabled)&#xa;J9VM - R27_Java727_SR1_20140410_1931_B195893&#xa;JIT  - tr.r13.java_20140410_61421&#xa;GC   - R27_Java727_SR1_20140410_1931_B195893_CMPRSS&#xa;J9CL - 20140410_195893" />
    <property name="java.vendor.url" value="http://www.ibm.com/" />
    <property name="jars.extra.classpath" value="lib/jaxrs/jsr311-api-1.1.1.jar,lib/jena/jena-core-2.7.1-sources.jar,lib/jena/jena-core-2.7.1.jar,lib/jena/jena-iri-0.9.2.jar,lib/jena/log4j-1.2.16.jar,lib/jena/slf4j-api-1.6.4.jar,lib/jena/slf4j-log4j12-1.6.4.jar" />
    <property name="java.version" value="1.7.0" />
    <property name="eclipse.pdebuild.home" value="/C:/IMShared/plugins/org.eclipse.pde.build_3.8.2.v20121114-140810/./" />
    <property name="osgi.os" value="win32" />
    <property name="org.eclipse.equinox.simpleconfigurator.configUrl" value="file:org.eclipse.equinox.simpleconfigurator/bundles.info" />
    <property name="org.osgi.framework.uuid" value="c041e1bd-6eae-0015-1a1a-9ad22161a1ee" />
    <property name="com.ibm.oti.shared.enabled" value="false" />
    <property name="osgi.splashPath" value="file:/C:/IMShared/plugins/com.ibm.team.concert,file:/C:/IMShared/plugins/com.ibm.team.concert.nl1,file:/C:/IMShared/plugins/com.ibm.team.concert.nl2,file:/C:/IMShared/plugins/com.ibm.team.concert.nl2a,file:/C:/IMShared/plugins/com.ibm.datastudio.consolidated.product,file:/C:/IMShared/plugins/com.ibm.datastudio.consolidated.product.nl1,file:/C:/IMShared/plugins/com.ibm.datastudio.consolidated.product.nl2" />
    <property name="com.ibm.oti.vm.library.version" value="27" />
    <property name="os.encoding" value="UTF8" />
    <property name="ant.project.invoked-targets" value="Juno.ComponentTest" />
    <property name="user.name" value="jbognar" />
    <property name="org.osgi.framework.version" value="1.7.0" />
    <property name="sun.io.unicode.encoding" value="UnicodeLittle" />
    <property name="org.osgi.framework.system.packages" value="javax.accessibility,javax.activation,javax.activity,javax.annotation,javax.annotation.processing,javax.crypto,javax.crypto.interfaces,javax.crypto.spec,javax.imageio,javax.imageio.event,javax.imageio.metadata,javax.imageio.plugins.bmp,javax.imageio.plugins.jpeg,javax.imageio.spi,javax.imageio.stream,javax.jws,javax.jws.soap,javax.lang.model,javax.lang.model.element,javax.lang.model.type,javax.lang.model.util,javax.management,javax.management.loading,javax.management.modelmbean,javax.management.monitor,javax.management.openmbean,javax.management.relation,javax.management.remote,javax.management.remote.rmi,javax.management.timer,javax.naming,javax.naming.directory,javax.naming.event,javax.naming.ldap,javax.naming.spi,javax.net,javax.net.ssl,javax.print,javax.print.attribute,javax.print.attribute.standard,javax.print.event,javax.rmi,javax.rmi.CORBA,javax.rmi.ssl,javax.script,javax.security.auth,javax.security.auth.callback,javax.security.auth.kerberos,javax.security.auth.login,javax.security.auth.spi,javax.security.auth.x500,javax.security.cert,javax.security.sasl,javax.sound.midi,javax.sound.midi.spi,javax.sound.sampled,javax.sound.sampled.spi,javax.sql,javax.sql.rowset,javax.sql.rowset.serial,javax.sql.rowset.spi,javax.swing,javax.swing.border,javax.swing.colorchooser,javax.swing.event,javax.swing.filechooser,javax.swing.plaf,javax.swing.plaf.basic,javax.swing.plaf.metal,javax.swing.plaf.multi,javax.swing.plaf.nimbus,javax.swing.plaf.synth,javax.swing.table,javax.swing.text,javax.swing.text.html,javax.swing.text.html.parser,javax.swing.text.rtf,javax.swing.tree,javax.swing.undo,javax.tools,javax.transaction,javax.transaction.xa,javax.xml,javax.xml.bind,javax.xml.bind.annotation,javax.xml.bind.annotation.adapters,javax.xml.bind.attachment,javax.xml.bind.helpers,javax.xml.bind.util,javax.xml.crypto,javax.xml.crypto.dom,javax.xml.crypto.dsig,javax.xml.crypto.dsig.dom,javax.xml.crypto.dsig.keyinfo,javax.xml.crypto.dsig.spec,javax.xml.datatype,javax.xml.namespace,javax.xml.parsers,javax.xml.soap,javax.xml.stream,javax.xml.stream.events,javax.xml.stream.util,javax.xml.transform,javax.xml.transform.dom,javax.xml.transform.sax,javax.xml.transform.stax,javax.xml.transform.stream,javax.xml.validation,javax.xml.ws,javax.xml.ws.handler,javax.xml.ws.handler.soap,javax.xml.ws.http,javax.xml.ws.soap,javax.xml.ws.spi,javax.xml.ws.spi.http,javax.xml.ws.wsaddressing,javax.xml.xpath,org.ietf.jgss,org.omg.CORBA,org.omg.CORBA_2_3,org.omg.CORBA_2_3.portable,org.omg.CORBA.DynAnyPackage,org.omg.CORBA.ORBPackage,org.omg.CORBA.portable,org.omg.CORBA.TypeCodePackage,org.omg.CosNaming,org.omg.CosNaming.NamingContextExtPackage,org.omg.CosNaming.NamingContextPackage,org.omg.Dynamic,org.omg.DynamicAny,org.omg.DynamicAny.DynAnyFactoryPackage,org.omg.DynamicAny.DynAnyPackage,org.omg.IOP,org.omg.IOP.CodecFactoryPackage,org.omg.IOP.CodecPackage,org.omg.Messaging,org.omg.PortableInterceptor,org.omg.PortableInterceptor.ORBInitInfoPackage,org.omg.PortableServer,org.omg.PortableServer.CurrentPackage,org.omg.PortableServer.POAManagerPackage,org.omg.PortableServer.POAPackage,org.omg.PortableServer.portable,org.omg.PortableServer.ServantLocatorPackage,org.omg.SendingContext,org.omg.stub.java.rmi,org.w3c.dom,org.w3c.dom.bootstrap,org.w3c.dom.css,org.w3c.dom.events,org.w3c.dom.html,org.w3c.dom.ls,org.w3c.dom.ranges,org.w3c.dom.stylesheets,org.w3c.dom.traversal,org.w3c.dom.views,org.w3c.dom.xpath,org.xml.sax,org.xml.sax.ext,org.xml.sax.helpers" />
    <property name="sun.jnu.encoding" value="Cp1252" />
    <property name="java.runtime.name" value="Java(TM) SE Runtime Environment" />
    <property name="com.ibm.jcl.checkClassPath" value="" />
    <property name="ibm.system.encoding" value="Cp1252" />
    <property name="applicationXMI" value="org.eclipse.ui.workbench/LegacyIDE.e4xmi" />
    <property name="osgi.instance.area.default" value="file:/C:/Users/IBM_ADMIN/IBM/rationalsdp/workspace/" />
    <property name="eclipse.launcher.name" value="Eclipse" />
    <property name="eclipse.product" value="com.ibm.team.concert.product" />
    <property name="java.specification.name" value="Java Platform API Specification" />
    <property name="org.osgi.supports.framework.fragment" value="true" />
    <property name="user.timezone" value="" />
    <property name="org.osgi.framework.system.capabilities" value="osgi.ee; osgi.ee=&quot;OSGi/Minimum&quot;; version:List&lt;Version&gt;=&quot;1.0, 1.1, 1.2&quot;,osgi.ee; osgi.ee=&quot;JRE&quot;; version:List&lt;Version&gt;=&quot;1.0, 1.1&quot;,osgi.ee; osgi.ee=&quot;JavaSE&quot;; version:List&lt;Version&gt;=&quot;1.0, 1.1, 1.2, 1.3, 1.4, 1.5, 1.6, 1.7&quot;" />
    <property name="JUNO_SERVER_TEST_URL" value="http://localhost:10001" />
    <property name="osgi.nl" value="en_US" />
    <property name="path.separator" value=";" />
    <property name="com.ibm.oti.jcl.build" value="20140410_195893" />
    <property name="file.encoding" value="Cp1252" />
    <property name="osgi.arch" value="x86_64" />
    <property name="ant.project.default-target" value="Juno.Build" />
    <property name="com.ibm.oti.configuration" value="scar" />
    <property name="_jacoco.agentFile" value="C:\Users\IBM_AD~1\AppData\Local\Temp\jacocoagent7452611420645386408.jar" />
    <property name="sun.java.command" value="org.apache.tools.ant.taskdefs.optional.junit.JUnitTestRunner com.ibm.juno.core.test.AllTests filtertrace=false haltOnError=false haltOnFailure=false formatter=org.apache.tools.ant.taskdefs.optional.junit.SummaryJUnitResultFormatter showoutput=true outputtoformatters=true logfailedtests=true logtestlistenerevents=false formatter=org.apache.tools.ant.taskdefs.optional.junit.XMLJUnitResultFormatter,D:\workspaces\juno\com.ibm.team.juno.releng\build\test\junit\results\TEST-com.ibm.juno.core.test.AllTests.xml crashfile=D:\workspaces\juno\com.ibm.team.juno.releng\junitvmwatcher8137463769066401589.properties propsfile=D:\workspaces\juno\com.ibm.team.juno.releng\junit7123854772998453817.properties" />
    <property name="ant.file" value="D:\workspaces\juno\com.ibm.team.juno.releng\build.xml" />
    <property name="org.osgi.supports.framework.requirebundle" value="true" />
    <property name="osgi.bundles.override.user" value="true" />
    <property name="osgi.bundles.defaultStartLevel" value="4" />
    <property name="JUNO_SAMPLE_URL" value="http://localhost:10000" />
    <property name="osgi.launcherIni" value="eclipse" />
    <property name="osgi.bundles" value="reference:file:org.eclipse.birt.jetty.overlay_4.2.2.v201210101433.jar,reference:file:org.eclipse.equinox.simpleconfigurator_1.0.301.v20120914-163612.jar@1:start" />
    <property name="java.io.tmpdir" value="C:\Users\IBM_AD~1\AppData\Local\Temp\" />
    <property name="org.osgi.framework.os.name" value="Windows7" />
    <property name="equinox.use.ds" value="true" />
    <property name="TODAY" value="December 30 2015" />
    <property name="user.language" value="en" />
    <property name="eof" value="eof" />
    <property name="line.separator" value="&#xd;&#xa;" />
    <property name="org.osgi.framework.processor" value="x86-64" />
    <property name="java.vm.info" value="JRE 1.7.0 Windows 7 amd64-64 Compressed References 20140410_195893 (JIT enabled, AOT enabled)&#xa;J9VM - R27_Java727_SR1_20140410_1931_B195893&#xa;JIT  - tr.r13.java_20140410_61421&#xa;GC   - R27_Java727_SR1_20140410_1931_B195893_CMPRSS&#xa;J9CL - 20140410_195893" />
    <property name="osgi.manifest.cache" value="C:\RTC\configuration\org.eclipse.osgi\manifests" />
    <property name="osgi.splashLocation" value="C:\RTC\configuration\org.eclipse.equinox.launcher\com.ibm.team.concert_3.1.1000.v20141031_1346\splash.bmp" />
    <property name="sun.desktop" value="windows" />
    <property name="java.vm.specification.name" value="Java Virtual Machine Specification" />
    <property name="version" value="5.2.0.0" />
    <property name="ant.file.Juno" value="D:\workspaces\juno\com.ibm.team.juno.releng\build.xml" />
    <property name="eclipse.vm" value="C:\RTC\\jdk/jre/bin/javaw.exe" />
    <property name="com.ibm.cpu.endian" value="little" />
    <property name="eclipse.pdebuild.templates" value="/C:/IMShared/plugins/org.eclipse.pde.build_3.8.2.v20121114-140810/templates/" />
    <property name="osgi.configuration.area" value="file:/C:/RTC/configuration/" />
    <property name="java.awt.printerjob" value="sun.awt.windows.WPrinterJob" />
    <property name="com.ibm.util.extralibs.properties" value="" />
    <property name="ant.version" value="Apache Ant(TM) version 1.8.3 compiled on February 26 2012" />
    <property name="osgi.ws" value="win32" />
    <property name="com.ibm.xtq.processor.overrideSecureProcessing" value="true" />
    <property name="osgi.launcherPath" value="C:\RTC" />
    <property name="nls_exclude" value="**/*.html" />
    <property name="org.osgi.supports.framework.extension" value="true" />
    <property name="eclipse.p2.data.area" value="@config.dir/../p2/" />
    <property name="help.war" value="C:\RTC\help\help.war" />
    <property name="osgi.framework.extensions" value="reference:file:org.eclipse.birt.jetty.overlay_4.2.2.v201210101433.jar" />
    <property name="gosh.args" value="--nointeractive" />
    <property name="org.osgi.framework.language" value="en" />
    <property name="os.name" value="Windows 7" />
    <property name="eclipse.home.location" value="file:/C:/RTC/" />
    <property name="java.specification.vendor" value="Sun Microsystems Inc." />
    <property name="eclipse.vmargs" value="-Xms512m&#xa;-Xmx4096m&#xa;-Xmnx64m&#xa;-Xgcpolicy:gencon&#xa;-Xscmx192m&#xa;-Xshareclasses:name=IBMSDP_%u&#xa;-Xcompressedrefs&#xa;-Xquickstart&#xa;-Xnolinenumbers&#xa;-XX:MaxPermSize=1024M&#xa;-jar&#xa;C:\RTC\\plugins/org.eclipse.equinox.launcher_1.3.0.v20120522-1813.jar&#xa;" />
    <property name="java.vm.name" value="IBM J9 VM" />
    <property name="java.library.path" value="C:\RTC\jdk\jre\bin\compressedrefs;C:\RTC\jdk\jre\bin;C:\windows\system32;C:\windows;D:\SQLLIB\BIN;D:\SQLLIB\FUNCTION;C:\ProgramData\Oracle\Java\javapath;C:\Java\IBM_SDK_71\jre\bin;C:\Program Files (x86)\Intel\iCLS Client\;C:\Program Files\Intel\iCLS Client\;C:\windows\system32;C:\windows;C:\windows\System32\Wbem;C:\windows\System32\WindowsPowerShell\v1.0\;C:\Program Files\IBM\Infoprint Select;C:\Program Files (x86)\IBM\Personal Communications\;C:\Program Files (x86)\IBM\Trace Facility\;C:\Program Files\Intel\Intel(R) Management Engine Components\DAL;C:\Program Files (x86)\Intel\Intel(R) Management Engine Components\DAL;C:\Program Files\Intel\Intel(R) Management Engine Components\IPT;C:\Program Files (x86)\Intel\Intel(R) Management Engine Components\IPT;C:\Program Files\Intel\WiFi\bin\;C:\Program Files\Common Files\Intel\WirelessCommon\;c:\notes;C:\vslick\win;C:\mks\mksnt;C:\Program Files\ibm\gsk8\lib64;C:\Program Files (x86)\ibm\gsk8\lib;C:\Vagrant\bin;C:\cygwin64\bin;D:\nodejs\;C:\Program Files\Oracle\VirtualBox;C:\Program Files (x86)\QuickTime\QTSystem\;C:\Program Files (x86)\Windows Kits\8.1\Windows Performance Toolkit\;C:\Program Files\Intel\WiFi\bin\;C:\Program Files\Common Files\Intel\WirelessCommon\;C:\Program Files\Boot2Docker for Windows;C:\Users\IBM_ADMIN\AppData\Roaming\npm" />
    <property name="eclipse.pdebuild.scripts" value="/C:/IMShared/plugins/org.eclipse.pde.build_3.8.2.v20121114-140810/scripts/" />
    <property name="ant.java.version" value="1.7" />
    <property name="eclipse.commands" value="-os&#xa;win32&#xa;-ws&#xa;win32&#xa;-arch&#xa;x86_64&#xa;-showsplash&#xa;-launcher&#xa;C:\RTC\eclipse.exe&#xa;-name&#xa;Eclipse&#xa;--launcher.library&#xa;C:\RTC\\plugins/org.eclipse.equinox.launcher.win32.win32.x86_64_1.1.200.v20120913-144807\eclipse_1503.dll&#xa;-startup&#xa;C:\RTC\\plugins/org.eclipse.equinox.launcher_1.3.0.v20120522-1813.jar&#xa;--launcher.overrideVmargs&#xa;-exitdata&#xa;1ed40_60&#xa;-install&#xa;C:/RTC&#xa;-product&#xa;com.ibm.team.concert.product&#xa;-data&#xa;D:/workspaces/juno&#xa;-showLocation&#xa;-vm&#xa;C:\RTC\\jdk/jre/bin/javaw.exe&#xa;" />
    <property name="basedir" value="D:\workspaces\juno\com.ibm.team.juno.releng" />
    <property name="java.class.version" value="51.0" />
    <property name="osgi.syspath" value="c:\RTC\..\IMShared\plugins" />
    <property name="help.type.default" value="remote" />
    <property name="ant.home" value="C:\IMShared\plugins\org.apache.ant_1.8.3.v201301120609" />
    <property name="java.compiler" value="j9jit27" />
    <property name="org.eclipse.equinox.launcher.splash.location" value="C:\RTC\configuration\org.eclipse.equinox.launcher\com.ibm.team.concert_3.1.1000.v20141031_1346\splash.bmp" />
    <property name="osgi.framework.extensions.override.user" value="true" />
    <property name="console.encoding" value="Cp437" />
    <property name="osgi.instance.area" value="file:/D:/workspaces/juno/" />
    <property name="osgi.install.area" value="file:/C:/RTC/" />
    <property name="sun.boot.library.path" value="C:\RTC\jdk\jre\bin\compressedrefs;C:\RTC\jdk\jre\bin" />
    <property name="java.awt.graphicsenv" value="sun.awt.Win32GraphicsEnvironment" />
    <property name="user.variant" value="" />
    <property name="org.mortbay.http.HttpRequest.maxFormContentSize" value="4000000" />
    <property name="ant.file.type.Juno" value="file" />
    <property name="ant.project.name" value="Juno" />
    <property name="java.vm.specification.version" value="1.0" />
    <property name="awt.toolkit" value="sun.awt.windows.WToolkit" />
    <property name="org.eclipse.update.reconcile" value="false" />
    <property name="java.ext.dirs" value="C:\RTC\jdk\jre\lib\ext" />
    <property name="osgi.framework.version" value="3.8.2.v20140416-1442" />
    <property name="os.version" value="6.1" />
    <property name="eclipse.launcher" value="C:\RTC\eclipse.exe" />
    <property name="user.home" value="C:\Users\IBM_ADMIN" />
    <property name="cic.appDataLocation" value="C:\ProgramData\IBM\Installation Manager" />
    <property name="java.vm.vendor" value="IBM Corporation" />
    <property name="dir.build" value="build" />
    <property name="jre.compilation.profile" value="JavaSE-1.6" />
    <property name="user.dir" value="C:\RTC" />
    <property name="org.osgi.framework.os.version" value="6.1.0" />
    <property name="osgi.framework.shape" value="jar" />
    <property name="com.ibm.vm.bitmode" value="64" />
    <property name="osgi.framework.override.user" value="true" />
    <property name="sun.cpu.endian" value="little" />
    <property name="eclipse.startTime" value="1451422635766" />
    <property name="java.vm.version" value="2.7" />
    <property name="java.class.path" value="D:\workspaces\juno\com.ibm.team.juno.releng\lib\commons-codec-1.9\commons-codec-1.9.jar;D:\workspaces\juno\com.ibm.team.juno.releng\lib\commons-fileupload\org.apache.commons.fileupload_1.3.1.jar;D:\workspaces\juno\com.ibm.team.juno.releng\lib\derby\derby.jar;D:\workspaces\juno\com.ibm.team.juno.releng\lib\equinox\org.eclipse.osgi.services_3.2.100.v20100503.jar;D:\workspaces\juno\com.ibm.team.juno.releng\lib\equinox\org.eclipse.osgi_3.6.50.R36x_v20120315-1500.jar;D:\workspaces\juno\com.ibm.team.juno.releng\lib\httpclient\commons-logging-1.1.1.jar;D:\workspaces\juno\com.ibm.team.juno.releng\lib\httpclient\httpclient-4.5.jar;D:\workspaces\juno\com.ibm.team.juno.releng\lib\httpclient\httpcore-4.4.1.jar;D:\workspaces\juno\com.ibm.team.juno.releng\lib\httpclient\httpmime-4.5.jar;D:\workspaces\juno\com.ibm.team.juno.releng\lib\jacoco\jacocoagent.jar;D:\workspaces\juno\com.ibm.team.juno.releng\lib\jacoco\jacocoant.jar;D:\workspaces\juno\com.ibm.team.juno.releng\lib\jacoco\org.jacoco.agent-0.7.5.201505241946.jar;D:\workspaces\juno\com.ibm.team.juno.releng\lib\jacoco\org.jacoco.ant-0.7.5.201505241946.jar;D:\workspaces\juno\com.ibm.team.juno.releng\lib\jacoco\org.jacoco.core-0.7.5.201505241946.jar;D:\workspaces\juno\com.ibm.team.juno.releng\lib\jacoco\org.jacoco.report-0.7.5.201505241946.jar;D:\workspaces\juno\com.ibm.team.juno.releng\lib\java2html\java2html.jar;D:\workspaces\juno\com.ibm.team.juno.releng\lib\javax.servlet_2.5.0.jar;D:\workspaces\juno\com.ibm.team.juno.releng\lib\jaxrs\jsr311-api-1.1.1.jar;D:\workspaces\juno\com.ibm.team.juno.releng\lib\jaxrs\wink-common-1.2.1-incubating.jar;D:\workspaces\juno\com.ibm.team.juno.releng\lib\jaxrs\wink-server-1.2.1-incubating.jar;D:\workspaces\juno\com.ibm.team.juno.releng\lib\jena\jena-core-2.7.1-sources.jar;D:\workspaces\juno\com.ibm.team.juno.releng\lib\jena\jena-core-2.7.1.jar;D:\workspaces\juno\com.ibm.team.juno.releng\lib\jena\jena-iri-0.9.2.jar;D:\workspaces\juno\com.ibm.team.juno.releng\lib\jena\log4j-1.2.16.jar;D:\workspaces\juno\com.ibm.team.juno.releng\lib\jena\slf4j-api-1.6.4.jar;D:\workspaces\juno\com.ibm.team.juno.releng\lib\jena\slf4j-log4j12-1.6.4.jar;D:\workspaces\juno\com.ibm.team.juno.releng\lib\junit\hamcrest-core-1.3.jar;D:\workspaces\juno\com.ibm.team.juno.releng\lib\junit\junit-4.12.jar;D:\workspaces\juno\com.ibm.team.juno.releng\build\bundles\com.ibm.team.juno.client_5.2.0.0.jar;D:\workspaces\juno\com.ibm.team.juno.releng\build\bundles\com.ibm.team.juno.microservice_5.2.0.0.jar;D:\workspaces\juno\com.ibm.team.juno.releng\build\bundles\com.ibm.team.juno.server_5.2.0.0.jar;D:\workspaces\juno\com.ibm.team.juno.releng\build\bundles\com.ibm.team.juno_5.2.0.0.jar;D:\workspaces\juno\com.ibm.team.juno.releng\build\juno-all-5.2.jar;D:\workspaces\juno\com.ibm.team.juno.releng\build\juno-samples-5.2.jar;D:\workspaces\juno\com.ibm.team.juno.releng\build\juno-samples-fat-5.2.jar;D:\workspaces\juno\com.ibm.team.juno.releng\build\microservice-project\lib\commons-codec-1.9.jar;D:\workspaces\juno\com.ibm.team.juno.releng\build\microservice-project\lib\commons-io-1.2.jar;D:\workspaces\juno\com.ibm.team.juno.releng\build\microservice-project\lib\commons-logging-1.1.1.jar;D:\workspaces\juno\com.ibm.team.juno.releng\build\microservice-project\lib\httpclient-4.5.jar;D:\workspaces\juno\com.ibm.team.juno.releng\build\microservice-project\lib\httpcore-4.4.1.jar;D:\workspaces\juno\com.ibm.team.juno.releng\build\microservice-project\lib\httpmime-4.5.jar;D:\workspaces\juno\com.ibm.team.juno.releng\build\microservice-project\lib\javax.servlet-api-3.0.jar;D:\workspaces\juno\com.ibm.team.juno.releng\build\microservice-project\lib\jetty-all-8.1.0.jar;D:\workspaces\juno\com.ibm.team.juno.releng\build\microservice-project\lib\juno-all-5.2.jar;D:\workspaces\juno\com.ibm.team.juno.releng\build\microservice-project\lib\org.apache.commons.fileupload_1.3.1.jar;D:\workspaces\juno\com.ibm.team.juno.releng\build\microservice-samples-project\lib\commons-codec-1.9.jar;D:\workspaces\juno\com.ibm.team.juno.releng\build\microservice-samples-project\lib\commons-io-1.2.jar;D:\workspaces\juno\com.ibm.team.juno.releng\build\microservice-samples-project\lib\commons-logging-1.1.1.jar;D:\workspaces\juno\com.ibm.team.juno.releng\build\microservice-samples-project\lib\derby.jar;D:\workspaces\juno\com.ibm.team.juno.releng\build\microservice-samples-project\lib\httpclient-4.5.jar;D:\workspaces\juno\com.ibm.team.juno.releng\build\microservice-samples-project\lib\httpcore-4.4.1.jar;D:\workspaces\juno\com.ibm.team.juno.releng\build\microservice-samples-project\lib\httpmime-4.5.jar;D:\workspaces\juno\com.ibm.team.juno.releng\build\microservice-samples-project\lib\javax.servlet-api-3.0.jar;D:\workspaces\juno\com.ibm.team.juno.releng\build\microservice-samples-project\lib\jena-core-2.7.1.jar;D:\workspaces\juno\com.ibm.team.juno.releng\build\microservice-samples-project\lib\jena-iri-0.9.2.jar;D:\workspaces\juno\com.ibm.team.juno.releng\build\microservice-samples-project\lib\jetty-all-8.1.0.jar;D:\workspaces\juno\com.ibm.team.juno.releng\build\microservice-samples-project\lib\juno-all-5.2.jar;D:\workspaces\juno\com.ibm.team.juno.releng\build\microservice-samples-project\lib\log4j-1.2.16.jar;D:\workspaces\juno\com.ibm.team.juno.releng\build\microservice-samples-project\lib\org.apache.commons.fileupload_1.3.1.jar;D:\workspaces\juno\com.ibm.team.juno.releng\build\microservice-samples-project\lib\slf4j-api-1.6.4.jar;D:\workspaces\juno\com.ibm.team.juno.releng\build\microservice-samples-project\lib\slf4j-log4j12-1.6.4.jar;D:\workspaces\juno\com.ibm.team.juno.releng\build\source\com.ibm.team.juno.client_5.2.0.0.jar;D:\workspaces\juno\com.ibm.team.juno.releng\build\source\com.ibm.team.juno.microservice_5.2.0.0.jar;D:\workspaces\juno\com.ibm.team.juno.releng\build\source\com.ibm.team.juno.server_5.2.0.0.jar;D:\workspaces\juno\com.ibm.team.juno.releng\build\source\com.ibm.team.juno_5.2.0.0.jar;D:\workspaces\juno\com.ibm.team.juno.releng\build\source\juno-all-5.2.jar;D:\workspaces\juno\com.ibm.team.juno.releng\build\source\juno-samples-5.2_src.jar;D:\workspaces\juno\com.ibm.team.juno.releng\build\test\juno-core-test-5.2.jar;D:\workspaces\juno\com.ibm.team.juno.releng\build\test\juno-server-test-5.2.jar;D:\workspaces\juno\com.ibm.team.juno.releng;D:\SQLLIB\java\db2java.zip;D:\SQLLIB\java\db2jcc.jar;D:\SQLLIB\java\sqlj.zip;D:\SQLLIB\java\db2jcc_license_cu.jar;D:\SQLLIB\bin;D:\SQLLIB\java\common.jar;C:\IMShared\plugins\org.apache.ant_1.8.3.v201301120609\lib\ant-launcher.jar;C:\IMShared\plugins\org.apache.ant_1.8.3.v201301120609\lib\ant.jar;C:\IMShared\plugins\org.apache.ant_1.8.3.v201301120609\lib\ant-junit.jar;C:\IMShared\plugins\org.apache.ant_1.8.3.v201301120609\lib\ant-junit4.jar;C:\Users\IBM_AD~1\AppData\Local\Temp\jacocoagent7452611420645386408.jar;C:\Users\IBM_AD~1\AppData\Local\Temp\jacocoagent7452611420645386408.jar" />
    <property name="DSTAMP" value="20151230" />
    <property name="ant.library.dir" value="C:\IMShared\plugins\org.apache.ant_1.8.3.v201301120609\lib" />
    <property name="os.arch" value="amd64" />
    <property name="eclipse.p2.profile" value="IBM Rational Team Concert Client com.ibm.sdp.eclipse.ide" />
    <property name="sun.java.launcher" value="SUN_STANDARD" />
    <property name="org.osgi.framework.vendor" value="Eclipse" />
    <property name="ant.core.lib" value="C:\IMShared\plugins\org.apache.ant_1.8.3.v201301120609\lib\ant.jar" />
    <property name="osgi.tracefile" value="D:\workspaces\juno\.metadata\trace.log" />
    <property name="java.vm.specification.vendor" value="Sun Microsystems Inc." />
    <property name="TSTAMP" value="1217" />
    <property name="com.ibm.system.agent.path" value="C:\RTC\jdk\jre\bin" />
    <property name="file.separator" value="\" />
    <property name="java.runtime.version" value="pwa6470_27sr1-20140411_01 (SR1)" />
    <property name="sun.boot.class.path" value="C:\RTC\jdk\jre\bin\compressedrefs\jclSC170\vm.jar;C:\RTC\jdk\jre\lib\se-service.jar;C:\RTC\jdk\jre\lib\math.jar;C:\RTC\jdk\jre\lib\jlm.jar;C:\RTC\jdk\jre\lib\ibmorb.jar;C:\RTC\jdk\jre\lib\ibmorbapi.jar;C:\RTC\jdk\jre\lib\ibmcfw.jar;C:\RTC\jdk\jre\lib\ibmpkcs.jar;C:\RTC\jdk\jre\lib\ibmcertpathfw.jar;C:\RTC\jdk\jre\lib\ibmjgssfw.jar;C:\RTC\jdk\jre\lib\ibmjssefw.jar;C:\RTC\jdk\jre\lib\ibmsaslfw.jar;C:\RTC\jdk\jre\lib\ibmjcefw.jar;C:\RTC\jdk\jre\lib\ibmjgssprovider.jar;C:\RTC\jdk\jre\lib\ibmjsseprovider2.jar;C:\RTC\jdk\jre\lib\ibmcertpathprovider.jar;C:\RTC\jdk\jre\lib\xmldsigfw.jar;C:\RTC\jdk\jre\lib\xml.jar;C:\RTC\jdk\jre\lib\charsets.jar;C:\RTC\jdk\jre\lib\resources.jar;C:\RTC\jdk\jre\lib\rt.jar;C:\RTC\jdk\jre\lib\dataaccess.jar" />
    <property name="ibm.signalhandling.sigint" value="true" />
    <property name="shortVersion" value="5.2" />
    <property name="ibm.signalhandling.rs" value="false" />
    <property name="osgi.frameworkClassPath" value="., file:C:/RTC/../IMShared/plugins/org.eclipse.birt.jetty.overlay_4.2.2.v201210101433.jar" />
    <property name="user.country" value="US" />
    <property name="com.ibm.packed.version" value="2" />
    <property name="osgi.logfile" value="D:\workspaces\juno\.metadata\.log" />
    <property name="com.ibm.oti.vm.bootstrap.library.path" value="C:\RTC\jdk\jre\bin\compressedrefs;C:\RTC\jdk\jre\bin" />
    <property name="com.ibm.zero.version" value="2" />
    <property name="ibm.signalhandling.sigchain" value="true" />
    <property name="osgi.bundlefile.limit" value="100" />
    <property name="java.vendor" value="IBM Corporation" />
    <property name="java.specification.version" value="1.7" />
    <property name="sun.arch.data.model" value="64" />
    <property name="help.URL.default" value="" />
  </properties>
  <testcase classname="com.ibm.juno.core.test.CT_Annotations" name="testForOnlyPublicFields" time="0.462" />
  <testcase classname="com.ibm.juno.core.test.CT_Annotations" name="testBeanWithExplicitProperties" time="0.0" />
  <testcase classname="com.ibm.juno.core.test.CT_BeanContext" name="testNotABeanNonStaticInnerClass" time="0.0" />
  <testcase classname="com.ibm.juno.core.test.CT_BeanContext" name="testReadOnlyProperties" time="0.0" />
  <testcase classname="com.ibm.juno.core.test.CT_BeanContext" name="testClassClassMeta" time="0.01" />
  <testcase classname="com.ibm.juno.core.test.CT_BeanContext" name="testBasic" time="0.0" />
  <testcase classname="com.ibm.juno.core.test.CT_BeanContext" name="testEnums" time="0.0" />
  <testcase classname="com.ibm.juno.core.test.CT_BeanContext" name="testAddingToArrayProperty" time="0.07" />
  <testcase classname="com.ibm.juno.core.test.CT_BeanContext" name="testGetClassMetaFromString" time="0.0" />
  <testcase classname="com.ibm.juno.core.test.CT_BeanContext" name="testProxyHandler" time="0.0" />
  <testcase classname="com.ibm.juno.core.test.CT_BeanContext" name="testBeanContextConvertToType" time="0.08" />
  <testcase classname="com.ibm.juno.core.test.CT_BeanContext" name="testBlanks" time="0.0" />
  <testcase classname="com.ibm.juno.core.test.CT_BeanContext" name="testClassMetaCaching" time="0.02" />
  <testcase classname="com.ibm.juno.core.test.CT_BeanContext" name="testFluentStyleSetters" time="0.0" />
  <testcase classname="com.ibm.juno.core.test.CT_BeanFilter" name="testSubTypes" time="0.01" />
  <testcase classname="com.ibm.juno.core.test.CT_BeanFilter" name="testParentClassFilter2" time="0.0" />
  <testcase classname="com.ibm.juno.core.test.CT_BeanFilter" name="testParentClassFilter" time="0.0" />
  <testcase classname="com.ibm.juno.core.test.CT_BeanMap" name="testToLinkedListInteger" time="0.01" />
  <testcase classname="com.ibm.juno.core.test.CT_BeanMap" name="testAutomaticDetectionOfGenericTypes" time="0.0" />
  <testcase classname="com.ibm.juno.core.test.CT_BeanMap" name="testOverriddenPropertyTypes" time="0.0" />
  <testcase classname="com.ibm.juno.core.test.CT_BeanMap" name="testCollectionMethodProperties" time="0.01" />
  <testcase classname="com.ibm.juno.core.test.CT_BeanMap" name="testEnum" time="0.0" />
  <testcase classname="com.ibm.juno.core.test.CT_BeanMap" name="testPrimitiveMethodProperties" time="0.0" />
  <testcase classname="com.ibm.juno.core.test.CT_BeanMap" name="testPrimitiveFieldProperties" time="0.0" />
  <testcase classname="com.ibm.juno.core.test.CT_BeanMap" name="testOverridingDetectionOfGenericTypes2" time="0.013" />
  <testcase classname="com.ibm.juno.core.test.CT_BeanMap" name="testHiddenProperties" time="0.003" />
  <testcase classname="com.ibm.juno.core.test.CT_BeanMap" name="testCastToLinkedListUsingFilter" time="0.01" />
  <testcase classname="com.ibm.juno.core.test.CT_BeanMap" name="testCastToIntArray" time="0.002" />
  <testcase classname="com.ibm.juno.core.test.CT_BeanMap" name="testArrayPropertiesInObjectList" time="0.002" />
  <testcase classname="com.ibm.juno.core.test.CT_BeanMap" name="testSettingCollectionPropertyMultipleTimes" time="0.001" />
  <testcase classname="com.ibm.juno.core.test.CT_BeanMap" name="testCastWithNormalBean" time="0.001" />
  <testcase classname="com.ibm.juno.core.test.CT_BeanMap" name="testOverridingDetectionOfGenericTypes" time="0.002" />
  <testcase classname="com.ibm.juno.core.test.CT_BeanMap" name="testCastToLinkedListBean" time="0.003" />
  <testcase classname="com.ibm.juno.core.test.CT_BeanMap" name="testCastWithNestedBean" time="0.001" />
  <testcase classname="com.ibm.juno.core.test.CT_BeanMap" name="testInvokeMethod" time="0.001" />
  <testcase classname="com.ibm.juno.core.test.CT_BeanMap" name="testCastToInt2dArray" time="0.0" />
  <testcase classname="com.ibm.juno.core.test.CT_BeanMap" name="testGenericMethods" time="0.003" />
  <testcase classname="com.ibm.juno.core.test.CT_BeanMap" name="testCastToAnotherMapType" time="0.001" />
  <testcase classname="com.ibm.juno.core.test.CT_BeanMap" name="testGenericListSubclass" time="0.002" />
  <testcase classname="com.ibm.juno.core.test.CT_BeanMap" name="testPropertyNameFactoryDashedLC1" time="0.002" />
  <testcase classname="com.ibm.juno.core.test.CT_BeanMap" name="testPropertyNameFactoryDashedLC2" time="0.001" />
  <testcase classname="com.ibm.juno.core.test.CT_BeanMap" name="testIgnoreUnknownBeanPropertiesSetting" time="0.039" />
  <testcase classname="com.ibm.juno.core.test.CT_BeanMap" name="testCastToString2dArray" time="0.0" />
  <testcase classname="com.ibm.juno.core.test.CT_BeanMap" name="testBeanMethodOrder" time="0.002" />
  <testcase classname="com.ibm.juno.core.test.CT_BeanMap" name="testArrayProperties" time="0.002" />
  <testcase classname="com.ibm.juno.core.test.CT_BeanMap" name="testBeanPropertyAnnotation" time="0.004" />
  <testcase classname="com.ibm.juno.core.test.CT_BeanMap" name="testGenericFields" time="0.003" />
  <testcase classname="com.ibm.juno.core.test.CT_BeanMap" name="testBeanPropertyOrder" time="0.003" />
  <testcase classname="com.ibm.juno.core.test.CT_BeanMap" name="testBeanWithFluentStyleSetters" time="0.002" />
  <testcase classname="com.ibm.juno.core.test.CT_BeanMap" name="testCastToLinkedList" time="0.0" />
  <testcase classname="com.ibm.juno.core.test.CT_BeanMap" name="testCollectionFieldProperties" time="0.003" />
  <testcase classname="com.ibm.juno.core.test.CT_BeanMap" name="testCastToStringArray" time="0.001" />
  <testcase classname="com.ibm.juno.core.test.CT_ClassMeta" name="testMap" time="0.0" />
  <testcase classname="com.ibm.juno.core.test.CT_ClassMeta" name="testFilters" time="0.007" />
  <testcase classname="com.ibm.juno.core.test.CT_ClassMeta" name="testListWithUpperBoundGenericEntryTypes" time="0.0" />
  <testcase classname="com.ibm.juno.core.test.CT_ClassMeta" name="testBeanExtendsMap" time="0.001" />
  <testcase classname="com.ibm.juno.core.test.CT_ClassMeta" name="testMapWithMapValues" time="0.0" />
  <testcase classname="com.ibm.juno.core.test.CT_ClassMeta" name="testListWithMapValues" time="0.0" />
  <testcase classname="com.ibm.juno.core.test.CT_ClassMeta" name="testString" time="0.0" />
  <testcase classname="com.ibm.juno.core.test.CT_DataConversionTest" name="testBasic" time="0.003" />
  <testcase classname="com.ibm.juno.core.test.CT_DataConversionTest" name="testObjectFilters" time="0.003" />
  <testcase classname="com.ibm.juno.core.test.CT_IgnoredClasses" name="testFilesRenderedAsStrings" time="0.002" />
  <testcase classname="com.ibm.juno.core.test.CT_IgnoredClasses" name="testIgnorePackages" time="0.004" />
  <testcase classname="com.ibm.juno.core.test.CT_JacocoDummy" name="accessPrivateConstructorsOnStaticUtilityClasses" time="0.001" />
  <testcase classname="com.ibm.juno.core.test.CT_ObjectList" name="testIterateAs" time="0.002" />
  <testcase classname="com.ibm.juno.core.test.CT_ObjectList" name="testBasic" time="0.0" />
  <testcase classname="com.ibm.juno.core.test.CT_ObjectMap" name="testComparison" time="0.001" />
  <testcase classname="com.ibm.juno.core.test.CT_ObjectMap" name="testBasic" time="0.011" />
  <testcase classname="com.ibm.juno.core.test.CT_ObjectMap" name="testUpdatability" time="0.001" />
  <testcase classname="com.ibm.juno.core.test.CT_ObjectMap" name="testParent" time="0.0" />
  <testcase classname="com.ibm.juno.core.test.CT_ParserGenerics" name="testMap" time="0.001" />
  <testcase classname="com.ibm.juno.core.test.CT_ParserGenerics" name="testCollection" time="0.004" />
  <testcase classname="com.ibm.juno.core.test.CT_ParserReader" name="testBasic" time="0.0" />
  <testcase classname="com.ibm.juno.core.test.CT_ParserReader" name="testMarking" time="0.0" />
  <testcase classname="com.ibm.juno.core.test.CT_ParserReader" name="testReplace" time="0.0" />
  <testcase classname="com.ibm.juno.core.test.CT_ParserReader" name="testReadStrings" time="0.0" />
  <testcase classname="com.ibm.juno.core.test.CT_ParserReader" name="testDelete" time="0.0" />
  <testcase classname="com.ibm.juno.core.test.CT_PropertyNamerDashedLC" name="test" time="0.0" />
  <testcase classname="com.ibm.juno.core.test.CT_Visibility" name="testClassDefault" time="0.036" />
  <testcase classname="com.ibm.juno.core.test.a.rttests.CT_RoundTripAddClassAttrs" name="testBeanWithListProps[0]" time="0.006" />
  <testcase classname="com.ibm.juno.core.test.a.rttests.CT_RoundTripAddClassAttrs" name="testMapsWithTypeParams[0]" time="0.003" />
  <testcase classname="com.ibm.juno.core.test.a.rttests.CT_RoundTripAddClassAttrs" name="testBeanWithListOfArraysProps[0]" time="0.005" />
  <testcase classname="com.ibm.juno.core.test.a.rttests.CT_RoundTripAddClassAttrs" name="testBeanArray[0]" time="0.001" />
  <testcase classname="com.ibm.juno.core.test.a.rttests.CT_RoundTripAddClassAttrs" name="testBean[0]" time="0.001" />
  <testcase classname="com.ibm.juno.core.test.a.rttests.CT_RoundTripAddClassAttrs" name="testMapsWithoutTypeParams[0]" time="0.003" />
  <testcase classname="com.ibm.juno.core.test.a.rttests.CT_RoundTripAddClassAttrs" name="testBeanWithBeanProps[0]" time="0.002" />
  <testcase classname="com.ibm.juno.core.test.a.rttests.CT_RoundTripAddClassAttrs" name="testBeanWithListProps[1]" time="0.002" />
  <testcase classname="com.ibm.juno.core.test.a.rttests.CT_RoundTripAddClassAttrs" name="testMapsWithTypeParams[1]" time="0.001" />
  <testcase classname="com.ibm.juno.core.test.a.rttests.CT_RoundTripAddClassAttrs" name="testBeanWithListOfArraysProps[1]" time="0.002" />
  <testcase classname="com.ibm.juno.core.test.a.rttests.CT_RoundTripAddClassAttrs" name="testBeanArray[1]" time="0.001" />
  <testcase classname="com.ibm.juno.core.test.a.rttests.CT_RoundTripAddClassAttrs" name="testBean[1]" time="0.001" />
  <testcase classname="com.ibm.juno.core.test.a.rttests.CT_RoundTripAddClassAttrs" name="testMapsWithoutTypeParams[1]" time="0.001" />
  <testcase classname="com.ibm.juno.core.test.a.rttests.CT_RoundTripAddClassAttrs" name="testBeanWithBeanProps[1]" time="0.001" />
  <testcase classname="com.ibm.juno.core.test.a.rttests.CT_RoundTripAddClassAttrs" name="testBeanWithListProps[2]" time="0.001" />
  <testcase classname="com.ibm.juno.core.test.a.rttests.CT_RoundTripAddClassAttrs" name="testMapsWithTypeParams[2]" time="0.0" />
  <testcase classname="com.ibm.juno.core.test.a.rttests.CT_RoundTripAddClassAttrs" name="testBeanWithListOfArraysProps[2]" time="0.002" />
  <testcase classname="com.ibm.juno.core.test.a.rttests.CT_RoundTripAddClassAttrs" name="testBeanArray[2]" time="0.001" />
  <testcase classname="com.ibm.juno.core.test.a.rttests.CT_RoundTripAddClassAttrs" name="testBean[2]" time="0.0" />
  <testcase classname="com.ibm.juno.core.test.a.rttests.CT_RoundTripAddClassAttrs" name="testMapsWithoutTypeParams[2]" time="0.001" />
  <testcase classname="com.ibm.juno.core.test.a.rttests.CT_RoundTripAddClassAttrs" name="testBeanWithBeanProps[2]" time="0.001" />
  <testcase classname="com.ibm.juno.core.test.a.rttests.CT_RoundTripAddClassAttrs" name="testBeanWithListProps[3]" time="0.059" />
  <testcase classname="com.ibm.juno.core.test.a.rttests.CT_RoundTripAddClassAttrs" name="testMapsWithTypeParams[3]" time="0.01" />
  <testcase classname="com.ibm.juno.core.test.a.rttests.CT_RoundTripAddClassAttrs" name="testBeanWithListOfArraysProps[3]" time="0.04" />
  <testcase classname="com.ibm.juno.core.test.a.rttests.CT_RoundTripAddClassAttrs" name="testBeanArray[3]" time="0.03" />
  <testcase classname="com.ibm.juno.core.test.a.rttests.CT_RoundTripAddClassAttrs" name="testBean[3]" time="0.01" />
  <testcase classname="com.ibm.juno.core.test.a.rttests.CT_RoundTripAddClassAttrs" name="testMapsWithoutTypeParams[3]" time="0.02" />
  <testcase classname="com.ibm.juno.core.test.a.rttests.CT_RoundTripAddClassAttrs" name="testBeanWithBeanProps[3]" time="0.01" />
  <testcase classname="com.ibm.juno.core.test.a.rttests.CT_RoundTripAddClassAttrs" name="testBeanWithListProps[4]" time="0.01" />
  <testcase classname="com.ibm.juno.core.test.a.rttests.CT_RoundTripAddClassAttrs" name="testMapsWithTypeParams[4]" time="0.01" />
  <testcase classname="com.ibm.juno.core.test.a.rttests.CT_RoundTripAddClassAttrs" name="testBeanWithListOfArraysProps[4]" time="0.0" />
  <testcase classname="com.ibm.juno.core.test.a.rttests.CT_RoundTripAddClassAttrs" name="testBeanArray[4]" time="0.0" />
  <testcase classname="com.ibm.juno.core.test.a.rttests.CT_RoundTripAddClassAttrs" name="testBean[4]" time="0.0" />
  <testcase classname="com.ibm.juno.core.test.a.rttests.CT_RoundTripAddClassAttrs" name="testMapsWithoutTypeParams[4]" time="0.01" />
  <testcase classname="com.ibm.juno.core.test.a.rttests.CT_RoundTripAddClassAttrs" name="testBeanWithBeanProps[4]" time="0.01" />
  <testcase classname="com.ibm.juno.core.test.a.rttests.CT_RoundTripAddClassAttrs" name="testBeanWithListProps[5]" time="0.0" />
  <testcase classname="com.ibm.juno.core.test.a.rttests.CT_RoundTripAddClassAttrs" name="testMapsWithTypeParams[5]" time="0.0" />
  <testcase classname="com.ibm.juno.core.test.a.rttests.CT_RoundTripAddClassAttrs" name="testBeanWithListOfArraysProps[5]" time="0.0" />
  <testcase classname="com.ibm.juno.core.test.a.rttests.CT_RoundTripAddClassAttrs" name="testBeanArray[5]" time="0.0" />
  <testcase classname="com.ibm.juno.core.test.a.rttests.CT_RoundTripAddClassAttrs" name="testBean[5]" time="0.0" />
  <testcase classname="com.ibm.juno.core.test.a.rttests.CT_RoundTripAddClassAttrs" name="testMapsWithoutTypeParams[5]" time="0.01" />
  <testcase classname="com.ibm.juno.core.test.a.rttests.CT_RoundTripAddClassAttrs" name="testBeanWithBeanProps[5]" time="0.0" />
  <testcase classname="com.ibm.juno.core.test.a.rttests.CT_RoundTripAddClassAttrs" name="testBeanWithListProps[6]" time="0.0" />
  <testcase classname="com.ibm.juno.core.test.a.rttests.CT_RoundTripAddClassAttrs" name="testMapsWithTypeParams[6]" time="0.0" />
  <testcase classname="com.ibm.juno.core.test.a.rttests.CT_RoundTripAddClassAttrs" name="testBeanWithListOfArraysProps[6]" time="0.0" />
  <testcase classname="com.ibm.juno.core.test.a.rttests.CT_RoundTripAddClassAttrs" name="testBeanArray[6]" time="0.0" />
  <testcase classname="com.ibm.juno.core.test.a.rttests.CT_RoundTripAddClassAttrs" name="testBean[6]" time="0.0" />
  <testcase classname="com.ibm.juno.core.test.a.rttests.CT_RoundTripAddClassAttrs" name="testMapsWithoutTypeParams[6]" time="0.0" />
  <testcase classname="com.ibm.juno.core.test.a.rttests.CT_RoundTripAddClassAttrs" name="testBeanWithBeanProps[6]" time="0.0" />
  <testcase classname="com.ibm.juno.core.test.a.rttests.CT_RoundTripAddClassAttrs" name="testBeanWithListProps[7]" time="0.0" />
  <testcase classname="com.ibm.juno.core.test.a.rttests.CT_RoundTripAddClassAttrs" name="testMapsWithTypeParams[7]" time="0.0" />
  <testcase classname="com.ibm.juno.core.test.a.rttests.CT_RoundTripAddClassAttrs" name="testBeanWithListOfArraysProps[7]" time="0.0" />
  <testcase classname="com.ibm.juno.core.test.a.rttests.CT_RoundTripAddClassAttrs" name="testBeanArray[7]" time="0.0" />
  <testcase classname="com.ibm.juno.core.test.a.rttests.CT_RoundTripAddClassAttrs" name="testBean[7]" time="0.0" />
  <testcase classname="com.ibm.juno.core.test.a.rttests.CT_RoundTripAddClassAttrs" name="testMapsWithoutTypeParams[7]" time="0.0" />
  <testcase classname="com.ibm.juno.core.test.a.rttests.CT_RoundTripAddClassAttrs" name="testBeanWithBeanProps[7]" time="0.0" />
  <testcase classname="com.ibm.juno.core.test.a.rttests.CT_RoundTripAddClassAttrs" name="testBeanWithListProps[8]" time="0.19" />
  <testcase classname="com.ibm.juno.core.test.a.rttests.CT_RoundTripAddClassAttrs" name="testMapsWithTypeParams[8]" time="0.01" />
  <testcase classname="com.ibm.juno.core.test.a.rttests.CT_RoundTripAddClassAttrs" name="testBeanWithListOfArraysProps[8]" time="0.01" />
  <testcase classname="com.ibm.juno.core.test.a.rttests.CT_RoundTripAddClassAttrs" name="testBeanArray[8]" time="0.01" />
  <testcase classname="com.ibm.juno.core.test.a.rttests.CT_RoundTripAddClassAttrs" name="testBean[8]" time="0.01" />
  <testcase classname="com.ibm.juno.core.test.a.rttests.CT_RoundTripAddClassAttrs" name="testMapsWithoutTypeParams[8]" time="0.01" />
  <testcase classname="com.ibm.juno.core.test.a.rttests.CT_RoundTripAddClassAttrs" name="testBeanWithBeanProps[8]" time="0.01" />
  <testcase classname="com.ibm.juno.core.test.a.rttests.CT_RoundTripBeanInheritance" name="testBeanInheritance[0]" time="0.0" />
  <testcase classname="com.ibm.juno.core.test.a.rttests.CT_RoundTripBeanInheritance" name="testBeanInheritance2[0]" time="0.0" />
  <testcase classname="com.ibm.juno.core.test.a.rttests.CT_RoundTripBeanInheritance" name="testBeanInheritance[1]" time="0.0" />
  <testcase classname="com.ibm.juno.core.test.a.rttests.CT_RoundTripBeanInheritance" name="testBeanInheritance2[1]" time="0.0" />
  <testcase classname="com.ibm.juno.core.test.a.rttests.CT_RoundTripBeanInheritance" name="testBeanInheritance[2]" time="0.01" />
  <testcase classname="com.ibm.juno.core.test.a.rttests.CT_RoundTripBeanInheritance" name="testBeanInheritance2[2]" time="0.0" />
  <testcase classname="com.ibm.juno.core.test.a.rttests.CT_RoundTripBeanInheritance" name="testBeanInheritance[3]" time="0.01" />
  <testcase classname="com.ibm.juno.core.test.a.rttests.CT_RoundTripBeanInheritance" name="testBeanInheritance2[3]" time="0.01" />
  <testcase classname="com.ibm.juno.core.test.a.rttests.CT_RoundTripBeanInheritance" name="testBeanInheritance[4]" time="0.0" />
  <testcase classname="com.ibm.juno.core.test.a.rttests.CT_RoundTripBeanInheritance" name="testBeanInheritance2[4]" time="0.0" />
  <testcase classname="com.ibm.juno.core.test.a.rttests.CT_RoundTripBeanInheritance" name="testBeanInheritance[5]" time="0.0" />
  <testcase classname="com.ibm.juno.core.test.a.rttests.CT_RoundTripBeanInheritance" name="testBeanInheritance2[5]" time="0.0" />
  <testcase classname="com.ibm.juno.core.test.a.rttests.CT_RoundTripBeanInheritance" name="testBeanInheritance[6]" time="0.0" />
  <testcase classname="com.ibm.juno.core.test.a.rttests.CT_RoundTripBeanInheritance" name="testBeanInheritance2[6]" time="0.0" />
  <testcase classname="com.ibm.juno.core.test.a.rttests.CT_RoundTripBeanInheritance" name="testBeanInheritance[7]" time="0.0" />
  <testcase classname="com.ibm.juno.core.test.a.rttests.CT_RoundTripBeanInheritance" name="testBeanInheritance2[7]" time="0.0" />
  <testcase classname="com.ibm.juno.core.test.a.rttests.CT_RoundTripBeanInheritance" name="testBeanInheritance[8]" time="0.0" />
  <testcase classname="com.ibm.juno.core.test.a.rttests.CT_RoundTripBeanInheritance" name="testBeanInheritance2[8]" time="0.0" />
  <testcase classname="com.ibm.juno.core.test.a.rttests.CT_RoundTripBeanInheritance" name="testBeanInheritance[9]" time="0.0" />
  <testcase classname="com.ibm.juno.core.test.a.rttests.CT_RoundTripBeanInheritance" name="testBeanInheritance2[9]" time="0.0" />
  <testcase classname="com.ibm.juno.core.test.a.rttests.CT_RoundTripBeanInheritance" name="testBeanInheritance[10]" time="0.0" />
  <testcase classname="com.ibm.juno.core.test.a.rttests.CT_RoundTripBeanInheritance" name="testBeanInheritance2[10]" time="0.0" />
  <testcase classname="com.ibm.juno.core.test.a.rttests.CT_RoundTripBeanInheritance" name="testBeanInheritance[11]" time="0.0" />
  <testcase classname="com.ibm.juno.core.test.a.rttests.CT_RoundTripBeanInheritance" name="testBeanInheritance2[11]" time="0.0" />
  <testcase classname="com.ibm.juno.core.test.a.rttests.CT_RoundTripBeanInheritance" name="testBeanInheritance[12]" time="0.0" />
  <testcase classname="com.ibm.juno.core.test.a.rttests.CT_RoundTripBeanInheritance" name="testBeanInheritance2[12]" time="0.0" />
  <testcase classname="com.ibm.juno.core.test.a.rttests.CT_RoundTripBeanInheritance" name="testBeanInheritance[13]" time="0.01" />
  <testcase classname="com.ibm.juno.core.test.a.rttests.CT_RoundTripBeanInheritance" name="testBeanInheritance2[13]" time="0.01" />
  <testcase classname="com.ibm.juno.core.test.a.rttests.CT_RoundTripBeanInheritance" name="testBeanInheritance[14]" time="0.01" />
  <testcase classname="com.ibm.juno.core.test.a.rttests.CT_RoundTripBeanInheritance" name="testBeanInheritance2[14]" time="0.01" />
  <testcase classname="com.ibm.juno.core.test.a.rttests.CT_RoundTripBeanInheritance" name="testBeanInheritance[15]" time="0.01" />
  <testcase classname="com.ibm.juno.core.test.a.rttests.CT_RoundTripBeanInheritance" name="testBeanInheritance2[15]" time="0.0" />
  <testcase classname="com.ibm.juno.core.test.a.rttests.CT_RoundTripBeanInheritance" name="testBeanInheritance[16]" time="0.0" />
  <testcase classname="com.ibm.juno.core.test.a.rttests.CT_RoundTripBeanInheritance" name="testBeanInheritance2[16]" time="0.0" />
  <testcase classname="com.ibm.juno.core.test.a.rttests.CT_RoundTripBeanInheritance" name="testBeanInheritance[17]" time="0.0" />
  <testcase classname="com.ibm.juno.core.test.a.rttests.CT_RoundTripBeanInheritance" name="testBeanInheritance2[17]" time="0.01" />
  <testcase classname="com.ibm.juno.core.test.a.rttests.CT_RoundTripBeanInheritance" name="testBeanInheritance[18]" time="0.0" />
  <testcase classname="com.ibm.juno.core.test.a.rttests.CT_RoundTripBeanInheritance" name="testBeanInheritance2[18]" time="0.01" />
  <testcase classname="com.ibm.juno.core.test.a.rttests.CT_RoundTripBeanInheritance" name="testBeanInheritance[19]" time="0.0" />
  <testcase classname="com.ibm.juno.core.test.a.rttests.CT_RoundTripBeanInheritance" name="testBeanInheritance2[19]" time="0.0" />
  <testcase classname="com.ibm.juno.core.test.a.rttests.CT_RoundTripBeanMaps" name="testInterfaceClassUsingAnnotation[0]" time="0.0" />
  <testcase classname="com.ibm.juno.core.test.a.rttests.CT_RoundTripBeanMaps" name="testBeanPropertyPrecedence[0]" time="0.0" />
  <testcase classname="com.ibm.juno.core.test.a.rttests.CT_RoundTripBeanMaps" name="testSubTypePropertyWithRealPropertyUsingBeanFilter[0]" time="0.01" />
  <testcase classname="com.ibm.juno.core.test.a.rttests.CT_RoundTripBeanMaps" name="testSubTypePropertyWithRealPropertyUsingAnnotation[0]" time="0.0" />
  <testcase classname="com.ibm.juno.core.test.a.rttests.CT_RoundTripBeanMaps" name="testImplArrayClasses[0]" time="0.0" />
  <testcase classname="com.ibm.juno.core.test.a.rttests.CT_RoundTripBeanMaps" name="testMemberClassWithMapClass[0]" time="0.0" />
  <testcase classname="com.ibm.juno.core.test.a.rttests.CT_RoundTripBeanMaps" name="testMemberClassWithStringConstructor[0]" time="0.01" />
  <testcase classname="com.ibm.juno.core.test.a.rttests.CT_RoundTripBeanMaps" name="testImplMap2[0]" time="0.0" />
  <testcase classname="com.ibm.juno.core.test.a.rttests.CT_RoundTripBeanMaps" name="testMemberClass[0]" time="0.0" />
  <testcase classname="com.ibm.juno.core.test.a.rttests.CT_RoundTripBeanMaps" name="testInterfaceClassUsingFilter[0]" time="0.01" />
  <testcase classname="com.ibm.juno.core.test.a.rttests.CT_RoundTripBeanMaps" name="testExcludePropertiesUsingAnnotation[0]" time="0.001" />
  <testcase classname="com.ibm.juno.core.test.a.rttests.CT_RoundTripBeanMaps" name="testImplClasses[0]" time="0.0" />
  <testcase classname="com.ibm.juno.core.test.a.rttests.CT_RoundTripBeanMaps" name="testImplListClasses[0]" time="0.009" />
  <testcase classname="com.ibm.juno.core.test.a.rttests.CT_RoundTripBeanMaps" name="testWrapperAttrAnnotationOnNonBean[0]" time="0.004" />
  <testcase classname="com.ibm.juno.core.test.a.rttests.CT_RoundTripBeanMaps" name="testWrapperAttrAnnotationOnBean[0]" time="0.004" />
  <testcase classname="com.ibm.juno.core.test.a.rttests.CT_RoundTripBeanMaps" name="testExcludePropertiesUsingFilter[0]" time="0.009" />
  <testcase classname="com.ibm.juno.core.test.a.rttests.CT_RoundTripBeanMaps" name="testImplMap[0]" time="0.003" />
  <testcase classname="com.ibm.juno.core.test.a.rttests.CT_RoundTripBeanMaps" name="testSubTypesUsingBeanFilter[0]" time="0.012" />
  <testcase classname="com.ibm.juno.core.test.a.rttests.CT_RoundTripBeanMaps" name="testPropertiesUsingAnnotation[0]" time="0.001" />
  <testcase classname="com.ibm.juno.core.test.a.rttests.CT_RoundTripBeanMaps" name="testParsingIntoTopLevelNonStaticInnerClasses[0]" time="0.002" />
  <testcase classname="com.ibm.juno.core.test.a.rttests.CT_RoundTripBeanMaps" name="testSubTypesUsingAnnotation[0]" time="0.007" />
  <testcase classname="com.ibm.juno.core.test.a.rttests.CT_RoundTripBeanMaps" name="testPropertiesUsingFilter[0]" time="0.004" />
  <testcase classname="com.ibm.juno.core.test.a.rttests.CT_RoundTripBeanMaps" name="testMemberClassWithListClass[0]" time="0.003" />
  <testcase classname="com.ibm.juno.core.test.a.rttests.CT_RoundTripBeanMaps" name="testInterfaceClassUsingAnnotation[1]" time="0.001" />
  <testcase classname="com.ibm.juno.core.test.a.rttests.CT_RoundTripBeanMaps" name="testBeanPropertyPrecedence[1]" time="0.0" />
  <testcase classname="com.ibm.juno.core.test.a.rttests.CT_RoundTripBeanMaps" name="testSubTypePropertyWithRealPropertyUsingBeanFilter[1]" time="0.0" />
  <testcase classname="com.ibm.juno.core.test.a.rttests.CT_RoundTripBeanMaps" name="testSubTypePropertyWithRealPropertyUsingAnnotation[1]" time="0.001" />
  <testcase classname="com.ibm.juno.core.test.a.rttests.CT_RoundTripBeanMaps" name="testImplArrayClasses[1]" time="0.001" />
  <testcase classname="com.ibm.juno.core.test.a.rttests.CT_RoundTripBeanMaps" name="testMemberClassWithMapClass[1]" time="0.0" />
  <testcase classname="com.ibm.juno.core.test.a.rttests.CT_RoundTripBeanMaps" name="testMemberClassWithStringConstructor[1]" time="0.0" />
  <testcase classname="com.ibm.juno.core.test.a.rttests.CT_RoundTripBeanMaps" name="testImplMap2[1]" time="0.0" />
  <testcase classname="com.ibm.juno.core.test.a.rttests.CT_RoundTripBeanMaps" name="testMemberClass[1]" time="0.0" />
  <testcase classname="com.ibm.juno.core.test.a.rttests.CT_RoundTripBeanMaps" name="testInterfaceClassUsingFilter[1]" time="0.001" />
  <testcase classname="com.ibm.juno.core.test.a.rttests.CT_RoundTripBeanMaps" name="testExcludePropertiesUsingAnnotation[1]" time="0.001" />
  <testcase classname="com.ibm.juno.core.test.a.rttests.CT_RoundTripBeanMaps" name="testImplClasses[1]" time="0.0" />
  <testcase classname="com.ibm.juno.core.test.a.rttests.CT_RoundTripBeanMaps" name="testImplListClasses[1]" time="0.001" />
  <testcase classname="com.ibm.juno.core.test.a.rttests.CT_RoundTripBeanMaps" name="testWrapperAttrAnnotationOnNonBean[1]" time="0.001" />
  <testcase classname="com.ibm.juno.core.test.a.rttests.CT_RoundTripBeanMaps" name="testWrapperAttrAnnotationOnBean[1]" time="0.0" />
  <testcase classname="com.ibm.juno.core.test.a.rttests.CT_RoundTripBeanMaps" name="testExcludePropertiesUsingFilter[1]" time="0.0" />
  <testcase classname="com.ibm.juno.core.test.a.rttests.CT_RoundTripBeanMaps" name="testImplMap[1]" time="0.0" />
  <testcase classname="com.ibm.juno.core.test.a.rttests.CT_RoundTripBeanMaps" name="testSubTypesUsingBeanFilter[1]" time="0.002" />
  <testcase classname="com.ibm.juno.core.test.a.rttests.CT_RoundTripBeanMaps" name="testPropertiesUsingAnnotation[1]" time="0.001" />
  <testcase classname="com.ibm.juno.core.test.a.rttests.CT_RoundTripBeanMaps" name="testParsingIntoTopLevelNonStaticInnerClasses[1]" time="0.0" />
  <testcase classname="com.ibm.juno.core.test.a.rttests.CT_RoundTripBeanMaps" name="testSubTypesUsingAnnotation[1]" time="0.001" />
  <testcase classname="com.ibm.juno.core.test.a.rttests.CT_RoundTripBeanMaps" name="testPropertiesUsingFilter[1]" time="0.0" />
  <testcase classname="com.ibm.juno.core.test.a.rttests.CT_RoundTripBeanMaps" name="testMemberClassWithListClass[1]" time="0.0" />
  <testcase classname="com.ibm.juno.core.test.a.rttests.CT_RoundTripBeanMaps" name="testInterfaceClassUsingAnnotation[2]" time="0.0" />
  <testcase classname="com.ibm.juno.core.test.a.rttests.CT_RoundTripBeanMaps" name="testBeanPropertyPrecedence[2]" time="0.0" />
  <testcase classname="com.ibm.juno.core.test.a.rttests.CT_RoundTripBeanMaps" name="testSubTypePropertyWithRealPropertyUsingBeanFilter[2]" time="0.0" />
  <testcase classname="com.ibm.juno.core.test.a.rttests.CT_RoundTripBeanMaps" name="testSubTypePropertyWithRealPropertyUsingAnnotation[2]" time="0.0" />
  <testcase classname="com.ibm.juno.core.test.a.rttests.CT_RoundTripBeanMaps" name="testImplArrayClasses[2]" time="0.0" />
  <testcase classname="com.ibm.juno.core.test.a.rttests.CT_RoundTripBeanMaps" name="testMemberClassWithMapClass[2]" time="0.0" />
  <testcase classname="com.ibm.juno.core.test.a.rttests.CT_RoundTripBeanMaps" name="testMemberClassWithStringConstructor[2]" time="0.0" />
  <testcase classname="com.ibm.juno.core.test.a.rttests.CT_RoundTripBeanMaps" name="testImplMap2[2]" time="0.0" />
  <testcase classname="com.ibm.juno.core.test.a.rttests.CT_RoundTripBeanMaps" name="testMemberClass[2]" time="0.0" />
  <testcase classname="com.ibm.juno.core.test.a.rttests.CT_RoundTripBeanMaps" name="testInterfaceClassUsingFilter[2]" time="0.01" />
  <testcase classname="com.ibm.juno.core.test.a.rttests.CT_RoundTripBeanMaps" name="testExcludePropertiesUsingAnnotation[2]" time="0.0" />
  <testcase classname="com.ibm.juno.core.test.a.rttests.CT_RoundTripBeanMaps" name="testImplClasses[2]" time="0.0" />
  <testcase classname="com.ibm.juno.core.test.a.rttests.CT_RoundTripBeanMaps" name="testImplListClasses[2]" time="0.0" />
  <testcase classname="com.ibm.juno.core.test.a.rttests.CT_RoundTripBeanMaps" name="testWrapperAttrAnnotationOnNonBean[2]" time="0.0" />
  <testcase classname="com.ibm.juno.core.test.a.rttests.CT_RoundTripBeanMaps" name="testWrapperAttrAnnotationOnBean[2]" time="0.0" />
  <testcase classname="com.ibm.juno.core.test.a.rttests.CT_RoundTripBeanMaps" name="testExcludePropertiesUsingFilter[2]" time="0.0" />
  <testcase classname="com.ibm.juno.core.test.a.rttests.CT_RoundTripBeanMaps" name="testImplMap[2]" time="0.0" />
  <testcase classname="com.ibm.juno.core.test.a.rttests.CT_RoundTripBeanMaps" name="testSubTypesUsingBeanFilter[2]" time="0.0" />
  <testcase classname="com.ibm.juno.core.test.a.rttests.CT_RoundTripBeanMaps" name="testPropertiesUsingAnnotation[2]" time="0.0" />
  <testcase classname="com.ibm.juno.core.test.a.rttests.CT_RoundTripBeanMaps" name="testParsingIntoTopLevelNonStaticInnerClasses[2]" time="0.0" />
  <testcase classname="com.ibm.juno.core.test.a.rttests.CT_RoundTripBeanMaps" name="testSubTypesUsingAnnotation[2]" time="0.0" />
  <testcase classname="com.ibm.juno.core.test.a.rttests.CT_RoundTripBeanMaps" name="testPropertiesUsingFilter[2]" time="0.0" />
  <testcase classname="com.ibm.juno.core.test.a.rttests.CT_RoundTripBeanMaps" name="testMemberClassWithListClass[2]" time="0.0" />
  <testcase classname="com.ibm.juno.core.test.a.rttests.CT_RoundTripBeanMaps" name="testInterfaceClassUsingAnnotation[3]" time="0.0" />
  <testcase classname="com.ibm.juno.core.test.a.rttests.CT_RoundTripBeanMaps" name="testBeanPropertyPrecedence[3]" time="0.01" />
  <testcase classname="com.ibm.juno.core.test.a.rttests.CT_RoundTripBeanMaps" name="testSubTypePropertyWithRealPropertyUsingBeanFilter[3]" time="0.0" />
  <testcase classname="com.ibm.juno.core.test.a.rttests.CT_RoundTripBeanMaps" name="testSubTypePropertyWithRealPropertyUsingAnnotation[3]" time="0.0" />
  <testcase classname="com.ibm.juno.core.test.a.rttests.CT_RoundTripBeanMaps" name="testImplArrayClasses[3]" time="0.02" />
  <testcase classname="com.ibm.juno.core.test.a.rttests.CT_RoundTripBeanMaps" name="testMemberClassWithMapClass[3]" time="0.0" />
  <testcase classname="com.ibm.juno.core.test.a.rttests.CT_RoundTripBeanMaps" name="testMemberClassWithStringConstructor[3]" time="0.01" />
  <testcase classname="com.ibm.juno.core.test.a.rttests.CT_RoundTripBeanMaps" name="testImplMap2[3]" time="0.0" />
  <testcase classname="com.ibm.juno.core.test.a.rttests.CT_RoundTripBeanMaps" name="testMemberClass[3]" time="0.01" />
  <testcase classname="com.ibm.juno.core.test.a.rttests.CT_RoundTripBeanMaps" name="testInterfaceClassUsingFilter[3]" time="0.0" />
  <testcase classname="com.ibm.juno.core.test.a.rttests.CT_RoundTripBeanMaps" name="testExcludePropertiesUsingAnnotation[3]" time="0.0" />
  <testcase classname="com.ibm.juno.core.test.a.rttests.CT_RoundTripBeanMaps" name="testImplClasses[3]" time="0.02" />
  <testcase classname="com.ibm.juno.core.test.a.rttests.CT_RoundTripBeanMaps" name="testImplListClasses[3]" time="0.02" />
  <testcase classname="com.ibm.juno.core.test.a.rttests.CT_RoundTripBeanMaps" name="testWrapperAttrAnnotationOnNonBean[3]" time="0.01" />
  <testcase classname="com.ibm.juno.core.test.a.rttests.CT_RoundTripBeanMaps" name="testWrapperAttrAnnotationOnBean[3]" time="0.01" />
  <testcase classname="com.ibm.juno.core.test.a.rttests.CT_RoundTripBeanMaps" name="testExcludePropertiesUsingFilter[3]" time="0.0" />
  <testcase classname="com.ibm.juno.core.test.a.rttests.CT_RoundTripBeanMaps" name="testImplMap[3]" time="0.03" />
  <testcase classname="com.ibm.juno.core.test.a.rttests.CT_RoundTripBeanMaps" name="testSubTypesUsingBeanFilter[3]" time="0.0" />
  <testcase classname="com.ibm.juno.core.test.a.rttests.CT_RoundTripBeanMaps" name="testPropertiesUsingAnnotation[3]" time="0.0" />
  <testcase classname="com.ibm.juno.core.test.a.rttests.CT_RoundTripBeanMaps" name="testParsingIntoTopLevelNonStaticInnerClasses[3]" time="0.0" />
  <testcase classname="com.ibm.juno.core.test.a.rttests.CT_RoundTripBeanMaps" name="testSubTypesUsingAnnotation[3]" time="0.01" />
  <testcase classname="com.ibm.juno.core.test.a.rttests.CT_RoundTripBeanMaps" name="testPropertiesUsingFilter[3]" time="0.0" />
  <testcase classname="com.ibm.juno.core.test.a.rttests.CT_RoundTripBeanMaps" name="testMemberClassWithListClass[3]" time="0.01" />
  <testcase classname="com.ibm.juno.core.test.a.rttests.CT_RoundTripBeanMaps" name="testInterfaceClassUsingAnnotation[4]" time="0.0" />
  <testcase classname="com.ibm.juno.core.test.a.rttests.CT_RoundTripBeanMaps" name="testBeanPropertyPrecedence[4]" time="0.0" />
  <testcase classname="com.ibm.juno.core.test.a.rttests.CT_RoundTripBeanMaps" name="testSubTypePropertyWithRealPropertyUsingBeanFilter[4]" time="0.0" />
  <testcase classname="com.ibm.juno.core.test.a.rttests.CT_RoundTripBeanMaps" name="testSubTypePropertyWithRealPropertyUsingAnnotation[4]" time="0.0" />
  <testcase classname="com.ibm.juno.core.test.a.rttests.CT_RoundTripBeanMaps" name="testImplArrayClasses[4]" time="0.0" />
  <testcase classname="com.ibm.juno.core.test.a.rttests.CT_RoundTripBeanMaps" name="testMemberClassWithMapClass[4]" time="0.0" />
  <testcase classname="com.ibm.juno.core.test.a.rttests.CT_RoundTripBeanMaps" name="testMemberClassWithStringConstructor[4]" time="0.01" />
  <testcase classname="com.ibm.juno.core.test.a.rttests.CT_RoundTripBeanMaps" name="testImplMap2[4]" time="0.0" />
  <testcase classname="com.ibm.juno.core.test.a.rttests.CT_RoundTripBeanMaps" name="testMemberClass[4]" time="0.0" />
  <testcase classname="com.ibm.juno.core.test.a.rttests.CT_RoundTripBeanMaps" name="testInterfaceClassUsingFilter[4]" time="0.0" />
  <testcase classname="com.ibm.juno.core.test.a.rttests.CT_RoundTripBeanMaps" name="testExcludePropertiesUsingAnnotation[4]" time="0.0" />
  <testcase classname="com.ibm.juno.core.test.a.rttests.CT_RoundTripBeanMaps" name="testImplClasses[4]" time="0.0" />
  <testcase classname="com.ibm.juno.core.test.a.rttests.CT_RoundTripBeanMaps" name="testImplListClasses[4]" time="0.01" />
  <testcase classname="com.ibm.juno.core.test.a.rttests.CT_RoundTripBeanMaps" name="testWrapperAttrAnnotationOnNonBean[4]" time="0.0" />
  <testcase classname="com.ibm.juno.core.test.a.rttests.CT_RoundTripBeanMaps" name="testWrapperAttrAnnotationOnBean[4]" time="0.0" />
  <testcase classname="com.ibm.juno.core.test.a.rttests.CT_RoundTripBeanMaps" name="testExcludePropertiesUsingFilter[4]" time="0.0" />
  <testcase classname="com.ibm.juno.core.test.a.rttests.CT_RoundTripBeanMaps" name="testImplMap[4]" time="0.01" />
  <testcase classname="com.ibm.juno.core.test.a.rttests.CT_RoundTripBeanMaps" name="testSubTypesUsingBeanFilter[4]" time="0.0" />
  <testcase classname="com.ibm.juno.core.test.a.rttests.CT_RoundTripBeanMaps" name="testPropertiesUsingAnnotation[4]" time="0.0" />
  <testcase classname="com.ibm.juno.core.test.a.rttests.CT_RoundTripBeanMaps" name="testParsingIntoTopLevelNonStaticInnerClasses[4]" time="0.0" />
  <testcase classname="com.ibm.juno.core.test.a.rttests.CT_RoundTripBeanMaps" name="testSubTypesUsingAnnotation[4]" time="0.01" />
  <testcase classname="com.ibm.juno.core.test.a.rttests.CT_RoundTripBeanMaps" name="testPropertiesUsingFilter[4]" time="0.0" />
  <testcase classname="com.ibm.juno.core.test.a.rttests.CT_RoundTripBeanMaps" name="testMemberClassWithListClass[4]" time="0.0" />
  <testcase classname="com.ibm.juno.core.test.a.rttests.CT_RoundTripBeanMaps" name="testInterfaceClassUsingAnnotation[5]" time="0.0" />
  <testcase classname="com.ibm.juno.core.test.a.rttests.CT_RoundTripBeanMaps" name="testBeanPropertyPrecedence[5]" time="0.0" />
  <testcase classname="com.ibm.juno.core.test.a.rttests.CT_RoundTripBeanMaps" name="testSubTypePropertyWithRealPropertyUsingBeanFilter[5]" time="0.0" />
  <testcase classname="com.ibm.juno.core.test.a.rttests.CT_RoundTripBeanMaps" name="testSubTypePropertyWithRealPropertyUsingAnnotation[5]" time="0.0" />
  <testcase classname="com.ibm.juno.core.test.a.rttests.CT_RoundTripBeanMaps" name="testImplArrayClasses[5]" time="0.01" />
  <testcase classname="com.ibm.juno.core.test.a.rttests.CT_RoundTripBeanMaps" name="testMemberClassWithMapClass[5]" time="0.0" />
  <testcase classname="com.ibm.juno.core.test.a.rttests.CT_RoundTripBeanMaps" name="testMemberClassWithStringConstructor[5]" time="0.0" />
  <testcase classname="com.ibm.juno.core.test.a.rttests.CT_RoundTripBeanMaps" name="testImplMap2[5]" time="0.0" />
  <testcase classname="com.ibm.juno.core.test.a.rttests.CT_RoundTripBeanMaps" name="testMemberClass[5]" time="0.0" />
  <testcase classname="com.ibm.juno.core.test.a.rttests.CT_RoundTripBeanMaps" name="testInterfaceClassUsingFilter[5]" time="0.0" />
  <testcase classname="com.ibm.juno.core.test.a.rttests.CT_RoundTripBeanMaps" name="testExcludePropertiesUsingAnnotation[5]" time="0.0" />
  <testcase classname="com.ibm.juno.core.test.a.rttests.CT_RoundTripBeanMaps" name="testImplClasses[5]" time="0.0" />
  <testcase classname="com.ibm.juno.core.test.a.rttests.CT_RoundTripBeanMaps" name="testImplListClasses[5]" time="0.01" />
  <testcase classname="com.ibm.juno.core.test.a.rttests.CT_RoundTripBeanMaps" name="testWrapperAttrAnnotationOnNonBean[5]" time="0.0" />
  <testcase classname="com.ibm.juno.core.test.a.rttests.CT_RoundTripBeanMaps" name="testWrapperAttrAnnotationOnBean[5]" time="0.0" />
  <testcase classname="com.ibm.juno.core.test.a.rttests.CT_RoundTripBeanMaps" name="testExcludePropertiesUsingFilter[5]" time="0.0" />
  <testcase classname="com.ibm.juno.core.test.a.rttests.CT_RoundTripBeanMaps" name="testImplMap[5]" time="0.01" />
  <testcase classname="com.ibm.juno.core.test.a.rttests.CT_RoundTripBeanMaps" name="testSubTypesUsingBeanFilter[5]" time="0.01" />
  <testcase classname="com.ibm.juno.core.test.a.rttests.CT_RoundTripBeanMaps" name="testPropertiesUsingAnnotation[5]" time="0.0" />
  <testcase classname="com.ibm.juno.core.test.a.rttests.CT_RoundTripBeanMaps" name="testParsingIntoTopLevelNonStaticInnerClasses[5]" time="0.0" />
  <testcase classname="com.ibm.juno.core.test.a.rttests.CT_RoundTripBeanMaps" name="testSubTypesUsingAnnotation[5]" time="0.0" />
  <testcase classname="com.ibm.juno.core.test.a.rttests.CT_RoundTripBeanMaps" name="testPropertiesUsingFilter[5]" time="0.0" />
  <testcase classname="com.ibm.juno.core.test.a.rttests.CT_RoundTripBeanMaps" name="testMemberClassWithListClass[5]" time="0.01" />
  <testcase classname="com.ibm.juno.core.test.a.rttests.CT_RoundTripBeanMaps" name="testInterfaceClassUsingAnnotation[6]" time="0.0" />
  <testcase classname="com.ibm.juno.core.test.a.rttests.CT_RoundTripBeanMaps" name="testBeanPropertyPrecedence[6]" time="0.0" />
  <testcase classname="com.ibm.juno.core.test.a.rttests.CT_RoundTripBeanMaps" name="testSubTypePropertyWithRealPropertyUsingBeanFilter[6]" time="0.0" />
  <testcase classname="com.ibm.juno.core.test.a.rttests.CT_RoundTripBeanMaps" name="testSubTypePropertyWithRealPropertyUsingAnnotation[6]" time="0.0" />
  <testcase classname="com.ibm.juno.core.test.a.rttests.CT_RoundTripBeanMaps" name="testImplArrayClasses[6]" time="0.01" />
  <testcase classname="com.ibm.juno.core.test.a.rttests.CT_RoundTripBeanMaps" name="testMemberClassWithMapClass[6]" time="0.0" />
  <testcase classname="com.ibm.juno.core.test.a.rttests.CT_RoundTripBeanMaps" name="testMemberClassWithStringConstructor[6]" time="0.0" />
  <testcase classname="com.ibm.juno.core.test.a.rttests.CT_RoundTripBeanMaps" name="testImplMap2[6]" time="0.0" />
  <testcase classname="com.ibm.juno.core.test.a.rttests.CT_RoundTripBeanMaps" name="testMemberClass[6]" time="0.0" />
  <testcase classname="com.ibm.juno.core.test.a.rttests.CT_RoundTripBeanMaps" name="testInterfaceClassUsingFilter[6]" time="0.01" />
  <testcase classname="com.ibm.juno.core.test.a.rttests.CT_RoundTripBeanMaps" name="testExcludePropertiesUsingAnnotation[6]" time="0.0" />
  <testcase classname="com.ibm.juno.core.test.a.rttests.CT_RoundTripBeanMaps" name="testImplClasses[6]" time="0.0" />
  <testcase classname="com.ibm.juno.core.test.a.rttests.CT_RoundTripBeanMaps" name="testImplListClasses[6]" time="0.01" />
  <testcase classname="com.ibm.juno.core.test.a.rttests.CT_RoundTripBeanMaps" name="testWrapperAttrAnnotationOnNonBean[6]" time="0.0" />
  <testcase classname="com.ibm.juno.core.test.a.rttests.CT_RoundTripBeanMaps" name="testWrapperAttrAnnotationOnBean[6]" time="0.0" />
  <testcase classname="com.ibm.juno.core.test.a.rttests.CT_RoundTripBeanMaps" name="testExcludePropertiesUsingFilter[6]" time="0.0" />
  <testcase classname="com.ibm.juno.core.test.a.rttests.CT_RoundTripBeanMaps" name="testImplMap[6]" time="0.01" />
  <testcase classname="com.ibm.juno.core.test.a.rttests.CT_RoundTripBeanMaps" name="testSubTypesUsingBeanFilter[6]" time="0.0" />
  <testcase classname="com.ibm.juno.core.test.a.rttests.CT_RoundTripBeanMaps" name="testPropertiesUsingAnnotation[6]" time="0.01" />
  <testcase classname="com.ibm.juno.core.test.a.rttests.CT_RoundTripBeanMaps" name="testParsingIntoTopLevelNonStaticInnerClasses[6]" time="0.0" />
  <testcase classname="com.ibm.juno.core.test.a.rttests.CT_RoundTripBeanMaps" name="testSubTypesUsingAnnotation[6]" time="0.0" />
  <testcase classname="com.ibm.juno.core.test.a.rttests.CT_RoundTripBeanMaps" name="testPropertiesUsingFilter[6]" time="0.0" />
  <testcase classname="com.ibm.juno.core.test.a.rttests.CT_RoundTripBeanMaps" name="testMemberClassWithListClass[6]" time="0.0" />
  <testcase classname="com.ibm.juno.core.test.a.rttests.CT_RoundTripBeanMaps" name="testInterfaceClassUsingAnnotation[7]" time="0.0" />
  <testcase classname="com.ibm.juno.core.test.a.rttests.CT_RoundTripBeanMaps" name="testBeanPropertyPrecedence[7]" time="0.0" />
  <testcase classname="com.ibm.juno.core.test.a.rttests.CT_RoundTripBeanMaps" name="testSubTypePropertyWithRealPropertyUsingBeanFilter[7]" time="0.0" />
  <testcase classname="com.ibm.juno.core.test.a.rttests.CT_RoundTripBeanMaps" name="testSubTypePropertyWithRealPropertyUsingAnnotation[7]" time="0.0" />
  <testcase classname="com.ibm.juno.core.test.a.rttests.CT_RoundTripBeanMaps" name="testImplArrayClasses[7]" time="0.0" />
  <testcase classname="com.ibm.juno.core.test.a.rttests.CT_RoundTripBeanMaps" name="testMemberClassWithMapClass[7]" time="0.0" />
  <testcase classname="com.ibm.juno.core.test.a.rttests.CT_RoundTripBeanMaps" name="testMemberClassWithStringConstructor[7]" time="0.0" />
  <testcase classname="com.ibm.juno.core.test.a.rttests.CT_RoundTripBeanMaps" name="testImplMap2[7]" time="0.0" />
  <testcase classname="com.ibm.juno.core.test.a.rttests.CT_RoundTripBeanMaps" name="testMemberClass[7]" time="0.0" />
  <testcase classname="com.ibm.juno.core.test.a.rttests.CT_RoundTripBeanMaps" name="testInterfaceClassUsingFilter[7]" time="0.0" />
  <testcase classname="com.ibm.juno.core.test.a.rttests.CT_RoundTripBeanMaps" name="testExcludePropertiesUsingAnnotation[7]" time="0.0" />
  <testcase classname="com.ibm.juno.core.test.a.rttests.CT_RoundTripBeanMaps" name="testImplClasses[7]" time="0.0" />
  <testcase classname="com.ibm.juno.core.test.a.rttests.CT_RoundTripBeanMaps" name="testImplListClasses[7]" time="0.0" />
  <testcase classname="com.ibm.juno.core.test.a.rttests.CT_RoundTripBeanMaps" name="testWrapperAttrAnnotationOnNonBean[7]" time="0.0" />
  <testcase classname="com.ibm.juno.core.test.a.rttests.CT_RoundTripBeanMaps" name="testWrapperAttrAnnotationOnBean[7]" time="0.0" />
  <testcase classname="com.ibm.juno.core.test.a.rttests.CT_RoundTripBeanMaps" name="testExcludePropertiesUsingFilter[7]" time="0.0" />
  <testcase classname="com.ibm.juno.core.test.a.rttests.CT_RoundTripBeanMaps" name="testImplMap[7]" time="0.0" />
  <testcase classname="com.ibm.juno.core.test.a.rttests.CT_RoundTripBeanMaps" name="testSubTypesUsingBeanFilter[7]" time="0.0" />
  <testcase classname="com.ibm.juno.core.test.a.rttests.CT_RoundTripBeanMaps" name="testPropertiesUsingAnnotation[7]" time="0.0" />
  <testcase classname="com.ibm.juno.core.test.a.rttests.CT_RoundTripBeanMaps" name="testParsingIntoTopLevelNonStaticInnerClasses[7]" time="0.0" />
  <testcase classname="com.ibm.juno.core.test.a.rttests.CT_RoundTripBeanMaps" name="testSubTypesUsingAnnotation[7]" time="0.0" />
  <testcase classname="com.ibm.juno.core.test.a.rttests.CT_RoundTripBeanMaps" name="testPropertiesUsingFilter[7]" time="0.0" />
  <testcase classname="com.ibm.juno.core.test.a.rttests.CT_RoundTripBeanMaps" name="testMemberClassWithListClass[7]" time="0.0" />
  <testcase classname="com.ibm.juno.core.test.a.rttests.CT_RoundTripBeanMaps" name="testInterfaceClassUsingAnnotation[8]" time="0.0" />
  <testcase classname="com.ibm.juno.core.test.a.rttests.CT_RoundTripBeanMaps" name="testBeanPropertyPrecedence[8]" time="0.0" />
  <testcase classname="com.ibm.juno.core.test.a.rttests.CT_RoundTripBeanMaps" name="testSubTypePropertyWithRealPropertyUsingBeanFilter[8]" time="0.0" />
  <testcase classname="com.ibm.juno.core.test.a.rttests.CT_RoundTripBeanMaps" name="testSubTypePropertyWithRealPropertyUsingAnnotation[8]" time="0.0" />
  <testcase classname="com.ibm.juno.core.test.a.rttests.CT_RoundTripBeanMaps" name="testImplArrayClasses[8]" time="0.0" />
  <testcase classname="com.ibm.juno.core.test.a.rttests.CT_RoundTripBeanMaps" name="testMemberClassWithMapClass[8]" time="0.0" />
  <testcase classname="com.ibm.juno.core.test.a.rttests.CT_RoundTripBeanMaps" name="testMemberClassWithStringConstructor[8]" time="0.0" />
  <testcase classname="com.ibm.juno.core.test.a.rttests.CT_RoundTripBeanMaps" name="testImplMap2[8]" time="0.0" />
  <testcase classname="com.ibm.juno.core.test.a.rttests.CT_RoundTripBeanMaps" name="testMemberClass[8]" time="0.0" />
  <testcase classname="com.ibm.juno.core.test.a.rttests.CT_RoundTripBeanMaps" name="testInterfaceClassUsingFilter[8]" time="0.0" />
  <testcase classname="com.ibm.juno.core.test.a.rttests.CT_RoundTripBeanMaps" name="testExcludePropertiesUsingAnnotation[8]" time="0.0" />
  <testcase classname="com.ibm.juno.core.test.a.rttests.CT_RoundTripBeanMaps" name="testImplClasses[8]" time="0.0" />
  <testcase classname="com.ibm.juno.core.test.a.rttests.CT_RoundTripBeanMaps" name="testImplListClasses[8]" time="0.0" />
  <testcase classname="com.ibm.juno.core.test.a.rttests.CT_RoundTripBeanMaps" name="testWrapperAttrAnnotationOnNonBean[8]" time="0.0" />
  <testcase classname="com.ibm.juno.core.test.a.rttests.CT_RoundTripBeanMaps" name="testWrapperAttrAnnotationOnBean[8]" time="0.0" />
  <testcase classname="com.ibm.juno.core.test.a.rttests.CT_RoundTripBeanMaps" name="testExcludePropertiesUsingFilter[8]" time="0.01" />
  <testcase classname="com.ibm.juno.core.test.a.rttests.CT_RoundTripBeanMaps" name="testImplMap[8]" time="0.0" />
  <testcase classname="com.ibm.juno.core.test.a.rttests.CT_RoundTripBeanMaps" name="testSubTypesUsingBeanFilter[8]" time="0.0" />
  <testcase classname="com.ibm.juno.core.test.a.rttests.CT_RoundTripBeanMaps" name="testPropertiesUsingAnnotation[8]" time="0.0" />
  <testcase classname="com.ibm.juno.core.test.a.rttests.CT_RoundTripBeanMaps" name="testParsingIntoTopLevelNonStaticInnerClasses[8]" time="0.0" />
  <testcase classname="com.ibm.juno.core.test.a.rttests.CT_RoundTripBeanMaps" name="testSubTypesUsingAnnotation[8]" time="0.0" />
  <testcase classname="com.ibm.juno.core.test.a.rttests.CT_RoundTripBeanMaps" name="testPropertiesUsingFilter[8]" time="0.0" />
  <testcase classname="com.ibm.juno.core.test.a.rttests.CT_RoundTripBeanMaps" name="testMemberClassWithListClass[8]" time="0.0" />
  <testcase classname="com.ibm.juno.core.test.a.rttests.CT_RoundTripBeanMaps" name="testInterfaceClassUsingAnnotation[9]" time="0.0" />
  <testcase classname="com.ibm.juno.core.test.a.rttests.CT_RoundTripBeanMaps" name="testBeanPropertyPrecedence[9]" time="0.0" />
  <testcase classname="com.ibm.juno.core.test.a.rttests.CT_RoundTripBeanMaps" name="testSubTypePropertyWithRealPropertyUsingBeanFilter[9]" time="0.0" />
  <testcase classname="com.ibm.juno.core.test.a.rttests.CT_RoundTripBeanMaps" name="testSubTypePropertyWithRealPropertyUsingAnnotation[9]" time="0.01" />
  <testcase classname="com.ibm.juno.core.test.a.rttests.CT_RoundTripBeanMaps" name="testImplArrayClasses[9]" time="0.0" />
  <testcase classname="com.ibm.juno.core.test.a.rttests.CT_RoundTripBeanMaps" name="testMemberClassWithMapClass[9]" time="0.0" />
  <testcase classname="com.ibm.juno.core.test.a.rttests.CT_RoundTripBeanMaps" name="testMemberClassWithStringConstructor[9]" time="0.0" />
  <testcase classname="com.ibm.juno.core.test.a.rttests.CT_RoundTripBeanMaps" name="testImplMap2[9]" time="0.0" />
  <testcase classname="com.ibm.juno.core.test.a.rttests.CT_RoundTripBeanMaps" name="testMemberClass[9]" time="0.0" />
  <testcase classname="com.ibm.juno.core.test.a.rttests.CT_RoundTripBeanMaps" name="testInterfaceClassUsingFilter[9]" time="0.0" />
  <testcase classname="com.ibm.juno.core.test.a.rttests.CT_RoundTripBeanMaps" name="testExcludePropertiesUsingAnnotation[9]" time="0.0" />
  <testcase classname="com.ibm.juno.core.test.a.rttests.CT_RoundTripBeanMaps" name="testImplClasses[9]" time="0.0" />
  <testcase classname="com.ibm.juno.core.test.a.rttests.CT_RoundTripBeanMaps" name="testImplListClasses[9]" time="0.0" />
  <testcase classname="com.ibm.juno.core.test.a.rttests.CT_RoundTripBeanMaps" name="testWrapperAttrAnnotationOnNonBean[9]" time="0.0" />
  <testcase classname="com.ibm.juno.core.test.a.rttests.CT_RoundTripBeanMaps" name="testWrapperAttrAnnotationOnBean[9]" time="0.0" />
  <testcase classname="com.ibm.juno.core.test.a.rttests.CT_RoundTripBeanMaps" name="testExcludePropertiesUsingFilter[9]" time="0.0" />
  <testcase classname="com.ibm.juno.core.test.a.rttests.CT_RoundTripBeanMaps" name="testImplMap[9]" time="0.0" />
  <testcase classname="com.ibm.juno.core.test.a.rttests.CT_RoundTripBeanMaps" name="testSubTypesUsingBeanFilter[9]" time="0.0" />
  <testcase classname="com.ibm.juno.core.test.a.rttests.CT_RoundTripBeanMaps" name="testPropertiesUsingAnnotation[9]" time="0.0" />
  <testcase classname="com.ibm.juno.core.test.a.rttests.CT_RoundTripBeanMaps" name="testParsingIntoTopLevelNonStaticInnerClasses[9]" time="0.0" />
  <testcase classname="com.ibm.juno.core.test.a.rttests.CT_RoundTripBeanMaps" name="testSubTypesUsingAnnotation[9]" time="0.0" />
  <testcase classname="com.ibm.juno.core.test.a.rttests.CT_RoundTripBeanMaps" name="testPropertiesUsingFilter[9]" time="0.0" />
  <testcase classname="com.ibm.juno.core.test.a.rttests.CT_RoundTripBeanMaps" name="testMemberClassWithListClass[9]" time="0.0" />
  <testcase classname="com.ibm.juno.core.test.a.rttests.CT_RoundTripBeanMaps" name="testInterfaceClassUsingAnnotation[10]" time="0.0" />
  <testcase classname="com.ibm.juno.core.test.a.rttests.CT_RoundTripBeanMaps" name="testBeanPropertyPrecedence[10]" time="0.0" />
  <testcase classname="com.ibm.juno.core.test.a.rttests.CT_RoundTripBeanMaps" name="testSubTypePropertyWithRealPropertyUsingBeanFilter[10]" time="0.0" />
  <testcase classname="com.ibm.juno.core.test.a.rttests.CT_RoundTripBeanMaps" name="testSubTypePropertyWithRealPropertyUsingAnnotation[10]" time="0.0" />
  <testcase classname="com.ibm.juno.core.test.a.rttests.CT_RoundTripBeanMaps" name="testImplArrayClasses[10]" time="0.0" />
  <testcase classname="com.ibm.juno.core.test.a.rttests.CT_RoundTripBeanMaps" name="testMemberClassWithMapClass[10]" time="0.01" />
  <testcase classname="com.ibm.juno.core.test.a.rttests.CT_RoundTripBeanMaps" name="testMemberClassWithStringConstructor[10]" time="0.0" />
  <testcase classname="com.ibm.juno.core.test.a.rttests.CT_RoundTripBeanMaps" name="testImplMap2[10]" time="0.0" />
  <testcase classname="com.ibm.juno.core.test.a.rttests.CT_RoundTripBeanMaps" name="testMemberClass[10]" time="0.0" />
  <testcase classname="com.ibm.juno.core.test.a.rttests.CT_RoundTripBeanMaps" name="testInterfaceClassUsingFilter[10]" time="0.0" />
  <testcase classname="com.ibm.juno.core.test.a.rttests.CT_RoundTripBeanMaps" name="testExcludePropertiesUsingAnnotation[10]" time="0.0" />
  <testcase classname="com.ibm.juno.core.test.a.rttests.CT_RoundTripBeanMaps" name="testImplClasses[10]" time="0.0" />
  <testcase classname="com.ibm.juno.core.test.a.rttests.CT_RoundTripBeanMaps" name="testImplListClasses[10]" time="0.0" />
  <testcase classname="com.ibm.juno.core.test.a.rttests.CT_RoundTripBeanMaps" name="testWrapperAttrAnnotationOnNonBean[10]" time="0.0" />
  <testcase classname="com.ibm.juno.core.test.a.rttests.CT_RoundTripBeanMaps" name="testWrapperAttrAnnotationOnBean[10]" time="0.0" />
  <testcase classname="com.ibm.juno.core.test.a.rttests.CT_RoundTripBeanMaps" name="testExcludePropertiesUsingFilter[10]" time="0.0" />
  <testcase classname="com.ibm.juno.core.test.a.rttests.CT_RoundTripBeanMaps" name="testImplMap[10]" time="0.0" />
  <testcase classname="com.ibm.juno.core.test.a.rttests.CT_RoundTripBeanMaps" name="testSubTypesUsingBeanFilter[10]" time="0.01" />
  <testcase classname="com.ibm.juno.core.test.a.rttests.CT_RoundTripBeanMaps" name="testPropertiesUsingAnnotation[10]" time="0.0" />
  <testcase classname="com.ibm.juno.core.test.a.rttests.CT_RoundTripBeanMaps" name="testParsingIntoTopLevelNonStaticInnerClasses[10]" time="0.0" />
  <testcase classname="com.ibm.juno.core.test.a.rttests.CT_RoundTripBeanMaps" name="testSubTypesUsingAnnotation[10]" time="0.0" />
  <testcase classname="com.ibm.juno.core.test.a.rttests.CT_RoundTripBeanMaps" name="testPropertiesUsingFilter[10]" time="0.0" />
  <testcase classname="com.ibm.juno.core.test.a.rttests.CT_RoundTripBeanMaps" name="testMemberClassWithListClass[10]" time="0.0" />
  <testcase classname="com.ibm.juno.core.test.a.rttests.CT_RoundTripBeanMaps" name="testInterfaceClassUsingAnnotation[11]" time="0.0" />
  <testcase classname="com.ibm.juno.core.test.a.rttests.CT_RoundTripBeanMaps" name="testBeanPropertyPrecedence[11]" time="0.0" />
  <testcase classname="com.ibm.juno.core.test.a.rttests.CT_RoundTripBeanMaps" name="testSubTypePropertyWithRealPropertyUsingBeanFilter[11]" time="0.0" />
  <testcase classname="com.ibm.juno.core.test.a.rttests.CT_RoundTripBeanMaps" name="testSubTypePropertyWithRealPropertyUsingAnnotation[11]" time="0.0" />
  <testcase classname="com.ibm.juno.core.test.a.rttests.CT_RoundTripBeanMaps" name="testImplArrayClasses[11]" time="0.0" />
  <testcase classname="com.ibm.juno.core.test.a.rttests.CT_RoundTripBeanMaps" name="testMemberClassWithMapClass[11]" time="0.0" />
  <testcase classname="com.ibm.juno.core.test.a.rttests.CT_RoundTripBeanMaps" name="testMemberClassWithStringConstructor[11]" time="0.01" />
  <testcase classname="com.ibm.juno.core.test.a.rttests.CT_RoundTripBeanMaps" name="testImplMap2[11]" time="0.0" />
  <testcase classname="com.ibm.juno.core.test.a.rttests.CT_RoundTripBeanMaps" name="testMemberClass[11]" time="0.0" />
  <testcase classname="com.ibm.juno.core.test.a.rttests.CT_RoundTripBeanMaps" name="testInterfaceClassUsingFilter[11]" time="0.0" />
  <testcase classname="com.ibm.juno.core.test.a.rttests.CT_RoundTripBeanMaps" name="testExcludePropertiesUsingAnnotation[11]" time="0.0" />
  <testcase classname="com.ibm.juno.core.test.a.rttests.CT_RoundTripBeanMaps" name="testImplClasses[11]" time="0.0" />
  <testcase classname="com.ibm.juno.core.test.a.rttests.CT_RoundTripBeanMaps" name="testImplListClasses[11]" time="0.0" />
  <testcase classname="com.ibm.juno.core.test.a.rttests.CT_RoundTripBeanMaps" name="testWrapperAttrAnnotationOnNonBean[11]" time="0.0" />
  <testcase classname="com.ibm.juno.core.test.a.rttests.CT_RoundTripBeanMaps" name="testWrapperAttrAnnotationOnBean[11]" time="0.0" />
  <testcase classname="com.ibm.juno.core.test.a.rttests.CT_RoundTripBeanMaps" name="testExcludePropertiesUsingFilter[11]" time="0.0" />
  <testcase classname="com.ibm.juno.core.test.a.rttests.CT_RoundTripBeanMaps" name="testImplMap[11]" time="0.0" />
  <testcase classname="com.ibm.juno.core.test.a.rttests.CT_RoundTripBeanMaps" name="testSubTypesUsingBeanFilter[11]" time="0.01" />
  <testcase classname="com.ibm.juno.core.test.a.rttests.CT_RoundTripBeanMaps" name="testPropertiesUsingAnnotation[11]" time="0.0" />
  <testcase classname="com.ibm.juno.core.test.a.rttests.CT_RoundTripBeanMaps" name="testParsingIntoTopLevelNonStaticInnerClasses[11]" time="0.0" />
  <testcase classname="com.ibm.juno.core.test.a.rttests.CT_RoundTripBeanMaps" name="testSubTypesUsingAnnotation[11]" time="0.0" />
  <testcase classname="com.ibm.juno.core.test.a.rttests.CT_RoundTripBeanMaps" name="testPropertiesUsingFilter[11]" time="0.0" />
  <testcase classname="com.ibm.juno.core.test.a.rttests.CT_RoundTripBeanMaps" name="testMemberClassWithListClass[11]" time="0.0" />
  <testcase classname="com.ibm.juno.core.test.a.rttests.CT_RoundTripBeanMaps" name="testInterfaceClassUsingAnnotation[12]" time="0.0" />
  <testcase classname="com.ibm.juno.core.test.a.rttests.CT_RoundTripBeanMaps" name="testBeanPropertyPrecedence[12]" time="0.0" />
  <testcase classname="com.ibm.juno.core.test.a.rttests.CT_RoundTripBeanMaps" name="testSubTypePropertyWithRealPropertyUsingBeanFilter[12]" time="0.0" />
  <testcase classname="com.ibm.juno.core.test.a.rttests.CT_RoundTripBeanMaps" name="testSubTypePropertyWithRealPropertyUsingAnnotation[12]" time="0.0" />
  <testcase classname="com.ibm.juno.core.test.a.rttests.CT_RoundTripBeanMaps" name="testImplArrayClasses[12]" time="0.0" />
  <testcase classname="com.ibm.juno.core.test.a.rttests.CT_RoundTripBeanMaps" name="testMemberClassWithMapClass[12]" time="0.0" />
  <testcase classname="com.ibm.juno.core.test.a.rttests.CT_RoundTripBeanMaps" name="testMemberClassWithStringConstructor[12]" time="0.0" />
  <testcase classname="com.ibm.juno.core.test.a.rttests.CT_RoundTripBeanMaps" name="testImplMap2[12]" time="0.0" />
  <testcase classname="com.ibm.juno.core.test.a.rttests.CT_RoundTripBeanMaps" name="testMemberClass[12]" time="0.0" />
  <testcase classname="com.ibm.juno.core.test.a.rttests.CT_RoundTripBeanMaps" name="testInterfaceClassUsingFilter[12]" time="0.0" />
  <testcase classname="com.ibm.juno.core.test.a.rttests.CT_RoundTripBeanMaps" name="testExcludePropertiesUsingAnnotation[12]" time="0.0" />
  <testcase classname="com.ibm.juno.core.test.a.rttests.CT_RoundTripBeanMaps" name="testImplClasses[12]" time="0.0" />
  <testcase classname="com.ibm.juno.core.test.a.rttests.CT_RoundTripBeanMaps" name="testImplListClasses[12]" time="0.0" />
  <testcase classname="com.ibm.juno.core.test.a.rttests.CT_RoundTripBeanMaps" name="testWrapperAttrAnnotationOnNonBean[12]" time="0.0" />
  <testcase classname="com.ibm.juno.core.test.a.rttests.CT_RoundTripBeanMaps" name="testWrapperAttrAnnotationOnBean[12]" time="0.0" />
  <testcase classname="com.ibm.juno.core.test.a.rttests.CT_RoundTripBeanMaps" name="testExcludePropertiesUsingFilter[12]" time="0.0" />
  <testcase classname="com.ibm.juno.core.test.a.rttests.CT_RoundTripBeanMaps" name="testImplMap[12]" time="0.0" />
  <testcase classname="com.ibm.juno.core.test.a.rttests.CT_RoundTripBeanMaps" name="testSubTypesUsingBeanFilter[12]" time="0.0" />
  <testcase classname="com.ibm.juno.core.test.a.rttests.CT_RoundTripBeanMaps" name="testPropertiesUsingAnnotation[12]" time="0.0" />
  <testcase classname="com.ibm.juno.core.test.a.rttests.CT_RoundTripBeanMaps" name="testParsingIntoTopLevelNonStaticInnerClasses[12]" time="0.0" />
  <testcase classname="com.ibm.juno.core.test.a.rttests.CT_RoundTripBeanMaps" name="testSubTypesUsingAnnotation[12]" time="0.01" />
  <testcase classname="com.ibm.juno.core.test.a.rttests.CT_RoundTripBeanMaps" name="testPropertiesUsingFilter[12]" time="0.0" />
  <testcase classname="com.ibm.juno.core.test.a.rttests.CT_RoundTripBeanMaps" name="testMemberClassWithListClass[12]" time="0.0" />
  <testcase classname="com.ibm.juno.core.test.a.rttests.CT_RoundTripBeanMaps" name="testInterfaceClassUsingAnnotation[13]" time="0.0" />
  <testcase classname="com.ibm.juno.core.test.a.rttests.CT_RoundTripBeanMaps" name="testBeanPropertyPrecedence[13]" time="0.0" />
  <testcase classname="com.ibm.juno.core.test.a.rttests.CT_RoundTripBeanMaps" name="testSubTypePropertyWithRealPropertyUsingBeanFilter[13]" time="0.0" />
  <testcase classname="com.ibm.juno.core.test.a.rttests.CT_RoundTripBeanMaps" name="testSubTypePropertyWithRealPropertyUsingAnnotation[13]" time="0.01" />
  <testcase classname="com.ibm.juno.core.test.a.rttests.CT_RoundTripBeanMaps" name="testImplArrayClasses[13]" time="0.0" />
  <testcase classname="com.ibm.juno.core.test.a.rttests.CT_RoundTripBeanMaps" name="testMemberClassWithMapClass[13]" time="0.0" />
  <testcase classname="com.ibm.juno.core.test.a.rttests.CT_RoundTripBeanMaps" name="testMemberClassWithStringConstructor[13]" time="0.01" />
  <testcase classname="com.ibm.juno.core.test.a.rttests.CT_RoundTripBeanMaps" name="testImplMap2[13]" time="0.0" />
  <testcase classname="com.ibm.juno.core.test.a.rttests.CT_RoundTripBeanMaps" name="testMemberClass[13]" time="0.0" />
  <testcase classname="com.ibm.juno.core.test.a.rttests.CT_RoundTripBeanMaps" name="testInterfaceClassUsingFilter[13]" time="0.0" />
  <testcase classname="com.ibm.juno.core.test.a.rttests.CT_RoundTripBeanMaps" name="testExcludePropertiesUsingAnnotation[13]" time="0.01" />
  <testcase classname="com.ibm.juno.core.test.a.rttests.CT_RoundTripBeanMaps" name="testImplClasses[13]" time="0.0" />
  <testcase classname="com.ibm.juno.core.test.a.rttests.CT_RoundTripBeanMaps" name="testImplListClasses[13]" time="0.02" />
  <testcase classname="com.ibm.juno.core.test.a.rttests.CT_RoundTripBeanMaps" name="testWrapperAttrAnnotationOnNonBean[13]" time="0.0" />
  <testcase classname="com.ibm.juno.core.test.a.rttests.CT_RoundTripBeanMaps" name="testWrapperAttrAnnotationOnBean[13]" time="0.0" />
  <testcase classname="com.ibm.juno.core.test.a.rttests.CT_RoundTripBeanMaps" name="testExcludePropertiesUsingFilter[13]" time="0.0" />
  <testcase classname="com.ibm.juno.core.test.a.rttests.CT_RoundTripBeanMaps" name="testImplMap[13]" time="0.01" />
  <testcase classname="com.ibm.juno.core.test.a.rttests.CT_RoundTripBeanMaps" name="testSubTypesUsingBeanFilter[13]" time="0.01" />
  <testcase classname="com.ibm.juno.core.test.a.rttests.CT_RoundTripBeanMaps" name="testPropertiesUsingAnnotation[13]" time="0.0" />
  <testcase classname="com.ibm.juno.core.test.a.rttests.CT_RoundTripBeanMaps" name="testParsingIntoTopLevelNonStaticInnerClasses[13]" time="0.0" />
  <testcase classname="com.ibm.juno.core.test.a.rttests.CT_RoundTripBeanMaps" name="testSubTypesUsingAnnotation[13]" time="0.01" />
  <testcase classname="com.ibm.juno.core.test.a.rttests.CT_RoundTripBeanMaps" name="testPropertiesUsingFilter[13]" time="0.0" />
  <testcase classname="com.ibm.juno.core.test.a.rttests.CT_RoundTripBeanMaps" name="testMemberClassWithListClass[13]" time="0.0" />
  <testcase classname="com.ibm.juno.core.test.a.rttests.CT_RoundTripBeanMaps" name="testInterfaceClassUsingAnnotation[14]" time="0.0" />
  <testcase classname="com.ibm.juno.core.test.a.rttests.CT_RoundTripBeanMaps" name="testBeanPropertyPrecedence[14]" time="0.0" />
  <testcase classname="com.ibm.juno.core.test.a.rttests.CT_RoundTripBeanMaps" name="testSubTypePropertyWithRealPropertyUsingBeanFilter[14]" time="0.0" />
  <testcase classname="com.ibm.juno.core.test.a.rttests.CT_RoundTripBeanMaps" name="testSubTypePropertyWithRealPropertyUsingAnnotation[14]" time="0.0" />
  <testcase classname="com.ibm.juno.core.test.a.rttests.CT_RoundTripBeanMaps" name="testImplArrayClasses[14]" time="0.01" />
  <testcase classname="com.ibm.juno.core.test.a.rttests.CT_RoundTripBeanMaps" name="testMemberClassWithMapClass[14]" time="0.0" />
  <testcase classname="com.ibm.juno.core.test.a.rttests.CT_RoundTripBeanMaps" name="testMemberClassWithStringConstructor[14]" time="0.0" />
  <testcase classname="com.ibm.juno.core.test.a.rttests.CT_RoundTripBeanMaps" name="testImplMap2[14]" time="0.0" />
  <testcase classname="com.ibm.juno.core.test.a.rttests.CT_RoundTripBeanMaps" name="testMemberClass[14]" time="0.0" />
  <testcase classname="com.ibm.juno.core.test.a.rttests.CT_RoundTripBeanMaps" name="testInterfaceClassUsingFilter[14]" time="0.01" />
  <testcase classname="com.ibm.juno.core.test.a.rttests.CT_RoundTripBeanMaps" name="testExcludePropertiesUsingAnnotation[14]" time="0.0" />
  <testcase classname="com.ibm.juno.core.test.a.rttests.CT_RoundTripBeanMaps" name="testImplClasses[14]" time="0.0" />
  <testcase classname="com.ibm.juno.core.test.a.rttests.CT_RoundTripBeanMaps" name="testImplListClasses[14]" time="0.01" />
  <testcase classname="com.ibm.juno.core.test.a.rttests.CT_RoundTripBeanMaps" name="testWrapperAttrAnnotationOnNonBean[14]" time="0.0" />
  <testcase classname="com.ibm.juno.core.test.a.rttests.CT_RoundTripBeanMaps" name="testWrapperAttrAnnotationOnBean[14]" time="0.01" />
  <testcase classname="com.ibm.juno.core.test.a.rttests.CT_RoundTripBeanMaps" name="testExcludePropertiesUsingFilter[14]" time="0.0" />
  <testcase classname="com.ibm.juno.core.test.a.rttests.CT_RoundTripBeanMaps" name="testImplMap[14]" time="0.01" />
  <testcase classname="com.ibm.juno.core.test.a.rttests.CT_RoundTripBeanMaps" name="testSubTypesUsingBeanFilter[14]" time="0.01" />
  <testcase classname="com.ibm.juno.core.test.a.rttests.CT_RoundTripBeanMaps" name="testPropertiesUsingAnnotation[14]" time="0.0" />
  <testcase classname="com.ibm.juno.core.test.a.rttests.CT_RoundTripBeanMaps" name="testParsingIntoTopLevelNonStaticInnerClasses[14]" time="0.0" />
  <testcase classname="com.ibm.juno.core.test.a.rttests.CT_RoundTripBeanMaps" name="testSubTypesUsingAnnotation[14]" time="0.01" />
  <testcase classname="com.ibm.juno.core.test.a.rttests.CT_RoundTripBeanMaps" name="testPropertiesUsingFilter[14]" time="0.0" />
  <testcase classname="com.ibm.juno.core.test.a.rttests.CT_RoundTripBeanMaps" name="testMemberClassWithListClass[14]" time="0.01" />
  <testcase classname="com.ibm.juno.core.test.a.rttests.CT_RoundTripBeanMaps" name="testInterfaceClassUsingAnnotation[15]" time="0.0" />
  <testcase classname="com.ibm.juno.core.test.a.rttests.CT_RoundTripBeanMaps" name="testBeanPropertyPrecedence[15]" time="0.0" />
  <testcase classname="com.ibm.juno.core.test.a.rttests.CT_RoundTripBeanMaps" name="testSubTypePropertyWithRealPropertyUsingBeanFilter[15]" time="0.0" />
  <testcase classname="com.ibm.juno.core.test.a.rttests.CT_RoundTripBeanMaps" name="testSubTypePropertyWithRealPropertyUsingAnnotation[15]" time="0.0" />
  <testcase classname="com.ibm.juno.core.test.a.rttests.CT_RoundTripBeanMaps" name="testImplArrayClasses[15]" time="0.01" />
  <testcase classname="com.ibm.juno.core.test.a.rttests.CT_RoundTripBeanMaps" name="testMemberClassWithMapClass[15]" time="0.0" />
  <testcase classname="com.ibm.juno.core.test.a.rttests.CT_RoundTripBeanMaps" name="testMemberClassWithStringConstructor[15]" time="0.0" />
  <testcase classname="com.ibm.juno.core.test.a.rttests.CT_RoundTripBeanMaps" name="testImplMap2[15]" time="0.0" />
  <testcase classname="com.ibm.juno.core.test.a.rttests.CT_RoundTripBeanMaps" name="testMemberClass[15]" time="0.01" />
  <testcase classname="com.ibm.juno.core.test.a.rttests.CT_RoundTripBeanMaps" name="testInterfaceClassUsingFilter[15]" time="0.0" />
  <testcase classname="com.ibm.juno.core.test.a.rttests.CT_RoundTripBeanMaps" name="testExcludePropertiesUsingAnnotation[15]" time="0.0" />
  <testcase classname="com.ibm.juno.core.test.a.rttests.CT_RoundTripBeanMaps" name="testImplClasses[15]" time="0.0" />
  <testcase classname="com.ibm.juno.core.test.a.rttests.CT_RoundTripBeanMaps" name="testImplListClasses[15]" time="0.01" />
  <testcase classname="com.ibm.juno.core.test.a.rttests.CT_RoundTripBeanMaps" name="testWrapperAttrAnnotationOnNonBean[15]" time="0.0" />
  <testcase classname="com.ibm.juno.core.test.a.rttests.CT_RoundTripBeanMaps" name="testWrapperAttrAnnotationOnBean[15]" time="0.0" />
  <testcase classname="com.ibm.juno.core.test.a.rttests.CT_RoundTripBeanMaps" name="testExcludePropertiesUsingFilter[15]" time="0.0" />
  <testcase classname="com.ibm.juno.core.test.a.rttests.CT_RoundTripBeanMaps" name="testImplMap[15]" time="0.0" />
  <testcase classname="com.ibm.juno.core.test.a.rttests.CT_RoundTripBeanMaps" name="testSubTypesUsingBeanFilter[15]" time="0.01" />
  <testcase classname="com.ibm.juno.core.test.a.rttests.CT_RoundTripBeanMaps" name="testPropertiesUsingAnnotation[15]" time="0.0" />
  <testcase classname="com.ibm.juno.core.test.a.rttests.CT_RoundTripBeanMaps" name="testParsingIntoTopLevelNonStaticInnerClasses[15]" time="0.0" />
  <testcase classname="com.ibm.juno.core.test.a.rttests.CT_RoundTripBeanMaps" name="testSubTypesUsingAnnotation[15]" time="0.0" />
  <testcase classname="com.ibm.juno.core.test.a.rttests.CT_RoundTripBeanMaps" name="testPropertiesUsingFilter[15]" time="0.0" />
  <testcase classname="com.ibm.juno.core.test.a.rttests.CT_RoundTripBeanMaps" name="testMemberClassWithListClass[15]" time="0.0" />
  <testcase classname="com.ibm.juno.core.test.a.rttests.CT_RoundTripBeanMaps" name="testInterfaceClassUsingAnnotation[16]" time="0.0" />
  <testcase classname="com.ibm.juno.core.test.a.rttests.CT_RoundTripBeanMaps" name="testBeanPropertyPrecedence[16]" time="0.0" />
  <testcase classname="com.ibm.juno.core.test.a.rttests.CT_RoundTripBeanMaps" name="testSubTypePropertyWithRealPropertyUsingBeanFilter[16]" time="0.0" />
  <testcase classname="com.ibm.juno.core.test.a.rttests.CT_RoundTripBeanMaps" name="testSubTypePropertyWithRealPropertyUsingAnnotation[16]" time="0.0" />
  <testcase classname="com.ibm.juno.core.test.a.rttests.CT_RoundTripBeanMaps" name="testImplArrayClasses[16]" time="0.01" />
  <testcase classname="com.ibm.juno.core.test.a.rttests.CT_RoundTripBeanMaps" name="testMemberClassWithMapClass[16]" time="0.0" />
  <testcase classname="com.ibm.juno.core.test.a.rttests.CT_RoundTripBeanMaps" name="testMemberClassWithStringConstructor[16]" time="0.0" />
  <testcase classname="com.ibm.juno.core.test.a.rttests.CT_RoundTripBeanMaps" name="testImplMap2[16]" time="0.0" />
  <testcase classname="com.ibm.juno.core.test.a.rttests.CT_RoundTripBeanMaps" name="testMemberClass[16]" time="0.0" />
  <testcase classname="com.ibm.juno.core.test.a.rttests.CT_RoundTripBeanMaps" name="testInterfaceClassUsingFilter[16]" time="0.0" />
  <testcase classname="com.ibm.juno.core.test.a.rttests.CT_RoundTripBeanMaps" name="testExcludePropertiesUsingAnnotation[16]" time="0.0" />
  <testcase classname="com.ibm.juno.core.test.a.rttests.CT_RoundTripBeanMaps" name="testImplClasses[16]" time="0.01" />
  <testcase classname="com.ibm.juno.core.test.a.rttests.CT_RoundTripBeanMaps" name="testImplListClasses[16]" time="0.0" />
  <testcase classname="com.ibm.juno.core.test.a.rttests.CT_RoundTripBeanMaps" name="testWrapperAttrAnnotationOnNonBean[16]" time="0.0" />
  <testcase classname="com.ibm.juno.core.test.a.rttests.CT_RoundTripBeanMaps" name="testWrapperAttrAnnotationOnBean[16]" time="0.0" />
  <testcase classname="com.ibm.juno.core.test.a.rttests.CT_RoundTripBeanMaps" name="testExcludePropertiesUsingFilter[16]" time="0.0" />
  <testcase classname="com.ibm.juno.core.test.a.rttests.CT_RoundTripBeanMaps" name="testImplMap[16]" time="0.01" />
  <testcase classname="com.ibm.juno.core.test.a.rttests.CT_RoundTripBeanMaps" name="testSubTypesUsingBeanFilter[16]" time="0.0" />
  <testcase classname="com.ibm.juno.core.test.a.rttests.CT_RoundTripBeanMaps" name="testPropertiesUsingAnnotation[16]" time="0.0" />
  <testcase classname="com.ibm.juno.core.test.a.rttests.CT_RoundTripBeanMaps" name="testParsingIntoTopLevelNonStaticInnerClasses[16]" time="0.0" />
  <testcase classname="com.ibm.juno.core.test.a.rttests.CT_RoundTripBeanMaps" name="testSubTypesUsingAnnotation[16]" time="0.01" />
  <testcase classname="com.ibm.juno.core.test.a.rttests.CT_RoundTripBeanMaps" name="testPropertiesUsingFilter[16]" time="0.0" />
  <testcase classname="com.ibm.juno.core.test.a.rttests.CT_RoundTripBeanMaps" name="testMemberClassWithListClass[16]" time="0.0" />
  <testcase classname="com.ibm.juno.core.test.a.rttests.CT_RoundTripBeanMaps" name="testInterfaceClassUsingAnnotation[17]" time="0.0" />
  <testcase classname="com.ibm.juno.core.test.a.rttests.CT_RoundTripBeanMaps" name="testBeanPropertyPrecedence[17]" time="0.0" />
  <testcase classname="com.ibm.juno.core.test.a.rttests.CT_RoundTripBeanMaps" name="testSubTypePropertyWithRealPropertyUsingBeanFilter[17]" time="0.0" />
  <testcase classname="com.ibm.juno.core.test.a.rttests.CT_RoundTripBeanMaps" name="testSubTypePropertyWithRealPropertyUsingAnnotation[17]" time="0.01" />
  <testcase classname="com.ibm.juno.core.test.a.rttests.CT_RoundTripBeanMaps" name="testImplArrayClasses[17]" time="0.0" />
  <testcase classname="com.ibm.juno.core.test.a.rttests.CT_RoundTripBeanMaps" name="testMemberClassWithMapClass[17]" time="0.0" />
  <testcase classname="com.ibm.juno.core.test.a.rttests.CT_RoundTripBeanMaps" name="testMemberClassWithStringConstructor[17]" time="0.0" />
  <testcase classname="com.ibm.juno.core.test.a.rttests.CT_RoundTripBeanMaps" name="testImplMap2[17]" time="0.0" />
  <testcase classname="com.ibm.juno.core.test.a.rttests.CT_RoundTripBeanMaps" name="testMemberClass[17]" time="0.0" />
  <testcase classname="com.ibm.juno.core.test.a.rttests.CT_RoundTripBeanMaps" name="testInterfaceClassUsingFilter[17]" time="0.0" />
  <testcase classname="com.ibm.juno.core.test.a.rttests.CT_RoundTripBeanMaps" name="testExcludePropertiesUsingAnnotation[17]" time="0.0" />
  <testcase classname="com.ibm.juno.core.test.a.rttests.CT_RoundTripBeanMaps" name="testImplClasses[17]" time="0.0" />
  <testcase classname="com.ibm.juno.core.test.a.rttests.CT_RoundTripBeanMaps" name="testImplListClasses[17]" time="0.01" />
  <testcase classname="com.ibm.juno.core.test.a.rttests.CT_RoundTripBeanMaps" name="testWrapperAttrAnnotationOnNonBean[17]" time="0.0" />
  <testcase classname="com.ibm.juno.core.test.a.rttests.CT_RoundTripBeanMaps" name="testWrapperAttrAnnotationOnBean[17]" time="0.0" />
  <testcase classname="com.ibm.juno.core.test.a.rttests.CT_RoundTripBeanMaps" name="testExcludePropertiesUsingFilter[17]" time="0.0" />
  <testcase classname="com.ibm.juno.core.test.a.rttests.CT_RoundTripBeanMaps" name="testImplMap[17]" time="0.0" />
  <testcase classname="com.ibm.juno.core.test.a.rttests.CT_RoundTripBeanMaps" name="testSubTypesUsingBeanFilter[17]" time="0.02" />
  <testcase classname="com.ibm.juno.core.test.a.rttests.CT_RoundTripBeanMaps" name="testPropertiesUsingAnnotation[17]" time="0.0" />
  <testcase classname="com.ibm.juno.core.test.a.rttests.CT_RoundTripBeanMaps" name="testParsingIntoTopLevelNonStaticInnerClasses[17]" time="0.0" />
  <testcase classname="com.ibm.juno.core.test.a.rttests.CT_RoundTripBeanMaps" name="testSubTypesUsingAnnotation[17]" time="0.0" />
  <testcase classname="com.ibm.juno.core.test.a.rttests.CT_RoundTripBeanMaps" name="testPropertiesUsingFilter[17]" time="0.0" />
  <testcase classname="com.ibm.juno.core.test.a.rttests.CT_RoundTripBeanMaps" name="testMemberClassWithListClass[17]" time="0.01" />
  <testcase classname="com.ibm.juno.core.test.a.rttests.CT_RoundTripBeanMaps" name="testInterfaceClassUsingAnnotation[18]" time="0.0" />
  <testcase classname="com.ibm.juno.core.test.a.rttests.CT_RoundTripBeanMaps" name="testBeanPropertyPrecedence[18]" time="0.0" />
  <testcase classname="com.ibm.juno.core.test.a.rttests.CT_RoundTripBeanMaps" name="testSubTypePropertyWithRealPropertyUsingBeanFilter[18]" time="0.0" />
  <testcase classname="com.ibm.juno.core.test.a.rttests.CT_RoundTripBeanMaps" name="testSubTypePropertyWithRealPropertyUsingAnnotation[18]" time="0.0" />
  <testcase classname="com.ibm.juno.core.test.a.rttests.CT_RoundTripBeanMaps" name="testImplArrayClasses[18]" time="0.0" />
  <testcase classname="com.ibm.juno.core.test.a.rttests.CT_RoundTripBeanMaps" name="testMemberClassWithMapClass[18]" time="0.0" />
  <testcase classname="com.ibm.juno.core.test.a.rttests.CT_RoundTripBeanMaps" name="testMemberClassWithStringConstructor[18]" time="0.0" />
  <testcase classname="com.ibm.juno.core.test.a.rttests.CT_RoundTripBeanMaps" name="testImplMap2[18]" time="0.0" />
  <testcase classname="com.ibm.juno.core.test.a.rttests.CT_RoundTripBeanMaps" name="testMemberClass[18]" time="0.0" />
  <testcase classname="com.ibm.juno.core.test.a.rttests.CT_RoundTripBeanMaps" name="testInterfaceClassUsingFilter[18]" time="0.0" />
  <testcase classname="com.ibm.juno.core.test.a.rttests.CT_RoundTripBeanMaps" name="testExcludePropertiesUsingAnnotation[18]" time="0.0" />
  <testcase classname="com.ibm.juno.core.test.a.rttests.CT_RoundTripBeanMaps" name="testImplClasses[18]" time="0.0" />
  <testcase classname="com.ibm.juno.core.test.a.rttests.CT_RoundTripBeanMaps" name="testImplListClasses[18]" time="0.0" />
  <testcase classname="com.ibm.juno.core.test.a.rttests.CT_RoundTripBeanMaps" name="testWrapperAttrAnnotationOnNonBean[18]" time="0.0" />
  <testcase classname="com.ibm.juno.core.test.a.rttests.CT_RoundTripBeanMaps" name="testWrapperAttrAnnotationOnBean[18]" time="0.0" />
  <testcase classname="com.ibm.juno.core.test.a.rttests.CT_RoundTripBeanMaps" name="testExcludePropertiesUsingFilter[18]" time="0.0" />
  <testcase classname="com.ibm.juno.core.test.a.rttests.CT_RoundTripBeanMaps" name="testImplMap[18]" time="0.0" />
  <testcase classname="com.ibm.juno.core.test.a.rttests.CT_RoundTripBeanMaps" name="testSubTypesUsingBeanFilter[18]" time="0.0" />
  <testcase classname="com.ibm.juno.core.test.a.rttests.CT_RoundTripBeanMaps" name="testPropertiesUsingAnnotation[18]" time="0.0" />
  <testcase classname="com.ibm.juno.core.test.a.rttests.CT_RoundTripBeanMaps" name="testParsingIntoTopLevelNonStaticInnerClasses[18]" time="0.0" />
  <testcase classname="com.ibm.juno.core.test.a.rttests.CT_RoundTripBeanMaps" name="testSubTypesUsingAnnotation[18]" time="0.0" />
  <testcase classname="com.ibm.juno.core.test.a.rttests.CT_RoundTripBeanMaps" name="testPropertiesUsingFilter[18]" time="0.0" />
  <testcase classname="com.ibm.juno.core.test.a.rttests.CT_RoundTripBeanMaps" name="testMemberClassWithListClass[18]" time="0.01" />
  <testcase classname="com.ibm.juno.core.test.a.rttests.CT_RoundTripBeanMaps" name="testInterfaceClassUsingAnnotation[19]" time="0.0" />
  <testcase classname="com.ibm.juno.core.test.a.rttests.CT_RoundTripBeanMaps" name="testBeanPropertyPrecedence[19]" time="0.0" />
  <testcase classname="com.ibm.juno.core.test.a.rttests.CT_RoundTripBeanMaps" name="testSubTypePropertyWithRealPropertyUsingBeanFilter[19]" time="0.0" />
  <testcase classname="com.ibm.juno.core.test.a.rttests.CT_RoundTripBeanMaps" name="testSubTypePropertyWithRealPropertyUsingAnnotation[19]" time="0.0" />
  <testcase classname="com.ibm.juno.core.test.a.rttests.CT_RoundTripBeanMaps" name="testImplArrayClasses[19]" time="0.0" />
  <testcase classname="com.ibm.juno.core.test.a.rttests.CT_RoundTripBeanMaps" name="testMemberClassWithMapClass[19]" time="0.0" />
  <testcase classname="com.ibm.juno.core.test.a.rttests.CT_RoundTripBeanMaps" name="testMemberClassWithStringConstructor[19]" time="0.01" />
  <testcase classname="com.ibm.juno.core.test.a.rttests.CT_RoundTripBeanMaps" name="testImplMap2[19]" time="0.0" />
  <testcase classname="com.ibm.juno.core.test.a.rttests.CT_RoundTripBeanMaps" name="testMemberClass[19]" time="0.0" />
  <testcase classname="com.ibm.juno.core.test.a.rttests.CT_RoundTripBeanMaps" name="testInterfaceClassUsingFilter[19]" time="0.0" />
  <testcase classname="com.ibm.juno.core.test.a.rttests.CT_RoundTripBeanMaps" name="testExcludePropertiesUsingAnnotation[19]" time="0.0" />
  <testcase classname="com.ibm.juno.core.test.a.rttests.CT_RoundTripBeanMaps" name="testImplClasses[19]" time="0.0" />
  <testcase classname="com.ibm.juno.core.test.a.rttests.CT_RoundTripBeanMaps" name="testImplListClasses[19]" time="0.01" />
  <testcase classname="com.ibm.juno.core.test.a.rttests.CT_RoundTripBeanMaps" name="testWrapperAttrAnnotationOnNonBean[19]" time="0.0" />
  <testcase classname="com.ibm.juno.core.test.a.rttests.CT_RoundTripBeanMaps" name="testWrapperAttrAnnotationOnBean[19]" time="0.0" />
  <testcase classname="com.ibm.juno.core.test.a.rttests.CT_RoundTripBeanMaps" name="testExcludePropertiesUsingFilter[19]" time="0.0" />
  <testcase classname="com.ibm.juno.core.test.a.rttests.CT_RoundTripBeanMaps" name="testImplMap[19]" time="0.0" />
  <testcase classname="com.ibm.juno.core.test.a.rttests.CT_RoundTripBeanMaps" name="testSubTypesUsingBeanFilter[19]" time="0.0" />
  <testcase classname="com.ibm.juno.core.test.a.rttests.CT_RoundTripBeanMaps" name="testPropertiesUsingAnnotation[19]" time="0.0" />
  <testcase classname="com.ibm.juno.core.test.a.rttests.CT_RoundTripBeanMaps" name="testParsingIntoTopLevelNonStaticInnerClasses[19]" time="0.0" />
  <testcase classname="com.ibm.juno.core.test.a.rttests.CT_RoundTripBeanMaps" name="testSubTypesUsingAnnotation[19]" time="0.0" />
  <testcase classname="com.ibm.juno.core.test.a.rttests.CT_RoundTripBeanMaps" name="testPropertiesUsingFilter[19]" time="0.0" />
  <testcase classname="com.ibm.juno.core.test.a.rttests.CT_RoundTripBeanMaps" name="testMemberClassWithListClass[19]" time="0.0" />
  <testcase classname="com.ibm.juno.core.test.a.rttests.CT_RoundTripObjectsAsStrings" name="testBasic[0]" time="0.01" />
  <testcase classname="com.ibm.juno.core.test.a.rttests.CT_RoundTripObjectsAsStrings" name="testEnumWithOverriddenStringValue[0]" time="0.0" />
  <testcase classname="com.ibm.juno.core.test.a.rttests.CT_RoundTripObjectsAsStrings" name="testOrdering[0]" time="0.01" />
  <testcase classname="com.ibm.juno.core.test.a.rttests.CT_RoundTripObjectsAsStrings" name="testBasic[1]" time="0.0" />
  <testcase classname="com.ibm.juno.core.test.a.rttests.CT_RoundTripObjectsAsStrings" name="testEnumWithOverriddenStringValue[1]" time="0.0" />
  <testcase classname="com.ibm.juno.core.test.a.rttests.CT_RoundTripObjectsAsStrings" name="testOrdering[1]" time="0.0" />
  <testcase classname="com.ibm.juno.core.test.a.rttests.CT_RoundTripObjectsAsStrings" name="testBasic[2]" time="0.0" />
  <testcase classname="com.ibm.juno.core.test.a.rttests.CT_RoundTripObjectsAsStrings" name="testEnumWithOverriddenStringValue[2]" time="0.0" />
  <testcase classname="com.ibm.juno.core.test.a.rttests.CT_RoundTripObjectsAsStrings" name="testOrdering[2]" time="0.0" />
  <testcase classname="com.ibm.juno.core.test.a.rttests.CT_RoundTripObjectsAsStrings" name="testBasic[3]" time="0.0" />
  <testcase classname="com.ibm.juno.core.test.a.rttests.CT_RoundTripObjectsAsStrings" name="testEnumWithOverriddenStringValue[3]" time="0.01" />
  <testcase classname="com.ibm.juno.core.test.a.rttests.CT_RoundTripObjectsAsStrings" name="testOrdering[3]" time="0.01" />
  <testcase classname="com.ibm.juno.core.test.a.rttests.CT_RoundTripObjectsAsStrings" name="testBasic[4]" time="0.0" />
  <testcase classname="com.ibm.juno.core.test.a.rttests.CT_RoundTripObjectsAsStrings" name="testEnumWithOverriddenStringValue[4]" time="0.0" />
  <testcase classname="com.ibm.juno.core.test.a.rttests.CT_RoundTripObjectsAsStrings" name="testOrdering[4]" time="0.0" />
  <testcase classname="com.ibm.juno.core.test.a.rttests.CT_RoundTripObjectsAsStrings" name="testBasic[5]" time="0.011" />
  <testcase classname="com.ibm.juno.core.test.a.rttests.CT_RoundTripObjectsAsStrings" name="testEnumWithOverriddenStringValue[5]" time="0.002" />
  <testcase classname="com.ibm.juno.core.test.a.rttests.CT_RoundTripObjectsAsStrings" name="testOrdering[5]" time="0.002" />
  <testcase classname="com.ibm.juno.core.test.a.rttests.CT_RoundTripObjectsAsStrings" name="testBasic[6]" time="0.001" />
  <testcase classname="com.ibm.juno.core.test.a.rttests.CT_RoundTripObjectsAsStrings" name="testEnumWithOverriddenStringValue[6]" time="0.0" />
  <testcase classname="com.ibm.juno.core.test.a.rttests.CT_RoundTripObjectsAsStrings" name="testOrdering[6]" time="0.01" />
  <testcase classname="com.ibm.juno.core.test.a.rttests.CT_RoundTripObjectsAsStrings" name="testBasic[7]" time="0.0" />
  <testcase classname="com.ibm.juno.core.test.a.rttests.CT_RoundTripObjectsAsStrings" name="testEnumWithOverriddenStringValue[7]" time="0.0" />
  <testcase classname="com.ibm.juno.core.test.a.rttests.CT_RoundTripObjectsAsStrings" name="testOrdering[7]" time="0.0" />
  <testcase classname="com.ibm.juno.core.test.a.rttests.CT_RoundTripObjectsAsStrings" name="testBasic[8]" time="0.0" />
  <testcase classname="com.ibm.juno.core.test.a.rttests.CT_RoundTripObjectsAsStrings" name="testEnumWithOverriddenStringValue[8]" time="0.0" />
  <testcase classname="com.ibm.juno.core.test.a.rttests.CT_RoundTripObjectsAsStrings" name="testOrdering[8]" time="0.0" />
  <testcase classname="com.ibm.juno.core.test.a.rttests.CT_RoundTripObjectsAsStrings" name="testBasic[9]" time="0.0" />
  <testcase classname="com.ibm.juno.core.test.a.rttests.CT_RoundTripObjectsAsStrings" name="testEnumWithOverriddenStringValue[9]" time="0.0" />
  <testcase classname="com.ibm.juno.core.test.a.rttests.CT_RoundTripObjectsAsStrings" name="testOrdering[9]" time="0.0" />
  <testcase classname="com.ibm.juno.core.test.a.rttests.CT_RoundTripObjectsAsStrings" name="testBasic[10]" time="0.01" />
  <testcase classname="com.ibm.juno.core.test.a.rttests.CT_RoundTripObjectsAsStrings" name="testEnumWithOverriddenStringValue[10]" time="0.0" />
  <testcase classname="com.ibm.juno.core.test.a.rttests.CT_RoundTripObjectsAsStrings" name="testOrdering[10]" time="0.0" />
  <testcase classname="com.ibm.juno.core.test.a.rttests.CT_RoundTripObjectsAsStrings" name="testBasic[11]" time="0.0" />
  <testcase classname="com.ibm.juno.core.test.a.rttests.CT_RoundTripObjectsAsStrings" name="testEnumWithOverriddenStringValue[11]" time="0.0" />
  <testcase classname="com.ibm.juno.core.test.a.rttests.CT_RoundTripObjectsAsStrings" name="testOrdering[11]" time="0.0" />
  <testcase classname="com.ibm.juno.core.test.a.rttests.CT_RoundTripObjectsAsStrings" name="testBasic[12]" time="0.0" />
  <testcase classname="com.ibm.juno.core.test.a.rttests.CT_RoundTripObjectsAsStrings" name="testEnumWithOverriddenStringValue[12]" time="0.0" />
  <testcase classname="com.ibm.juno.core.test.a.rttests.CT_RoundTripObjectsAsStrings" name="testOrdering[12]" time="0.0" />
  <testcase classname="com.ibm.juno.core.test.a.rttests.CT_RoundTripObjectsAsStrings" name="testBasic[13]" time="0.011" />
  <testcase classname="com.ibm.juno.core.test.a.rttests.CT_RoundTripObjectsAsStrings" name="testEnumWithOverriddenStringValue[13]" time="0.002" />
  <testcase classname="com.ibm.juno.core.test.a.rttests.CT_RoundTripObjectsAsStrings" name="testOrdering[13]" time="0.002" />
  <testcase classname="com.ibm.juno.core.test.a.rttests.CT_RoundTripObjectsAsStrings" name="testBasic[14]" time="0.004" />
  <testcase classname="com.ibm.juno.core.test.a.rttests.CT_RoundTripObjectsAsStrings" name="testEnumWithOverriddenStringValue[14]" time="0.004" />
  <testcase classname="com.ibm.juno.core.test.a.rttests.CT_RoundTripObjectsAsStrings" name="testOrdering[14]" time="0.005" />
  <testcase classname="com.ibm.juno.core.test.a.rttests.CT_RoundTripObjectsAsStrings" name="testBasic[15]" time="0.002" />
  <testcase classname="com.ibm.juno.core.test.a.rttests.CT_RoundTripObjectsAsStrings" name="testEnumWithOverriddenStringValue[15]" time="0.003" />
  <testcase classname="com.ibm.juno.core.test.a.rttests.CT_RoundTripObjectsAsStrings" name="testOrdering[15]" time="0.003" />
  <testcase classname="com.ibm.juno.core.test.a.rttests.CT_RoundTripObjectsAsStrings" name="testBasic[16]" time="0.002" />
  <testcase classname="com.ibm.juno.core.test.a.rttests.CT_RoundTripObjectsAsStrings" name="testEnumWithOverriddenStringValue[16]" time="0.001" />
  <testcase classname="com.ibm.juno.core.test.a.rttests.CT_RoundTripObjectsAsStrings" name="testOrdering[16]" time="0.002" />
  <testcase classname="com.ibm.juno.core.test.a.rttests.CT_RoundTripObjectsAsStrings" name="testBasic[17]" time="0.002" />
  <testcase classname="com.ibm.juno.core.test.a.rttests.CT_RoundTripObjectsAsStrings" name="testEnumWithOverriddenStringValue[17]" time="0.002" />
  <testcase classname="com.ibm.juno.core.test.a.rttests.CT_RoundTripObjectsAsStrings" name="testOrdering[17]" time="0.002" />
  <testcase classname="com.ibm.juno.core.test.a.rttests.CT_RoundTripObjectsAsStrings" name="testBasic[18]" time="0.001" />
  <testcase classname="com.ibm.juno.core.test.a.rttests.CT_RoundTripObjectsAsStrings" name="testEnumWithOverriddenStringValue[18]" time="0.0" />
  <testcase classname="com.ibm.juno.core.test.a.rttests.CT_RoundTripObjectsAsStrings" name="testOrdering[18]" time="0.0" />
  <testcase classname="com.ibm.juno.core.test.a.rttests.CT_RoundTripObjectsAsStrings" name="testBasic[19]" time="0.002" />
  <testcase classname="com.ibm.juno.core.test.a.rttests.CT_RoundTripObjectsAsStrings" name="testEnumWithOverriddenStringValue[19]" time="0.001" />
  <testcase classname="com.ibm.juno.core.test.a.rttests.CT_RoundTripObjectsAsStrings" name="testOrdering[19]" time="0.002" />
  <testcase classname="com.ibm.juno.core.test.a.rttests.CT_RoundTripObjectsWithSpecialMethods" name="testParentProperty[0]" time="0.005" />
  <testcase classname="com.ibm.juno.core.test.a.rttests.CT_RoundTripObjectsWithSpecialMethods" name="testNameProperty[0]" time="0.005" />
  <testcase classname="com.ibm.juno.core.test.a.rttests.CT_RoundTripObjectsWithSpecialMethods" name="testParentProperty[1]" time="0.0" />
  <testcase classname="com.ibm.juno.core.test.a.rttests.CT_RoundTripObjectsWithSpecialMethods" name="testNameProperty[1]" time="0.001" />
  <testcase classname="com.ibm.juno.core.test.a.rttests.CT_RoundTripObjectsWithSpecialMethods" name="testParentProperty[2]" time="0.001" />
  <testcase classname="com.ibm.juno.core.test.a.rttests.CT_RoundTripObjectsWithSpecialMethods" name="testNameProperty[2]" time="0.0" />
  <testcase classname="com.ibm.juno.core.test.a.rttests.CT_RoundTripObjectsWithSpecialMethods" name="testParentProperty[3]" time="0.005" />
  <testcase classname="com.ibm.juno.core.test.a.rttests.CT_RoundTripObjectsWithSpecialMethods" name="testNameProperty[3]" time="0.006" />
  <testcase classname="com.ibm.juno.core.test.a.rttests.CT_RoundTripObjectsWithSpecialMethods" name="testParentProperty[4]" time="0.0" />
  <testcase classname="com.ibm.juno.core.test.a.rttests.CT_RoundTripObjectsWithSpecialMethods" name="testNameProperty[4]" time="0.001" />
  <testcase classname="com.ibm.juno.core.test.a.rttests.CT_RoundTripObjectsWithSpecialMethods" name="testParentProperty[5]" time="0.001" />
  <testcase classname="com.ibm.juno.core.test.a.rttests.CT_RoundTripObjectsWithSpecialMethods" name="testNameProperty[5]" time="0.002" />
  <testcase classname="com.ibm.juno.core.test.a.rttests.CT_RoundTripObjectsWithSpecialMethods" name="testParentProperty[6]" time="0.002" />
  <testcase classname="com.ibm.juno.core.test.a.rttests.CT_RoundTripObjectsWithSpecialMethods" name="testNameProperty[6]" time="0.002" />
  <testcase classname="com.ibm.juno.core.test.a.rttests.CT_RoundTripObjectsWithSpecialMethods" name="testParentProperty[7]" time="0.0" />
  <testcase classname="com.ibm.juno.core.test.a.rttests.CT_RoundTripObjectsWithSpecialMethods" name="testNameProperty[7]" time="0.001" />
  <testcase classname="com.ibm.juno.core.test.a.rttests.CT_RoundTripObjectsWithSpecialMethods" name="testParentProperty[8]" time="0.0" />
  <testcase classname="com.ibm.juno.core.test.a.rttests.CT_RoundTripObjectsWithSpecialMethods" name="testNameProperty[8]" time="0.001" />
  <testcase classname="com.ibm.juno.core.test.a.rttests.CT_RoundTripObjectsWithSpecialMethods" name="testParentProperty[9]" time="0.001" />
  <testcase classname="com.ibm.juno.core.test.a.rttests.CT_RoundTripObjectsWithSpecialMethods" name="testNameProperty[9]" time="0.001" />
  <testcase classname="com.ibm.juno.core.test.a.rttests.CT_RoundTripObjectsWithSpecialMethods" name="testParentProperty[10]" time="0.0" />
  <testcase classname="com.ibm.juno.core.test.a.rttests.CT_RoundTripObjectsWithSpecialMethods" name="testNameProperty[10]" time="0.0" />
  <testcase classname="com.ibm.juno.core.test.a.rttests.CT_RoundTripObjectsWithSpecialMethods" name="testParentProperty[11]" time="0.001" />
  <testcase classname="com.ibm.juno.core.test.a.rttests.CT_RoundTripObjectsWithSpecialMethods" name="testNameProperty[11]" time="0.0" />
  <testcase classname="com.ibm.juno.core.test.a.rttests.CT_RoundTripObjectsWithSpecialMethods" name="testParentProperty[12]" time="0.0" />
  <testcase classname="com.ibm.juno.core.test.a.rttests.CT_RoundTripObjectsWithSpecialMethods" name="testNameProperty[12]" time="0.0" />
  <testcase classname="com.ibm.juno.core.test.a.rttests.CT_RoundTripObjectsWithSpecialMethods" name="testParentProperty[13]" time="0.001" />
  <testcase classname="com.ibm.juno.core.test.a.rttests.CT_RoundTripObjectsWithSpecialMethods" name="testNameProperty[13]" time="0.002" />
  <testcase classname="com.ibm.juno.core.test.a.rttests.CT_RoundTripObjectsWithSpecialMethods" name="testParentProperty[14]" time="0.003" />
  <testcase classname="com.ibm.juno.core.test.a.rttests.CT_RoundTripObjectsWithSpecialMethods" name="testNameProperty[14]" time="0.003" />
  <testcase classname="com.ibm.juno.core.test.a.rttests.CT_RoundTripObjectsWithSpecialMethods" name="testParentProperty[15]" time="0.001" />
  <testcase classname="com.ibm.juno.core.test.a.rttests.CT_RoundTripObjectsWithSpecialMethods" name="testNameProperty[15]" time="0.001" />
  <testcase classname="com.ibm.juno.core.test.a.rttests.CT_RoundTripObjectsWithSpecialMethods" name="testParentProperty[16]" time="0.0" />
  <testcase classname="com.ibm.juno.core.test.a.rttests.CT_RoundTripObjectsWithSpecialMethods" name="testNameProperty[16]" time="0.001" />
  <testcase classname="com.ibm.juno.core.test.a.rttests.CT_RoundTripObjectsWithSpecialMethods" name="testParentProperty[17]" time="0.001" />
  <testcase classname="com.ibm.juno.core.test.a.rttests.CT_RoundTripObjectsWithSpecialMethods" name="testNameProperty[17]" time="0.001" />
  <testcase classname="com.ibm.juno.core.test.a.rttests.CT_RoundTripObjectsWithSpecialMethods" name="testParentProperty[18]" time="0.0" />
  <testcase classname="com.ibm.juno.core.test.a.rttests.CT_RoundTripObjectsWithSpecialMethods" name="testNameProperty[18]" time="0.001" />
  <testcase classname="com.ibm.juno.core.test.a.rttests.CT_RoundTripObjectsWithSpecialMethods" name="testParentProperty[19]" time="0.001" />
  <testcase classname="com.ibm.juno.core.test.a.rttests.CT_RoundTripObjectsWithSpecialMethods" name="testNameProperty[19]" time="0.002" />
  <testcase classname="com.ibm.juno.core.test.a.rttests.CT_RoundTripDTOs" name="testJsonSchema1[0]" time="0.029" />
  <testcase classname="com.ibm.juno.core.test.a.rttests.CT_RoundTripDTOs" name="testJsonSchema2[0]" time="0.008" />
  <testcase classname="com.ibm.juno.core.test.a.rttests.CT_RoundTripDTOs" name="testJsonSchema1[1]" time="0.013" />
  <testcase classname="com.ibm.juno.core.test.a.rttests.CT_RoundTripDTOs" name="testJsonSchema2[1]" time="0.002" />
  <testcase classname="com.ibm.juno.core.test.a.rttests.CT_RoundTripDTOs" name="testJsonSchema1[2]" time="0.008" />
  <testcase classname="com.ibm.juno.core.test.a.rttests.CT_RoundTripDTOs" name="testJsonSchema2[2]" time="0.002" />
  <testcase classname="com.ibm.juno.core.test.a.rttests.CT_RoundTripDTOs" name="testJsonSchema1[3]" time="0.072" />
  <testcase classname="com.ibm.juno.core.test.a.rttests.CT_RoundTripDTOs" name="testJsonSchema2[3]" time="0.029" />
  <testcase classname="com.ibm.juno.core.test.a.rttests.CT_RoundTripDTOs" name="testJsonSchema1[4]" time="0.014" />
  <testcase classname="com.ibm.juno.core.test.a.rttests.CT_RoundTripDTOs" name="testJsonSchema2[4]" time="0.001" />
  <testcase classname="com.ibm.juno.core.test.a.rttests.CT_RoundTripDTOs" name="testJsonSchema1[5]" time="0.03" />
  <testcase classname="com.ibm.juno.core.test.a.rttests.CT_RoundTripDTOs" name="testJsonSchema2[5]" time="0.0" />
  <testcase classname="com.ibm.juno.core.test.a.rttests.CT_RoundTripDTOs" name="testJsonSchema1[6]" time="0.03" />
  <testcase classname="com.ibm.juno.core.test.a.rttests.CT_RoundTripDTOs" name="testJsonSchema2[6]" time="0.01" />
  <testcase classname="com.ibm.juno.core.test.a.rttests.CT_RoundTripDTOs" name="testJsonSchema1[7]" time="0.0" />
  <testcase classname="com.ibm.juno.core.test.a.rttests.CT_RoundTripDTOs" name="testJsonSchema2[7]" time="0.0" />
  <testcase classname="com.ibm.juno.core.test.a.rttests.CT_RoundTripDTOs" name="testJsonSchema1[8]" time="0.01" />
  <testcase classname="com.ibm.juno.core.test.a.rttests.CT_RoundTripDTOs" name="testJsonSchema2[8]" time="0.0" />
  <testcase classname="com.ibm.juno.core.test.a.rttests.CT_RoundTripDTOs" name="testJsonSchema1[9]" time="0.01" />
  <testcase classname="com.ibm.juno.core.test.a.rttests.CT_RoundTripDTOs" name="testJsonSchema2[9]" time="0.0" />
  <testcase classname="com.ibm.juno.core.test.a.rttests.CT_RoundTripDTOs" name="testJsonSchema1[10]" time="0.01" />
  <testcase classname="com.ibm.juno.core.test.a.rttests.CT_RoundTripDTOs" name="testJsonSchema2[10]" time="0.0" />
  <testcase classname="com.ibm.juno.core.test.a.rttests.CT_RoundTripDTOs" name="testJsonSchema1[11]" time="0.01" />
  <testcase classname="com.ibm.juno.core.test.a.rttests.CT_RoundTripDTOs" name="testJsonSchema2[11]" time="0.0" />
  <testcase classname="com.ibm.juno.core.test.a.rttests.CT_RoundTripDTOs" name="testJsonSchema1[12]" time="0.0" />
  <testcase classname="com.ibm.juno.core.test.a.rttests.CT_RoundTripDTOs" name="testJsonSchema2[12]" time="0.01" />
  <testcase classname="com.ibm.juno.core.test.a.rttests.CT_RoundTripDTOs" name="testJsonSchema1[13]" time="0.05" />
  <testcase classname="com.ibm.juno.core.test.a.rttests.CT_RoundTripDTOs" name="testJsonSchema2[13]" time="0.003" />
  <testcase classname="com.ibm.juno.core.test.a.rttests.CT_RoundTripDTOs" name="testJsonSchema1[14]" time="0.05" />
  <testcase classname="com.ibm.juno.core.test.a.rttests.CT_RoundTripDTOs" name="testJsonSchema2[14]" time="0.01" />
  <testcase classname="com.ibm.juno.core.test.a.rttests.CT_RoundTripDTOs" name="testJsonSchema1[15]" time="0.02" />
  <testcase classname="com.ibm.juno.core.test.a.rttests.CT_RoundTripDTOs" name="testJsonSchema2[15]" time="0.01" />
  <testcase classname="com.ibm.juno.core.test.a.rttests.CT_RoundTripDTOs" name="testJsonSchema1[16]" time="0.04" />
  <testcase classname="com.ibm.juno.core.test.a.rttests.CT_RoundTripDTOs" name="testJsonSchema2[16]" time="0.01" />
  <testcase classname="com.ibm.juno.core.test.a.rttests.CT_RoundTripDTOs" name="testJsonSchema1[17]" time="0.02" />
  <testcase classname="com.ibm.juno.core.test.a.rttests.CT_RoundTripDTOs" name="testJsonSchema2[17]" time="0.0" />
  <testcase classname="com.ibm.juno.core.test.a.rttests.CT_RoundTripDTOs" name="testJsonSchema1[18]" time="0.0" />
  <testcase classname="com.ibm.juno.core.test.a.rttests.CT_RoundTripDTOs" name="testJsonSchema2[18]" time="0.01" />
  <testcase classname="com.ibm.juno.core.test.a.rttests.CT_RoundTripDTOs" name="testJsonSchema1[19]" time="0.0" />
  <testcase classname="com.ibm.juno.core.test.a.rttests.CT_RoundTripDTOs" name="testJsonSchema2[19]" time="0.0" />
  <testcase classname="com.ibm.juno.core.test.a.rttests.CT_RoundTripEnum" name="testBeansWithEnumA[0]" time="0.01" />
  <testcase classname="com.ibm.juno.core.test.a.rttests.CT_RoundTripEnum" name="testBeansWithEnumB[0]" time="0.0" />
  <testcase classname="com.ibm.juno.core.test.a.rttests.CT_RoundTripEnum" name="testEnumA[0]" time="0.0" />
  <testcase classname="com.ibm.juno.core.test.a.rttests.CT_RoundTripEnum" name="testEnumB[0]" time="0.0" />
  <testcase classname="com.ibm.juno.core.test.a.rttests.CT_RoundTripEnum" name="testEnumArrayA[0]" time="0.0" />
  <testcase classname="com.ibm.juno.core.test.a.rttests.CT_RoundTripEnum" name="testEnumArrayB[0]" time="0.0" />
  <testcase classname="com.ibm.juno.core.test.a.rttests.CT_RoundTripEnum" name="testEnum2dArrayA[0]" time="0.01" />
  <testcase classname="com.ibm.juno.core.test.a.rttests.CT_RoundTripEnum" name="testEnum2dArrayB[0]" time="0.0" />
  <testcase classname="com.ibm.juno.core.test.a.rttests.CT_RoundTripEnum" name="testBeansWithEnumA[1]" time="0.0" />
  <testcase classname="com.ibm.juno.core.test.a.rttests.CT_RoundTripEnum" name="testBeansWithEnumB[1]" time="0.0" />
  <testcase classname="com.ibm.juno.core.test.a.rttests.CT_RoundTripEnum" name="testEnumA[1]" time="0.0" />
  <testcase classname="com.ibm.juno.core.test.a.rttests.CT_RoundTripEnum" name="testEnumB[1]" time="0.0" />
  <testcase classname="com.ibm.juno.core.test.a.rttests.CT_RoundTripEnum" name="testEnumArrayA[1]" time="0.0" />
  <testcase classname="com.ibm.juno.core.test.a.rttests.CT_RoundTripEnum" name="testEnumArrayB[1]" time="0.0" />
  <testcase classname="com.ibm.juno.core.test.a.rttests.CT_RoundTripEnum" name="testEnum2dArrayA[1]" time="0.0" />
  <testcase classname="com.ibm.juno.core.test.a.rttests.CT_RoundTripEnum" name="testEnum2dArrayB[1]" time="0.0" />
  <testcase classname="com.ibm.juno.core.test.a.rttests.CT_RoundTripEnum" name="testBeansWithEnumA[2]" time="0.0" />
  <testcase classname="com.ibm.juno.core.test.a.rttests.CT_RoundTripEnum" name="testBeansWithEnumB[2]" time="0.0" />
  <testcase classname="com.ibm.juno.core.test.a.rttests.CT_RoundTripEnum" name="testEnumA[2]" time="0.0" />
  <testcase classname="com.ibm.juno.core.test.a.rttests.CT_RoundTripEnum" name="testEnumB[2]" time="0.0" />
  <testcase classname="com.ibm.juno.core.test.a.rttests.CT_RoundTripEnum" name="testEnumArrayA[2]" time="0.01" />
  <testcase classname="com.ibm.juno.core.test.a.rttests.CT_RoundTripEnum" name="testEnumArrayB[2]" time="0.0" />
  <testcase classname="com.ibm.juno.core.test.a.rttests.CT_RoundTripEnum" name="testEnum2dArrayA[2]" time="0.0" />
  <testcase classname="com.ibm.juno.core.test.a.rttests.CT_RoundTripEnum" name="testEnum2dArrayB[2]" time="0.0" />
  <testcase classname="com.ibm.juno.core.test.a.rttests.CT_RoundTripEnum" name="testBeansWithEnumA[3]" time="0.0" />
  <testcase classname="com.ibm.juno.core.test.a.rttests.CT_RoundTripEnum" name="testBeansWithEnumB[3]" time="0.0" />
  <testcase classname="com.ibm.juno.core.test.a.rttests.CT_RoundTripEnum" name="testEnumA[3]" time="0.01" />
  <testcase classname="com.ibm.juno.core.test.a.rttests.CT_RoundTripEnum" name="testEnumB[3]" time="0.0" />
  <testcase classname="com.ibm.juno.core.test.a.rttests.CT_RoundTripEnum" name="testEnumArrayA[3]" time="0.01" />
  <testcase classname="com.ibm.juno.core.test.a.rttests.CT_RoundTripEnum" name="testEnumArrayB[3]" time="0.0" />
  <testcase classname="com.ibm.juno.core.test.a.rttests.CT_RoundTripEnum" name="testEnum2dArrayA[3]" time="0.01" />
  <testcase classname="com.ibm.juno.core.test.a.rttests.CT_RoundTripEnum" name="testEnum2dArrayB[3]" time="0.0" />
  <testcase classname="com.ibm.juno.core.test.a.rttests.CT_RoundTripEnum" name="testBeansWithEnumA[4]" time="0.0" />
  <testcase classname="com.ibm.juno.core.test.a.rttests.CT_RoundTripEnum" name="testBeansWithEnumB[4]" time="0.0" />
  <testcase classname="com.ibm.juno.core.test.a.rttests.CT_RoundTripEnum" name="testEnumA[4]" time="0.0" />
  <testcase classname="com.ibm.juno.core.test.a.rttests.CT_RoundTripEnum" name="testEnumB[4]" time="0.01" />
  <testcase classname="com.ibm.juno.core.test.a.rttests.CT_RoundTripEnum" name="testEnumArrayA[4]" time="0.0" />
  <testcase classname="com.ibm.juno.core.test.a.rttests.CT_RoundTripEnum" name="testEnumArrayB[4]" time="0.0" />
  <testcase classname="com.ibm.juno.core.test.a.rttests.CT_RoundTripEnum" name="testEnum2dArrayA[4]" time="0.0" />
  <testcase classname="com.ibm.juno.core.test.a.rttests.CT_RoundTripEnum" name="testEnum2dArrayB[4]" time="0.0" />
  <testcase classname="com.ibm.juno.core.test.a.rttests.CT_RoundTripEnum" name="testBeansWithEnumA[5]" time="0.0" />
  <testcase classname="com.ibm.juno.core.test.a.rttests.CT_RoundTripEnum" name="testBeansWithEnumB[5]" time="0.0" />
  <testcase classname="com.ibm.juno.core.test.a.rttests.CT_RoundTripEnum" name="testEnumA[5]" time="0.0" />
  <testcase classname="com.ibm.juno.core.test.a.rttests.CT_RoundTripEnum" name="testEnumB[5]" time="0.0" />
  <testcase classname="com.ibm.juno.core.test.a.rttests.CT_RoundTripEnum" name="testEnumArrayA[5]" time="0.01" />
  <testcase classname="com.ibm.juno.core.test.a.rttests.CT_RoundTripEnum" name="testEnumArrayB[5]" time="0.0" />
  <testcase classname="com.ibm.juno.core.test.a.rttests.CT_RoundTripEnum" name="testEnum2dArrayA[5]" time="0.0" />
  <testcase classname="com.ibm.juno.core.test.a.rttests.CT_RoundTripEnum" name="testEnum2dArrayB[5]" time="0.0" />
  <testcase classname="com.ibm.juno.core.test.a.rttests.CT_RoundTripEnum" name="testBeansWithEnumA[6]" time="0.0" />
  <testcase classname="com.ibm.juno.core.test.a.rttests.CT_RoundTripEnum" name="testBeansWithEnumB[6]" time="0.0" />
  <testcase classname="com.ibm.juno.core.test.a.rttests.CT_RoundTripEnum" name="testEnumA[6]" time="0.0" />
  <testcase classname="com.ibm.juno.core.test.a.rttests.CT_RoundTripEnum" name="testEnumB[6]" time="0.0" />
  <testcase classname="com.ibm.juno.core.test.a.rttests.CT_RoundTripEnum" name="testEnumArrayA[6]" time="0.0" />
  <testcase classname="com.ibm.juno.core.test.a.rttests.CT_RoundTripEnum" name="testEnumArrayB[6]" time="0.0" />
  <testcase classname="com.ibm.juno.core.test.a.rttests.CT_RoundTripEnum" name="testEnum2dArrayA[6]" time="0.0" />
  <testcase classname="com.ibm.juno.core.test.a.rttests.CT_RoundTripEnum" name="testEnum2dArrayB[6]" time="0.0" />
  <testcase classname="com.ibm.juno.core.test.a.rttests.CT_RoundTripEnum" name="testBeansWithEnumA[7]" time="0.0" />
  <testcase classname="com.ibm.juno.core.test.a.rttests.CT_RoundTripEnum" name="testBeansWithEnumB[7]" time="0.0" />
  <testcase classname="com.ibm.juno.core.test.a.rttests.CT_RoundTripEnum" name="testEnumA[7]" time="0.0" />
  <testcase classname="com.ibm.juno.core.test.a.rttests.CT_RoundTripEnum" name="testEnumB[7]" time="0.0" />
  <testcase classname="com.ibm.juno.core.test.a.rttests.CT_RoundTripEnum" name="testEnumArrayA[7]" time="0.0" />
  <testcase classname="com.ibm.juno.core.test.a.rttests.CT_RoundTripEnum" name="testEnumArrayB[7]" time="0.0" />
  <testcase classname="com.ibm.juno.core.test.a.rttests.CT_RoundTripEnum" name="testEnum2dArrayA[7]" time="0.0" />
  <testcase classname="com.ibm.juno.core.test.a.rttests.CT_RoundTripEnum" name="testEnum2dArrayB[7]" time="0.0" />
  <testcase classname="com.ibm.juno.core.test.a.rttests.CT_RoundTripEnum" name="testBeansWithEnumA[8]" time="0.0" />
  <testcase classname="com.ibm.juno.core.test.a.rttests.CT_RoundTripEnum" name="testBeansWithEnumB[8]" time="0.0" />
  <testcase classname="com.ibm.juno.core.test.a.rttests.CT_RoundTripEnum" name="testEnumA[8]" time="0.0" />
  <testcase classname="com.ibm.juno.core.test.a.rttests.CT_RoundTripEnum" name="testEnumB[8]" time="0.0" />
  <testcase classname="com.ibm.juno.core.test.a.rttests.CT_RoundTripEnum" name="testEnumArrayA[8]" time="0.0" />
  <testcase classname="com.ibm.juno.core.test.a.rttests.CT_RoundTripEnum" name="testEnumArrayB[8]" time="0.0" />
  <testcase classname="com.ibm.juno.core.test.a.rttests.CT_RoundTripEnum" name="testEnum2dArrayA[8]" time="0.0" />
  <testcase classname="com.ibm.juno.core.test.a.rttests.CT_RoundTripEnum" name="testEnum2dArrayB[8]" time="0.0" />
  <testcase classname="com.ibm.juno.core.test.a.rttests.CT_RoundTripEnum" name="testBeansWithEnumA[9]" time="0.0" />
  <testcase classname="com.ibm.juno.core.test.a.rttests.CT_RoundTripEnum" name="testBeansWithEnumB[9]" time="0.0" />
  <testcase classname="com.ibm.juno.core.test.a.rttests.CT_RoundTripEnum" name="testEnumA[9]" time="0.0" />
  <testcase classname="com.ibm.juno.core.test.a.rttests.CT_RoundTripEnum" name="testEnumB[9]" time="0.0" />
  <testcase classname="com.ibm.juno.core.test.a.rttests.CT_RoundTripEnum" name="testEnumArrayA[9]" time="0.0" />
  <testcase classname="com.ibm.juno.core.test.a.rttests.CT_RoundTripEnum" name="testEnumArrayB[9]" time="0.0" />
  <testcase classname="com.ibm.juno.core.test.a.rttests.CT_RoundTripEnum" name="testEnum2dArrayA[9]" time="0.0" />
  <testcase classname="com.ibm.juno.core.test.a.rttests.CT_RoundTripEnum" name="testEnum2dArrayB[9]" time="0.0" />
  <testcase classname="com.ibm.juno.core.test.a.rttests.CT_RoundTripEnum" name="testBeansWithEnumA[10]" time="0.0" />
  <testcase classname="com.ibm.juno.core.test.a.rttests.CT_RoundTripEnum" name="testBeansWithEnumB[10]" time="0.0" />
  <testcase classname="com.ibm.juno.core.test.a.rttests.CT_RoundTripEnum" name="testEnumA[10]" time="0.0" />
  <testcase classname="com.ibm.juno.core.test.a.rttests.CT_RoundTripEnum" name="testEnumB[10]" time="0.0" />
  <testcase classname="com.ibm.juno.core.test.a.rttests.CT_RoundTripEnum" name="testEnumArrayA[10]" time="0.0" />
  <testcase classname="com.ibm.juno.core.test.a.rttests.CT_RoundTripEnum" name="testEnumArrayB[10]" time="0.0" />
  <testcase classname="com.ibm.juno.core.test.a.rttests.CT_RoundTripEnum" name="testEnum2dArrayA[10]" time="0.0" />
  <testcase classname="com.ibm.juno.core.test.a.rttests.CT_RoundTripEnum" name="testEnum2dArrayB[10]" time="0.0" />
  <testcase classname="com.ibm.juno.core.test.a.rttests.CT_RoundTripEnum" name="testBeansWithEnumA[11]" time="0.0" />
  <testcase classname="com.ibm.juno.core.test.a.rttests.CT_RoundTripEnum" name="testBeansWithEnumB[11]" time="0.0" />
  <testcase classname="com.ibm.juno.core.test.a.rttests.CT_RoundTripEnum" name="testEnumA[11]" time="0.0" />
  <testcase classname="com.ibm.juno.core.test.a.rttests.CT_RoundTripEnum" name="testEnumB[11]" time="0.0" />
  <testcase classname="com.ibm.juno.core.test.a.rttests.CT_RoundTripEnum" name="testEnumArrayA[11]" time="0.0" />
  <testcase classname="com.ibm.juno.core.test.a.rttests.CT_RoundTripEnum" name="testEnumArrayB[11]" time="0.0" />
  <testcase classname="com.ibm.juno.core.test.a.rttests.CT_RoundTripEnum" name="testEnum2dArrayA[11]" time="0.0" />
  <testcase classname="com.ibm.juno.core.test.a.rttests.CT_RoundTripEnum" name="testEnum2dArrayB[11]" time="0.0" />
  <testcase classname="com.ibm.juno.core.test.a.rttests.CT_RoundTripEnum" name="testBeansWithEnumA[12]" time="0.0" />
  <testcase classname="com.ibm.juno.core.test.a.rttests.CT_RoundTripEnum" name="testBeansWithEnumB[12]" time="0.0" />
  <testcase classname="com.ibm.juno.core.test.a.rttests.CT_RoundTripEnum" name="testEnumA[12]" time="0.0" />
  <testcase classname="com.ibm.juno.core.test.a.rttests.CT_RoundTripEnum" name="testEnumB[12]" time="0.0" />
  <testcase classname="com.ibm.juno.core.test.a.rttests.CT_RoundTripEnum" name="testEnumArrayA[12]" time="0.0" />
  <testcase classname="com.ibm.juno.core.test.a.rttests.CT_RoundTripEnum" name="testEnumArrayB[12]" time="0.0" />
  <testcase classname="com.ibm.juno.core.test.a.rttests.CT_RoundTripEnum" name="testEnum2dArrayA[12]" time="0.0" />
  <testcase classname="com.ibm.juno.core.test.a.rttests.CT_RoundTripEnum" name="testEnum2dArrayB[12]" time="0.0" />
  <testcase classname="com.ibm.juno.core.test.a.rttests.CT_RoundTripEnum" name="testBeansWithEnumA[13]" time="0.0" />
  <testcase classname="com.ibm.juno.core.test.a.rttests.CT_RoundTripEnum" name="testBeansWithEnumB[13]" time="0.01" />
  <testcase classname="com.ibm.juno.core.test.a.rttests.CT_RoundTripEnum" name="testEnumA[13]" time="0.0" />
  <testcase classname="com.ibm.juno.core.test.a.rttests.CT_RoundTripEnum" name="testEnumB[13]" time="0.0" />
  <testcase classname="com.ibm.juno.core.test.a.rttests.CT_RoundTripEnum" name="testEnumArrayA[13]" time="0.0" />
  <testcase classname="com.ibm.juno.core.test.a.rttests.CT_RoundTripEnum" name="testEnumArrayB[13]" time="0.0" />
  <testcase classname="com.ibm.juno.core.test.a.rttests.CT_RoundTripEnum" name="testEnum2dArrayA[13]" time="0.0" />
  <testcase classname="com.ibm.juno.core.test.a.rttests.CT_RoundTripEnum" name="testEnum2dArrayB[13]" time="0.0" />
  <testcase classname="com.ibm.juno.core.test.a.rttests.CT_RoundTripEnum" name="testBeansWithEnumA[14]" time="0.0" />
  <testcase classname="com.ibm.juno.core.test.a.rttests.CT_RoundTripEnum" name="testBeansWithEnumB[14]" time="0.01" />
  <testcase classname="com.ibm.juno.core.test.a.rttests.CT_RoundTripEnum" name="testEnumA[14]" time="0.0" />
  <testcase classname="com.ibm.juno.core.test.a.rttests.CT_RoundTripEnum" name="testEnumB[14]" time="0.0" />
  <testcase classname="com.ibm.juno.core.test.a.rttests.CT_RoundTripEnum" name="testEnumArrayA[14]" time="0.0" />
  <testcase classname="com.ibm.juno.core.test.a.rttests.CT_RoundTripEnum" name="testEnumArrayB[14]" time="0.0" />
  <testcase classname="com.ibm.juno.core.test.a.rttests.CT_RoundTripEnum" name="testEnum2dArrayA[14]" time="0.0" />
  <testcase classname="com.ibm.juno.core.test.a.rttests.CT_RoundTripEnum" name="testEnum2dArrayB[14]" time="0.0" />
  <testcase classname="com.ibm.juno.core.test.a.rttests.CT_RoundTripEnum" name="testBeansWithEnumA[15]" time="0.01" />
  <testcase classname="com.ibm.juno.core.test.a.rttests.CT_RoundTripEnum" name="testBeansWithEnumB[15]" time="0.0" />
  <testcase classname="com.ibm.juno.core.test.a.rttests.CT_RoundTripEnum" name="testEnumA[15]" time="0.0" />
  <testcase classname="com.ibm.juno.core.test.a.rttests.CT_RoundTripEnum" name="testEnumB[15]" time="0.0" />
  <testcase classname="com.ibm.juno.core.test.a.rttests.CT_RoundTripEnum" name="testEnumArrayA[15]" time="0.0" />
  <testcase classname="com.ibm.juno.core.test.a.rttests.CT_RoundTripEnum" name="testEnumArrayB[15]" time="0.0" />
  <testcase classname="com.ibm.juno.core.test.a.rttests.CT_RoundTripEnum" name="testEnum2dArrayA[15]" time="0.0" />
  <testcase classname="com.ibm.juno.core.test.a.rttests.CT_RoundTripEnum" name="testEnum2dArrayB[15]" time="0.0" />
  <testcase classname="com.ibm.juno.core.test.a.rttests.CT_RoundTripEnum" name="testBeansWithEnumA[16]" time="0.0" />
  <testcase classname="com.ibm.juno.core.test.a.rttests.CT_RoundTripEnum" name="testBeansWithEnumB[16]" time="0.01" />
  <testcase classname="com.ibm.juno.core.test.a.rttests.CT_RoundTripEnum" name="testEnumA[16]" time="0.0" />
  <testcase classname="com.ibm.juno.core.test.a.rttests.CT_RoundTripEnum" name="testEnumB[16]" time="0.0" />
  <testcase classname="com.ibm.juno.core.test.a.rttests.CT_RoundTripEnum" name="testEnumArrayA[16]" time="0.0" />
  <testcase classname="com.ibm.juno.core.test.a.rttests.CT_RoundTripEnum" name="testEnumArrayB[16]" time="0.0" />
  <testcase classname="com.ibm.juno.core.test.a.rttests.CT_RoundTripEnum" name="testEnum2dArrayA[16]" time="0.0" />
  <testcase classname="com.ibm.juno.core.test.a.rttests.CT_RoundTripEnum" name="testEnum2dArrayB[16]" time="0.0" />
  <testcase classname="com.ibm.juno.core.test.a.rttests.CT_RoundTripEnum" name="testBeansWithEnumA[17]" time="0.01" />
  <testcase classname="com.ibm.juno.core.test.a.rttests.CT_RoundTripEnum" name="testBeansWithEnumB[17]" time="0.0" />
  <testcase classname="com.ibm.juno.core.test.a.rttests.CT_RoundTripEnum" name="testEnumA[17]" time="0.0" />
  <testcase classname="com.ibm.juno.core.test.a.rttests.CT_RoundTripEnum" name="testEnumB[17]" time="0.0" />
  <testcase classname="com.ibm.juno.core.test.a.rttests.CT_RoundTripEnum" name="testEnumArrayA[17]" time="0.0" />
  <testcase classname="com.ibm.juno.core.test.a.rttests.CT_RoundTripEnum" name="testEnumArrayB[17]" time="0.0" />
  <testcase classname="com.ibm.juno.core.test.a.rttests.CT_RoundTripEnum" name="testEnum2dArrayA[17]" time="0.01" />
  <testcase classname="com.ibm.juno.core.test.a.rttests.CT_RoundTripEnum" name="testEnum2dArrayB[17]" time="0.0" />
  <testcase classname="com.ibm.juno.core.test.a.rttests.CT_RoundTripEnum" name="testBeansWithEnumA[18]" time="0.0" />
  <testcase classname="com.ibm.juno.core.test.a.rttests.CT_RoundTripEnum" name="testBeansWithEnumB[18]" time="0.0" />
  <testcase classname="com.ibm.juno.core.test.a.rttests.CT_RoundTripEnum" name="testEnumA[18]" time="0.0" />
  <testcase classname="com.ibm.juno.core.test.a.rttests.CT_RoundTripEnum" name="testEnumB[18]" time="0.0" />
  <testcase classname="com.ibm.juno.core.test.a.rttests.CT_RoundTripEnum" name="testEnumArrayA[18]" time="0.0" />
  <testcase classname="com.ibm.juno.core.test.a.rttests.CT_RoundTripEnum" name="testEnumArrayB[18]" time="0.0" />
  <testcase classname="com.ibm.juno.core.test.a.rttests.CT_RoundTripEnum" name="testEnum2dArrayA[18]" time="0.0" />
  <testcase classname="com.ibm.juno.core.test.a.rttests.CT_RoundTripEnum" name="testEnum2dArrayB[18]" time="0.0" />
  <testcase classname="com.ibm.juno.core.test.a.rttests.CT_RoundTripEnum" name="testBeansWithEnumA[19]" time="0.0" />
  <testcase classname="com.ibm.juno.core.test.a.rttests.CT_RoundTripEnum" name="testBeansWithEnumB[19]" time="0.0" />
  <testcase classname="com.ibm.juno.core.test.a.rttests.CT_RoundTripEnum" name="testEnumA[19]" time="0.0" />
  <testcase classname="com.ibm.juno.core.test.a.rttests.CT_RoundTripEnum" name="testEnumB[19]" time="0.0" />
  <testcase classname="com.ibm.juno.core.test.a.rttests.CT_RoundTripEnum" name="testEnumArrayA[19]" time="0.0" />
  <testcase classname="com.ibm.juno.core.test.a.rttests.CT_RoundTripEnum" name="testEnumArrayB[19]" time="0.0" />
  <testcase classname="com.ibm.juno.core.test.a.rttests.CT_RoundTripEnum" name="testEnum2dArrayA[19]" time="0.0" />
  <testcase classname="com.ibm.juno.core.test.a.rttests.CT_RoundTripEnum" name="testEnum2dArrayB[19]" time="0.0" />
  <testcase classname="com.ibm.juno.core.test.a.rttests.CT_RoundTripFilterBeans" name="testFilterBeans1[0]" time="0.01" />
  <testcase classname="com.ibm.juno.core.test.a.rttests.CT_RoundTripFilterBeans" name="testFilterBeans2[0]" time="0.01" />
  <testcase classname="com.ibm.juno.core.test.a.rttests.CT_RoundTripFilterBeans" name="testSurrogateFilter[0]" time="0.0" />
  <testcase classname="com.ibm.juno.core.test.a.rttests.CT_RoundTripFilterBeans" name="testXMLGregorianCalendar[0]" time="0.0" />
  <testcase classname="com.ibm.juno.core.test.a.rttests.CT_RoundTripFilterBeans" name="testSubTypeWithGenerics[0]" time="0.0" />
  <testcase classname="com.ibm.juno.core.test.a.rttests.CT_RoundTripFilterBeans" name="testFilter[0]" time="0.01" />
  <testcase classname="com.ibm.juno.core.test.a.rttests.CT_RoundTripFilterBeans" name="testFilterBeans1[1]" time="0.0" />
  <testcase classname="com.ibm.juno.core.test.a.rttests.CT_RoundTripFilterBeans" name="testFilterBeans2[1]" time="0.0" />
  <testcase classname="com.ibm.juno.core.test.a.rttests.CT_RoundTripFilterBeans" name="testSurrogateFilter[1]" time="0.0" />
  <testcase classname="com.ibm.juno.core.test.a.rttests.CT_RoundTripFilterBeans" name="testXMLGregorianCalendar[1]" time="0.0" />
  <testcase classname="com.ibm.juno.core.test.a.rttests.CT_RoundTripFilterBeans" name="testSubTypeWithGenerics[1]" time="0.0" />
  <testcase classname="com.ibm.juno.core.test.a.rttests.CT_RoundTripFilterBeans" name="testFilter[1]" time="0.0" />
  <testcase classname="com.ibm.juno.core.test.a.rttests.CT_RoundTripFilterBeans" name="testFilterBeans1[2]" time="0.0" />
  <testcase classname="com.ibm.juno.core.test.a.rttests.CT_RoundTripFilterBeans" name="testFilterBeans2[2]" time="0.0" />
  <testcase classname="com.ibm.juno.core.test.a.rttests.CT_RoundTripFilterBeans" name="testSurrogateFilter[2]" time="0.0" />
  <testcase classname="com.ibm.juno.core.test.a.rttests.CT_RoundTripFilterBeans" name="testXMLGregorianCalendar[2]" time="0.0" />
  <testcase classname="com.ibm.juno.core.test.a.rttests.CT_RoundTripFilterBeans" name="testSubTypeWithGenerics[2]" time="0.0" />
  <testcase classname="com.ibm.juno.core.test.a.rttests.CT_RoundTripFilterBeans" name="testFilter[2]" time="0.0" />
  <testcase classname="com.ibm.juno.core.test.a.rttests.CT_RoundTripFilterBeans" name="testFilterBeans1[3]" time="0.01" />
  <testcase classname="com.ibm.juno.core.test.a.rttests.CT_RoundTripFilterBeans" name="testFilterBeans2[3]" time="0.01" />
  <testcase classname="com.ibm.juno.core.test.a.rttests.CT_RoundTripFilterBeans" name="testSurrogateFilter[3]" time="0.0" />
  <testcase classname="com.ibm.juno.core.test.a.rttests.CT_RoundTripFilterBeans" name="testXMLGregorianCalendar[3]" time="0.0" />
  <testcase classname="com.ibm.juno.core.test.a.rttests.CT_RoundTripFilterBeans" name="testSubTypeWithGenerics[3]" time="0.0" />
  <testcase classname="com.ibm.juno.core.test.a.rttests.CT_RoundTripFilterBeans" name="testFilter[3]" time="0.0" />
  <testcase classname="com.ibm.juno.core.test.a.rttests.CT_RoundTripFilterBeans" name="testFilterBeans1[4]" time="0.01" />
  <testcase classname="com.ibm.juno.core.test.a.rttests.CT_RoundTripFilterBeans" name="testFilterBeans2[4]" time="0.0" />
  <testcase classname="com.ibm.juno.core.test.a.rttests.CT_RoundTripFilterBeans" name="testSurrogateFilter[4]" time="0.0" />
  <testcase classname="com.ibm.juno.core.test.a.rttests.CT_RoundTripFilterBeans" name="testXMLGregorianCalendar[4]" time="0.0" />
  <testcase classname="com.ibm.juno.core.test.a.rttests.CT_RoundTripFilterBeans" name="testSubTypeWithGenerics[4]" time="0.0" />
  <testcase classname="com.ibm.juno.core.test.a.rttests.CT_RoundTripFilterBeans" name="testFilter[4]" time="0.01" />
  <testcase classname="com.ibm.juno.core.test.a.rttests.CT_RoundTripFilterBeans" name="testFilterBeans1[5]" time="0.0" />
  <testcase classname="com.ibm.juno.core.test.a.rttests.CT_RoundTripFilterBeans" name="testFilterBeans2[5]" time="0.01" />
  <testcase classname="com.ibm.juno.core.test.a.rttests.CT_RoundTripFilterBeans" name="testSurrogateFilter[5]" time="0.0" />
  <testcase classname="com.ibm.juno.core.test.a.rttests.CT_RoundTripFilterBeans" name="testXMLGregorianCalendar[5]" time="0.0" />
  <testcase classname="com.ibm.juno.core.test.a.rttests.CT_RoundTripFilterBeans" name="testSubTypeWithGenerics[5]" time="0.0" />
  <testcase classname="com.ibm.juno.core.test.a.rttests.CT_RoundTripFilterBeans" name="testFilter[5]" time="0.0" />
  <testcase classname="com.ibm.juno.core.test.a.rttests.CT_RoundTripFilterBeans" name="testFilterBeans1[6]" time="0.01" />
  <testcase classname="com.ibm.juno.core.test.a.rttests.CT_RoundTripFilterBeans" name="testFilterBeans2[6]" time="0.0" />
  <testcase classname="com.ibm.juno.core.test.a.rttests.CT_RoundTripFilterBeans" name="testSurrogateFilter[6]" time="0.0" />
  <testcase classname="com.ibm.juno.core.test.a.rttests.CT_RoundTripFilterBeans" name="testXMLGregorianCalendar[6]" time="0.01" />
  <testcase classname="com.ibm.juno.core.test.a.rttests.CT_RoundTripFilterBeans" name="testSubTypeWithGenerics[6]" time="0.0" />
  <testcase classname="com.ibm.juno.core.test.a.rttests.CT_RoundTripFilterBeans" name="testFilter[6]" time="0.0" />
  <testcase classname="com.ibm.juno.core.test.a.rttests.CT_RoundTripFilterBeans" name="testFilterBeans1[7]" time="0.0" />
  <testcase classname="com.ibm.juno.core.test.a.rttests.CT_RoundTripFilterBeans" name="testFilterBeans2[7]" time="0.0" />
  <testcase classname="com.ibm.juno.core.test.a.rttests.CT_RoundTripFilterBeans" name="testSurrogateFilter[7]" time="0.0" />
  <testcase classname="com.ibm.juno.core.test.a.rttests.CT_RoundTripFilterBeans" name="testXMLGregorianCalendar[7]" time="0.0" />
  <testcase classname="com.ibm.juno.core.test.a.rttests.CT_RoundTripFilterBeans" name="testSubTypeWithGenerics[7]" time="0.0" />
  <testcase classname="com.ibm.juno.core.test.a.rttests.CT_RoundTripFilterBeans" name="testFilter[7]" time="0.01" />
  <testcase classname="com.ibm.juno.core.test.a.rttests.CT_RoundTripFilterBeans" name="testFilterBeans1[8]" time="0.0" />
  <testcase classname="com.ibm.juno.core.test.a.rttests.CT_RoundTripFilterBeans" name="testFilterBeans2[8]" time="0.0" />
  <testcase classname="com.ibm.juno.core.test.a.rttests.CT_RoundTripFilterBeans" name="testSurrogateFilter[8]" time="0.0" />
  <testcase classname="com.ibm.juno.core.test.a.rttests.CT_RoundTripFilterBeans" name="testXMLGregorianCalendar[8]" time="0.0" />
  <testcase classname="com.ibm.juno.core.test.a.rttests.CT_RoundTripFilterBeans" name="testSubTypeWithGenerics[8]" time="0.0" />
  <testcase classname="com.ibm.juno.core.test.a.rttests.CT_RoundTripFilterBeans" name="testFilter[8]" time="0.0" />
  <testcase classname="com.ibm.juno.core.test.a.rttests.CT_RoundTripFilterBeans" name="testFilterBeans1[9]" time="0.0" />
  <testcase classname="com.ibm.juno.core.test.a.rttests.CT_RoundTripFilterBeans" name="testFilterBeans2[9]" time="0.0" />
  <testcase classname="com.ibm.juno.core.test.a.rttests.CT_RoundTripFilterBeans" name="testSurrogateFilter[9]" time="0.0" />
  <testcase classname="com.ibm.juno.core.test.a.rttests.CT_RoundTripFilterBeans" name="testXMLGregorianCalendar[9]" time="0.0" />
  <testcase classname="com.ibm.juno.core.test.a.rttests.CT_RoundTripFilterBeans" name="testSubTypeWithGenerics[9]" time="0.0" />
  <testcase classname="com.ibm.juno.core.test.a.rttests.CT_RoundTripFilterBeans" name="testFilter[9]" time="0.0" />
  <testcase classname="com.ibm.juno.core.test.a.rttests.CT_RoundTripFilterBeans" name="testFilterBeans1[10]" time="0.0" />
  <testcase classname="com.ibm.juno.core.test.a.rttests.CT_RoundTripFilterBeans" name="testFilterBeans2[10]" time="0.01" />
  <testcase classname="com.ibm.juno.core.test.a.rttests.CT_RoundTripFilterBeans" name="testSurrogateFilter[10]" time="0.0" />
  <testcase classname="com.ibm.juno.core.test.a.rttests.CT_RoundTripFilterBeans" name="testXMLGregorianCalendar[10]" time="0.0" />
  <testcase classname="com.ibm.juno.core.test.a.rttests.CT_RoundTripFilterBeans" name="testSubTypeWithGenerics[10]" time="0.0" />
  <testcase classname="com.ibm.juno.core.test.a.rttests.CT_RoundTripFilterBeans" name="testFilter[10]" time="0.0" />
  <testcase classname="com.ibm.juno.core.test.a.rttests.CT_RoundTripFilterBeans" name="testFilterBeans1[11]" time="0.0" />
  <testcase classname="com.ibm.juno.core.test.a.rttests.CT_RoundTripFilterBeans" name="testFilterBeans2[11]" time="0.0" />
  <testcase classname="com.ibm.juno.core.test.a.rttests.CT_RoundTripFilterBeans" name="testSurrogateFilter[11]" time="0.0" />
  <testcase classname="com.ibm.juno.core.test.a.rttests.CT_RoundTripFilterBeans" name="testXMLGregorianCalendar[11]" time="0.01" />
  <testcase classname="com.ibm.juno.core.test.a.rttests.CT_RoundTripFilterBeans" name="testSubTypeWithGenerics[11]" time="0.0" />
  <testcase classname="com.ibm.juno.core.test.a.rttests.CT_RoundTripFilterBeans" name="testFilter[11]" time="0.0" />
  <testcase classname="com.ibm.juno.core.test.a.rttests.CT_RoundTripFilterBeans" name="testFilterBeans1[12]" time="0.0" />
  <testcase classname="com.ibm.juno.core.test.a.rttests.CT_RoundTripFilterBeans" name="testFilterBeans2[12]" time="0.0" />
  <testcase classname="com.ibm.juno.core.test.a.rttests.CT_RoundTripFilterBeans" name="testSurrogateFilter[12]" time="0.0" />
  <testcase classname="com.ibm.juno.core.test.a.rttests.CT_RoundTripFilterBeans" name="testXMLGregorianCalendar[12]" time="0.0" />
  <testcase classname="com.ibm.juno.core.test.a.rttests.CT_RoundTripFilterBeans" name="testSubTypeWithGenerics[12]" time="0.0" />
  <testcase classname="com.ibm.juno.core.test.a.rttests.CT_RoundTripFilterBeans" name="testFilter[12]" time="0.0" />
  <testcase classname="com.ibm.juno.core.test.a.rttests.CT_RoundTripFilterBeans" name="testFilterBeans1[13]" time="0.01" />
  <testcase classname="com.ibm.juno.core.test.a.rttests.CT_RoundTripFilterBeans" name="testFilterBeans2[13]" time="0.01" />
  <testcase classname="com.ibm.juno.core.test.a.rttests.CT_RoundTripFilterBeans" name="testSurrogateFilter[13]" time="0.0" />
  <testcase classname="com.ibm.juno.core.test.a.rttests.CT_RoundTripFilterBeans" name="testXMLGregorianCalendar[13]" time="0.01" />
  <testcase classname="com.ibm.juno.core.test.a.rttests.CT_RoundTripFilterBeans" name="testSubTypeWithGenerics[13]" time="0.0" />
  <testcase classname="com.ibm.juno.core.test.a.rttests.CT_RoundTripFilterBeans" name="testFilter[13]" time="0.0" />
  <testcase classname="com.ibm.juno.core.test.a.rttests.CT_RoundTripFilterBeans" name="testFilterBeans1[14]" time="0.0" />
  <testcase classname="com.ibm.juno.core.test.a.rttests.CT_RoundTripFilterBeans" name="testFilterBeans2[14]" time="0.01" />
  <testcase classname="com.ibm.juno.core.test.a.rttests.CT_RoundTripFilterBeans" name="testSurrogateFilter[14]" time="0.0" />
  <testcase classname="com.ibm.juno.core.test.a.rttests.CT_RoundTripFilterBeans" name="testXMLGregorianCalendar[14]" time="0.01" />
  <testcase classname="com.ibm.juno.core.test.a.rttests.CT_RoundTripFilterBeans" name="testSubTypeWithGenerics[14]" time="0.0" />
  <testcase classname="com.ibm.juno.core.test.a.rttests.CT_RoundTripFilterBeans" name="testFilter[14]" time="0.0" />
  <testcase classname="com.ibm.juno.core.test.a.rttests.CT_RoundTripFilterBeans" name="testFilterBeans1[15]" time="0.01" />
  <testcase classname="com.ibm.juno.core.test.a.rttests.CT_RoundTripFilterBeans" name="testFilterBeans2[15]" time="0.0" />
  <testcase classname="com.ibm.juno.core.test.a.rttests.CT_RoundTripFilterBeans" name="testSurrogateFilter[15]" time="0.01" />
  <testcase classname="com.ibm.juno.core.test.a.rttests.CT_RoundTripFilterBeans" name="testXMLGregorianCalendar[15]" time="0.0" />
  <testcase classname="com.ibm.juno.core.test.a.rttests.CT_RoundTripFilterBeans" name="testSubTypeWithGenerics[15]" time="0.0" />
  <testcase classname="com.ibm.juno.core.test.a.rttests.CT_RoundTripFilterBeans" name="testFilter[15]" time="0.0" />
  <testcase classname="com.ibm.juno.core.test.a.rttests.CT_RoundTripFilterBeans" name="testFilterBeans1[16]" time="0.0" />
  <testcase classname="com.ibm.juno.core.test.a.rttests.CT_RoundTripFilterBeans" name="testFilterBeans2[16]" time="0.01" />
  <testcase classname="com.ibm.juno.core.test.a.rttests.CT_RoundTripFilterBeans" name="testSurrogateFilter[16]" time="0.0" />
  <testcase classname="com.ibm.juno.core.test.a.rttests.CT_RoundTripFilterBeans" name="testXMLGregorianCalendar[16]" time="0.0" />
  <testcase classname="com.ibm.juno.core.test.a.rttests.CT_RoundTripFilterBeans" name="testSubTypeWithGenerics[16]" time="0.0" />
  <testcase classname="com.ibm.juno.core.test.a.rttests.CT_RoundTripFilterBeans" name="testFilter[16]" time="0.0" />
  <testcase classname="com.ibm.juno.core.test.a.rttests.CT_RoundTripFilterBeans" name="testFilterBeans1[17]" time="0.01" />
  <testcase classname="com.ibm.juno.core.test.a.rttests.CT_RoundTripFilterBeans" name="testFilterBeans2[17]" time="0.0" />
  <testcase classname="com.ibm.juno.core.test.a.rttests.CT_RoundTripFilterBeans" name="testSurrogateFilter[17]" time="0.0" />
  <testcase classname="com.ibm.juno.core.test.a.rttests.CT_RoundTripFilterBeans" name="testXMLGregorianCalendar[17]" time="0.01" />
  <testcase classname="com.ibm.juno.core.test.a.rttests.CT_RoundTripFilterBeans" name="testSubTypeWithGenerics[17]" time="0.0" />
  <testcase classname="com.ibm.juno.core.test.a.rttests.CT_RoundTripFilterBeans" name="testFilter[17]" time="0.01" />
  <testcase classname="com.ibm.juno.core.test.a.rttests.CT_RoundTripFilterBeans" name="testFilterBeans1[18]" time="0.0" />
  <testcase classname="com.ibm.juno.core.test.a.rttests.CT_RoundTripFilterBeans" name="testFilterBeans2[18]" time="0.01" />
  <testcase classname="com.ibm.juno.core.test.a.rttests.CT_RoundTripFilterBeans" name="testSurrogateFilter[18]" time="0.01" />
  <testcase classname="com.ibm.juno.core.test.a.rttests.CT_RoundTripFilterBeans" name="testXMLGregorianCalendar[18]" time="0.0" />
  <testcase classname="com.ibm.juno.core.test.a.rttests.CT_RoundTripFilterBeans" name="testSubTypeWithGenerics[18]" time="0.0" />
  <testcase classname="com.ibm.juno.core.test.a.rttests.CT_RoundTripFilterBeans" name="testFilter[18]" time="0.0" />
  <testcase classname="com.ibm.juno.core.test.a.rttests.CT_RoundTripFilterBeans" name="testFilterBeans1[19]" time="0.01" />
  <testcase classname="com.ibm.juno.core.test.a.rttests.CT_RoundTripFilterBeans" name="testFilterBeans2[19]" time="0.0" />
  <testcase classname="com.ibm.juno.core.test.a.rttests.CT_RoundTripFilterBeans" name="testSurrogateFilter[19]" time="0.0" />
  <testcase classname="com.ibm.juno.core.test.a.rttests.CT_RoundTripFilterBeans" name="testXMLGregorianCalendar[19]" time="0.0" />
  <testcase classname="com.ibm.juno.core.test.a.rttests.CT_RoundTripFilterBeans" name="testSubTypeWithGenerics[19]" time="0.0" />
  <testcase classname="com.ibm.juno.core.test.a.rttests.CT_RoundTripFilterBeans" name="testFilter[19]" time="0.0" />
  <testcase classname="com.ibm.juno.core.test.a.rttests.CT_RoundTripGenerics" name="testBeansWithUnboundTypeVars[0]" time="0.0" />
  <testcase classname="com.ibm.juno.core.test.a.rttests.CT_RoundTripGenerics" name="testBeansWithUnboundTypeVars[1]" time="0.0" />
  <testcase classname="com.ibm.juno.core.test.a.rttests.CT_RoundTripGenerics" name="testBeansWithUnboundTypeVars[2]" time="0.0" />
  <testcase classname="com.ibm.juno.core.test.a.rttests.CT_RoundTripGenerics" name="testBeansWithUnboundTypeVars[3]" time="0.0" />
  <testcase classname="com.ibm.juno.core.test.a.rttests.CT_RoundTripGenerics" name="testBeansWithUnboundTypeVars[4]" time="0.01" />
  <testcase classname="com.ibm.juno.core.test.a.rttests.CT_RoundTripGenerics" name="testBeansWithUnboundTypeVars[5]" time="0.0" />
  <testcase classname="com.ibm.juno.core.test.a.rttests.CT_RoundTripGenerics" name="testBeansWithUnboundTypeVars[6]" time="0.0" />
  <testcase classname="com.ibm.juno.core.test.a.rttests.CT_RoundTripGenerics" name="testBeansWithUnboundTypeVars[7]" time="0.0" />
  <testcase classname="com.ibm.juno.core.test.a.rttests.CT_RoundTripGenerics" name="testBeansWithUnboundTypeVars[8]" time="0.0" />
  <testcase classname="com.ibm.juno.core.test.a.rttests.CT_RoundTripGenerics" name="testBeansWithUnboundTypeVars[9]" time="0.0" />
  <testcase classname="com.ibm.juno.core.test.a.rttests.CT_RoundTripGenerics" name="testBeansWithUnboundTypeVars[10]" time="0.0" />
  <testcase classname="com.ibm.juno.core.test.a.rttests.CT_RoundTripGenerics" name="testBeansWithUnboundTypeVars[11]" time="0.0" />
  <testcase classname="com.ibm.juno.core.test.a.rttests.CT_RoundTripGenerics" name="testBeansWithUnboundTypeVars[12]" time="0.0" />
  <testcase classname="com.ibm.juno.core.test.a.rttests.CT_RoundTripGenerics" name="testBeansWithUnboundTypeVars[13]" time="0.01" />
  <testcase classname="com.ibm.juno.core.test.a.rttests.CT_RoundTripGenerics" name="testBeansWithUnboundTypeVars[14]" time="0.0" />
  <testcase classname="com.ibm.juno.core.test.a.rttests.CT_RoundTripGenerics" name="testBeansWithUnboundTypeVars[15]" time="0.0" />
  <testcase classname="com.ibm.juno.core.test.a.rttests.CT_RoundTripGenerics" name="testBeansWithUnboundTypeVars[16]" time="0.0" />
  <testcase classname="com.ibm.juno.core.test.a.rttests.CT_RoundTripGenerics" name="testBeansWithUnboundTypeVars[17]" time="0.01" />
  <testcase classname="com.ibm.juno.core.test.a.rttests.CT_RoundTripGenerics" name="testBeansWithUnboundTypeVars[18]" time="0.0" />
  <testcase classname="com.ibm.juno.core.test.a.rttests.CT_RoundTripGenerics" name="testBeansWithUnboundTypeVars[19]" time="0.0" />
  <testcase classname="com.ibm.juno.core.test.a.rttests.CT_RoundTripMaps" name="testMapIntegerString[0]" time="0.0" />
  <testcase classname="com.ibm.juno.core.test.a.rttests.CT_RoundTripMaps" name="testMapDateString[0]" time="0.0" />
  <testcase classname="com.ibm.juno.core.test.a.rttests.CT_RoundTripMaps" name="testMapByteArrayString[0]" time="0.0" />
  <testcase classname="com.ibm.juno.core.test.a.rttests.CT_RoundTripMaps" name="testMapEnumString[0]" time="0.01" />
  <testcase classname="com.ibm.juno.core.test.a.rttests.CT_RoundTripMaps" name="testMapBooleanString[0]" time="0.0" />
  <testcase classname="com.ibm.juno.core.test.a.rttests.CT_RoundTripMaps" name="testMapCalendarString[0]" time="0.0" />
  <testcase classname="com.ibm.juno.core.test.a.rttests.CT_RoundTripMaps" name="testMapIntegerString[1]" time="0.0" />
  <testcase classname="com.ibm.juno.core.test.a.rttests.CT_RoundTripMaps" name="testMapDateString[1]" time="0.0" />
  <testcase classname="com.ibm.juno.core.test.a.rttests.CT_RoundTripMaps" name="testMapByteArrayString[1]" time="0.0" />
  <testcase classname="com.ibm.juno.core.test.a.rttests.CT_RoundTripMaps" name="testMapEnumString[1]" time="0.0" />
  <testcase classname="com.ibm.juno.core.test.a.rttests.CT_RoundTripMaps" name="testMapBooleanString[1]" time="0.0" />
  <testcase classname="com.ibm.juno.core.test.a.rttests.CT_RoundTripMaps" name="testMapCalendarString[1]" time="0.0" />
  <testcase classname="com.ibm.juno.core.test.a.rttests.CT_RoundTripMaps" name="testMapIntegerString[2]" time="0.01" />
  <testcase classname="com.ibm.juno.core.test.a.rttests.CT_RoundTripMaps" name="testMapDateString[2]" time="0.0" />
  <testcase classname="com.ibm.juno.core.test.a.rttests.CT_RoundTripMaps" name="testMapByteArrayString[2]" time="0.0" />
  <testcase classname="com.ibm.juno.core.test.a.rttests.CT_RoundTripMaps" name="testMapEnumString[2]" time="0.0" />
  <testcase classname="com.ibm.juno.core.test.a.rttests.CT_RoundTripMaps" name="testMapBooleanString[2]" time="0.0" />
  <testcase classname="com.ibm.juno.core.test.a.rttests.CT_RoundTripMaps" name="testMapCalendarString[2]" time="0.0" />
  <testcase classname="com.ibm.juno.core.test.a.rttests.CT_RoundTripMaps" name="testMapIntegerString[3]" time="0.01" />
  <testcase classname="com.ibm.juno.core.test.a.rttests.CT_RoundTripMaps" name="testMapDateString[3]" time="0.01" />
  <testcase classname="com.ibm.juno.core.test.a.rttests.CT_RoundTripMaps" name="testMapByteArrayString[3]" time="0.0" />
  <testcase classname="com.ibm.juno.core.test.a.rttests.CT_RoundTripMaps" name="testMapEnumString[3]" time="0.01" />
  <testcase classname="com.ibm.juno.core.test.a.rttests.CT_RoundTripMaps" name="testMapBooleanString[3]" time="0.01" />
  <testcase classname="com.ibm.juno.core.test.a.rttests.CT_RoundTripMaps" name="testMapCalendarString[3]" time="0.01" />
  <testcase classname="com.ibm.juno.core.test.a.rttests.CT_RoundTripMaps" name="testMapIntegerString[4]" time="0.0" />
  <testcase classname="com.ibm.juno.core.test.a.rttests.CT_RoundTripMaps" name="testMapDateString[4]" time="0.01" />
  <testcase classname="com.ibm.juno.core.test.a.rttests.CT_RoundTripMaps" name="testMapByteArrayString[4]" time="0.0" />
  <testcase classname="com.ibm.juno.core.test.a.rttests.CT_RoundTripMaps" name="testMapEnumString[4]" time="0.0" />
  <testcase classname="com.ibm.juno.core.test.a.rttests.CT_RoundTripMaps" name="testMapBooleanString[4]" time="0.0" />
  <testcase classname="com.ibm.juno.core.test.a.rttests.CT_RoundTripMaps" name="testMapCalendarString[4]" time="0.01" />
  <testcase classname="com.ibm.juno.core.test.a.rttests.CT_RoundTripMaps" name="testMapIntegerString[5]" time="0.0" />
  <testcase classname="com.ibm.juno.core.test.a.rttests.CT_RoundTripMaps" name="testMapDateString[5]" time="0.0" />
  <testcase classname="com.ibm.juno.core.test.a.rttests.CT_RoundTripMaps" name="testMapByteArrayString[5]" time="0.01" />
  <testcase classname="com.ibm.juno.core.test.a.rttests.CT_RoundTripMaps" name="testMapEnumString[5]" time="0.0" />
  <testcase classname="com.ibm.juno.core.test.a.rttests.CT_RoundTripMaps" name="testMapBooleanString[5]" time="0.0" />
  <testcase classname="com.ibm.juno.core.test.a.rttests.CT_RoundTripMaps" name="testMapCalendarString[5]" time="0.01" />
  <testcase classname="com.ibm.juno.core.test.a.rttests.CT_RoundTripMaps" name="testMapIntegerString[6]" time="0.0" />
  <testcase classname="com.ibm.juno.core.test.a.rttests.CT_RoundTripMaps" name="testMapDateString[6]" time="0.0" />
  <testcase classname="com.ibm.juno.core.test.a.rttests.CT_RoundTripMaps" name="testMapByteArrayString[6]" time="0.0" />
  <testcase classname="com.ibm.juno.core.test.a.rttests.CT_RoundTripMaps" name="testMapEnumString[6]" time="0.01" />
  <testcase classname="com.ibm.juno.core.test.a.rttests.CT_RoundTripMaps" name="testMapBooleanString[6]" time="0.0" />
  <testcase classname="com.ibm.juno.core.test.a.rttests.CT_RoundTripMaps" name="testMapCalendarString[6]" time="0.0" />
  <testcase classname="com.ibm.juno.core.test.a.rttests.CT_RoundTripMaps" name="testMapIntegerString[7]" time="0.0" />
  <testcase classname="com.ibm.juno.core.test.a.rttests.CT_RoundTripMaps" name="testMapDateString[7]" time="0.0" />
  <testcase classname="com.ibm.juno.core.test.a.rttests.CT_RoundTripMaps" name="testMapByteArrayString[7]" time="0.0" />
  <testcase classname="com.ibm.juno.core.test.a.rttests.CT_RoundTripMaps" name="testMapEnumString[7]" time="0.0" />
  <testcase classname="com.ibm.juno.core.test.a.rttests.CT_RoundTripMaps" name="testMapBooleanString[7]" time="0.0" />
  <testcase classname="com.ibm.juno.core.test.a.rttests.CT_RoundTripMaps" name="testMapCalendarString[7]" time="0.0" />
  <testcase classname="com.ibm.juno.core.test.a.rttests.CT_RoundTripMaps" name="testMapIntegerString[8]" time="0.0" />
  <testcase classname="com.ibm.juno.core.test.a.rttests.CT_RoundTripMaps" name="testMapDateString[8]" time="0.0" />
  <testcase classname="com.ibm.juno.core.test.a.rttests.CT_RoundTripMaps" name="testMapByteArrayString[8]" time="0.0" />
  <testcase classname="com.ibm.juno.core.test.a.rttests.CT_RoundTripMaps" name="testMapEnumString[8]" time="0.0" />
  <testcase classname="com.ibm.juno.core.test.a.rttests.CT_RoundTripMaps" name="testMapBooleanString[8]" time="0.01" />
  <testcase classname="com.ibm.juno.core.test.a.rttests.CT_RoundTripMaps" name="testMapCalendarString[8]" time="0.0" />
  <testcase classname="com.ibm.juno.core.test.a.rttests.CT_RoundTripMaps" name="testMapIntegerString[9]" time="0.0" />
  <testcase classname="com.ibm.juno.core.test.a.rttests.CT_RoundTripMaps" name="testMapDateString[9]" time="0.0" />
  <testcase classname="com.ibm.juno.core.test.a.rttests.CT_RoundTripMaps" name="testMapByteArrayString[9]" time="0.0" />
  <testcase classname="com.ibm.juno.core.test.a.rttests.CT_RoundTripMaps" name="testMapEnumString[9]" time="0.0" />
  <testcase classname="com.ibm.juno.core.test.a.rttests.CT_RoundTripMaps" name="testMapBooleanString[9]" time="0.0" />
  <testcase classname="com.ibm.juno.core.test.a.rttests.CT_RoundTripMaps" name="testMapCalendarString[9]" time="0.0" />
  <testcase classname="com.ibm.juno.core.test.a.rttests.CT_RoundTripMaps" name="testMapIntegerString[10]" time="0.0" />
  <testcase classname="com.ibm.juno.core.test.a.rttests.CT_RoundTripMaps" name="testMapDateString[10]" time="0.01" />
  <testcase classname="com.ibm.juno.core.test.a.rttests.CT_RoundTripMaps" name="testMapByteArrayString[10]" time="0.0" />
  <testcase classname="com.ibm.juno.core.test.a.rttests.CT_RoundTripMaps" name="testMapEnumString[10]" time="0.0" />
  <testcase classname="com.ibm.juno.core.test.a.rttests.CT_RoundTripMaps" name="testMapBooleanString[10]" time="0.0" />
  <testcase classname="com.ibm.juno.core.test.a.rttests.CT_RoundTripMaps" name="testMapCalendarString[10]" time="0.0" />
  <testcase classname="com.ibm.juno.core.test.a.rttests.CT_RoundTripMaps" name="testMapIntegerString[11]" time="0.0" />
  <testcase classname="com.ibm.juno.core.test.a.rttests.CT_RoundTripMaps" name="testMapDateString[11]" time="0.0" />
  <testcase classname="com.ibm.juno.core.test.a.rttests.CT_RoundTripMaps" name="testMapByteArrayString[11]" time="0.01" />
  <testcase classname="com.ibm.juno.core.test.a.rttests.CT_RoundTripMaps" name="testMapEnumString[11]" time="0.0" />
  <testcase classname="com.ibm.juno.core.test.a.rttests.CT_RoundTripMaps" name="testMapBooleanString[11]" time="0.0" />
  <testcase classname="com.ibm.juno.core.test.a.rttests.CT_RoundTripMaps" name="testMapCalendarString[11]" time="0.0" />
  <testcase classname="com.ibm.juno.core.test.a.rttests.CT_RoundTripMaps" name="testMapIntegerString[12]" time="0.0" />
  <testcase classname="com.ibm.juno.core.test.a.rttests.CT_RoundTripMaps" name="testMapDateString[12]" time="0.0" />
  <testcase classname="com.ibm.juno.core.test.a.rttests.CT_RoundTripMaps" name="testMapByteArrayString[12]" time="0.0" />
  <testcase classname="com.ibm.juno.core.test.a.rttests.CT_RoundTripMaps" name="testMapEnumString[12]" time="0.01" />
  <testcase classname="com.ibm.juno.core.test.a.rttests.CT_RoundTripMaps" name="testMapBooleanString[12]" time="0.0" />
  <testcase classname="com.ibm.juno.core.test.a.rttests.CT_RoundTripMaps" name="testMapCalendarString[12]" time="0.0" />
  <testcase classname="com.ibm.juno.core.test.a.rttests.CT_RoundTripMaps" name="testMapIntegerString[13]" time="0.0" />
  <testcase classname="com.ibm.juno.core.test.a.rttests.CT_RoundTripMaps" name="testMapDateString[13]" time="0.0" />
  <testcase classname="com.ibm.juno.core.test.a.rttests.CT_RoundTripMaps" name="testMapByteArrayString[13]" time="0.0" />
  <testcase classname="com.ibm.juno.core.test.a.rttests.CT_RoundTripMaps" name="testMapEnumString[13]" time="0.0" />
  <testcase classname="com.ibm.juno.core.test.a.rttests.CT_RoundTripMaps" name="testMapBooleanString[13]" time="0.0" />
  <testcase classname="com.ibm.juno.core.test.a.rttests.CT_RoundTripMaps" name="testMapCalendarString[13]" time="0.01" />
  <testcase classname="com.ibm.juno.core.test.a.rttests.CT_RoundTripMaps" name="testMapIntegerString[14]" time="0.0" />
  <testcase classname="com.ibm.juno.core.test.a.rttests.CT_RoundTripMaps" name="testMapDateString[14]" time="0.0" />
  <testcase classname="com.ibm.juno.core.test.a.rttests.CT_RoundTripMaps" name="testMapByteArrayString[14]" time="0.0" />
  <testcase classname="com.ibm.juno.core.test.a.rttests.CT_RoundTripMaps" name="testMapEnumString[14]" time="0.0" />
  <testcase classname="com.ibm.juno.core.test.a.rttests.CT_RoundTripMaps" name="testMapBooleanString[14]" time="0.0" />
  <testcase classname="com.ibm.juno.core.test.a.rttests.CT_RoundTripMaps" name="testMapCalendarString[14]" time="0.01" />
  <testcase classname="com.ibm.juno.core.test.a.rttests.CT_RoundTripMaps" name="testMapIntegerString[15]" time="0.0" />
  <testcase classname="com.ibm.juno.core.test.a.rttests.CT_RoundTripMaps" name="testMapDateString[15]" time="0.0" />
  <testcase classname="com.ibm.juno.core.test.a.rttests.CT_RoundTripMaps" name="testMapByteArrayString[15]" time="0.0" />
  <testcase classname="com.ibm.juno.core.test.a.rttests.CT_RoundTripMaps" name="testMapEnumString[15]" time="0.01" />
  <testcase classname="com.ibm.juno.core.test.a.rttests.CT_RoundTripMaps" name="testMapBooleanString[15]" time="0.0" />
  <testcase classname="com.ibm.juno.core.test.a.rttests.CT_RoundTripMaps" name="testMapCalendarString[15]" time="0.0" />
  <testcase classname="com.ibm.juno.core.test.a.rttests.CT_RoundTripMaps" name="testMapIntegerString[16]" time="0.0" />
  <testcase classname="com.ibm.juno.core.test.a.rttests.CT_RoundTripMaps" name="testMapDateString[16]" time="0.0" />
  <testcase classname="com.ibm.juno.core.test.a.rttests.CT_RoundTripMaps" name="testMapByteArrayString[16]" time="0.01" />
  <testcase classname="com.ibm.juno.core.test.a.rttests.CT_RoundTripMaps" name="testMapEnumString[16]" time="0.0" />
  <testcase classname="com.ibm.juno.core.test.a.rttests.CT_RoundTripMaps" name="testMapBooleanString[16]" time="0.0" />
  <testcase classname="com.ibm.juno.core.test.a.rttests.CT_RoundTripMaps" name="testMapCalendarString[16]" time="0.0" />
  <testcase classname="com.ibm.juno.core.test.a.rttests.CT_RoundTripMaps" name="testMapIntegerString[17]" time="0.01" />
  <testcase classname="com.ibm.juno.core.test.a.rttests.CT_RoundTripMaps" name="testMapDateString[17]" time="0.0" />
  <testcase classname="com.ibm.juno.core.test.a.rttests.CT_RoundTripMaps" name="testMapByteArrayString[17]" time="0.0" />
  <testcase classname="com.ibm.juno.core.test.a.rttests.CT_RoundTripMaps" name="testMapEnumString[17]" time="0.0" />
  <testcase classname="com.ibm.juno.core.test.a.rttests.CT_RoundTripMaps" name="testMapBooleanString[17]" time="0.0" />
  <testcase classname="com.ibm.juno.core.test.a.rttests.CT_RoundTripMaps" name="testMapCalendarString[17]" time="0.01" />
  <testcase classname="com.ibm.juno.core.test.a.rttests.CT_RoundTripMaps" name="testMapIntegerString[18]" time="0.0" />
  <testcase classname="com.ibm.juno.core.test.a.rttests.CT_RoundTripMaps" name="testMapDateString[18]" time="0.0" />
  <testcase classname="com.ibm.juno.core.test.a.rttests.CT_RoundTripMaps" name="testMapByteArrayString[18]" time="0.0" />
  <testcase classname="com.ibm.juno.core.test.a.rttests.CT_RoundTripMaps" name="testMapEnumString[18]" time="0.0" />
  <testcase classname="com.ibm.juno.core.test.a.rttests.CT_RoundTripMaps" name="testMapBooleanString[18]" time="0.0" />
  <testcase classname="com.ibm.juno.core.test.a.rttests.CT_RoundTripMaps" name="testMapCalendarString[18]" time="0.01" />
  <testcase classname="com.ibm.juno.core.test.a.rttests.CT_RoundTripMaps" name="testMapIntegerString[19]" time="0.0" />
  <testcase classname="com.ibm.juno.core.test.a.rttests.CT_RoundTripMaps" name="testMapDateString[19]" time="0.0" />
  <testcase classname="com.ibm.juno.core.test.a.rttests.CT_RoundTripMaps" name="testMapByteArrayString[19]" time="0.0" />
  <testcase classname="com.ibm.juno.core.test.a.rttests.CT_RoundTripMaps" name="testMapEnumString[19]" time="0.0" />
  <testcase classname="com.ibm.juno.core.test.a.rttests.CT_RoundTripMaps" name="testMapBooleanString[19]" time="0.0" />
  <testcase classname="com.ibm.juno.core.test.a.rttests.CT_RoundTripMaps" name="testMapCalendarString[19]" time="0.0" />
  <testcase classname="com.ibm.juno.core.test.a.rttests.CT_RoundTripPrimitiveObjectBeans" name="testPrimitiveAtomicObjectsBean[0]" time="0.0" />
  <testcase classname="com.ibm.juno.core.test.a.rttests.CT_RoundTripPrimitiveObjectBeans" name="testPrimitiveObjectsBean[0]" time="0.032" />
  <testcase classname="com.ibm.juno.core.test.a.rttests.CT_RoundTripPrimitiveObjectBeans" name="testPrimitiveAtomicObjectsBean[1]" time="0.001" />
  <testcase classname="com.ibm.juno.core.test.a.rttests.CT_RoundTripPrimitiveObjectBeans" name="testPrimitiveObjectsBean[1]" time="0.002" />
  <testcase classname="com.ibm.juno.core.test.a.rttests.CT_RoundTripPrimitiveObjectBeans" name="testPrimitiveAtomicObjectsBean[2]" time="0.0" />
  <testcase classname="com.ibm.juno.core.test.a.rttests.CT_RoundTripPrimitiveObjectBeans" name="testPrimitiveObjectsBean[2]" time="0.002" />
  <testcase classname="com.ibm.juno.core.test.a.rttests.CT_RoundTripPrimitiveObjectBeans" name="testPrimitiveAtomicObjectsBean[3]" time="0.021" />
  <testcase classname="com.ibm.juno.core.test.a.rttests.CT_RoundTripPrimitiveObjectBeans" name="testPrimitiveObjectsBean[3]" time="0.096" />
  <testcase classname="com.ibm.juno.core.test.a.rttests.CT_RoundTripPrimitiveObjectBeans" name="testPrimitiveAtomicObjectsBean[4]" time="0.01" />
  <testcase classname="com.ibm.juno.core.test.a.rttests.CT_RoundTripPrimitiveObjectBeans" name="testPrimitiveObjectsBean[4]" time="0.0" />
  <testcase classname="com.ibm.juno.core.test.a.rttests.CT_RoundTripPrimitiveObjectBeans" name="testPrimitiveAtomicObjectsBean[5]" time="0.01" />
  <testcase classname="com.ibm.juno.core.test.a.rttests.CT_RoundTripPrimitiveObjectBeans" name="testPrimitiveObjectsBean[5]" time="0.01" />
  <testcase classname="com.ibm.juno.core.test.a.rttests.CT_RoundTripPrimitiveObjectBeans" name="testPrimitiveAtomicObjectsBean[6]" time="0.0" />
  <testcase classname="com.ibm.juno.core.test.a.rttests.CT_RoundTripPrimitiveObjectBeans" name="testPrimitiveObjectsBean[6]" time="0.01" />
  <testcase classname="com.ibm.juno.core.test.a.rttests.CT_RoundTripPrimitiveObjectBeans" name="testPrimitiveAtomicObjectsBean[7]" time="0.01" />
  <testcase classname="com.ibm.juno.core.test.a.rttests.CT_RoundTripPrimitiveObjectBeans" name="testPrimitiveObjectsBean[7]" time="0.0" />
  <testcase classname="com.ibm.juno.core.test.a.rttests.CT_RoundTripPrimitiveObjectBeans" name="testPrimitiveAtomicObjectsBean[8]" time="0.0" />
  <testcase classname="com.ibm.juno.core.test.a.rttests.CT_RoundTripPrimitiveObjectBeans" name="testPrimitiveObjectsBean[8]" time="0.0" />
  <testcase classname="com.ibm.juno.core.test.a.rttests.CT_RoundTripPrimitiveObjectBeans" name="testPrimitiveAtomicObjectsBean[9]" time="0.0" />
  <testcase classname="com.ibm.juno.core.test.a.rttests.CT_RoundTripPrimitiveObjectBeans" name="testPrimitiveObjectsBean[9]" time="0.01" />
  <testcase classname="com.ibm.juno.core.test.a.rttests.CT_RoundTripPrimitiveObjectBeans" name="testPrimitiveAtomicObjectsBean[10]" time="0.0" />
  <testcase classname="com.ibm.juno.core.test.a.rttests.CT_RoundTripPrimitiveObjectBeans" name="testPrimitiveObjectsBean[10]" time="0.0" />
  <testcase classname="com.ibm.juno.core.test.a.rttests.CT_RoundTripPrimitiveObjectBeans" name="testPrimitiveAtomicObjectsBean[11]" time="0.0" />
  <testcase classname="com.ibm.juno.core.test.a.rttests.CT_RoundTripPrimitiveObjectBeans" name="testPrimitiveObjectsBean[11]" time="0.01" />
  <testcase classname="com.ibm.juno.core.test.a.rttests.CT_RoundTripPrimitiveObjectBeans" name="testPrimitiveAtomicObjectsBean[12]" time="0.0" />
  <testcase classname="com.ibm.juno.core.test.a.rttests.CT_RoundTripPrimitiveObjectBeans" name="testPrimitiveObjectsBean[12]" time="0.0" />
  <testcase classname="com.ibm.juno.core.test.a.rttests.CT_RoundTripPrimitiveObjectBeans" name="testPrimitiveAtomicObjectsBean[13]" time="0.0" />
  <testcase classname="com.ibm.juno.core.test.a.rttests.CT_RoundTripPrimitiveObjectBeans" name="testPrimitiveObjectsBean[13]" time="0.05" />
  <testcase classname="com.ibm.juno.core.test.a.rttests.CT_RoundTripPrimitiveObjectBeans" name="testPrimitiveAtomicObjectsBean[14]" time="0.0" />
  <testcase classname="com.ibm.juno.core.test.a.rttests.CT_RoundTripPrimitiveObjectBeans" name="testPrimitiveObjectsBean[14]" time="0.06" />
  <testcase classname="com.ibm.juno.core.test.a.rttests.CT_RoundTripPrimitiveObjectBeans" name="testPrimitiveAtomicObjectsBean[15]" time="0.0" />
  <testcase classname="com.ibm.juno.core.test.a.rttests.CT_RoundTripPrimitiveObjectBeans" name="testPrimitiveObjectsBean[15]" time="0.04" />
  <testcase classname="com.ibm.juno.core.test.a.rttests.CT_RoundTripPrimitiveObjectBeans" name="testPrimitiveAtomicObjectsBean[16]" time="0.0" />
  <testcase classname="com.ibm.juno.core.test.a.rttests.CT_RoundTripPrimitiveObjectBeans" name="testPrimitiveObjectsBean[16]" time="0.02" />
  <testcase classname="com.ibm.juno.core.test.a.rttests.CT_RoundTripPrimitiveObjectBeans" name="testPrimitiveAtomicObjectsBean[17]" time="0.0" />
  <testcase classname="com.ibm.juno.core.test.a.rttests.CT_RoundTripPrimitiveObjectBeans" name="testPrimitiveObjectsBean[17]" time="0.03" />
  <testcase classname="com.ibm.juno.core.test.a.rttests.CT_RoundTripPrimitiveObjectBeans" name="testPrimitiveAtomicObjectsBean[18]" time="0.0" />
  <testcase classname="com.ibm.juno.core.test.a.rttests.CT_RoundTripPrimitiveObjectBeans" name="testPrimitiveObjectsBean[18]" time="0.0" />
  <testcase classname="com.ibm.juno.core.test.a.rttests.CT_RoundTripPrimitiveObjectBeans" name="testPrimitiveAtomicObjectsBean[19]" time="0.01" />
  <testcase classname="com.ibm.juno.core.test.a.rttests.CT_RoundTripPrimitiveObjectBeans" name="testPrimitiveObjectsBean[19]" time="0.01" />
  <testcase classname="com.ibm.juno.core.test.a.rttests.CT_RoundTripPrimitivesBeans" name="testPrimitivesBeanList[0]" time="0.02" />
  <testcase classname="com.ibm.juno.core.test.a.rttests.CT_RoundTripPrimitivesBeans" name="testPrimitivesBean[0]" time="0.0" />
  <testcase classname="com.ibm.juno.core.test.a.rttests.CT_RoundTripPrimitivesBeans" name="testPrimitivesBeanList[1]" time="0.0" />
  <testcase classname="com.ibm.juno.core.test.a.rttests.CT_RoundTripPrimitivesBeans" name="testPrimitivesBean[1]" time="0.0" />
  <testcase classname="com.ibm.juno.core.test.a.rttests.CT_RoundTripPrimitivesBeans" name="testPrimitivesBeanList[2]" time="0.0" />
  <testcase classname="com.ibm.juno.core.test.a.rttests.CT_RoundTripPrimitivesBeans" name="testPrimitivesBean[2]" time="0.0" />
  <testcase classname="com.ibm.juno.core.test.a.rttests.CT_RoundTripPrimitivesBeans" name="testPrimitivesBeanList[3]" time="0.048" />
  <testcase classname="com.ibm.juno.core.test.a.rttests.CT_RoundTripPrimitivesBeans" name="testPrimitivesBean[3]" time="0.032" />
  <testcase classname="com.ibm.juno.core.test.a.rttests.CT_RoundTripPrimitivesBeans" name="testPrimitivesBeanList[4]" time="0.003" />
  <testcase classname="com.ibm.juno.core.test.a.rttests.CT_RoundTripPrimitivesBeans" name="testPrimitivesBean[4]" time="0.002" />
  <testcase classname="com.ibm.juno.core.test.a.rttests.CT_RoundTripPrimitivesBeans" name="testPrimitivesBeanList[5]" time="0.006" />
  <testcase classname="com.ibm.juno.core.test.a.rttests.CT_RoundTripPrimitivesBeans" name="testPrimitivesBean[5]" time="0.003" />
  <testcase classname="com.ibm.juno.core.test.a.rttests.CT_RoundTripPrimitivesBeans" name="testPrimitivesBeanList[6]" time="0.007" />
  <testcase classname="com.ibm.juno.core.test.a.rttests.CT_RoundTripPrimitivesBeans" name="testPrimitivesBean[6]" time="0.004" />
  <testcase classname="com.ibm.juno.core.test.a.rttests.CT_RoundTripPrimitivesBeans" name="testPrimitivesBeanList[7]" time="0.002" />
  <testcase classname="com.ibm.juno.core.test.a.rttests.CT_RoundTripPrimitivesBeans" name="testPrimitivesBean[7]" time="0.001" />
  <testcase classname="com.ibm.juno.core.test.a.rttests.CT_RoundTripPrimitivesBeans" name="testPrimitivesBeanList[8]" time="0.002" />
  <testcase classname="com.ibm.juno.core.test.a.rttests.CT_RoundTripPrimitivesBeans" name="testPrimitivesBean[8]" time="0.001" />
  <testcase classname="com.ibm.juno.core.test.a.rttests.CT_RoundTripPrimitivesBeans" name="testPrimitivesBeanList[9]" time="0.002" />
  <testcase classname="com.ibm.juno.core.test.a.rttests.CT_RoundTripPrimitivesBeans" name="testPrimitivesBean[9]" time="0.001" />
  <testcase classname="com.ibm.juno.core.test.a.rttests.CT_RoundTripPrimitivesBeans" name="testPrimitivesBeanList[10]" time="0.002" />
  <testcase classname="com.ibm.juno.core.test.a.rttests.CT_RoundTripPrimitivesBeans" name="testPrimitivesBean[10]" time="0.001" />
  <testcase classname="com.ibm.juno.core.test.a.rttests.CT_RoundTripPrimitivesBeans" name="testPrimitivesBeanList[11]" time="0.002" />
  <testcase classname="com.ibm.juno.core.test.a.rttests.CT_RoundTripPrimitivesBeans" name="testPrimitivesBean[11]" time="0.001" />
  <testcase classname="com.ibm.juno.core.test.a.rttests.CT_RoundTripPrimitivesBeans" name="testPrimitivesBeanList[12]" time="0.002" />
  <testcase classname="com.ibm.juno.core.test.a.rttests.CT_RoundTripPrimitivesBeans" name="testPrimitivesBean[12]" time="0.001" />
  <testcase classname="com.ibm.juno.core.test.a.rttests.CT_RoundTripPrimitivesBeans" name="testPrimitivesBeanList[13]" time="0.024" />
  <testcase classname="com.ibm.juno.core.test.a.rttests.CT_RoundTripPrimitivesBeans" name="testPrimitivesBean[13]" time="0.014" />
  <testcase classname="com.ibm.juno.core.test.a.rttests.CT_RoundTripPrimitivesBeans" name="testPrimitivesBeanList[14]" time="0.043" />
  <testcase classname="com.ibm.juno.core.test.a.rttests.CT_RoundTripPrimitivesBeans" name="testPrimitivesBean[14]" time="0.021" />
  <testcase classname="com.ibm.juno.core.test.a.rttests.CT_RoundTripPrimitivesBeans" name="testPrimitivesBeanList[15]" time="0.025" />
  <testcase classname="com.ibm.juno.core.test.a.rttests.CT_RoundTripPrimitivesBeans" name="testPrimitivesBean[15]" time="0.011" />
  <testcase classname="com.ibm.juno.core.test.a.rttests.CT_RoundTripPrimitivesBeans" name="testPrimitivesBeanList[16]" time="0.025" />
  <testcase classname="com.ibm.juno.core.test.a.rttests.CT_RoundTripPrimitivesBeans" name="testPrimitivesBean[16]" time="0.004" />
  <testcase classname="com.ibm.juno.core.test.a.rttests.CT_RoundTripPrimitivesBeans" name="testPrimitivesBeanList[17]" time="0.02" />
  <testcase classname="com.ibm.juno.core.test.a.rttests.CT_RoundTripPrimitivesBeans" name="testPrimitivesBean[17]" time="0.01" />
  <testcase classname="com.ibm.juno.core.test.a.rttests.CT_RoundTripPrimitivesBeans" name="testPrimitivesBeanList[18]" time="0.0" />
  <testcase classname="com.ibm.juno.core.test.a.rttests.CT_RoundTripPrimitivesBeans" name="testPrimitivesBean[18]" time="0.0" />
  <testcase classname="com.ibm.juno.core.test.a.rttests.CT_RoundTripPrimitivesBeans" name="testPrimitivesBeanList[19]" time="0.01" />
  <testcase classname="com.ibm.juno.core.test.a.rttests.CT_RoundTripPrimitivesBeans" name="testPrimitivesBean[19]" time="0.0" />
  <testcase classname="com.ibm.juno.core.test.a.rttests.CT_RoundTripReadOnlyBeans" name="test[0]" time="0.0" />
  <testcase classname="com.ibm.juno.core.test.a.rttests.CT_RoundTripReadOnlyBeans" name="test[1]" time="0.0" />
  <testcase classname="com.ibm.juno.core.test.a.rttests.CT_RoundTripReadOnlyBeans" name="test[2]" time="0.0" />
  <testcase classname="com.ibm.juno.core.test.a.rttests.CT_RoundTripReadOnlyBeans" name="test[3]" time="0.01" />
  <testcase classname="com.ibm.juno.core.test.a.rttests.CT_RoundTripReadOnlyBeans" name="test[4]" time="0.0" />
  <testcase classname="com.ibm.juno.core.test.a.rttests.CT_RoundTripReadOnlyBeans" name="test[5]" time="0.0" />
  <testcase classname="com.ibm.juno.core.test.a.rttests.CT_RoundTripReadOnlyBeans" name="test[6]" time="0.0" />
  <testcase classname="com.ibm.juno.core.test.a.rttests.CT_RoundTripReadOnlyBeans" name="test[7]" time="0.0" />
  <testcase classname="com.ibm.juno.core.test.a.rttests.CT_RoundTripReadOnlyBeans" name="test[8]" time="0.0" />
  <testcase classname="com.ibm.juno.core.test.a.rttests.CT_RoundTripReadOnlyBeans" name="test[9]" time="0.0" />
  <testcase classname="com.ibm.juno.core.test.a.rttests.CT_RoundTripReadOnlyBeans" name="test[10]" time="0.0" />
  <testcase classname="com.ibm.juno.core.test.a.rttests.CT_RoundTripReadOnlyBeans" name="test[11]" time="0.0" />
  <testcase classname="com.ibm.juno.core.test.a.rttests.CT_RoundTripReadOnlyBeans" name="test[12]" time="0.0" />
  <testcase classname="com.ibm.juno.core.test.a.rttests.CT_RoundTripReadOnlyBeans" name="test[13]" time="0.01" />
  <testcase classname="com.ibm.juno.core.test.a.rttests.CT_RoundTripReadOnlyBeans" name="test[14]" time="0.0" />
  <testcase classname="com.ibm.juno.core.test.a.rttests.CT_RoundTripReadOnlyBeans" name="test[15]" time="0.0" />
  <testcase classname="com.ibm.juno.core.test.a.rttests.CT_RoundTripReadOnlyBeans" name="test[16]" time="0.0" />
  <testcase classname="com.ibm.juno.core.test.a.rttests.CT_RoundTripReadOnlyBeans" name="test[17]" time="0.0" />
  <testcase classname="com.ibm.juno.core.test.a.rttests.CT_RoundTripReadOnlyBeans" name="test[18]" time="0.0" />
  <testcase classname="com.ibm.juno.core.test.a.rttests.CT_RoundTripReadOnlyBeans" name="test[19]" time="0.0" />
  <testcase classname="com.ibm.juno.core.test.a.rttests.CT_RoundTripSimpleObjects" name="testCharArray[0]" time="0.0" />
  <testcase classname="com.ibm.juno.core.test.a.rttests.CT_RoundTripSimpleObjects" name="testCharacter[0]" time="0.0" />
  <testcase classname="com.ibm.juno.core.test.a.rttests.CT_RoundTripSimpleObjects" name="testFloatArray[0]" time="0.0" />
  <testcase classname="com.ibm.juno.core.test.a.rttests.CT_RoundTripSimpleObjects" name="testLongObject[0]" time="0.0" />
  <testcase classname="com.ibm.juno.core.test.a.rttests.CT_RoundTripSimpleObjects" name="testTreeMap[0]" time="0.0" />
  <testcase classname="com.ibm.juno.core.test.a.rttests.CT_RoundTripSimpleObjects" name="testInt[0]" time="0.0" />
  <testcase classname="com.ibm.juno.core.test.a.rttests.CT_RoundTripSimpleObjects" name="testFloat[0]" time="0.0" />
  <testcase classname="com.ibm.juno.core.test.a.rttests.CT_RoundTripSimpleObjects" name="testShort[0]" time="0.0" />
  <testcase classname="com.ibm.juno.core.test.a.rttests.CT_RoundTripSimpleObjects" name="testChar[0]" time="0.0" />
  <testcase classname="com.ibm.juno.core.test.a.rttests.CT_RoundTripSimpleObjects" name="testLong[0]" time="0.0" />
  <testcase classname="com.ibm.juno.core.test.a.rttests.CT_RoundTripSimpleObjects" name="testNull[0]" time="0.0" />
  <testcase classname="com.ibm.juno.core.test.a.rttests.CT_RoundTripSimpleObjects" name="testCharacterArray[0]" time="0.0" />
  <testcase classname="com.ibm.juno.core.test.a.rttests.CT_RoundTripSimpleObjects" name="testLongObject2dArray[0]" time="0.0" />
  <testcase classname="com.ibm.juno.core.test.a.rttests.CT_RoundTripSimpleObjects" name="testObjectMap[0]" time="0.0" />
  <testcase classname="com.ibm.juno.core.test.a.rttests.CT_RoundTripSimpleObjects" name="testInt2dArray[0]" time="0.0" />
  <testcase classname="com.ibm.juno.core.test.a.rttests.CT_RoundTripSimpleObjects" name="testBooleanObject[0]" time="0.0" />
  <testcase classname="com.ibm.juno.core.test.a.rttests.CT_RoundTripSimpleObjects" name="testShortObject2dArray[0]" time="0.0" />
  <testcase classname="com.ibm.juno.core.test.a.rttests.CT_RoundTripSimpleObjects" name="testBooleanObject2dArray[0]" time="0.0" />
  <testcase classname="com.ibm.juno.core.test.a.rttests.CT_RoundTripSimpleObjects" name="testBoolean[0]" time="0.0" />
  <testcase classname="com.ibm.juno.core.test.a.rttests.CT_RoundTripSimpleObjects" name="testLinkedHashMap[0]" time="0.0" />
  <testcase classname="com.ibm.juno.core.test.a.rttests.CT_RoundTripSimpleObjects" name="testBoolean2dArray[0]" time="0.0" />
  <testcase classname="com.ibm.juno.core.test.a.rttests.CT_RoundTripSimpleObjects" name="testBooleanArray[0]" time="0.0" />
  <testcase classname="com.ibm.juno.core.test.a.rttests.CT_RoundTripSimpleObjects" name="testIntegerArray[0]" time="0.0" />
  <testcase classname="com.ibm.juno.core.test.a.rttests.CT_RoundTripSimpleObjects" name="testInt3dArray[0]" time="0.0" />
  <testcase classname="com.ibm.juno.core.test.a.rttests.CT_RoundTripSimpleObjects" name="testShortObject[0]" time="0.0" />
  <testcase classname="com.ibm.juno.core.test.a.rttests.CT_RoundTripSimpleObjects" name="testDouble2dArray[0]" time="0.0" />
  <testcase classname="com.ibm.juno.core.test.a.rttests.CT_RoundTripSimpleObjects" name="testDoubleObjectArray[0]" time="0.0" />
  <testcase classname="com.ibm.juno.core.test.a.rttests.CT_RoundTripSimpleObjects" name="testObjectList[0]" time="0.0" />
  <testcase classname="com.ibm.juno.core.test.a.rttests.CT_RoundTripSimpleObjects" name="testString2dArray[0]" time="0.0" />
  <testcase classname="com.ibm.juno.core.test.a.rttests.CT_RoundTripSimpleObjects" name="testLong2dArray[0]" time="0.0" />
  <testcase classname="com.ibm.juno.core.test.a.rttests.CT_RoundTripSimpleObjects" name="testInteger2dArray[0]" time="0.0" />
  <testcase classname="com.ibm.juno.core.test.a.rttests.CT_RoundTripSimpleObjects" name="testChar2dArray[0]" time="0.0" />
  <testcase classname="com.ibm.juno.core.test.a.rttests.CT_RoundTripSimpleObjects" name="testFloatObject2dArray[0]" time="0.0" />
  <testcase classname="com.ibm.juno.core.test.a.rttests.CT_RoundTripSimpleObjects" name="testLongArray[0]" time="0.0" />
  <testcase classname="com.ibm.juno.core.test.a.rttests.CT_RoundTripSimpleObjects" name="testShortArray[0]" time="0.0" />
  <testcase classname="com.ibm.juno.core.test.a.rttests.CT_RoundTripSimpleObjects" name="testExtendedUnicode[0]" time="0.0" />
  <testcase classname="com.ibm.juno.core.test.a.rttests.CT_RoundTripSimpleObjects" name="testShort2dArray[0]" time="0.0" />
  <testcase classname="com.ibm.juno.core.test.a.rttests.CT_RoundTripSimpleObjects" name="testCharacter2dArray[0]" time="0.0" />
  <testcase classname="com.ibm.juno.core.test.a.rttests.CT_RoundTripSimpleObjects" name="testIntArray[0]" time="0.0" />
  <testcase classname="com.ibm.juno.core.test.a.rttests.CT_RoundTripSimpleObjects" name="testDouble[0]" time="0.0" />
  <testcase classname="com.ibm.juno.core.test.a.rttests.CT_RoundTripSimpleObjects" name="testFloat2dArray[0]" time="0.0" />
  <testcase classname="com.ibm.juno.core.test.a.rttests.CT_RoundTripSimpleObjects" name="testShortObjectArray[0]" time="0.0" />
  <testcase classname="com.ibm.juno.core.test.a.rttests.CT_RoundTripSimpleObjects" name="testInteger3dArray[0]" time="0.0" />
  <testcase classname="com.ibm.juno.core.test.a.rttests.CT_RoundTripSimpleObjects" name="testInteger[0]" time="0.0" />
  <testcase classname="com.ibm.juno.core.test.a.rttests.CT_RoundTripSimpleObjects" name="testFloatObject[0]" time="0.0" />
  <testcase classname="com.ibm.juno.core.test.a.rttests.CT_RoundTripSimpleObjects" name="testString[0]" time="0.0" />
  <testcase classname="com.ibm.juno.core.test.a.rttests.CT_RoundTripSimpleObjects" name="testDoubleObject2dArray[0]" time="0.0" />
  <testcase classname="com.ibm.juno.core.test.a.rttests.CT_RoundTripSimpleObjects" name="testBooleanObjectArray[0]" time="0.0" />
  <testcase classname="com.ibm.juno.core.test.a.rttests.CT_RoundTripSimpleObjects" name="testVector[0]" time="0.0" />
  <testcase classname="com.ibm.juno.core.test.a.rttests.CT_RoundTripSimpleObjects" name="testFloatObjectArray[0]" time="0.0" />
  <testcase classname="com.ibm.juno.core.test.a.rttests.CT_RoundTripSimpleObjects" name="testDoubleObject[0]" time="0.0" />
  <testcase classname="com.ibm.juno.core.test.a.rttests.CT_RoundTripSimpleObjects" name="testDoubleArray[0]" time="0.0" />
  <testcase classname="com.ibm.juno.core.test.a.rttests.CT_RoundTripSimpleObjects" name="testLongObjectArray[0]" time="0.0" />
  <testcase classname="com.ibm.juno.core.test.a.rttests.CT_RoundTripSimpleObjects" name="testStringArray[0]" time="0.0" />
  <testcase classname="com.ibm.juno.core.test.a.rttests.CT_RoundTripSimpleObjects" name="testCharArray[1]" time="0.0" />
  <testcase classname="com.ibm.juno.core.test.a.rttests.CT_RoundTripSimpleObjects" name="testCharacter[1]" time="0.0" />
  <testcase classname="com.ibm.juno.core.test.a.rttests.CT_RoundTripSimpleObjects" name="testFloatArray[1]" time="0.0" />
  <testcase classname="com.ibm.juno.core.test.a.rttests.CT_RoundTripSimpleObjects" name="testLongObject[1]" time="0.0" />
  <testcase classname="com.ibm.juno.core.test.a.rttests.CT_RoundTripSimpleObjects" name="testTreeMap[1]" time="0.0" />
  <testcase classname="com.ibm.juno.core.test.a.rttests.CT_RoundTripSimpleObjects" name="testInt[1]" time="0.0" />
  <testcase classname="com.ibm.juno.core.test.a.rttests.CT_RoundTripSimpleObjects" name="testFloat[1]" time="0.0" />
  <testcase classname="com.ibm.juno.core.test.a.rttests.CT_RoundTripSimpleObjects" name="testShort[1]" time="0.01" />
  <testcase classname="com.ibm.juno.core.test.a.rttests.CT_RoundTripSimpleObjects" name="testChar[1]" time="0.0" />
  <testcase classname="com.ibm.juno.core.test.a.rttests.CT_RoundTripSimpleObjects" name="testLong[1]" time="0.0" />
  <testcase classname="com.ibm.juno.core.test.a.rttests.CT_RoundTripSimpleObjects" name="testNull[1]" time="0.0" />
  <testcase classname="com.ibm.juno.core.test.a.rttests.CT_RoundTripSimpleObjects" name="testCharacterArray[1]" time="0.0" />
  <testcase classname="com.ibm.juno.core.test.a.rttests.CT_RoundTripSimpleObjects" name="testLongObject2dArray[1]" time="0.0" />
  <testcase classname="com.ibm.juno.core.test.a.rttests.CT_RoundTripSimpleObjects" name="testObjectMap[1]" time="0.0" />
  <testcase classname="com.ibm.juno.core.test.a.rttests.CT_RoundTripSimpleObjects" name="testInt2dArray[1]" time="0.0" />
  <testcase classname="com.ibm.juno.core.test.a.rttests.CT_RoundTripSimpleObjects" name="testBooleanObject[1]" time="0.0" />
  <testcase classname="com.ibm.juno.core.test.a.rttests.CT_RoundTripSimpleObjects" name="testShortObject2dArray[1]" time="0.0" />
  <testcase classname="com.ibm.juno.core.test.a.rttests.CT_RoundTripSimpleObjects" name="testBooleanObject2dArray[1]" time="0.0" />
  <testcase classname="com.ibm.juno.core.test.a.rttests.CT_RoundTripSimpleObjects" name="testBoolean[1]" time="0.0" />
  <testcase classname="com.ibm.juno.core.test.a.rttests.CT_RoundTripSimpleObjects" name="testLinkedHashMap[1]" time="0.0" />
  <testcase classname="com.ibm.juno.core.test.a.rttests.CT_RoundTripSimpleObjects" name="testBoolean2dArray[1]" time="0.0" />
  <testcase classname="com.ibm.juno.core.test.a.rttests.CT_RoundTripSimpleObjects" name="testBooleanArray[1]" time="0.0" />
  <testcase classname="com.ibm.juno.core.test.a.rttests.CT_RoundTripSimpleObjects" name="testIntegerArray[1]" time="0.0" />
  <testcase classname="com.ibm.juno.core.test.a.rttests.CT_RoundTripSimpleObjects" name="testInt3dArray[1]" time="0.0" />
  <testcase classname="com.ibm.juno.core.test.a.rttests.CT_RoundTripSimpleObjects" name="testShortObject[1]" time="0.0" />
  <testcase classname="com.ibm.juno.core.test.a.rttests.CT_RoundTripSimpleObjects" name="testDouble2dArray[1]" time="0.0" />
  <testcase classname="com.ibm.juno.core.test.a.rttests.CT_RoundTripSimpleObjects" name="testDoubleObjectArray[1]" time="0.0" />
  <testcase classname="com.ibm.juno.core.test.a.rttests.CT_RoundTripSimpleObjects" name="testObjectList[1]" time="0.0" />
  <testcase classname="com.ibm.juno.core.test.a.rttests.CT_RoundTripSimpleObjects" name="testString2dArray[1]" time="0.0" />
  <testcase classname="com.ibm.juno.core.test.a.rttests.CT_RoundTripSimpleObjects" name="testLong2dArray[1]" time="0.0" />
  <testcase classname="com.ibm.juno.core.test.a.rttests.CT_RoundTripSimpleObjects" name="testInteger2dArray[1]" time="0.0" />
  <testcase classname="com.ibm.juno.core.test.a.rttests.CT_RoundTripSimpleObjects" name="testChar2dArray[1]" time="0.0" />
  <testcase classname="com.ibm.juno.core.test.a.rttests.CT_RoundTripSimpleObjects" name="testFloatObject2dArray[1]" time="0.0" />
  <testcase classname="com.ibm.juno.core.test.a.rttests.CT_RoundTripSimpleObjects" name="testLongArray[1]" time="0.0" />
  <testcase classname="com.ibm.juno.core.test.a.rttests.CT_RoundTripSimpleObjects" name="testShortArray[1]" time="0.0" />
  <testcase classname="com.ibm.juno.core.test.a.rttests.CT_RoundTripSimpleObjects" name="testExtendedUnicode[1]" time="0.0" />
  <testcase classname="com.ibm.juno.core.test.a.rttests.CT_RoundTripSimpleObjects" name="testShort2dArray[1]" time="0.0" />
  <testcase classname="com.ibm.juno.core.test.a.rttests.CT_RoundTripSimpleObjects" name="testCharacter2dArray[1]" time="0.0" />
  <testcase classname="com.ibm.juno.core.test.a.rttests.CT_RoundTripSimpleObjects" name="testIntArray[1]" time="0.0" />
  <testcase classname="com.ibm.juno.core.test.a.rttests.CT_RoundTripSimpleObjects" name="testDouble[1]" time="0.0" />
  <testcase classname="com.ibm.juno.core.test.a.rttests.CT_RoundTripSimpleObjects" name="testFloat2dArray[1]" time="0.0" />
  <testcase classname="com.ibm.juno.core.test.a.rttests.CT_RoundTripSimpleObjects" name="testShortObjectArray[1]" time="0.0" />
  <testcase classname="com.ibm.juno.core.test.a.rttests.CT_RoundTripSimpleObjects" name="testInteger3dArray[1]" time="0.0" />
  <testcase classname="com.ibm.juno.core.test.a.rttests.CT_RoundTripSimpleObjects" name="testInteger[1]" time="0.0" />
  <testcase classname="com.ibm.juno.core.test.a.rttests.CT_RoundTripSimpleObjects" name="testFloatObject[1]" time="0.0" />
  <testcase classname="com.ibm.juno.core.test.a.rttests.CT_RoundTripSimpleObjects" name="testString[1]" time="0.0" />
  <testcase classname="com.ibm.juno.core.test.a.rttests.CT_RoundTripSimpleObjects" name="testDoubleObject2dArray[1]" time="0.0" />
  <testcase classname="com.ibm.juno.core.test.a.rttests.CT_RoundTripSimpleObjects" name="testBooleanObjectArray[1]" time="0.0" />
  <testcase classname="com.ibm.juno.core.test.a.rttests.CT_RoundTripSimpleObjects" name="testVector[1]" time="0.0" />
  <testcase classname="com.ibm.juno.core.test.a.rttests.CT_RoundTripSimpleObjects" name="testFloatObjectArray[1]" time="0.0" />
  <testcase classname="com.ibm.juno.core.test.a.rttests.CT_RoundTripSimpleObjects" name="testDoubleObject[1]" time="0.0" />
  <testcase classname="com.ibm.juno.core.test.a.rttests.CT_RoundTripSimpleObjects" name="testDoubleArray[1]" time="0.0" />
  <testcase classname="com.ibm.juno.core.test.a.rttests.CT_RoundTripSimpleObjects" name="testLongObjectArray[1]" time="0.0" />
  <testcase classname="com.ibm.juno.core.test.a.rttests.CT_RoundTripSimpleObjects" name="testStringArray[1]" time="0.0" />
  <testcase classname="com.ibm.juno.core.test.a.rttests.CT_RoundTripSimpleObjects" name="testCharArray[2]" time="0.0" />
  <testcase classname="com.ibm.juno.core.test.a.rttests.CT_RoundTripSimpleObjects" name="testCharacter[2]" time="0.0" />
  <testcase classname="com.ibm.juno.core.test.a.rttests.CT_RoundTripSimpleObjects" name="testFloatArray[2]" time="0.0" />
  <testcase classname="com.ibm.juno.core.test.a.rttests.CT_RoundTripSimpleObjects" name="testLongObject[2]" time="0.0" />
  <testcase classname="com.ibm.juno.core.test.a.rttests.CT_RoundTripSimpleObjects" name="testTreeMap[2]" time="0.0" />
  <testcase classname="com.ibm.juno.core.test.a.rttests.CT_RoundTripSimpleObjects" name="testInt[2]" time="0.0" />
  <testcase classname="com.ibm.juno.core.test.a.rttests.CT_RoundTripSimpleObjects" name="testFloat[2]" time="0.0" />
  <testcase classname="com.ibm.juno.core.test.a.rttests.CT_RoundTripSimpleObjects" name="testShort[2]" time="0.0" />
  <testcase classname="com.ibm.juno.core.test.a.rttests.CT_RoundTripSimpleObjects" name="testChar[2]" time="0.0" />
  <testcase classname="com.ibm.juno.core.test.a.rttests.CT_RoundTripSimpleObjects" name="testLong[2]" time="0.0" />
  <testcase classname="com.ibm.juno.core.test.a.rttests.CT_RoundTripSimpleObjects" name="testNull[2]" time="0.0" />
  <testcase classname="com.ibm.juno.core.test.a.rttests.CT_RoundTripSimpleObjects" name="testCharacterArray[2]" time="0.0" />
  <testcase classname="com.ibm.juno.core.test.a.rttests.CT_RoundTripSimpleObjects" name="testLongObject2dArray[2]" time="0.0" />
  <testcase classname="com.ibm.juno.core.test.a.rttests.CT_RoundTripSimpleObjects" name="testObjectMap[2]" time="0.0" />
  <testcase classname="com.ibm.juno.core.test.a.rttests.CT_RoundTripSimpleObjects" name="testInt2dArray[2]" time="0.0" />
  <testcase classname="com.ibm.juno.core.test.a.rttests.CT_RoundTripSimpleObjects" name="testBooleanObject[2]" time="0.0" />
  <testcase classname="com.ibm.juno.core.test.a.rttests.CT_RoundTripSimpleObjects" name="testShortObject2dArray[2]" time="0.0" />
  <testcase classname="com.ibm.juno.core.test.a.rttests.CT_RoundTripSimpleObjects" name="testBooleanObject2dArray[2]" time="0.0" />
  <testcase classname="com.ibm.juno.core.test.a.rttests.CT_RoundTripSimpleObjects" name="testBoolean[2]" time="0.0" />
  <testcase classname="com.ibm.juno.core.test.a.rttests.CT_RoundTripSimpleObjects" name="testLinkedHashMap[2]" time="0.0" />
  <testcase classname="com.ibm.juno.core.test.a.rttests.CT_RoundTripSimpleObjects" name="testBoolean2dArray[2]" time="0.0" />
  <testcase classname="com.ibm.juno.core.test.a.rttests.CT_RoundTripSimpleObjects" name="testBooleanArray[2]" time="0.0" />
  <testcase classname="com.ibm.juno.core.test.a.rttests.CT_RoundTripSimpleObjects" name="testIntegerArray[2]" time="0.0" />
  <testcase classname="com.ibm.juno.core.test.a.rttests.CT_RoundTripSimpleObjects" name="testInt3dArray[2]" time="0.0" />
  <testcase classname="com.ibm.juno.core.test.a.rttests.CT_RoundTripSimpleObjects" name="testShortObject[2]" time="0.0" />
  <testcase classname="com.ibm.juno.core.test.a.rttests.CT_RoundTripSimpleObjects" name="testDouble2dArray[2]" time="0.0" />
  <testcase classname="com.ibm.juno.core.test.a.rttests.CT_RoundTripSimpleObjects" name="testDoubleObjectArray[2]" time="0.0" />
  <testcase classname="com.ibm.juno.core.test.a.rttests.CT_RoundTripSimpleObjects" name="testObjectList[2]" time="0.0" />
  <testcase classname="com.ibm.juno.core.test.a.rttests.CT_RoundTripSimpleObjects" name="testString2dArray[2]" time="0.0" />
  <testcase classname="com.ibm.juno.core.test.a.rttests.CT_RoundTripSimpleObjects" name="testLong2dArray[2]" time="0.0" />
  <testcase classname="com.ibm.juno.core.test.a.rttests.CT_RoundTripSimpleObjects" name="testInteger2dArray[2]" time="0.0" />
  <testcase classname="com.ibm.juno.core.test.a.rttests.CT_RoundTripSimpleObjects" name="testChar2dArray[2]" time="0.0" />
  <testcase classname="com.ibm.juno.core.test.a.rttests.CT_RoundTripSimpleObjects" name="testFloatObject2dArray[2]" time="0.0" />
  <testcase classname="com.ibm.juno.core.test.a.rttests.CT_RoundTripSimpleObjects" name="testLongArray[2]" time="0.0" />
  <testcase classname="com.ibm.juno.core.test.a.rttests.CT_RoundTripSimpleObjects" name="testShortArray[2]" time="0.0" />
  <testcase classname="com.ibm.juno.core.test.a.rttests.CT_RoundTripSimpleObjects" name="testExtendedUnicode[2]" time="0.0" />
  <testcase classname="com.ibm.juno.core.test.a.rttests.CT_RoundTripSimpleObjects" name="testShort2dArray[2]" time="0.01" />
  <testcase classname="com.ibm.juno.core.test.a.rttests.CT_RoundTripSimpleObjects" name="testCharacter2dArray[2]" time="0.0" />
  <testcase classname="com.ibm.juno.core.test.a.rttests.CT_RoundTripSimpleObjects" name="testIntArray[2]" time="0.0" />
  <testcase classname="com.ibm.juno.core.test.a.rttests.CT_RoundTripSimpleObjects" name="testDouble[2]" time="0.0" />
  <testcase classname="com.ibm.juno.core.test.a.rttests.CT_RoundTripSimpleObjects" name="testFloat2dArray[2]" time="0.0" />
  <testcase classname="com.ibm.juno.core.test.a.rttests.CT_RoundTripSimpleObjects" name="testShortObjectArray[2]" time="0.0" />
  <testcase classname="com.ibm.juno.core.test.a.rttests.CT_RoundTripSimpleObjects" name="testInteger3dArray[2]" time="0.0" />
  <testcase classname="com.ibm.juno.core.test.a.rttests.CT_RoundTripSimpleObjects" name="testInteger[2]" time="0.0" />
  <testcase classname="com.ibm.juno.core.test.a.rttests.CT_RoundTripSimpleObjects" name="testFloatObject[2]" time="0.0" />
  <testcase classname="com.ibm.juno.core.test.a.rttests.CT_RoundTripSimpleObjects" name="testString[2]" time="0.0" />
  <testcase classname="com.ibm.juno.core.test.a.rttests.CT_RoundTripSimpleObjects" name="testDoubleObject2dArray[2]" time="0.0" />
  <testcase classname="com.ibm.juno.core.test.a.rttests.CT_RoundTripSimpleObjects" name="testBooleanObjectArray[2]" time="0.0" />
  <testcase classname="com.ibm.juno.core.test.a.rttests.CT_RoundTripSimpleObjects" name="testVector[2]" time="0.0" />
  <testcase classname="com.ibm.juno.core.test.a.rttests.CT_RoundTripSimpleObjects" name="testFloatObjectArray[2]" time="0.0" />
  <testcase classname="com.ibm.juno.core.test.a.rttests.CT_RoundTripSimpleObjects" name="testDoubleObject[2]" time="0.0" />
  <testcase classname="com.ibm.juno.core.test.a.rttests.CT_RoundTripSimpleObjects" name="testDoubleArray[2]" time="0.0" />
  <testcase classname="com.ibm.juno.core.test.a.rttests.CT_RoundTripSimpleObjects" name="testLongObjectArray[2]" time="0.0" />
  <testcase classname="com.ibm.juno.core.test.a.rttests.CT_RoundTripSimpleObjects" name="testStringArray[2]" time="0.0" />
  <testcase classname="com.ibm.juno.core.test.a.rttests.CT_RoundTripSimpleObjects" name="testCharArray[3]" time="0.01" />
  <testcase classname="com.ibm.juno.core.test.a.rttests.CT_RoundTripSimpleObjects" name="testCharacter[3]" time="0.0" />
  <testcase classname="com.ibm.juno.core.test.a.rttests.CT_RoundTripSimpleObjects" name="testFloatArray[3]" time="0.0" />
  <testcase classname="com.ibm.juno.core.test.a.rttests.CT_RoundTripSimpleObjects" name="testLongObject[3]" time="0.0" />
  <testcase classname="com.ibm.juno.core.test.a.rttests.CT_RoundTripSimpleObjects" name="testTreeMap[3]" time="0.01" />
  <testcase classname="com.ibm.juno.core.test.a.rttests.CT_RoundTripSimpleObjects" name="testInt[3]" time="0.0" />
  <testcase classname="com.ibm.juno.core.test.a.rttests.CT_RoundTripSimpleObjects" name="testFloat[3]" time="0.0" />
  <testcase classname="com.ibm.juno.core.test.a.rttests.CT_RoundTripSimpleObjects" name="testShort[3]" time="0.01" />
  <testcase classname="com.ibm.juno.core.test.a.rttests.CT_RoundTripSimpleObjects" name="testChar[3]" time="0.0" />
  <testcase classname="com.ibm.juno.core.test.a.rttests.CT_RoundTripSimpleObjects" name="testLong[3]" time="0.0" />
  <testcase classname="com.ibm.juno.core.test.a.rttests.CT_RoundTripSimpleObjects" name="testNull[3]" time="0.01" />
  <testcase classname="com.ibm.juno.core.test.a.rttests.CT_RoundTripSimpleObjects" name="testCharacterArray[3]" time="0.0" />
  <testcase classname="com.ibm.juno.core.test.a.rttests.CT_RoundTripSimpleObjects" name="testLongObject2dArray[3]" time="0.01" />
  <testcase classname="com.ibm.juno.core.test.a.rttests.CT_RoundTripSimpleObjects" name="testObjectMap[3]" time="0.003" />
  <testcase classname="com.ibm.juno.core.test.a.rttests.CT_RoundTripSimpleObjects" name="testInt2dArray[3]" time="0.004" />
  <testcase classname="com.ibm.juno.core.test.a.rttests.CT_RoundTripSimpleObjects" name="testBooleanObject[3]" time="0.006" />
  <testcase classname="com.ibm.juno.core.test.a.rttests.CT_RoundTripSimpleObjects" name="testShortObject2dArray[3]" time="0.004" />
  <testcase classname="com.ibm.juno.core.test.a.rttests.CT_RoundTripSimpleObjects" name="testBooleanObject2dArray[3]" time="0.004" />
  <testcase classname="com.ibm.juno.core.test.a.rttests.CT_RoundTripSimpleObjects" name="testBoolean[3]" time="0.006" />
  <testcase classname="com.ibm.juno.core.test.a.rttests.CT_RoundTripSimpleObjects" name="testLinkedHashMap[3]" time="0.01" />
  <testcase classname="com.ibm.juno.core.test.a.rttests.CT_RoundTripSimpleObjects" name="testBoolean2dArray[3]" time="0.005" />
  <testcase classname="com.ibm.juno.core.test.a.rttests.CT_RoundTripSimpleObjects" name="testBooleanArray[3]" time="0.004" />
  <testcase classname="com.ibm.juno.core.test.a.rttests.CT_RoundTripSimpleObjects" name="testIntegerArray[3]" time="0.004" />
  <testcase classname="com.ibm.juno.core.test.a.rttests.CT_RoundTripSimpleObjects" name="testInt3dArray[3]" time="0.005" />
  <testcase classname="com.ibm.juno.core.test.a.rttests.CT_RoundTripSimpleObjects" name="testShortObject[3]" time="0.003" />
  <testcase classname="com.ibm.juno.core.test.a.rttests.CT_RoundTripSimpleObjects" name="testDouble2dArray[3]" time="0.005" />
  <testcase classname="com.ibm.juno.core.test.a.rttests.CT_RoundTripSimpleObjects" name="testDoubleObjectArray[3]" time="0.004" />
  <testcase classname="com.ibm.juno.core.test.a.rttests.CT_RoundTripSimpleObjects" name="testObjectList[3]" time="0.004" />
  <testcase classname="com.ibm.juno.core.test.a.rttests.CT_RoundTripSimpleObjects" name="testString2dArray[3]" time="0.005" />
  <testcase classname="com.ibm.juno.core.test.a.rttests.CT_RoundTripSimpleObjects" name="testLong2dArray[3]" time="0.004" />
  <testcase classname="com.ibm.juno.core.test.a.rttests.CT_RoundTripSimpleObjects" name="testInteger2dArray[3]" time="0.004" />
  <testcase classname="com.ibm.juno.core.test.a.rttests.CT_RoundTripSimpleObjects" name="testChar2dArray[3]" time="0.004" />
  <testcase classname="com.ibm.juno.core.test.a.rttests.CT_RoundTripSimpleObjects" name="testFloatObject2dArray[3]" time="0.005" />
  <testcase classname="com.ibm.juno.core.test.a.rttests.CT_RoundTripSimpleObjects" name="testLongArray[3]" time="0.0" />
  <testcase classname="com.ibm.juno.core.test.a.rttests.CT_RoundTripSimpleObjects" name="testShortArray[3]" time="0.0" />
  <testcase classname="com.ibm.juno.core.test.a.rttests.CT_RoundTripSimpleObjects" name="testExtendedUnicode[3]" time="0.01" />
  <testcase classname="com.ibm.juno.core.test.a.rttests.CT_RoundTripSimpleObjects" name="testShort2dArray[3]" time="0.0" />
  <testcase classname="com.ibm.juno.core.test.a.rttests.CT_RoundTripSimpleObjects" name="testCharacter2dArray[3]" time="0.011" />
  <testcase classname="com.ibm.juno.core.test.a.rttests.CT_RoundTripSimpleObjects" name="testIntArray[3]" time="0.004" />
  <testcase classname="com.ibm.juno.core.test.a.rttests.CT_RoundTripSimpleObjects" name="testDouble[3]" time="0.003" />
  <testcase classname="com.ibm.juno.core.test.a.rttests.CT_RoundTripSimpleObjects" name="testFloat2dArray[3]" time="0.004" />
  <testcase classname="com.ibm.juno.core.test.a.rttests.CT_RoundTripSimpleObjects" name="testShortObjectArray[3]" time="0.003" />
  <testcase classname="com.ibm.juno.core.test.a.rttests.CT_RoundTripSimpleObjects" name="testInteger3dArray[3]" time="0.005" />
  <testcase classname="com.ibm.juno.core.test.a.rttests.CT_RoundTripSimpleObjects" name="testInteger[3]" time="0.003" />
  <testcase classname="com.ibm.juno.core.test.a.rttests.CT_RoundTripSimpleObjects" name="testFloatObject[3]" time="0.002" />
  <testcase classname="com.ibm.juno.core.test.a.rttests.CT_RoundTripSimpleObjects" name="testString[3]" time="0.009" />
  <testcase classname="com.ibm.juno.core.test.a.rttests.CT_RoundTripSimpleObjects" name="testDoubleObject2dArray[3]" time="0.006" />
  <testcase classname="com.ibm.juno.core.test.a.rttests.CT_RoundTripSimpleObjects" name="testBooleanObjectArray[3]" time="0.005" />
  <testcase classname="com.ibm.juno.core.test.a.rttests.CT_RoundTripSimpleObjects" name="testVector[3]" time="0.005" />
  <testcase classname="com.ibm.juno.core.test.a.rttests.CT_RoundTripSimpleObjects" name="testFloatObjectArray[3]" time="0.003" />
  <testcase classname="com.ibm.juno.core.test.a.rttests.CT_RoundTripSimpleObjects" name="testDoubleObject[3]" time="0.003" />
  <testcase classname="com.ibm.juno.core.test.a.rttests.CT_RoundTripSimpleObjects" name="testDoubleArray[3]" time="0.004" />
  <testcase classname="com.ibm.juno.core.test.a.rttests.CT_RoundTripSimpleObjects" name="testLongObjectArray[3]" time="0.004" />
  <testcase classname="com.ibm.juno.core.test.a.rttests.CT_RoundTripSimpleObjects" name="testStringArray[3]" time="0.003" />
  <testcase classname="com.ibm.juno.core.test.a.rttests.CT_RoundTripSimpleObjects" name="testCharArray[4]" time="0.0" />
  <testcase classname="com.ibm.juno.core.test.a.rttests.CT_RoundTripSimpleObjects" name="testCharacter[4]" time="0.0" />
  <testcase classname="com.ibm.juno.core.test.a.rttests.CT_RoundTripSimpleObjects" name="testFloatArray[4]" time="0.0" />
  <testcase classname="com.ibm.juno.core.test.a.rttests.CT_RoundTripSimpleObjects" name="testLongObject[4]" time="0.0" />
  <testcase classname="com.ibm.juno.core.test.a.rttests.CT_RoundTripSimpleObjects" name="testTreeMap[4]" time="0.0" />
  <testcase classname="com.ibm.juno.core.test.a.rttests.CT_RoundTripSimpleObjects" name="testInt[4]" time="0.0" />
  <testcase classname="com.ibm.juno.core.test.a.rttests.CT_RoundTripSimpleObjects" name="testFloat[4]" time="0.0" />
  <testcase classname="com.ibm.juno.core.test.a.rttests.CT_RoundTripSimpleObjects" name="testShort[4]" time="0.0" />
  <testcase classname="com.ibm.juno.core.test.a.rttests.CT_RoundTripSimpleObjects" name="testChar[4]" time="0.0" />
  <testcase classname="com.ibm.juno.core.test.a.rttests.CT_RoundTripSimpleObjects" name="testLong[4]" time="0.0" />
  <testcase classname="com.ibm.juno.core.test.a.rttests.CT_RoundTripSimpleObjects" name="testNull[4]" time="0.0" />
  <testcase classname="com.ibm.juno.core.test.a.rttests.CT_RoundTripSimpleObjects" name="testCharacterArray[4]" time="0.0" />
  <testcase classname="com.ibm.juno.core.test.a.rttests.CT_RoundTripSimpleObjects" name="testLongObject2dArray[4]" time="0.0" />
  <testcase classname="com.ibm.juno.core.test.a.rttests.CT_RoundTripSimpleObjects" name="testObjectMap[4]" time="0.0" />
  <testcase classname="com.ibm.juno.core.test.a.rttests.CT_RoundTripSimpleObjects" name="testInt2dArray[4]" time="0.0" />
  <testcase classname="com.ibm.juno.core.test.a.rttests.CT_RoundTripSimpleObjects" name="testBooleanObject[4]" time="0.0" />
  <testcase classname="com.ibm.juno.core.test.a.rttests.CT_RoundTripSimpleObjects" name="testShortObject2dArray[4]" time="0.01" />
  <testcase classname="com.ibm.juno.core.test.a.rttests.CT_RoundTripSimpleObjects" name="testBooleanObject2dArray[4]" time="0.0" />
  <testcase classname="com.ibm.juno.core.test.a.rttests.CT_RoundTripSimpleObjects" name="testBoolean[4]" time="0.0" />
  <testcase classname="com.ibm.juno.core.test.a.rttests.CT_RoundTripSimpleObjects" name="testLinkedHashMap[4]" time="0.0" />
  <testcase classname="com.ibm.juno.core.test.a.rttests.CT_RoundTripSimpleObjects" name="testBoolean2dArray[4]" time="0.0" />
  <testcase classname="com.ibm.juno.core.test.a.rttests.CT_RoundTripSimpleObjects" name="testBooleanArray[4]" time="0.0" />
  <testcase classname="com.ibm.juno.core.test.a.rttests.CT_RoundTripSimpleObjects" name="testIntegerArray[4]" time="0.0" />
  <testcase classname="com.ibm.juno.core.test.a.rttests.CT_RoundTripSimpleObjects" name="testInt3dArray[4]" time="0.0" />
  <testcase classname="com.ibm.juno.core.test.a.rttests.CT_RoundTripSimpleObjects" name="testShortObject[4]" time="0.01" />
  <testcase classname="com.ibm.juno.core.test.a.rttests.CT_RoundTripSimpleObjects" name="testDouble2dArray[4]" time="0.0" />
  <testcase classname="com.ibm.juno.core.test.a.rttests.CT_RoundTripSimpleObjects" name="testDoubleObjectArray[4]" time="0.0" />
  <testcase classname="com.ibm.juno.core.test.a.rttests.CT_RoundTripSimpleObjects" name="testObjectList[4]" time="0.0" />
  <testcase classname="com.ibm.juno.core.test.a.rttests.CT_RoundTripSimpleObjects" name="testString2dArray[4]" time="0.0" />
  <testcase classname="com.ibm.juno.core.test.a.rttests.CT_RoundTripSimpleObjects" name="testLong2dArray[4]" time="0.0" />
  <testcase classname="com.ibm.juno.core.test.a.rttests.CT_RoundTripSimpleObjects" name="testInteger2dArray[4]" time="0.0" />
  <testcase classname="com.ibm.juno.core.test.a.rttests.CT_RoundTripSimpleObjects" name="testChar2dArray[4]" time="0.0" />
  <testcase classname="com.ibm.juno.core.test.a.rttests.CT_RoundTripSimpleObjects" name="testFloatObject2dArray[4]" time="0.0" />
  <testcase classname="com.ibm.juno.core.test.a.rttests.CT_RoundTripSimpleObjects" name="testLongArray[4]" time="0.0" />
  <testcase classname="com.ibm.juno.core.test.a.rttests.CT_RoundTripSimpleObjects" name="testShortArray[4]" time="0.0" />
  <testcase classname="com.ibm.juno.core.test.a.rttests.CT_RoundTripSimpleObjects" name="testExtendedUnicode[4]" time="0.0" />
  <testcase classname="com.ibm.juno.core.test.a.rttests.CT_RoundTripSimpleObjects" name="testShort2dArray[4]" time="0.0" />
  <testcase classname="com.ibm.juno.core.test.a.rttests.CT_RoundTripSimpleObjects" name="testCharacter2dArray[4]" time="0.0" />
  <testcase classname="com.ibm.juno.core.test.a.rttests.CT_RoundTripSimpleObjects" name="testIntArray[4]" time="0.0" />
  <testcase classname="com.ibm.juno.core.test.a.rttests.CT_RoundTripSimpleObjects" name="testDouble[4]" time="0.0" />
  <testcase classname="com.ibm.juno.core.test.a.rttests.CT_RoundTripSimpleObjects" name="testFloat2dArray[4]" time="0.0" />
  <testcase classname="com.ibm.juno.core.test.a.rttests.CT_RoundTripSimpleObjects" name="testShortObjectArray[4]" time="0.0" />
  <testcase classname="com.ibm.juno.core.test.a.rttests.CT_RoundTripSimpleObjects" name="testInteger3dArray[4]" time="0.0" />
  <testcase classname="com.ibm.juno.core.test.a.rttests.CT_RoundTripSimpleObjects" name="testInteger[4]" time="0.0" />
  <testcase classname="com.ibm.juno.core.test.a.rttests.CT_RoundTripSimpleObjects" name="testFloatObject[4]" time="0.0" />
  <testcase classname="com.ibm.juno.core.test.a.rttests.CT_RoundTripSimpleObjects" name="testString[4]" time="0.0" />
  <testcase classname="com.ibm.juno.core.test.a.rttests.CT_RoundTripSimpleObjects" name="testDoubleObject2dArray[4]" time="0.0" />
  <testcase classname="com.ibm.juno.core.test.a.rttests.CT_RoundTripSimpleObjects" name="testBooleanObjectArray[4]" time="0.0" />
  <testcase classname="com.ibm.juno.core.test.a.rttests.CT_RoundTripSimpleObjects" name="testVector[4]" time="0.0" />
  <testcase classname="com.ibm.juno.core.test.a.rttests.CT_RoundTripSimpleObjects" name="testFloatObjectArray[4]" time="0.0" />
  <testcase classname="com.ibm.juno.core.test.a.rttests.CT_RoundTripSimpleObjects" name="testDoubleObject[4]" time="0.0" />
  <testcase classname="com.ibm.juno.core.test.a.rttests.CT_RoundTripSimpleObjects" name="testDoubleArray[4]" time="0.0" />
  <testcase classname="com.ibm.juno.core.test.a.rttests.CT_RoundTripSimpleObjects" name="testLongObjectArray[4]" time="0.0" />
  <testcase classname="com.ibm.juno.core.test.a.rttests.CT_RoundTripSimpleObjects" name="testStringArray[4]" time="0.0" />
  <testcase classname="com.ibm.juno.core.test.a.rttests.CT_RoundTripSimpleObjects" name="testCharArray[5]" time="0.0" />
  <testcase classname="com.ibm.juno.core.test.a.rttests.CT_RoundTripSimpleObjects" name="testCharacter[5]" time="0.0" />
  <testcase classname="com.ibm.juno.core.test.a.rttests.CT_RoundTripSimpleObjects" name="testFloatArray[5]" time="0.0" />
  <testcase classname="com.ibm.juno.core.test.a.rttests.CT_RoundTripSimpleObjects" name="testLongObject[5]" time="0.0" />
  <testcase classname="com.ibm.juno.core.test.a.rttests.CT_RoundTripSimpleObjects" name="testTreeMap[5]" time="0.0" />
  <testcase classname="com.ibm.juno.core.test.a.rttests.CT_RoundTripSimpleObjects" name="testInt[5]" time="0.0" />
  <testcase classname="com.ibm.juno.core.test.a.rttests.CT_RoundTripSimpleObjects" name="testFloat[5]" time="0.0" />
  <testcase classname="com.ibm.juno.core.test.a.rttests.CT_RoundTripSimpleObjects" name="testShort[5]" time="0.0" />
  <testcase classname="com.ibm.juno.core.test.a.rttests.CT_RoundTripSimpleObjects" name="testChar[5]" time="0.0" />
  <testcase classname="com.ibm.juno.core.test.a.rttests.CT_RoundTripSimpleObjects" name="testLong[5]" time="0.0" />
  <testcase classname="com.ibm.juno.core.test.a.rttests.CT_RoundTripSimpleObjects" name="testNull[5]" time="0.0" />
  <testcase classname="com.ibm.juno.core.test.a.rttests.CT_RoundTripSimpleObjects" name="testCharacterArray[5]" time="0.0" />
  <testcase classname="com.ibm.juno.core.test.a.rttests.CT_RoundTripSimpleObjects" name="testLongObject2dArray[5]" time="0.0" />
  <testcase classname="com.ibm.juno.core.test.a.rttests.CT_RoundTripSimpleObjects" name="testObjectMap[5]" time="0.0" />
  <testcase classname="com.ibm.juno.core.test.a.rttests.CT_RoundTripSimpleObjects" name="testInt2dArray[5]" time="0.0" />
  <testcase classname="com.ibm.juno.core.test.a.rttests.CT_RoundTripSimpleObjects" name="testBooleanObject[5]" time="0.0" />
  <testcase classname="com.ibm.juno.core.test.a.rttests.CT_RoundTripSimpleObjects" name="testShortObject2dArray[5]" time="0.0" />
  <testcase classname="com.ibm.juno.core.test.a.rttests.CT_RoundTripSimpleObjects" name="testBooleanObject2dArray[5]" time="0.0" />
  <testcase classname="com.ibm.juno.core.test.a.rttests.CT_RoundTripSimpleObjects" name="testBoolean[5]" time="0.0" />
  <testcase classname="com.ibm.juno.core.test.a.rttests.CT_RoundTripSimpleObjects" name="testLinkedHashMap[5]" time="0.0" />
  <testcase classname="com.ibm.juno.core.test.a.rttests.CT_RoundTripSimpleObjects" name="testBoolean2dArray[5]" time="0.0" />
  <testcase classname="com.ibm.juno.core.test.a.rttests.CT_RoundTripSimpleObjects" name="testBooleanArray[5]" time="0.0" />
  <testcase classname="com.ibm.juno.core.test.a.rttests.CT_RoundTripSimpleObjects" name="testIntegerArray[5]" time="0.0" />
  <testcase classname="com.ibm.juno.core.test.a.rttests.CT_RoundTripSimpleObjects" name="testInt3dArray[5]" time="0.0" />
  <testcase classname="com.ibm.juno.core.test.a.rttests.CT_RoundTripSimpleObjects" name="testShortObject[5]" time="0.0" />
  <testcase classname="com.ibm.juno.core.test.a.rttests.CT_RoundTripSimpleObjects" name="testDouble2dArray[5]" time="0.0" />
  <testcase classname="com.ibm.juno.core.test.a.rttests.CT_RoundTripSimpleObjects" name="testDoubleObjectArray[5]" time="0.0" />
  <testcase classname="com.ibm.juno.core.test.a.rttests.CT_RoundTripSimpleObjects" name="testObjectList[5]" time="0.0" />
  <testcase classname="com.ibm.juno.core.test.a.rttests.CT_RoundTripSimpleObjects" name="testString2dArray[5]" time="0.0" />
  <testcase classname="com.ibm.juno.core.test.a.rttests.CT_RoundTripSimpleObjects" name="testLong2dArray[5]" time="0.0" />
  <testcase classname="com.ibm.juno.core.test.a.rttests.CT_RoundTripSimpleObjects" name="testInteger2dArray[5]" time="0.0" />
  <testcase classname="com.ibm.juno.core.test.a.rttests.CT_RoundTripSimpleObjects" name="testChar2dArray[5]" time="0.0" />
  <testcase classname="com.ibm.juno.core.test.a.rttests.CT_RoundTripSimpleObjects" name="testFloatObject2dArray[5]" time="0.0" />
  <testcase classname="com.ibm.juno.core.test.a.rttests.CT_RoundTripSimpleObjects" name="testLongArray[5]" time="0.0" />
  <testcase classname="com.ibm.juno.core.test.a.rttests.CT_RoundTripSimpleObjects" name="testShortArray[5]" time="0.0" />
  <testcase classname="com.ibm.juno.core.test.a.rttests.CT_RoundTripSimpleObjects" name="testExtendedUnicode[5]" time="0.0" />
  <testcase classname="com.ibm.juno.core.test.a.rttests.CT_RoundTripSimpleObjects" name="testShort2dArray[5]" time="0.0" />
  <testcase classname="com.ibm.juno.core.test.a.rttests.CT_RoundTripSimpleObjects" name="testCharacter2dArray[5]" time="0.0" />
  <testcase classname="com.ibm.juno.core.test.a.rttests.CT_RoundTripSimpleObjects" name="testIntArray[5]" time="0.0" />
  <testcase classname="com.ibm.juno.core.test.a.rttests.CT_RoundTripSimpleObjects" name="testDouble[5]" time="0.01" />
  <testcase classname="com.ibm.juno.core.test.a.rttests.CT_RoundTripSimpleObjects" name="testFloat2dArray[5]" time="0.0" />
  <testcase classname="com.ibm.juno.core.test.a.rttests.CT_RoundTripSimpleObjects" name="testShortObjectArray[5]" time="0.0" />
  <testcase classname="com.ibm.juno.core.test.a.rttests.CT_RoundTripSimpleObjects" name="testInteger3dArray[5]" time="0.0" />
  <testcase classname="com.ibm.juno.core.test.a.rttests.CT_RoundTripSimpleObjects" name="testInteger[5]" time="0.0" />
  <testcase classname="com.ibm.juno.core.test.a.rttests.CT_RoundTripSimpleObjects" name="testFloatObject[5]" time="0.0" />
  <testcase classname="com.ibm.juno.core.test.a.rttests.CT_RoundTripSimpleObjects" name="testString[5]" time="0.0" />
  <testcase classname="com.ibm.juno.core.test.a.rttests.CT_RoundTripSimpleObjects" name="testDoubleObject2dArray[5]" time="0.0" />
  <testcase classname="com.ibm.juno.core.test.a.rttests.CT_RoundTripSimpleObjects" name="testBooleanObjectArray[5]" time="0.0" />
  <testcase classname="com.ibm.juno.core.test.a.rttests.CT_RoundTripSimpleObjects" name="testVector[5]" time="0.0" />
  <testcase classname="com.ibm.juno.core.test.a.rttests.CT_RoundTripSimpleObjects" name="testFloatObjectArray[5]" time="0.0" />
  <testcase classname="com.ibm.juno.core.test.a.rttests.CT_RoundTripSimpleObjects" name="testDoubleObject[5]" time="0.01" />
  <testcase classname="com.ibm.juno.core.test.a.rttests.CT_RoundTripSimpleObjects" name="testDoubleArray[5]" time="0.0" />
  <testcase classname="com.ibm.juno.core.test.a.rttests.CT_RoundTripSimpleObjects" name="testLongObjectArray[5]" time="0.0" />
  <testcase classname="com.ibm.juno.core.test.a.rttests.CT_RoundTripSimpleObjects" name="testStringArray[5]" time="0.0" />
  <testcase classname="com.ibm.juno.core.test.a.rttests.CT_RoundTripSimpleObjects" name="testCharArray[6]" time="0.0" />
  <testcase classname="com.ibm.juno.core.test.a.rttests.CT_RoundTripSimpleObjects" name="testCharacter[6]" time="0.0" />
  <testcase classname="com.ibm.juno.core.test.a.rttests.CT_RoundTripSimpleObjects" name="testFloatArray[6]" time="0.0" />
  <testcase classname="com.ibm.juno.core.test.a.rttests.CT_RoundTripSimpleObjects" name="testLongObject[6]" time="0.0" />
  <testcase classname="com.ibm.juno.core.test.a.rttests.CT_RoundTripSimpleObjects" name="testTreeMap[6]" time="0.01" />
  <testcase classname="com.ibm.juno.core.test.a.rttests.CT_RoundTripSimpleObjects" name="testInt[6]" time="0.0" />
  <testcase classname="com.ibm.juno.core.test.a.rttests.CT_RoundTripSimpleObjects" name="testFloat[6]" time="0.0" />
  <testcase classname="com.ibm.juno.core.test.a.rttests.CT_RoundTripSimpleObjects" name="testShort[6]" time="0.0" />
  <testcase classname="com.ibm.juno.core.test.a.rttests.CT_RoundTripSimpleObjects" name="testChar[6]" time="0.0" />
  <testcase classname="com.ibm.juno.core.test.a.rttests.CT_RoundTripSimpleObjects" name="testLong[6]" time="0.0" />
  <testcase classname="com.ibm.juno.core.test.a.rttests.CT_RoundTripSimpleObjects" name="testNull[6]" time="0.0" />
  <testcase classname="com.ibm.juno.core.test.a.rttests.CT_RoundTripSimpleObjects" name="testCharacterArray[6]" time="0.0" />
  <testcase classname="com.ibm.juno.core.test.a.rttests.CT_RoundTripSimpleObjects" name="testLongObject2dArray[6]" time="0.0" />
  <testcase classname="com.ibm.juno.core.test.a.rttests.CT_RoundTripSimpleObjects" name="testObjectMap[6]" time="0.01" />
  <testcase classname="com.ibm.juno.core.test.a.rttests.CT_RoundTripSimpleObjects" name="testInt2dArray[6]" time="0.0" />
  <testcase classname="com.ibm.juno.core.test.a.rttests.CT_RoundTripSimpleObjects" name="testBooleanObject[6]" time="0.0" />
  <testcase classname="com.ibm.juno.core.test.a.rttests.CT_RoundTripSimpleObjects" name="testShortObject2dArray[6]" time="0.0" />
  <testcase classname="com.ibm.juno.core.test.a.rttests.CT_RoundTripSimpleObjects" name="testBooleanObject2dArray[6]" time="0.0" />
  <testcase classname="com.ibm.juno.core.test.a.rttests.CT_RoundTripSimpleObjects" name="testBoolean[6]" time="0.0" />
  <testcase classname="com.ibm.juno.core.test.a.rttests.CT_RoundTripSimpleObjects" name="testLinkedHashMap[6]" time="0.0" />
  <testcase classname="com.ibm.juno.core.test.a.rttests.CT_RoundTripSimpleObjects" name="testBoolean2dArray[6]" time="0.0" />
  <testcase classname="com.ibm.juno.core.test.a.rttests.CT_RoundTripSimpleObjects" name="testBooleanArray[6]" time="0.0" />
  <testcase classname="com.ibm.juno.core.test.a.rttests.CT_RoundTripSimpleObjects" name="testIntegerArray[6]" time="0.0" />
  <testcase classname="com.ibm.juno.core.test.a.rttests.CT_RoundTripSimpleObjects" name="testInt3dArray[6]" time="0.01" />
  <testcase classname="com.ibm.juno.core.test.a.rttests.CT_RoundTripSimpleObjects" name="testShortObject[6]" time="0.0" />
  <testcase classname="com.ibm.juno.core.test.a.rttests.CT_RoundTripSimpleObjects" name="testDouble2dArray[6]" time="0.0" />
  <testcase classname="com.ibm.juno.core.test.a.rttests.CT_RoundTripSimpleObjects" name="testDoubleObjectArray[6]" time="0.0" />
  <testcase classname="com.ibm.juno.core.test.a.rttests.CT_RoundTripSimpleObjects" name="testObjectList[6]" time="0.0" />
  <testcase classname="com.ibm.juno.core.test.a.rttests.CT_RoundTripSimpleObjects" name="testString2dArray[6]" time="0.0" />
  <testcase classname="com.ibm.juno.core.test.a.rttests.CT_RoundTripSimpleObjects" name="testLong2dArray[6]" time="0.0" />
  <testcase classname="com.ibm.juno.core.test.a.rttests.CT_RoundTripSimpleObjects" name="testInteger2dArray[6]" time="0.0" />
  <testcase classname="com.ibm.juno.core.test.a.rttests.CT_RoundTripSimpleObjects" name="testChar2dArray[6]" time="0.0" />
  <testcase classname="com.ibm.juno.core.test.a.rttests.CT_RoundTripSimpleObjects" name="testFloatObject2dArray[6]" time="0.0" />
  <testcase classname="com.ibm.juno.core.test.a.rttests.CT_RoundTripSimpleObjects" name="testLongArray[6]" time="0.0" />
  <testcase classname="com.ibm.juno.core.test.a.rttests.CT_RoundTripSimpleObjects" name="testShortArray[6]" time="0.01" />
  <testcase classname="com.ibm.juno.core.test.a.rttests.CT_RoundTripSimpleObjects" name="testExtendedUnicode[6]" time="0.0" />
  <testcase classname="com.ibm.juno.core.test.a.rttests.CT_RoundTripSimpleObjects" name="testShort2dArray[6]" time="0.0" />
  <testcase classname="com.ibm.juno.core.test.a.rttests.CT_RoundTripSimpleObjects" name="testCharacter2dArray[6]" time="0.0" />
  <testcase classname="com.ibm.juno.core.test.a.rttests.CT_RoundTripSimpleObjects" name="testIntArray[6]" time="0.0" />
  <testcase classname="com.ibm.juno.core.test.a.rttests.CT_RoundTripSimpleObjects" name="testDouble[6]" time="0.0" />
  <testcase classname="com.ibm.juno.core.test.a.rttests.CT_RoundTripSimpleObjects" name="testFloat2dArray[6]" time="0.0" />
  <testcase classname="com.ibm.juno.core.test.a.rttests.CT_RoundTripSimpleObjects" name="testShortObjectArray[6]" time="0.0" />
  <testcase classname="com.ibm.juno.core.test.a.rttests.CT_RoundTripSimpleObjects" name="testInteger3dArray[6]" time="0.0" />
  <testcase classname="com.ibm.juno.core.test.a.rttests.CT_RoundTripSimpleObjects" name="testInteger[6]" time="0.0" />
  <testcase classname="com.ibm.juno.core.test.a.rttests.CT_RoundTripSimpleObjects" name="testFloatObject[6]" time="0.0" />
  <testcase classname="com.ibm.juno.core.test.a.rttests.CT_RoundTripSimpleObjects" name="testString[6]" time="0.01" />
  <testcase classname="com.ibm.juno.core.test.a.rttests.CT_RoundTripSimpleObjects" name="testDoubleObject2dArray[6]" time="0.0" />
  <testcase classname="com.ibm.juno.core.test.a.rttests.CT_RoundTripSimpleObjects" name="testBooleanObjectArray[6]" time="0.0" />
  <testcase classname="com.ibm.juno.core.test.a.rttests.CT_RoundTripSimpleObjects" name="testVector[6]" time="0.0" />
  <testcase classname="com.ibm.juno.core.test.a.rttests.CT_RoundTripSimpleObjects" name="testFloatObjectArray[6]" time="0.0" />
  <testcase classname="com.ibm.juno.core.test.a.rttests.CT_RoundTripSimpleObjects" name="testDoubleObject[6]" time="0.0" />
  <testcase classname="com.ibm.juno.core.test.a.rttests.CT_RoundTripSimpleObjects" name="testDoubleArray[6]" time="0.0" />
  <testcase classname="com.ibm.juno.core.test.a.rttests.CT_RoundTripSimpleObjects" name="testLongObjectArray[6]" time="0.0" />
  <testcase classname="com.ibm.juno.core.test.a.rttests.CT_RoundTripSimpleObjects" name="testStringArray[6]" time="0.0" />
  <testcase classname="com.ibm.juno.core.test.a.rttests.CT_RoundTripSimpleObjects" name="testCharArray[7]" time="0.0" />
  <testcase classname="com.ibm.juno.core.test.a.rttests.CT_RoundTripSimpleObjects" name="testCharacter[7]" time="0.0" />
  <testcase classname="com.ibm.juno.core.test.a.rttests.CT_RoundTripSimpleObjects" name="testFloatArray[7]" time="0.0" />
  <testcase classname="com.ibm.juno.core.test.a.rttests.CT_RoundTripSimpleObjects" name="testLongObject[7]" time="0.0" />
  <testcase classname="com.ibm.juno.core.test.a.rttests.CT_RoundTripSimpleObjects" name="testTreeMap[7]" time="0.0" />
  <testcase classname="com.ibm.juno.core.test.a.rttests.CT_RoundTripSimpleObjects" name="testInt[7]" time="0.0" />
  <testcase classname="com.ibm.juno.core.test.a.rttests.CT_RoundTripSimpleObjects" name="testFloat[7]" time="0.0" />
  <testcase classname="com.ibm.juno.core.test.a.rttests.CT_RoundTripSimpleObjects" name="testShort[7]" time="0.0" />
  <testcase classname="com.ibm.juno.core.test.a.rttests.CT_RoundTripSimpleObjects" name="testChar[7]" time="0.0" />
  <testcase classname="com.ibm.juno.core.test.a.rttests.CT_RoundTripSimpleObjects" name="testLong[7]" time="0.0" />
  <testcase classname="com.ibm.juno.core.test.a.rttests.CT_RoundTripSimpleObjects" name="testNull[7]" time="0.0" />
  <testcase classname="com.ibm.juno.core.test.a.rttests.CT_RoundTripSimpleObjects" name="testCharacterArray[7]" time="0.0" />
  <testcase classname="com.ibm.juno.core.test.a.rttests.CT_RoundTripSimpleObjects" name="testLongObject2dArray[7]" time="0.0" />
  <testcase classname="com.ibm.juno.core.test.a.rttests.CT_RoundTripSimpleObjects" name="testObjectMap[7]" time="0.0" />
  <testcase classname="com.ibm.juno.core.test.a.rttests.CT_RoundTripSimpleObjects" name="testInt2dArray[7]" time="0.0" />
  <testcase classname="com.ibm.juno.core.test.a.rttests.CT_RoundTripSimpleObjects" name="testBooleanObject[7]" time="0.0" />
  <testcase classname="com.ibm.juno.core.test.a.rttests.CT_RoundTripSimpleObjects" name="testShortObject2dArray[7]" time="0.0" />
  <testcase classname="com.ibm.juno.core.test.a.rttests.CT_RoundTripSimpleObjects" name="testBooleanObject2dArray[7]" time="0.0" />
  <testcase classname="com.ibm.juno.core.test.a.rttests.CT_RoundTripSimpleObjects" name="testBoolean[7]" time="0.0" />
  <testcase classname="com.ibm.juno.core.test.a.rttests.CT_RoundTripSimpleObjects" name="testLinkedHashMap[7]" time="0.0" />
  <testcase classname="com.ibm.juno.core.test.a.rttests.CT_RoundTripSimpleObjects" name="testBoolean2dArray[7]" time="0.0" />
  <testcase classname="com.ibm.juno.core.test.a.rttests.CT_RoundTripSimpleObjects" name="testBooleanArray[7]" time="0.0" />
  <testcase classname="com.ibm.juno.core.test.a.rttests.CT_RoundTripSimpleObjects" name="testIntegerArray[7]" time="0.0" />
  <testcase classname="com.ibm.juno.core.test.a.rttests.CT_RoundTripSimpleObjects" name="testInt3dArray[7]" time="0.0" />
  <testcase classname="com.ibm.juno.core.test.a.rttests.CT_RoundTripSimpleObjects" name="testShortObject[7]" time="0.0" />
  <testcase classname="com.ibm.juno.core.test.a.rttests.CT_RoundTripSimpleObjects" name="testDouble2dArray[7]" time="0.0" />
  <testcase classname="com.ibm.juno.core.test.a.rttests.CT_RoundTripSimpleObjects" name="testDoubleObjectArray[7]" time="0.0" />
  <testcase classname="com.ibm.juno.core.test.a.rttests.CT_RoundTripSimpleObjects" name="testObjectList[7]" time="0.0" />
  <testcase classname="com.ibm.juno.core.test.a.rttests.CT_RoundTripSimpleObjects" name="testString2dArray[7]" time="0.0" />
  <testcase classname="com.ibm.juno.core.test.a.rttests.CT_RoundTripSimpleObjects" name="testLong2dArray[7]" time="0.0" />
  <testcase classname="com.ibm.juno.core.test.a.rttests.CT_RoundTripSimpleObjects" name="testInteger2dArray[7]" time="0.0" />
  <testcase classname="com.ibm.juno.core.test.a.rttests.CT_RoundTripSimpleObjects" name="testChar2dArray[7]" time="0.0" />
  <testcase classname="com.ibm.juno.core.test.a.rttests.CT_RoundTripSimpleObjects" name="testFloatObject2dArray[7]" time="0.0" />
  <testcase classname="com.ibm.juno.core.test.a.rttests.CT_RoundTripSimpleObjects" name="testLongArray[7]" time="0.0" />
  <testcase classname="com.ibm.juno.core.test.a.rttests.CT_RoundTripSimpleObjects" name="testShortArray[7]" time="0.0" />
  <testcase classname="com.ibm.juno.core.test.a.rttests.CT_RoundTripSimpleObjects" name="testExtendedUnicode[7]" time="0.0" />
  <testcase classname="com.ibm.juno.core.test.a.rttests.CT_RoundTripSimpleObjects" name="testShort2dArray[7]" time="0.0" />
  <testcase classname="com.ibm.juno.core.test.a.rttests.CT_RoundTripSimpleObjects" name="testCharacter2dArray[7]" time="0.0" />
  <testcase classname="com.ibm.juno.core.test.a.rttests.CT_RoundTripSimpleObjects" name="testIntArray[7]" time="0.0" />
  <testcase classname="com.ibm.juno.core.test.a.rttests.CT_RoundTripSimpleObjects" name="testDouble[7]" time="0.0" />
  <testcase classname="com.ibm.juno.core.test.a.rttests.CT_RoundTripSimpleObjects" name="testFloat2dArray[7]" time="0.0" />
  <testcase classname="com.ibm.juno.core.test.a.rttests.CT_RoundTripSimpleObjects" name="testShortObjectArray[7]" time="0.0" />
  <testcase classname="com.ibm.juno.core.test.a.rttests.CT_RoundTripSimpleObjects" name="testInteger3dArray[7]" time="0.0" />
  <testcase classname="com.ibm.juno.core.test.a.rttests.CT_RoundTripSimpleObjects" name="testInteger[7]" time="0.0" />
  <testcase classname="com.ibm.juno.core.test.a.rttests.CT_RoundTripSimpleObjects" name="testFloatObject[7]" time="0.0" />
  <testcase classname="com.ibm.juno.core.test.a.rttests.CT_RoundTripSimpleObjects" name="testString[7]" time="0.0" />
  <testcase classname="com.ibm.juno.core.test.a.rttests.CT_RoundTripSimpleObjects" name="testDoubleObject2dArray[7]" time="0.0" />
  <testcase classname="com.ibm.juno.core.test.a.rttests.CT_RoundTripSimpleObjects" name="testBooleanObjectArray[7]" time="0.0" />
  <testcase classname="com.ibm.juno.core.test.a.rttests.CT_RoundTripSimpleObjects" name="testVector[7]" time="0.0" />
  <testcase classname="com.ibm.juno.core.test.a.rttests.CT_RoundTripSimpleObjects" name="testFloatObjectArray[7]" time="0.0" />
  <testcase classname="com.ibm.juno.core.test.a.rttests.CT_RoundTripSimpleObjects" name="testDoubleObject[7]" time="0.0" />
  <testcase classname="com.ibm.juno.core.test.a.rttests.CT_RoundTripSimpleObjects" name="testDoubleArray[7]" time="0.01" />
  <testcase classname="com.ibm.juno.core.test.a.rttests.CT_RoundTripSimpleObjects" name="testLongObjectArray[7]" time="0.0" />
  <testcase classname="com.ibm.juno.core.test.a.rttests.CT_RoundTripSimpleObjects" name="testStringArray[7]" time="0.0" />
  <testcase classname="com.ibm.juno.core.test.a.rttests.CT_RoundTripSimpleObjects" name="testCharArray[8]" time="0.0" />
  <testcase classname="com.ibm.juno.core.test.a.rttests.CT_RoundTripSimpleObjects" name="testCharacter[8]" time="0.0" />
  <testcase classname="com.ibm.juno.core.test.a.rttests.CT_RoundTripSimpleObjects" name="testFloatArray[8]" time="0.0" />
  <testcase classname="com.ibm.juno.core.test.a.rttests.CT_RoundTripSimpleObjects" name="testLongObject[8]" time="0.0" />
  <testcase classname="com.ibm.juno.core.test.a.rttests.CT_RoundTripSimpleObjects" name="testTreeMap[8]" time="0.0" />
  <testcase classname="com.ibm.juno.core.test.a.rttests.CT_RoundTripSimpleObjects" name="testInt[8]" time="0.0" />
  <testcase classname="com.ibm.juno.core.test.a.rttests.CT_RoundTripSimpleObjects" name="testFloat[8]" time="0.0" />
  <testcase classname="com.ibm.juno.core.test.a.rttests.CT_RoundTripSimpleObjects" name="testShort[8]" time="0.0" />
  <testcase classname="com.ibm.juno.core.test.a.rttests.CT_RoundTripSimpleObjects" name="testChar[8]" time="0.0" />
  <testcase classname="com.ibm.juno.core.test.a.rttests.CT_RoundTripSimpleObjects" name="testLong[8]" time="0.0" />
  <testcase classname="com.ibm.juno.core.test.a.rttests.CT_RoundTripSimpleObjects" name="testNull[8]" time="0.0" />
  <testcase classname="com.ibm.juno.core.test.a.rttests.CT_RoundTripSimpleObjects" name="testCharacterArray[8]" time="0.0" />
  <testcase classname="com.ibm.juno.core.test.a.rttests.CT_RoundTripSimpleObjects" name="testLongObject2dArray[8]" time="0.0" />
  <testcase classname="com.ibm.juno.core.test.a.rttests.CT_RoundTripSimpleObjects" name="testObjectMap[8]" time="0.0" />
  <testcase classname="com.ibm.juno.core.test.a.rttests.CT_RoundTripSimpleObjects" name="testInt2dArray[8]" time="0.0" />
  <testcase classname="com.ibm.juno.core.test.a.rttests.CT_RoundTripSimpleObjects" name="testBooleanObject[8]" time="0.0" />
  <testcase classname="com.ibm.juno.core.test.a.rttests.CT_RoundTripSimpleObjects" name="testShortObject2dArray[8]" time="0.0" />
  <testcase classname="com.ibm.juno.core.test.a.rttests.CT_RoundTripSimpleObjects" name="testBooleanObject2dArray[8]" time="0.0" />
  <testcase classname="com.ibm.juno.core.test.a.rttests.CT_RoundTripSimpleObjects" name="testBoolean[8]" time="0.0" />
  <testcase classname="com.ibm.juno.core.test.a.rttests.CT_RoundTripSimpleObjects" name="testLinkedHashMap[8]" time="0.0" />
  <testcase classname="com.ibm.juno.core.test.a.rttests.CT_RoundTripSimpleObjects" name="testBoolean2dArray[8]" time="0.0" />
  <testcase classname="com.ibm.juno.core.test.a.rttests.CT_RoundTripSimpleObjects" name="testBooleanArray[8]" time="0.0" />
  <testcase classname="com.ibm.juno.core.test.a.rttests.CT_RoundTripSimpleObjects" name="testIntegerArray[8]" time="0.0" />
  <testcase classname="com.ibm.juno.core.test.a.rttests.CT_RoundTripSimpleObjects" name="testInt3dArray[8]" time="0.0" />
  <testcase classname="com.ibm.juno.core.test.a.rttests.CT_RoundTripSimpleObjects" name="testShortObject[8]" time="0.0" />
  <testcase classname="com.ibm.juno.core.test.a.rttests.CT_RoundTripSimpleObjects" name="testDouble2dArray[8]" time="0.0" />
  <testcase classname="com.ibm.juno.core.test.a.rttests.CT_RoundTripSimpleObjects" name="testDoubleObjectArray[8]" time="0.0" />
  <testcase classname="com.ibm.juno.core.test.a.rttests.CT_RoundTripSimpleObjects" name="testObjectList[8]" time="0.0" />
  <testcase classname="com.ibm.juno.core.test.a.rttests.CT_RoundTripSimpleObjects" name="testString2dArray[8]" time="0.0" />
  <testcase classname="com.ibm.juno.core.test.a.rttests.CT_RoundTripSimpleObjects" name="testLong2dArray[8]" time="0.0" />
  <testcase classname="com.ibm.juno.core.test.a.rttests.CT_RoundTripSimpleObjects" name="testInteger2dArray[8]" time="0.0" />
  <testcase classname="com.ibm.juno.core.test.a.rttests.CT_RoundTripSimpleObjects" name="testChar2dArray[8]" time="0.0" />
  <testcase classname="com.ibm.juno.core.test.a.rttests.CT_RoundTripSimpleObjects" name="testFloatObject2dArray[8]" time="0.0" />
  <testcase classname="com.ibm.juno.core.test.a.rttests.CT_RoundTripSimpleObjects" name="testLongArray[8]" time="0.0" />
  <testcase classname="com.ibm.juno.core.test.a.rttests.CT_RoundTripSimpleObjects" name="testShortArray[8]" time="0.0" />
  <testcase classname="com.ibm.juno.core.test.a.rttests.CT_RoundTripSimpleObjects" name="testExtendedUnicode[8]" time="0.0" />
  <testcase classname="com.ibm.juno.core.test.a.rttests.CT_RoundTripSimpleObjects" name="testShort2dArray[8]" time="0.0" />
  <testcase classname="com.ibm.juno.core.test.a.rttests.CT_RoundTripSimpleObjects" name="testCharacter2dArray[8]" time="0.0" />
  <testcase classname="com.ibm.juno.core.test.a.rttests.CT_RoundTripSimpleObjects" name="testIntArray[8]" time="0.0" />
  <testcase classname="com.ibm.juno.core.test.a.rttests.CT_RoundTripSimpleObjects" name="testDouble[8]" time="0.0" />
  <testcase classname="com.ibm.juno.core.test.a.rttests.CT_RoundTripSimpleObjects" name="testFloat2dArray[8]" time="0.0" />
  <testcase classname="com.ibm.juno.core.test.a.rttests.CT_RoundTripSimpleObjects" name="testShortObjectArray[8]" time="0.0" />
  <testcase classname="com.ibm.juno.core.test.a.rttests.CT_RoundTripSimpleObjects" name="testInteger3dArray[8]" time="0.0" />
  <testcase classname="com.ibm.juno.core.test.a.rttests.CT_RoundTripSimpleObjects" name="testInteger[8]" time="0.0" />
  <testcase classname="com.ibm.juno.core.test.a.rttests.CT_RoundTripSimpleObjects" name="testFloatObject[8]" time="0.0" />
  <testcase classname="com.ibm.juno.core.test.a.rttests.CT_RoundTripSimpleObjects" name="testString[8]" time="0.0" />
  <testcase classname="com.ibm.juno.core.test.a.rttests.CT_RoundTripSimpleObjects" name="testDoubleObject2dArray[8]" time="0.0" />
  <testcase classname="com.ibm.juno.core.test.a.rttests.CT_RoundTripSimpleObjects" name="testBooleanObjectArray[8]" time="0.0" />
  <testcase classname="com.ibm.juno.core.test.a.rttests.CT_RoundTripSimpleObjects" name="testVector[8]" time="0.0" />
  <testcase classname="com.ibm.juno.core.test.a.rttests.CT_RoundTripSimpleObjects" name="testFloatObjectArray[8]" time="0.0" />
  <testcase classname="com.ibm.juno.core.test.a.rttests.CT_RoundTripSimpleObjects" name="testDoubleObject[8]" time="0.0" />
  <testcase classname="com.ibm.juno.core.test.a.rttests.CT_RoundTripSimpleObjects" name="testDoubleArray[8]" time="0.0" />
  <testcase classname="com.ibm.juno.core.test.a.rttests.CT_RoundTripSimpleObjects" name="testLongObjectArray[8]" time="0.0" />
  <testcase classname="com.ibm.juno.core.test.a.rttests.CT_RoundTripSimpleObjects" name="testStringArray[8]" time="0.0" />
  <testcase classname="com.ibm.juno.core.test.a.rttests.CT_RoundTripSimpleObjects" name="testCharArray[9]" time="0.0" />
  <testcase classname="com.ibm.juno.core.test.a.rttests.CT_RoundTripSimpleObjects" name="testCharacter[9]" time="0.0" />
  <testcase classname="com.ibm.juno.core.test.a.rttests.CT_RoundTripSimpleObjects" name="testFloatArray[9]" time="0.0" />
  <testcase classname="com.ibm.juno.core.test.a.rttests.CT_RoundTripSimpleObjects" name="testLongObject[9]" time="0.0" />
  <testcase classname="com.ibm.juno.core.test.a.rttests.CT_RoundTripSimpleObjects" name="testTreeMap[9]" time="0.0" />
  <testcase classname="com.ibm.juno.core.test.a.rttests.CT_RoundTripSimpleObjects" name="testInt[9]" time="0.0" />
  <testcase classname="com.ibm.juno.core.test.a.rttests.CT_RoundTripSimpleObjects" name="testFloat[9]" time="0.0" />
  <testcase classname="com.ibm.juno.core.test.a.rttests.CT_RoundTripSimpleObjects" name="testShort[9]" time="0.0" />
  <testcase classname="com.ibm.juno.core.test.a.rttests.CT_RoundTripSimpleObjects" name="testChar[9]" time="0.0" />
  <testcase classname="com.ibm.juno.core.test.a.rttests.CT_RoundTripSimpleObjects" name="testLong[9]" time="0.0" />
  <testcase classname="com.ibm.juno.core.test.a.rttests.CT_RoundTripSimpleObjects" name="testNull[9]" time="0.0" />
  <testcase classname="com.ibm.juno.core.test.a.rttests.CT_RoundTripSimpleObjects" name="testCharacterArray[9]" time="0.0" />
  <testcase classname="com.ibm.juno.core.test.a.rttests.CT_RoundTripSimpleObjects" name="testLongObject2dArray[9]" time="0.0" />
  <testcase classname="com.ibm.juno.core.test.a.rttests.CT_RoundTripSimpleObjects" name="testObjectMap[9]" time="0.0" />
  <testcase classname="com.ibm.juno.core.test.a.rttests.CT_RoundTripSimpleObjects" name="testInt2dArray[9]" time="0.01" />
  <testcase classname="com.ibm.juno.core.test.a.rttests.CT_RoundTripSimpleObjects" name="testBooleanObject[9]" time="0.0" />
  <testcase classname="com.ibm.juno.core.test.a.rttests.CT_RoundTripSimpleObjects" name="testShortObject2dArray[9]" time="0.0" />
  <testcase classname="com.ibm.juno.core.test.a.rttests.CT_RoundTripSimpleObjects" name="testBooleanObject2dArray[9]" time="0.0" />
  <testcase classname="com.ibm.juno.core.test.a.rttests.CT_RoundTripSimpleObjects" name="testBoolean[9]" time="0.0" />
  <testcase classname="com.ibm.juno.core.test.a.rttests.CT_RoundTripSimpleObjects" name="testLinkedHashMap[9]" time="0.0" />
  <testcase classname="com.ibm.juno.core.test.a.rttests.CT_RoundTripSimpleObjects" name="testBoolean2dArray[9]" time="0.0" />
  <testcase classname="com.ibm.juno.core.test.a.rttests.CT_RoundTripSimpleObjects" name="testBooleanArray[9]" time="0.0" />
  <testcase classname="com.ibm.juno.core.test.a.rttests.CT_RoundTripSimpleObjects" name="testIntegerArray[9]" time="0.0" />
  <testcase classname="com.ibm.juno.core.test.a.rttests.CT_RoundTripSimpleObjects" name="testInt3dArray[9]" time="0.0" />
  <testcase classname="com.ibm.juno.core.test.a.rttests.CT_RoundTripSimpleObjects" name="testShortObject[9]" time="0.0" />
  <testcase classname="com.ibm.juno.core.test.a.rttests.CT_RoundTripSimpleObjects" name="testDouble2dArray[9]" time="0.0" />
  <testcase classname="com.ibm.juno.core.test.a.rttests.CT_RoundTripSimpleObjects" name="testDoubleObjectArray[9]" time="0.0" />
  <testcase classname="com.ibm.juno.core.test.a.rttests.CT_RoundTripSimpleObjects" name="testObjectList[9]" time="0.0" />
  <testcase classname="com.ibm.juno.core.test.a.rttests.CT_RoundTripSimpleObjects" name="testString2dArray[9]" time="0.0" />
  <testcase classname="com.ibm.juno.core.test.a.rttests.CT_RoundTripSimpleObjects" name="testLong2dArray[9]" time="0.0" />
  <testcase classname="com.ibm.juno.core.test.a.rttests.CT_RoundTripSimpleObjects" name="testInteger2dArray[9]" time="0.0" />
  <testcase classname="com.ibm.juno.core.test.a.rttests.CT_RoundTripSimpleObjects" name="testChar2dArray[9]" time="0.0" />
  <testcase classname="com.ibm.juno.core.test.a.rttests.CT_RoundTripSimpleObjects" name="testFloatObject2dArray[9]" time="0.0" />
  <testcase classname="com.ibm.juno.core.test.a.rttests.CT_RoundTripSimpleObjects" name="testLongArray[9]" time="0.0" />
  <testcase classname="com.ibm.juno.core.test.a.rttests.CT_RoundTripSimpleObjects" name="testShortArray[9]" time="0.0" />
  <testcase classname="com.ibm.juno.core.test.a.rttests.CT_RoundTripSimpleObjects" name="testExtendedUnicode[9]" time="0.0" />
  <testcase classname="com.ibm.juno.core.test.a.rttests.CT_RoundTripSimpleObjects" name="testShort2dArray[9]" time="0.0" />
  <testcase classname="com.ibm.juno.core.test.a.rttests.CT_RoundTripSimpleObjects" name="testCharacter2dArray[9]" time="0.0" />
  <testcase classname="com.ibm.juno.core.test.a.rttests.CT_RoundTripSimpleObjects" name="testIntArray[9]" time="0.0" />
  <testcase classname="com.ibm.juno.core.test.a.rttests.CT_RoundTripSimpleObjects" name="testDouble[9]" time="0.0" />
  <testcase classname="com.ibm.juno.core.test.a.rttests.CT_RoundTripSimpleObjects" name="testFloat2dArray[9]" time="0.0" />
  <testcase classname="com.ibm.juno.core.test.a.rttests.CT_RoundTripSimpleObjects" name="testShortObjectArray[9]" time="0.0" />
  <testcase classname="com.ibm.juno.core.test.a.rttests.CT_RoundTripSimpleObjects" name="testInteger3dArray[9]" time="0.0" />
  <testcase classname="com.ibm.juno.core.test.a.rttests.CT_RoundTripSimpleObjects" name="testInteger[9]" time="0.0" />
  <testcase classname="com.ibm.juno.core.test.a.rttests.CT_RoundTripSimpleObjects" name="testFloatObject[9]" time="0.0" />
  <testcase classname="com.ibm.juno.core.test.a.rttests.CT_RoundTripSimpleObjects" name="testString[9]" time="0.0" />
  <testcase classname="com.ibm.juno.core.test.a.rttests.CT_RoundTripSimpleObjects" name="testDoubleObject2dArray[9]" time="0.0" />
  <testcase classname="com.ibm.juno.core.test.a.rttests.CT_RoundTripSimpleObjects" name="testBooleanObjectArray[9]" time="0.0" />
  <testcase classname="com.ibm.juno.core.test.a.rttests.CT_RoundTripSimpleObjects" name="testVector[9]" time="0.0" />
  <testcase classname="com.ibm.juno.core.test.a.rttests.CT_RoundTripSimpleObjects" name="testFloatObjectArray[9]" time="0.0" />
  <testcase classname="com.ibm.juno.core.test.a.rttests.CT_RoundTripSimpleObjects" name="testDoubleObject[9]" time="0.0" />
  <testcase classname="com.ibm.juno.core.test.a.rttests.CT_RoundTripSimpleObjects" name="testDoubleArray[9]" time="0.0" />
  <testcase classname="com.ibm.juno.core.test.a.rttests.CT_RoundTripSimpleObjects" name="testLongObjectArray[9]" time="0.0" />
  <testcase classname="com.ibm.juno.core.test.a.rttests.CT_RoundTripSimpleObjects" name="testStringArray[9]" time="0.0" />
  <testcase classname="com.ibm.juno.core.test.a.rttests.CT_RoundTripSimpleObjects" name="testCharArray[10]" time="0.0" />
  <testcase classname="com.ibm.juno.core.test.a.rttests.CT_RoundTripSimpleObjects" name="testCharacter[10]" time="0.0" />
  <testcase classname="com.ibm.juno.core.test.a.rttests.CT_RoundTripSimpleObjects" name="testFloatArray[10]" time="0.0" />
  <testcase classname="com.ibm.juno.core.test.a.rttests.CT_RoundTripSimpleObjects" name="testLongObject[10]" time="0.0" />
  <testcase classname="com.ibm.juno.core.test.a.rttests.CT_RoundTripSimpleObjects" name="testTreeMap[10]" time="0.0" />
  <testcase classname="com.ibm.juno.core.test.a.rttests.CT_RoundTripSimpleObjects" name="testInt[10]" time="0.01" />
  <testcase classname="com.ibm.juno.core.test.a.rttests.CT_RoundTripSimpleObjects" name="testFloat[10]" time="0.0" />
  <testcase classname="com.ibm.juno.core.test.a.rttests.CT_RoundTripSimpleObjects" name="testShort[10]" time="0.0" />
  <testcase classname="com.ibm.juno.core.test.a.rttests.CT_RoundTripSimpleObjects" name="testChar[10]" time="0.0" />
  <testcase classname="com.ibm.juno.core.test.a.rttests.CT_RoundTripSimpleObjects" name="testLong[10]" time="0.0" />
  <testcase classname="com.ibm.juno.core.test.a.rttests.CT_RoundTripSimpleObjects" name="testNull[10]" time="0.0" />
  <testcase classname="com.ibm.juno.core.test.a.rttests.CT_RoundTripSimpleObjects" name="testCharacterArray[10]" time="0.0" />
  <testcase classname="com.ibm.juno.core.test.a.rttests.CT_RoundTripSimpleObjects" name="testLongObject2dArray[10]" time="0.0" />
  <testcase classname="com.ibm.juno.core.test.a.rttests.CT_RoundTripSimpleObjects" name="testObjectMap[10]" time="0.0" />
  <testcase classname="com.ibm.juno.core.test.a.rttests.CT_RoundTripSimpleObjects" name="testInt2dArray[10]" time="0.0" />
  <testcase classname="com.ibm.juno.core.test.a.rttests.CT_RoundTripSimpleObjects" name="testBooleanObject[10]" time="0.0" />
  <testcase classname="com.ibm.juno.core.test.a.rttests.CT_RoundTripSimpleObjects" name="testShortObject2dArray[10]" time="0.0" />
  <testcase classname="com.ibm.juno.core.test.a.rttests.CT_RoundTripSimpleObjects" name="testBooleanObject2dArray[10]" time="0.0" />
  <testcase classname="com.ibm.juno.core.test.a.rttests.CT_RoundTripSimpleObjects" name="testBoolean[10]" time="0.0" />
  <testcase classname="com.ibm.juno.core.test.a.rttests.CT_RoundTripSimpleObjects" name="testLinkedHashMap[10]" time="0.0" />
  <testcase classname="com.ibm.juno.core.test.a.rttests.CT_RoundTripSimpleObjects" name="testBoolean2dArray[10]" time="0.0" />
  <testcase classname="com.ibm.juno.core.test.a.rttests.CT_RoundTripSimpleObjects" name="testBooleanArray[10]" time="0.0" />
  <testcase classname="com.ibm.juno.core.test.a.rttests.CT_RoundTripSimpleObjects" name="testIntegerArray[10]" time="0.0" />
  <testcase classname="com.ibm.juno.core.test.a.rttests.CT_RoundTripSimpleObjects" name="testInt3dArray[10]" time="0.0" />
  <testcase classname="com.ibm.juno.core.test.a.rttests.CT_RoundTripSimpleObjects" name="testShortObject[10]" time="0.0" />
  <testcase classname="com.ibm.juno.core.test.a.rttests.CT_RoundTripSimpleObjects" name="testDouble2dArray[10]" time="0.01" />
  <testcase classname="com.ibm.juno.core.test.a.rttests.CT_RoundTripSimpleObjects" name="testDoubleObjectArray[10]" time="0.0" />
  <testcase classname="com.ibm.juno.core.test.a.rttests.CT_RoundTripSimpleObjects" name="testObjectList[10]" time="0.0" />
  <testcase classname="com.ibm.juno.core.test.a.rttests.CT_RoundTripSimpleObjects" name="testString2dArray[10]" time="0.0" />
  <testcase classname="com.ibm.juno.core.test.a.rttests.CT_RoundTripSimpleObjects" name="testLong2dArray[10]" time="0.0" />
  <testcase classname="com.ibm.juno.core.test.a.rttests.CT_RoundTripSimpleObjects" name="testInteger2dArray[10]" time="0.0" />
  <testcase classname="com.ibm.juno.core.test.a.rttests.CT_RoundTripSimpleObjects" name="testChar2dArray[10]" time="0.0" />
  <testcase classname="com.ibm.juno.core.test.a.rttests.CT_RoundTripSimpleObjects" name="testFloatObject2dArray[10]" time="0.0" />
  <testcase classname="com.ibm.juno.core.test.a.rttests.CT_RoundTripSimpleObjects" name="testLongArray[10]" time="0.0" />
  <testcase classname="com.ibm.juno.core.test.a.rttests.CT_RoundTripSimpleObjects" name="testShortArray[10]" time="0.0" />
  <testcase classname="com.ibm.juno.core.test.a.rttests.CT_RoundTripSimpleObjects" name="testExtendedUnicode[10]" time="0.0" />
  <testcase classname="com.ibm.juno.core.test.a.rttests.CT_RoundTripSimpleObjects" name="testShort2dArray[10]" time="0.0" />
  <testcase classname="com.ibm.juno.core.test.a.rttests.CT_RoundTripSimpleObjects" name="testCharacter2dArray[10]" time="0.0" />
  <testcase classname="com.ibm.juno.core.test.a.rttests.CT_RoundTripSimpleObjects" name="testIntArray[10]" time="0.0" />
  <testcase classname="com.ibm.juno.core.test.a.rttests.CT_RoundTripSimpleObjects" name="testDouble[10]" time="0.0" />
  <testcase classname="com.ibm.juno.core.test.a.rttests.CT_RoundTripSimpleObjects" name="testFloat2dArray[10]" time="0.0" />
  <testcase classname="com.ibm.juno.core.test.a.rttests.CT_RoundTripSimpleObjects" name="testShortObjectArray[10]" time="0.0" />
  <testcase classname="com.ibm.juno.core.test.a.rttests.CT_RoundTripSimpleObjects" name="testInteger3dArray[10]" time="0.0" />
  <testcase classname="com.ibm.juno.core.test.a.rttests.CT_RoundTripSimpleObjects" name="testInteger[10]" time="0.0" />
  <testcase classname="com.ibm.juno.core.test.a.rttests.CT_RoundTripSimpleObjects" name="testFloatObject[10]" time="0.0" />
  <testcase classname="com.ibm.juno.core.test.a.rttests.CT_RoundTripSimpleObjects" name="testString[10]" time="0.0" />
  <testcase classname="com.ibm.juno.core.test.a.rttests.CT_RoundTripSimpleObjects" name="testDoubleObject2dArray[10]" time="0.0" />
  <testcase classname="com.ibm.juno.core.test.a.rttests.CT_RoundTripSimpleObjects" name="testBooleanObjectArray[10]" time="0.0" />
  <testcase classname="com.ibm.juno.core.test.a.rttests.CT_RoundTripSimpleObjects" name="testVector[10]" time="0.0" />
  <testcase classname="com.ibm.juno.core.test.a.rttests.CT_RoundTripSimpleObjects" name="testFloatObjectArray[10]" time="0.0" />
  <testcase classname="com.ibm.juno.core.test.a.rttests.CT_RoundTripSimpleObjects" name="testDoubleObject[10]" time="0.0" />
  <testcase classname="com.ibm.juno.core.test.a.rttests.CT_RoundTripSimpleObjects" name="testDoubleArray[10]" time="0.0" />
  <testcase classname="com.ibm.juno.core.test.a.rttests.CT_RoundTripSimpleObjects" name="testLongObjectArray[10]" time="0.0" />
  <testcase classname="com.ibm.juno.core.test.a.rttests.CT_RoundTripSimpleObjects" name="testStringArray[10]" time="0.0" />
  <testcase classname="com.ibm.juno.core.test.a.rttests.CT_RoundTripSimpleObjects" name="testCharArray[11]" time="0.0" />
  <testcase classname="com.ibm.juno.core.test.a.rttests.CT_RoundTripSimpleObjects" name="testCharacter[11]" time="0.0" />
  <testcase classname="com.ibm.juno.core.test.a.rttests.CT_RoundTripSimpleObjects" name="testFloatArray[11]" time="0.0" />
  <testcase classname="com.ibm.juno.core.test.a.rttests.CT_RoundTripSimpleObjects" name="testLongObject[11]" time="0.0" />
  <testcase classname="com.ibm.juno.core.test.a.rttests.CT_RoundTripSimpleObjects" name="testTreeMap[11]" time="0.0" />
  <testcase classname="com.ibm.juno.core.test.a.rttests.CT_RoundTripSimpleObjects" name="testInt[11]" time="0.0" />
  <testcase classname="com.ibm.juno.core.test.a.rttests.CT_RoundTripSimpleObjects" name="testFloat[11]" time="0.0" />
  <testcase classname="com.ibm.juno.core.test.a.rttests.CT_RoundTripSimpleObjects" name="testShort[11]" time="0.0" />
  <testcase classname="com.ibm.juno.core.test.a.rttests.CT_RoundTripSimpleObjects" name="testChar[11]" time="0.0" />
  <testcase classname="com.ibm.juno.core.test.a.rttests.CT_RoundTripSimpleObjects" name="testLong[11]" time="0.0" />
  <testcase classname="com.ibm.juno.core.test.a.rttests.CT_RoundTripSimpleObjects" name="testNull[11]" time="0.0" />
  <testcase classname="com.ibm.juno.core.test.a.rttests.CT_RoundTripSimpleObjects" name="testCharacterArray[11]" time="0.0" />
  <testcase classname="com.ibm.juno.core.test.a.rttests.CT_RoundTripSimpleObjects" name="testLongObject2dArray[11]" time="0.0" />
  <testcase classname="com.ibm.juno.core.test.a.rttests.CT_RoundTripSimpleObjects" name="testObjectMap[11]" time="0.0" />
  <testcase classname="com.ibm.juno.core.test.a.rttests.CT_RoundTripSimpleObjects" name="testInt2dArray[11]" time="0.0" />
  <testcase classname="com.ibm.juno.core.test.a.rttests.CT_RoundTripSimpleObjects" name="testBooleanObject[11]" time="0.0" />
  <testcase classname="com.ibm.juno.core.test.a.rttests.CT_RoundTripSimpleObjects" name="testShortObject2dArray[11]" time="0.0" />
  <testcase classname="com.ibm.juno.core.test.a.rttests.CT_RoundTripSimpleObjects" name="testBooleanObject2dArray[11]" time="0.0" />
  <testcase classname="com.ibm.juno.core.test.a.rttests.CT_RoundTripSimpleObjects" name="testBoolean[11]" time="0.0" />
  <testcase classname="com.ibm.juno.core.test.a.rttests.CT_RoundTripSimpleObjects" name="testLinkedHashMap[11]" time="0.0" />
  <testcase classname="com.ibm.juno.core.test.a.rttests.CT_RoundTripSimpleObjects" name="testBoolean2dArray[11]" time="0.0" />
  <testcase classname="com.ibm.juno.core.test.a.rttests.CT_RoundTripSimpleObjects" name="testBooleanArray[11]" time="0.0" />
  <testcase classname="com.ibm.juno.core.test.a.rttests.CT_RoundTripSimpleObjects" name="testIntegerArray[11]" time="0.0" />
  <testcase classname="com.ibm.juno.core.test.a.rttests.CT_RoundTripSimpleObjects" name="testInt3dArray[11]" time="0.0" />
  <testcase classname="com.ibm.juno.core.test.a.rttests.CT_RoundTripSimpleObjects" name="testShortObject[11]" time="0.0" />
  <testcase classname="com.ibm.juno.core.test.a.rttests.CT_RoundTripSimpleObjects" name="testDouble2dArray[11]" time="0.0" />
  <testcase classname="com.ibm.juno.core.test.a.rttests.CT_RoundTripSimpleObjects" name="testDoubleObjectArray[11]" time="0.0" />
  <testcase classname="com.ibm.juno.core.test.a.rttests.CT_RoundTripSimpleObjects" name="testObjectList[11]" time="0.0" />
  <testcase classname="com.ibm.juno.core.test.a.rttests.CT_RoundTripSimpleObjects" name="testString2dArray[11]" time="0.0" />
  <testcase classname="com.ibm.juno.core.test.a.rttests.CT_RoundTripSimpleObjects" name="testLong2dArray[11]" time="0.0" />
  <testcase classname="com.ibm.juno.core.test.a.rttests.CT_RoundTripSimpleObjects" name="testInteger2dArray[11]" time="0.0" />
  <testcase classname="com.ibm.juno.core.test.a.rttests.CT_RoundTripSimpleObjects" name="testChar2dArray[11]" time="0.0" />
  <testcase classname="com.ibm.juno.core.test.a.rttests.CT_RoundTripSimpleObjects" name="testFloatObject2dArray[11]" time="0.0" />
  <testcase classname="com.ibm.juno.core.test.a.rttests.CT_RoundTripSimpleObjects" name="testLongArray[11]" time="0.0" />
  <testcase classname="com.ibm.juno.core.test.a.rttests.CT_RoundTripSimpleObjects" name="testShortArray[11]" time="0.0" />
  <testcase classname="com.ibm.juno.core.test.a.rttests.CT_RoundTripSimpleObjects" name="testExtendedUnicode[11]" time="0.0" />
  <testcase classname="com.ibm.juno.core.test.a.rttests.CT_RoundTripSimpleObjects" name="testShort2dArray[11]" time="0.0" />
  <testcase classname="com.ibm.juno.core.test.a.rttests.CT_RoundTripSimpleObjects" name="testCharacter2dArray[11]" time="0.0" />
  <testcase classname="com.ibm.juno.core.test.a.rttests.CT_RoundTripSimpleObjects" name="testIntArray[11]" time="0.0" />
  <testcase classname="com.ibm.juno.core.test.a.rttests.CT_RoundTripSimpleObjects" name="testDouble[11]" time="0.0" />
  <testcase classname="com.ibm.juno.core.test.a.rttests.CT_RoundTripSimpleObjects" name="testFloat2dArray[11]" time="0.0" />
  <testcase classname="com.ibm.juno.core.test.a.rttests.CT_RoundTripSimpleObjects" name="testShortObjectArray[11]" time="0.0" />
  <testcase classname="com.ibm.juno.core.test.a.rttests.CT_RoundTripSimpleObjects" name="testInteger3dArray[11]" time="0.0" />
  <testcase classname="com.ibm.juno.core.test.a.rttests.CT_RoundTripSimpleObjects" name="testInteger[11]" time="0.0" />
  <testcase classname="com.ibm.juno.core.test.a.rttests.CT_RoundTripSimpleObjects" name="testFloatObject[11]" time="0.0" />
  <testcase classname="com.ibm.juno.core.test.a.rttests.CT_RoundTripSimpleObjects" name="testString[11]" time="0.0" />
  <testcase classname="com.ibm.juno.core.test.a.rttests.CT_RoundTripSimpleObjects" name="testDoubleObject2dArray[11]" time="0.0" />
  <testcase classname="com.ibm.juno.core.test.a.rttests.CT_RoundTripSimpleObjects" name="testBooleanObjectArray[11]" time="0.0" />
  <testcase classname="com.ibm.juno.core.test.a.rttests.CT_RoundTripSimpleObjects" name="testVector[11]" time="0.0" />
  <testcase classname="com.ibm.juno.core.test.a.rttests.CT_RoundTripSimpleObjects" name="testFloatObjectArray[11]" time="0.0" />
  <testcase classname="com.ibm.juno.core.test.a.rttests.CT_RoundTripSimpleObjects" name="testDoubleObject[11]" time="0.01" />
  <testcase classname="com.ibm.juno.core.test.a.rttests.CT_RoundTripSimpleObjects" name="testDoubleArray[11]" time="0.0" />
  <testcase classname="com.ibm.juno.core.test.a.rttests.CT_RoundTripSimpleObjects" name="testLongObjectArray[11]" time="0.0" />
  <testcase classname="com.ibm.juno.core.test.a.rttests.CT_RoundTripSimpleObjects" name="testStringArray[11]" time="0.0" />
  <testcase classname="com.ibm.juno.core.test.a.rttests.CT_RoundTripSimpleObjects" name="testCharArray[12]" time="0.0" />
  <testcase classname="com.ibm.juno.core.test.a.rttests.CT_RoundTripSimpleObjects" name="testCharacter[12]" time="0.0" />
  <testcase classname="com.ibm.juno.core.test.a.rttests.CT_RoundTripSimpleObjects" name="testFloatArray[12]" time="0.0" />
  <testcase classname="com.ibm.juno.core.test.a.rttests.CT_RoundTripSimpleObjects" name="testLongObject[12]" time="0.0" />
  <testcase classname="com.ibm.juno.core.test.a.rttests.CT_RoundTripSimpleObjects" name="testTreeMap[12]" time="0.0" />
  <testcase classname="com.ibm.juno.core.test.a.rttests.CT_RoundTripSimpleObjects" name="testInt[12]" time="0.0" />
  <testcase classname="com.ibm.juno.core.test.a.rttests.CT_RoundTripSimpleObjects" name="testFloat[12]" time="0.0" />
  <testcase classname="com.ibm.juno.core.test.a.rttests.CT_RoundTripSimpleObjects" name="testShort[12]" time="0.0" />
  <testcase classname="com.ibm.juno.core.test.a.rttests.CT_RoundTripSimpleObjects" name="testChar[12]" time="0.0" />
  <testcase classname="com.ibm.juno.core.test.a.rttests.CT_RoundTripSimpleObjects" name="testLong[12]" time="0.0" />
  <testcase classname="com.ibm.juno.core.test.a.rttests.CT_RoundTripSimpleObjects" name="testNull[12]" time="0.0" />
  <testcase classname="com.ibm.juno.core.test.a.rttests.CT_RoundTripSimpleObjects" name="testCharacterArray[12]" time="0.0" />
  <testcase classname="com.ibm.juno.core.test.a.rttests.CT_RoundTripSimpleObjects" name="testLongObject2dArray[12]" time="0.0" />
  <testcase classname="com.ibm.juno.core.test.a.rttests.CT_RoundTripSimpleObjects" name="testObjectMap[12]" time="0.0" />
  <testcase classname="com.ibm.juno.core.test.a.rttests.CT_RoundTripSimpleObjects" name="testInt2dArray[12]" time="0.0" />
  <testcase classname="com.ibm.juno.core.test.a.rttests.CT_RoundTripSimpleObjects" name="testBooleanObject[12]" time="0.0" />
  <testcase classname="com.ibm.juno.core.test.a.rttests.CT_RoundTripSimpleObjects" name="testShortObject2dArray[12]" time="0.0" />
  <testcase classname="com.ibm.juno.core.test.a.rttests.CT_RoundTripSimpleObjects" name="testBooleanObject2dArray[12]" time="0.0" />
  <testcase classname="com.ibm.juno.core.test.a.rttests.CT_RoundTripSimpleObjects" name="testBoolean[12]" time="0.01" />
  <testcase classname="com.ibm.juno.core.test.a.rttests.CT_RoundTripSimpleObjects" name="testLinkedHashMap[12]" time="0.0" />
  <testcase classname="com.ibm.juno.core.test.a.rttests.CT_RoundTripSimpleObjects" name="testBoolean2dArray[12]" time="0.0" />
  <testcase classname="com.ibm.juno.core.test.a.rttests.CT_RoundTripSimpleObjects" name="testBooleanArray[12]" time="0.0" />
  <testcase classname="com.ibm.juno.core.test.a.rttests.CT_RoundTripSimpleObjects" name="testIntegerArray[12]" time="0.0" />
  <testcase classname="com.ibm.juno.core.test.a.rttests.CT_RoundTripSimpleObjects" name="testInt3dArray[12]" time="0.0" />
  <testcase classname="com.ibm.juno.core.test.a.rttests.CT_RoundTripSimpleObjects" name="testShortObject[12]" time="0.0" />
  <testcase classname="com.ibm.juno.core.test.a.rttests.CT_RoundTripSimpleObjects" name="testDouble2dArray[12]" time="0.0" />
  <testcase classname="com.ibm.juno.core.test.a.rttests.CT_RoundTripSimpleObjects" name="testDoubleObjectArray[12]" time="0.0" />
  <testcase classname="com.ibm.juno.core.test.a.rttests.CT_RoundTripSimpleObjects" name="testObjectList[12]" time="0.0" />
  <testcase classname="com.ibm.juno.core.test.a.rttests.CT_RoundTripSimpleObjects" name="testString2dArray[12]" time="0.0" />
  <testcase classname="com.ibm.juno.core.test.a.rttests.CT_RoundTripSimpleObjects" name="testLong2dArray[12]" time="0.0" />
  <testcase classname="com.ibm.juno.core.test.a.rttests.CT_RoundTripSimpleObjects" name="testInteger2dArray[12]" time="0.0" />
  <testcase classname="com.ibm.juno.core.test.a.rttests.CT_RoundTripSimpleObjects" name="testChar2dArray[12]" time="0.0" />
  <testcase classname="com.ibm.juno.core.test.a.rttests.CT_RoundTripSimpleObjects" name="testFloatObject2dArray[12]" time="0.0" />
  <testcase classname="com.ibm.juno.core.test.a.rttests.CT_RoundTripSimpleObjects" name="testLongArray[12]" time="0.0" />
  <testcase classname="com.ibm.juno.core.test.a.rttests.CT_RoundTripSimpleObjects" name="testShortArray[12]" time="0.0" />
  <testcase classname="com.ibm.juno.core.test.a.rttests.CT_RoundTripSimpleObjects" name="testExtendedUnicode[12]" time="0.0" />
  <testcase classname="com.ibm.juno.core.test.a.rttests.CT_RoundTripSimpleObjects" name="testShort2dArray[12]" time="0.0" />
  <testcase classname="com.ibm.juno.core.test.a.rttests.CT_RoundTripSimpleObjects" name="testCharacter2dArray[12]" time="0.0" />
  <testcase classname="com.ibm.juno.core.test.a.rttests.CT_RoundTripSimpleObjects" name="testIntArray[12]" time="0.0" />
  <testcase classname="com.ibm.juno.core.test.a.rttests.CT_RoundTripSimpleObjects" name="testDouble[12]" time="0.0" />
  <testcase classname="com.ibm.juno.core.test.a.rttests.CT_RoundTripSimpleObjects" name="testFloat2dArray[12]" time="0.0" />
  <testcase classname="com.ibm.juno.core.test.a.rttests.CT_RoundTripSimpleObjects" name="testShortObjectArray[12]" time="0.0" />
  <testcase classname="com.ibm.juno.core.test.a.rttests.CT_RoundTripSimpleObjects" name="testInteger3dArray[12]" time="0.0" />
  <testcase classname="com.ibm.juno.core.test.a.rttests.CT_RoundTripSimpleObjects" name="testInteger[12]" time="0.0" />
  <testcase classname="com.ibm.juno.core.test.a.rttests.CT_RoundTripSimpleObjects" name="testFloatObject[12]" time="0.0" />
  <testcase classname="com.ibm.juno.core.test.a.rttests.CT_RoundTripSimpleObjects" name="testString[12]" time="0.0" />
  <testcase classname="com.ibm.juno.core.test.a.rttests.CT_RoundTripSimpleObjects" name="testDoubleObject2dArray[12]" time="0.0" />
  <testcase classname="com.ibm.juno.core.test.a.rttests.CT_RoundTripSimpleObjects" name="testBooleanObjectArray[12]" time="0.0" />
  <testcase classname="com.ibm.juno.core.test.a.rttests.CT_RoundTripSimpleObjects" name="testVector[12]" time="0.0" />
  <testcase classname="com.ibm.juno.core.test.a.rttests.CT_RoundTripSimpleObjects" name="testFloatObjectArray[12]" time="0.0" />
  <testcase classname="com.ibm.juno.core.test.a.rttests.CT_RoundTripSimpleObjects" name="testDoubleObject[12]" time="0.0" />
  <testcase classname="com.ibm.juno.core.test.a.rttests.CT_RoundTripSimpleObjects" name="testDoubleArray[12]" time="0.0" />
  <testcase classname="com.ibm.juno.core.test.a.rttests.CT_RoundTripSimpleObjects" name="testLongObjectArray[12]" time="0.0" />
  <testcase classname="com.ibm.juno.core.test.a.rttests.CT_RoundTripSimpleObjects" name="testStringArray[12]" time="0.0" />
  <testcase classname="com.ibm.juno.core.test.a.rttests.CT_RoundTripSimpleObjects" name="testCharArray[13]" time="0.0" />
  <testcase classname="com.ibm.juno.core.test.a.rttests.CT_RoundTripSimpleObjects" name="testCharacter[13]" time="0.01" />
  <testcase classname="com.ibm.juno.core.test.a.rttests.CT_RoundTripSimpleObjects" name="testFloatArray[13]" time="0.0" />
  <testcase classname="com.ibm.juno.core.test.a.rttests.CT_RoundTripSimpleObjects" name="testLongObject[13]" time="0.0" />
  <testcase classname="com.ibm.juno.core.test.a.rttests.CT_RoundTripSimpleObjects" name="testTreeMap[13]" time="0.0" />
  <testcase classname="com.ibm.juno.core.test.a.rttests.CT_RoundTripSimpleObjects" name="testInt[13]" time="0.0" />
  <testcase classname="com.ibm.juno.core.test.a.rttests.CT_RoundTripSimpleObjects" name="testFloat[13]" time="0.0" />
  <testcase classname="com.ibm.juno.core.test.a.rttests.CT_RoundTripSimpleObjects" name="testShort[13]" time="0.0" />
  <testcase classname="com.ibm.juno.core.test.a.rttests.CT_RoundTripSimpleObjects" name="testChar[13]" time="0.0" />
  <testcase classname="com.ibm.juno.core.test.a.rttests.CT_RoundTripSimpleObjects" name="testLong[13]" time="0.01" />
  <testcase classname="com.ibm.juno.core.test.a.rttests.CT_RoundTripSimpleObjects" name="testNull[13]" time="0.0" />
  <testcase classname="com.ibm.juno.core.test.a.rttests.CT_RoundTripSimpleObjects" name="testCharacterArray[13]" time="0.0" />
  <testcase classname="com.ibm.juno.core.test.a.rttests.CT_RoundTripSimpleObjects" name="testLongObject2dArray[13]" time="0.0" />
  <testcase classname="com.ibm.juno.core.test.a.rttests.CT_RoundTripSimpleObjects" name="testObjectMap[13]" time="0.0" />
  <testcase classname="com.ibm.juno.core.test.a.rttests.CT_RoundTripSimpleObjects" name="testInt2dArray[13]" time="0.0" />
  <testcase classname="com.ibm.juno.core.test.a.rttests.CT_RoundTripSimpleObjects" name="testBooleanObject[13]" time="0.0" />
  <testcase classname="com.ibm.juno.core.test.a.rttests.CT_RoundTripSimpleObjects" name="testShortObject2dArray[13]" time="0.0" />
  <testcase classname="com.ibm.juno.core.test.a.rttests.CT_RoundTripSimpleObjects" name="testBooleanObject2dArray[13]" time="0.0" />
  <testcase classname="com.ibm.juno.core.test.a.rttests.CT_RoundTripSimpleObjects" name="testBoolean[13]" time="0.0" />
  <testcase classname="com.ibm.juno.core.test.a.rttests.CT_RoundTripSimpleObjects" name="testLinkedHashMap[13]" time="0.0" />
  <testcase classname="com.ibm.juno.core.test.a.rttests.CT_RoundTripSimpleObjects" name="testBoolean2dArray[13]" time="0.01" />
  <testcase classname="com.ibm.juno.core.test.a.rttests.CT_RoundTripSimpleObjects" name="testBooleanArray[13]" time="0.0" />
  <testcase classname="com.ibm.juno.core.test.a.rttests.CT_RoundTripSimpleObjects" name="testIntegerArray[13]" time="0.0" />
  <testcase classname="com.ibm.juno.core.test.a.rttests.CT_RoundTripSimpleObjects" name="testInt3dArray[13]" time="0.0" />
  <testcase classname="com.ibm.juno.core.test.a.rttests.CT_RoundTripSimpleObjects" name="testShortObject[13]" time="0.0" />
  <testcase classname="com.ibm.juno.core.test.a.rttests.CT_RoundTripSimpleObjects" name="testDouble2dArray[13]" time="0.0" />
  <testcase classname="com.ibm.juno.core.test.a.rttests.CT_RoundTripSimpleObjects" name="testDoubleObjectArray[13]" time="0.0" />
  <testcase classname="com.ibm.juno.core.test.a.rttests.CT_RoundTripSimpleObjects" name="testObjectList[13]" time="0.0" />
  <testcase classname="com.ibm.juno.core.test.a.rttests.CT_RoundTripSimpleObjects" name="testString2dArray[13]" time="0.0" />
  <testcase classname="com.ibm.juno.core.test.a.rttests.CT_RoundTripSimpleObjects" name="testLong2dArray[13]" time="0.0" />
  <testcase classname="com.ibm.juno.core.test.a.rttests.CT_RoundTripSimpleObjects" name="testInteger2dArray[13]" time="0.0" />
  <testcase classname="com.ibm.juno.core.test.a.rttests.CT_RoundTripSimpleObjects" name="testChar2dArray[13]" time="0.0" />
  <testcase classname="com.ibm.juno.core.test.a.rttests.CT_RoundTripSimpleObjects" name="testFloatObject2dArray[13]" time="0.01" />
  <testcase classname="com.ibm.juno.core.test.a.rttests.CT_RoundTripSimpleObjects" name="testLongArray[13]" time="0.0" />
  <testcase classname="com.ibm.juno.core.test.a.rttests.CT_RoundTripSimpleObjects" name="testShortArray[13]" time="0.0" />
  <testcase classname="com.ibm.juno.core.test.a.rttests.CT_RoundTripSimpleObjects" name="testExtendedUnicode[13]" time="0.0" />
  <testcase classname="com.ibm.juno.core.test.a.rttests.CT_RoundTripSimpleObjects" name="testShort2dArray[13]" time="0.0" />
  <testcase classname="com.ibm.juno.core.test.a.rttests.CT_RoundTripSimpleObjects" name="testCharacter2dArray[13]" time="0.0" />
  <testcase classname="com.ibm.juno.core.test.a.rttests.CT_RoundTripSimpleObjects" name="testIntArray[13]" time="0.0" />
  <testcase classname="com.ibm.juno.core.test.a.rttests.CT_RoundTripSimpleObjects" name="testDouble[13]" time="0.0" />
  <testcase classname="com.ibm.juno.core.test.a.rttests.CT_RoundTripSimpleObjects" name="testFloat2dArray[13]" time="0.01" />
  <testcase classname="com.ibm.juno.core.test.a.rttests.CT_RoundTripSimpleObjects" name="testShortObjectArray[13]" time="0.0" />
  <testcase classname="com.ibm.juno.core.test.a.rttests.CT_RoundTripSimpleObjects" name="testInteger3dArray[13]" time="0.0" />
  <testcase classname="com.ibm.juno.core.test.a.rttests.CT_RoundTripSimpleObjects" name="testInteger[13]" time="0.0" />
  <testcase classname="com.ibm.juno.core.test.a.rttests.CT_RoundTripSimpleObjects" name="testFloatObject[13]" time="0.0" />
  <testcase classname="com.ibm.juno.core.test.a.rttests.CT_RoundTripSimpleObjects" name="testString[13]" time="0.0" />
  <testcase classname="com.ibm.juno.core.test.a.rttests.CT_RoundTripSimpleObjects" name="testDoubleObject2dArray[13]" time="0.01" />
  <testcase classname="com.ibm.juno.core.test.a.rttests.CT_RoundTripSimpleObjects" name="testBooleanObjectArray[13]" time="0.0" />
  <testcase classname="com.ibm.juno.core.test.a.rttests.CT_RoundTripSimpleObjects" name="testVector[13]" time="0.0" />
  <testcase classname="com.ibm.juno.core.test.a.rttests.CT_RoundTripSimpleObjects" name="testFloatObjectArray[13]" time="0.0" />
  <testcase classname="com.ibm.juno.core.test.a.rttests.CT_RoundTripSimpleObjects" name="testDoubleObject[13]" time="0.0" />
  <testcase classname="com.ibm.juno.core.test.a.rttests.CT_RoundTripSimpleObjects" name="testDoubleArray[13]" time="0.0" />
  <testcase classname="com.ibm.juno.core.test.a.rttests.CT_RoundTripSimpleObjects" name="testLongObjectArray[13]" time="0.0" />
  <testcase classname="com.ibm.juno.core.test.a.rttests.CT_RoundTripSimpleObjects" name="testStringArray[13]" time="0.0" />
  <testcase classname="com.ibm.juno.core.test.a.rttests.CT_RoundTripSimpleObjects" name="testCharArray[14]" time="0.0" />
  <testcase classname="com.ibm.juno.core.test.a.rttests.CT_RoundTripSimpleObjects" name="testCharacter[14]" time="0.0" />
  <testcase classname="com.ibm.juno.core.test.a.rttests.CT_RoundTripSimpleObjects" name="testFloatArray[14]" time="0.0" />
  <testcase classname="com.ibm.juno.core.test.a.rttests.CT_RoundTripSimpleObjects" name="testLongObject[14]" time="0.01" />
  <testcase classname="com.ibm.juno.core.test.a.rttests.CT_RoundTripSimpleObjects" name="testTreeMap[14]" time="0.0" />
  <testcase classname="com.ibm.juno.core.test.a.rttests.CT_RoundTripSimpleObjects" name="testInt[14]" time="0.0" />
  <testcase classname="com.ibm.juno.core.test.a.rttests.CT_RoundTripSimpleObjects" name="testFloat[14]" time="0.0" />
  <testcase classname="com.ibm.juno.core.test.a.rttests.CT_RoundTripSimpleObjects" name="testShort[14]" time="0.0" />
  <testcase classname="com.ibm.juno.core.test.a.rttests.CT_RoundTripSimpleObjects" name="testChar[14]" time="0.0" />
  <testcase classname="com.ibm.juno.core.test.a.rttests.CT_RoundTripSimpleObjects" name="testLong[14]" time="0.0" />
  <testcase classname="com.ibm.juno.core.test.a.rttests.CT_RoundTripSimpleObjects" name="testNull[14]" time="0.0" />
  <testcase classname="com.ibm.juno.core.test.a.rttests.CT_RoundTripSimpleObjects" name="testCharacterArray[14]" time="0.0" />
  <testcase classname="com.ibm.juno.core.test.a.rttests.CT_RoundTripSimpleObjects" name="testLongObject2dArray[14]" time="0.0" />
  <testcase classname="com.ibm.juno.core.test.a.rttests.CT_RoundTripSimpleObjects" name="testObjectMap[14]" time="0.01" />
  <testcase classname="com.ibm.juno.core.test.a.rttests.CT_RoundTripSimpleObjects" name="testInt2dArray[14]" time="0.0" />
  <testcase classname="com.ibm.juno.core.test.a.rttests.CT_RoundTripSimpleObjects" name="testBooleanObject[14]" time="0.0" />
  <testcase classname="com.ibm.juno.core.test.a.rttests.CT_RoundTripSimpleObjects" name="testShortObject2dArray[14]" time="0.0" />
  <testcase classname="com.ibm.juno.core.test.a.rttests.CT_RoundTripSimpleObjects" name="testBooleanObject2dArray[14]" time="0.01" />
  <testcase classname="com.ibm.juno.core.test.a.rttests.CT_RoundTripSimpleObjects" name="testBoolean[14]" time="0.0" />
  <testcase classname="com.ibm.juno.core.test.a.rttests.CT_RoundTripSimpleObjects" name="testLinkedHashMap[14]" time="0.0" />
  <testcase classname="com.ibm.juno.core.test.a.rttests.CT_RoundTripSimpleObjects" name="testBoolean2dArray[14]" time="0.01" />
  <testcase classname="com.ibm.juno.core.test.a.rttests.CT_RoundTripSimpleObjects" name="testBooleanArray[14]" time="0.0" />
  <testcase classname="com.ibm.juno.core.test.a.rttests.CT_RoundTripSimpleObjects" name="testIntegerArray[14]" time="0.0" />
  <testcase classname="com.ibm.juno.core.test.a.rttests.CT_RoundTripSimpleObjects" name="testInt3dArray[14]" time="0.0" />
  <testcase classname="com.ibm.juno.core.test.a.rttests.CT_RoundTripSimpleObjects" name="testShortObject[14]" time="0.0" />
  <testcase classname="com.ibm.juno.core.test.a.rttests.CT_RoundTripSimpleObjects" name="testDouble2dArray[14]" time="0.0" />
  <testcase classname="com.ibm.juno.core.test.a.rttests.CT_RoundTripSimpleObjects" name="testDoubleObjectArray[14]" time="0.0" />
  <testcase classname="com.ibm.juno.core.test.a.rttests.CT_RoundTripSimpleObjects" name="testObjectList[14]" time="0.0" />
  <testcase classname="com.ibm.juno.core.test.a.rttests.CT_RoundTripSimpleObjects" name="testString2dArray[14]" time="0.0" />
  <testcase classname="com.ibm.juno.core.test.a.rttests.CT_RoundTripSimpleObjects" name="testLong2dArray[14]" time="0.01" />
  <testcase classname="com.ibm.juno.core.test.a.rttests.CT_RoundTripSimpleObjects" name="testInteger2dArray[14]" time="0.0" />
  <testcase classname="com.ibm.juno.core.test.a.rttests.CT_RoundTripSimpleObjects" name="testChar2dArray[14]" time="0.0" />
  <testcase classname="com.ibm.juno.core.test.a.rttests.CT_RoundTripSimpleObjects" name="testFloatObject2dArray[14]" time="0.0" />
  <testcase classname="com.ibm.juno.core.test.a.rttests.CT_RoundTripSimpleObjects" name="testLongArray[14]" time="0.0" />
  <testcase classname="com.ibm.juno.core.test.a.rttests.CT_RoundTripSimpleObjects" name="testShortArray[14]" time="0.01" />
  <testcase classname="com.ibm.juno.core.test.a.rttests.CT_RoundTripSimpleObjects" name="testExtendedUnicode[14]" time="0.0" />
  <testcase classname="com.ibm.juno.core.test.a.rttests.CT_RoundTripSimpleObjects" name="testShort2dArray[14]" time="0.0" />
  <testcase classname="com.ibm.juno.core.test.a.rttests.CT_RoundTripSimpleObjects" name="testCharacter2dArray[14]" time="0.0" />
  <testcase classname="com.ibm.juno.core.test.a.rttests.CT_RoundTripSimpleObjects" name="testIntArray[14]" time="0.0" />
  <testcase classname="com.ibm.juno.core.test.a.rttests.CT_RoundTripSimpleObjects" name="testDouble[14]" time="0.0" />
  <testcase classname="com.ibm.juno.core.test.a.rttests.CT_RoundTripSimpleObjects" name="testFloat2dArray[14]" time="0.0" />
  <testcase classname="com.ibm.juno.core.test.a.rttests.CT_RoundTripSimpleObjects" name="testShortObjectArray[14]" time="0.0" />
  <testcase classname="com.ibm.juno.core.test.a.rttests.CT_RoundTripSimpleObjects" name="testInteger3dArray[14]" time="0.0" />
  <testcase classname="com.ibm.juno.core.test.a.rttests.CT_RoundTripSimpleObjects" name="testInteger[14]" time="0.0" />
  <testcase classname="com.ibm.juno.core.test.a.rttests.CT_RoundTripSimpleObjects" name="testFloatObject[14]" time="0.0" />
  <testcase classname="com.ibm.juno.core.test.a.rttests.CT_RoundTripSimpleObjects" name="testString[14]" time="0.0" />
  <testcase classname="com.ibm.juno.core.test.a.rttests.CT_RoundTripSimpleObjects" name="testDoubleObject2dArray[14]" time="0.0" />
  <testcase classname="com.ibm.juno.core.test.a.rttests.CT_RoundTripSimpleObjects" name="testBooleanObjectArray[14]" time="0.0" />
  <testcase classname="com.ibm.juno.core.test.a.rttests.CT_RoundTripSimpleObjects" name="testVector[14]" time="0.0" />
  <testcase classname="com.ibm.juno.core.test.a.rttests.CT_RoundTripSimpleObjects" name="testFloatObjectArray[14]" time="0.0" />
  <testcase classname="com.ibm.juno.core.test.a.rttests.CT_RoundTripSimpleObjects" name="testDoubleObject[14]" time="0.01" />
  <testcase classname="com.ibm.juno.core.test.a.rttests.CT_RoundTripSimpleObjects" name="testDoubleArray[14]" time="0.0" />
  <testcase classname="com.ibm.juno.core.test.a.rttests.CT_RoundTripSimpleObjects" name="testLongObjectArray[14]" time="0.0" />
  <testcase classname="com.ibm.juno.core.test.a.rttests.CT_RoundTripSimpleObjects" name="testStringArray[14]" time="0.0" />
  <testcase classname="com.ibm.juno.core.test.a.rttests.CT_RoundTripSimpleObjects" name="testCharArray[15]" time="0.0" />
  <testcase classname="com.ibm.juno.core.test.a.rttests.CT_RoundTripSimpleObjects" name="testCharacter[15]" time="0.0" />
  <testcase classname="com.ibm.juno.core.test.a.rttests.CT_RoundTripSimpleObjects" name="testFloatArray[15]" time="0.0" />
  <testcase classname="com.ibm.juno.core.test.a.rttests.CT_RoundTripSimpleObjects" name="testLongObject[15]" time="0.0" />
  <testcase classname="com.ibm.juno.core.test.a.rttests.CT_RoundTripSimpleObjects" name="testTreeMap[15]" time="0.01" />
  <testcase classname="com.ibm.juno.core.test.a.rttests.CT_RoundTripSimpleObjects" name="testInt[15]" time="0.0" />
  <testcase classname="com.ibm.juno.core.test.a.rttests.CT_RoundTripSimpleObjects" name="testFloat[15]" time="0.0" />
  <testcase classname="com.ibm.juno.core.test.a.rttests.CT_RoundTripSimpleObjects" name="testShort[15]" time="0.0" />
  <testcase classname="com.ibm.juno.core.test.a.rttests.CT_RoundTripSimpleObjects" name="testChar[15]" time="0.0" />
  <testcase classname="com.ibm.juno.core.test.a.rttests.CT_RoundTripSimpleObjects" name="testLong[15]" time="0.0" />
  <testcase classname="com.ibm.juno.core.test.a.rttests.CT_RoundTripSimpleObjects" name="testNull[15]" time="0.0" />
  <testcase classname="com.ibm.juno.core.test.a.rttests.CT_RoundTripSimpleObjects" name="testCharacterArray[15]" time="0.0" />
  <testcase classname="com.ibm.juno.core.test.a.rttests.CT_RoundTripSimpleObjects" name="testLongObject2dArray[15]" time="0.0" />
  <testcase classname="com.ibm.juno.core.test.a.rttests.CT_RoundTripSimpleObjects" name="testObjectMap[15]" time="0.0" />
  <testcase classname="com.ibm.juno.core.test.a.rttests.CT_RoundTripSimpleObjects" name="testInt2dArray[15]" time="0.0" />
  <testcase classname="com.ibm.juno.core.test.a.rttests.CT_RoundTripSimpleObjects" name="testBooleanObject[15]" time="0.0" />
  <testcase classname="com.ibm.juno.core.test.a.rttests.CT_RoundTripSimpleObjects" name="testShortObject2dArray[15]" time="0.0" />
  <testcase classname="com.ibm.juno.core.test.a.rttests.CT_RoundTripSimpleObjects" name="testBooleanObject2dArray[15]" time="0.0" />
  <testcase classname="com.ibm.juno.core.test.a.rttests.CT_RoundTripSimpleObjects" name="testBoolean[15]" time="0.0" />
  <testcase classname="com.ibm.juno.core.test.a.rttests.CT_RoundTripSimpleObjects" name="testLinkedHashMap[15]" time="0.01" />
  <testcase classname="com.ibm.juno.core.test.a.rttests.CT_RoundTripSimpleObjects" name="testBoolean2dArray[15]" time="0.0" />
  <testcase classname="com.ibm.juno.core.test.a.rttests.CT_RoundTripSimpleObjects" name="testBooleanArray[15]" time="0.0" />
  <testcase classname="com.ibm.juno.core.test.a.rttests.CT_RoundTripSimpleObjects" name="testIntegerArray[15]" time="0.0" />
  <testcase classname="com.ibm.juno.core.test.a.rttests.CT_RoundTripSimpleObjects" name="testInt3dArray[15]" time="0.0" />
  <testcase classname="com.ibm.juno.core.test.a.rttests.CT_RoundTripSimpleObjects" name="testShortObject[15]" time="0.0" />
  <testcase classname="com.ibm.juno.core.test.a.rttests.CT_RoundTripSimpleObjects" name="testDouble2dArray[15]" time="0.0" />
  <testcase classname="com.ibm.juno.core.test.a.rttests.CT_RoundTripSimpleObjects" name="testDoubleObjectArray[15]" time="0.01" />
  <testcase classname="com.ibm.juno.core.test.a.rttests.CT_RoundTripSimpleObjects" name="testObjectList[15]" time="0.0" />
  <testcase classname="com.ibm.juno.core.test.a.rttests.CT_RoundTripSimpleObjects" name="testString2dArray[15]" time="0.01" />
  <testcase classname="com.ibm.juno.core.test.a.rttests.CT_RoundTripSimpleObjects" name="testLong2dArray[15]" time="0.0" />
  <testcase classname="com.ibm.juno.core.test.a.rttests.CT_RoundTripSimpleObjects" name="testInteger2dArray[15]" time="0.0" />
  <testcase classname="com.ibm.juno.core.test.a.rttests.CT_RoundTripSimpleObjects" name="testChar2dArray[15]" time="0.0" />
  <testcase classname="com.ibm.juno.core.test.a.rttests.CT_RoundTripSimpleObjects" name="testFloatObject2dArray[15]" time="0.0" />
  <testcase classname="com.ibm.juno.core.test.a.rttests.CT_RoundTripSimpleObjects" name="testLongArray[15]" time="0.0" />
  <testcase classname="com.ibm.juno.core.test.a.rttests.CT_RoundTripSimpleObjects" name="testShortArray[15]" time="0.0" />
  <testcase classname="com.ibm.juno.core.test.a.rttests.CT_RoundTripSimpleObjects" name="testExtendedUnicode[15]" time="0.0" />
  <testcase classname="com.ibm.juno.core.test.a.rttests.CT_RoundTripSimpleObjects" name="testShort2dArray[15]" time="0.0" />
  <testcase classname="com.ibm.juno.core.test.a.rttests.CT_RoundTripSimpleObjects" name="testCharacter2dArray[15]" time="0.0" />
  <testcase classname="com.ibm.juno.core.test.a.rttests.CT_RoundTripSimpleObjects" name="testIntArray[15]" time="0.0" />
  <testcase classname="com.ibm.juno.core.test.a.rttests.CT_RoundTripSimpleObjects" name="testDouble[15]" time="0.0" />
  <testcase classname="com.ibm.juno.core.test.a.rttests.CT_RoundTripSimpleObjects" name="testFloat2dArray[15]" time="0.0" />
  <testcase classname="com.ibm.juno.core.test.a.rttests.CT_RoundTripSimpleObjects" name="testShortObjectArray[15]" time="0.0" />
  <testcase classname="com.ibm.juno.core.test.a.rttests.CT_RoundTripSimpleObjects" name="testInteger3dArray[15]" time="0.01" />
  <testcase classname="com.ibm.juno.core.test.a.rttests.CT_RoundTripSimpleObjects" name="testInteger[15]" time="0.0" />
  <testcase classname="com.ibm.juno.core.test.a.rttests.CT_RoundTripSimpleObjects" name="testFloatObject[15]" time="0.0" />
  <testcase classname="com.ibm.juno.core.test.a.rttests.CT_RoundTripSimpleObjects" name="testString[15]" time="0.0" />
  <testcase classname="com.ibm.juno.core.test.a.rttests.CT_RoundTripSimpleObjects" name="testDoubleObject2dArray[15]" time="0.0" />
  <testcase classname="com.ibm.juno.core.test.a.rttests.CT_RoundTripSimpleObjects" name="testBooleanObjectArray[15]" time="0.0" />
  <testcase classname="com.ibm.juno.core.test.a.rttests.CT_RoundTripSimpleObjects" name="testVector[15]" time="0.0" />
  <testcase classname="com.ibm.juno.core.test.a.rttests.CT_RoundTripSimpleObjects" name="testFloatObjectArray[15]" time="0.0" />
  <testcase classname="com.ibm.juno.core.test.a.rttests.CT_RoundTripSimpleObjects" name="testDoubleObject[15]" time="0.0" />
  <testcase classname="com.ibm.juno.core.test.a.rttests.CT_RoundTripSimpleObjects" name="testDoubleArray[15]" time="0.01" />
  <testcase classname="com.ibm.juno.core.test.a.rttests.CT_RoundTripSimpleObjects" name="testLongObjectArray[15]" time="0.001" />
  <testcase classname="com.ibm.juno.core.test.a.rttests.CT_RoundTripSimpleObjects" name="testStringArray[15]" time="0.001" />
  <testcase classname="com.ibm.juno.core.test.a.rttests.CT_RoundTripSimpleObjects" name="testCharArray[16]" time="0.0" />
  <testcase classname="com.ibm.juno.core.test.a.rttests.CT_RoundTripSimpleObjects" name="testCharacter[16]" time="0.0" />
  <testcase classname="com.ibm.juno.core.test.a.rttests.CT_RoundTripSimpleObjects" name="testFloatArray[16]" time="0.001" />
  <testcase classname="com.ibm.juno.core.test.a.rttests.CT_RoundTripSimpleObjects" name="testLongObject[16]" time="0.001" />
  <testcase classname="com.ibm.juno.core.test.a.rttests.CT_RoundTripSimpleObjects" name="testTreeMap[16]" time="0.001" />
  <testcase classname="com.ibm.juno.core.test.a.rttests.CT_RoundTripSimpleObjects" name="testInt[16]" time="0.0" />
  <testcase classname="com.ibm.juno.core.test.a.rttests.CT_RoundTripSimpleObjects" name="testFloat[16]" time="0.0" />
  <testcase classname="com.ibm.juno.core.test.a.rttests.CT_RoundTripSimpleObjects" name="testShort[16]" time="0.0" />
  <testcase classname="com.ibm.juno.core.test.a.rttests.CT_RoundTripSimpleObjects" name="testChar[16]" time="0.0" />
  <testcase classname="com.ibm.juno.core.test.a.rttests.CT_RoundTripSimpleObjects" name="testLong[16]" time="0.0" />
  <testcase classname="com.ibm.juno.core.test.a.rttests.CT_RoundTripSimpleObjects" name="testNull[16]" time="0.0" />
  <testcase classname="com.ibm.juno.core.test.a.rttests.CT_RoundTripSimpleObjects" name="testCharacterArray[16]" time="0.0" />
  <testcase classname="com.ibm.juno.core.test.a.rttests.CT_RoundTripSimpleObjects" name="testLongObject2dArray[16]" time="0.0" />
  <testcase classname="com.ibm.juno.core.test.a.rttests.CT_RoundTripSimpleObjects" name="testObjectMap[16]" time="0.0" />
  <testcase classname="com.ibm.juno.core.test.a.rttests.CT_RoundTripSimpleObjects" name="testInt2dArray[16]" time="0.002" />
  <testcase classname="com.ibm.juno.core.test.a.rttests.CT_RoundTripSimpleObjects" name="testBooleanObject[16]" time="0.0" />
  <testcase classname="com.ibm.juno.core.test.a.rttests.CT_RoundTripSimpleObjects" name="testShortObject2dArray[16]" time="0.0" />
  <testcase classname="com.ibm.juno.core.test.a.rttests.CT_RoundTripSimpleObjects" name="testBooleanObject2dArray[16]" time="0.0" />
  <testcase classname="com.ibm.juno.core.test.a.rttests.CT_RoundTripSimpleObjects" name="testBoolean[16]" time="0.0" />
  <testcase classname="com.ibm.juno.core.test.a.rttests.CT_RoundTripSimpleObjects" name="testLinkedHashMap[16]" time="0.001" />
  <testcase classname="com.ibm.juno.core.test.a.rttests.CT_RoundTripSimpleObjects" name="testBoolean2dArray[16]" time="0.001" />
  <testcase classname="com.ibm.juno.core.test.a.rttests.CT_RoundTripSimpleObjects" name="testBooleanArray[16]" time="0.001" />
  <testcase classname="com.ibm.juno.core.test.a.rttests.CT_RoundTripSimpleObjects" name="testIntegerArray[16]" time="0.001" />
  <testcase classname="com.ibm.juno.core.test.a.rttests.CT_RoundTripSimpleObjects" name="testInt3dArray[16]" time="0.001" />
  <testcase classname="com.ibm.juno.core.test.a.rttests.CT_RoundTripSimpleObjects" name="testShortObject[16]" time="0.0" />
  <testcase classname="com.ibm.juno.core.test.a.rttests.CT_RoundTripSimpleObjects" name="testDouble2dArray[16]" time="0.001" />
  <testcase classname="com.ibm.juno.core.test.a.rttests.CT_RoundTripSimpleObjects" name="testDoubleObjectArray[16]" time="0.001" />
  <testcase classname="com.ibm.juno.core.test.a.rttests.CT_RoundTripSimpleObjects" name="testObjectList[16]" time="0.001" />
  <testcase classname="com.ibm.juno.core.test.a.rttests.CT_RoundTripSimpleObjects" name="testString2dArray[16]" time="0.001" />
  <testcase classname="com.ibm.juno.core.test.a.rttests.CT_RoundTripSimpleObjects" name="testLong2dArray[16]" time="0.0" />
  <testcase classname="com.ibm.juno.core.test.a.rttests.CT_RoundTripSimpleObjects" name="testInteger2dArray[16]" time="0.001" />
  <testcase classname="com.ibm.juno.core.test.a.rttests.CT_RoundTripSimpleObjects" name="testChar2dArray[16]" time="0.001" />
  <testcase classname="com.ibm.juno.core.test.a.rttests.CT_RoundTripSimpleObjects" name="testFloatObject2dArray[16]" time="0.001" />
  <testcase classname="com.ibm.juno.core.test.a.rttests.CT_RoundTripSimpleObjects" name="testLongArray[16]" time="0.0" />
  <testcase classname="com.ibm.juno.core.test.a.rttests.CT_RoundTripSimpleObjects" name="testShortArray[16]" time="0.0" />
  <testcase classname="com.ibm.juno.core.test.a.rttests.CT_RoundTripSimpleObjects" name="testExtendedUnicode[16]" time="0.001" />
  <testcase classname="com.ibm.juno.core.test.a.rttests.CT_RoundTripSimpleObjects" name="testShort2dArray[16]" time="0.0" />
  <testcase classname="com.ibm.juno.core.test.a.rttests.CT_RoundTripSimpleObjects" name="testCharacter2dArray[16]" time="0.0" />
  <testcase classname="com.ibm.juno.core.test.a.rttests.CT_RoundTripSimpleObjects" name="testIntArray[16]" time="0.001" />
  <testcase classname="com.ibm.juno.core.test.a.rttests.CT_RoundTripSimpleObjects" name="testDouble[16]" time="0.001" />
  <testcase classname="com.ibm.juno.core.test.a.rttests.CT_RoundTripSimpleObjects" name="testFloat2dArray[16]" time="0.001" />
  <testcase classname="com.ibm.juno.core.test.a.rttests.CT_RoundTripSimpleObjects" name="testShortObjectArray[16]" time="0.001" />
  <testcase classname="com.ibm.juno.core.test.a.rttests.CT_RoundTripSimpleObjects" name="testInteger3dArray[16]" time="0.001" />
  <testcase classname="com.ibm.juno.core.test.a.rttests.CT_RoundTripSimpleObjects" name="testInteger[16]" time="0.0" />
  <testcase classname="com.ibm.juno.core.test.a.rttests.CT_RoundTripSimpleObjects" name="testFloatObject[16]" time="0.0" />
  <testcase classname="com.ibm.juno.core.test.a.rttests.CT_RoundTripSimpleObjects" name="testString[16]" time="0.0" />
  <testcase classname="com.ibm.juno.core.test.a.rttests.CT_RoundTripSimpleObjects" name="testDoubleObject2dArray[16]" time="0.001" />
  <testcase classname="com.ibm.juno.core.test.a.rttests.CT_RoundTripSimpleObjects" name="testBooleanObjectArray[16]" time="0.0" />
  <testcase classname="com.ibm.juno.core.test.a.rttests.CT_RoundTripSimpleObjects" name="testVector[16]" time="0.001" />
  <testcase classname="com.ibm.juno.core.test.a.rttests.CT_RoundTripSimpleObjects" name="testFloatObjectArray[16]" time="0.001" />
  <testcase classname="com.ibm.juno.core.test.a.rttests.CT_RoundTripSimpleObjects" name="testDoubleObject[16]" time="0.0" />
  <testcase classname="com.ibm.juno.core.test.a.rttests.CT_RoundTripSimpleObjects" name="testDoubleArray[16]" time="0.0" />
  <testcase classname="com.ibm.juno.core.test.a.rttests.CT_RoundTripSimpleObjects" name="testLongObjectArray[16]" time="0.001" />
  <testcase classname="com.ibm.juno.core.test.a.rttests.CT_RoundTripSimpleObjects" name="testStringArray[16]" time="0.0" />
  <testcase classname="com.ibm.juno.core.test.a.rttests.CT_RoundTripSimpleObjects" name="testCharArray[17]" time="0.001" />
  <testcase classname="com.ibm.juno.core.test.a.rttests.CT_RoundTripSimpleObjects" name="testCharacter[17]" time="0.001" />
  <testcase classname="com.ibm.juno.core.test.a.rttests.CT_RoundTripSimpleObjects" name="testFloatArray[17]" time="0.001" />
  <testcase classname="com.ibm.juno.core.test.a.rttests.CT_RoundTripSimpleObjects" name="testLongObject[17]" time="0.005" />
  <testcase classname="com.ibm.juno.core.test.a.rttests.CT_RoundTripSimpleObjects" name="testTreeMap[17]" time="0.007" />
  <testcase classname="com.ibm.juno.core.test.a.rttests.CT_RoundTripSimpleObjects" name="testInt[17]" time="0.001" />
  <testcase classname="com.ibm.juno.core.test.a.rttests.CT_RoundTripSimpleObjects" name="testFloat[17]" time="0.001" />
  <testcase classname="com.ibm.juno.core.test.a.rttests.CT_RoundTripSimpleObjects" name="testShort[17]" time="0.006" />
  <testcase classname="com.ibm.juno.core.test.a.rttests.CT_RoundTripSimpleObjects" name="testChar[17]" time="0.003" />
  <testcase classname="com.ibm.juno.core.test.a.rttests.CT_RoundTripSimpleObjects" name="testLong[17]" time="0.001" />
  <testcase classname="com.ibm.juno.core.test.a.rttests.CT_RoundTripSimpleObjects" name="testNull[17]" time="0.0" />
  <testcase classname="com.ibm.juno.core.test.a.rttests.CT_RoundTripSimpleObjects" name="testCharacterArray[17]" time="0.0" />
  <testcase classname="com.ibm.juno.core.test.a.rttests.CT_RoundTripSimpleObjects" name="testLongObject2dArray[17]" time="0.0" />
  <testcase classname="com.ibm.juno.core.test.a.rttests.CT_RoundTripSimpleObjects" name="testObjectMap[17]" time="0.0" />
  <testcase classname="com.ibm.juno.core.test.a.rttests.CT_RoundTripSimpleObjects" name="testInt2dArray[17]" time="0.001" />
  <testcase classname="com.ibm.juno.core.test.a.rttests.CT_RoundTripSimpleObjects" name="testBooleanObject[17]" time="0.001" />
  <testcase classname="com.ibm.juno.core.test.a.rttests.CT_RoundTripSimpleObjects" name="testShortObject2dArray[17]" time="0.001" />
  <testcase classname="com.ibm.juno.core.test.a.rttests.CT_RoundTripSimpleObjects" name="testBooleanObject2dArray[17]" time="0.001" />
  <testcase classname="com.ibm.juno.core.test.a.rttests.CT_RoundTripSimpleObjects" name="testBoolean[17]" time="0.001" />
  <testcase classname="com.ibm.juno.core.test.a.rttests.CT_RoundTripSimpleObjects" name="testLinkedHashMap[17]" time="0.003" />
  <testcase classname="com.ibm.juno.core.test.a.rttests.CT_RoundTripSimpleObjects" name="testBoolean2dArray[17]" time="0.001" />
  <testcase classname="com.ibm.juno.core.test.a.rttests.CT_RoundTripSimpleObjects" name="testBooleanArray[17]" time="0.001" />
  <testcase classname="com.ibm.juno.core.test.a.rttests.CT_RoundTripSimpleObjects" name="testIntegerArray[17]" time="0.001" />
  <testcase classname="com.ibm.juno.core.test.a.rttests.CT_RoundTripSimpleObjects" name="testInt3dArray[17]" time="0.002" />
  <testcase classname="com.ibm.juno.core.test.a.rttests.CT_RoundTripSimpleObjects" name="testShortObject[17]" time="0.001" />
  <testcase classname="com.ibm.juno.core.test.a.rttests.CT_RoundTripSimpleObjects" name="testDouble2dArray[17]" time="0.001" />
  <testcase classname="com.ibm.juno.core.test.a.rttests.CT_RoundTripSimpleObjects" name="testDoubleObjectArray[17]" time="0.0" />
  <testcase classname="com.ibm.juno.core.test.a.rttests.CT_RoundTripSimpleObjects" name="testObjectList[17]" time="0.001" />
  <testcase classname="com.ibm.juno.core.test.a.rttests.CT_RoundTripSimpleObjects" name="testString2dArray[17]" time="0.001" />
  <testcase classname="com.ibm.juno.core.test.a.rttests.CT_RoundTripSimpleObjects" name="testLong2dArray[17]" time="0.002" />
  <testcase classname="com.ibm.juno.core.test.a.rttests.CT_RoundTripSimpleObjects" name="testInteger2dArray[17]" time="0.001" />
  <testcase classname="com.ibm.juno.core.test.a.rttests.CT_RoundTripSimpleObjects" name="testChar2dArray[17]" time="0.0" />
  <testcase classname="com.ibm.juno.core.test.a.rttests.CT_RoundTripSimpleObjects" name="testFloatObject2dArray[17]" time="0.001" />
  <testcase classname="com.ibm.juno.core.test.a.rttests.CT_RoundTripSimpleObjects" name="testLongArray[17]" time="0.0" />
  <testcase classname="com.ibm.juno.core.test.a.rttests.CT_RoundTripSimpleObjects" name="testShortArray[17]" time="0.0" />
  <testcase classname="com.ibm.juno.core.test.a.rttests.CT_RoundTripSimpleObjects" name="testExtendedUnicode[17]" time="0.0" />
  <testcase classname="com.ibm.juno.core.test.a.rttests.CT_RoundTripSimpleObjects" name="testShort2dArray[17]" time="0.001" />
  <testcase classname="com.ibm.juno.core.test.a.rttests.CT_RoundTripSimpleObjects" name="testCharacter2dArray[17]" time="0.001" />
  <testcase classname="com.ibm.juno.core.test.a.rttests.CT_RoundTripSimpleObjects" name="testIntArray[17]" time="0.001" />
  <testcase classname="com.ibm.juno.core.test.a.rttests.CT_RoundTripSimpleObjects" name="testDouble[17]" time="0.001" />
  <testcase classname="com.ibm.juno.core.test.a.rttests.CT_RoundTripSimpleObjects" name="testFloat2dArray[17]" time="0.002" />
  <testcase classname="com.ibm.juno.core.test.a.rttests.CT_RoundTripSimpleObjects" name="testShortObjectArray[17]" time="0.001" />
  <testcase classname="com.ibm.juno.core.test.a.rttests.CT_RoundTripSimpleObjects" name="testInteger3dArray[17]" time="0.001" />
  <testcase classname="com.ibm.juno.core.test.a.rttests.CT_RoundTripSimpleObjects" name="testInteger[17]" time="0.0" />
  <testcase classname="com.ibm.juno.core.test.a.rttests.CT_RoundTripSimpleObjects" name="testFloatObject[17]" time="0.001" />
  <testcase classname="com.ibm.juno.core.test.a.rttests.CT_RoundTripSimpleObjects" name="testString[17]" time="0.001" />
  <testcase classname="com.ibm.juno.core.test.a.rttests.CT_RoundTripSimpleObjects" name="testDoubleObject2dArray[17]" time="0.001" />
  <testcase classname="com.ibm.juno.core.test.a.rttests.CT_RoundTripSimpleObjects" name="testBooleanObjectArray[17]" time="0.001" />
  <testcase classname="com.ibm.juno.core.test.a.rttests.CT_RoundTripSimpleObjects" name="testVector[17]" time="0.001" />
  <testcase classname="com.ibm.juno.core.test.a.rttests.CT_RoundTripSimpleObjects" name="testFloatObjectArray[17]" time="0.001" />
  <testcase classname="com.ibm.juno.core.test.a.rttests.CT_RoundTripSimpleObjects" name="testDoubleObject[17]" time="0.001" />
  <testcase classname="com.ibm.juno.core.test.a.rttests.CT_RoundTripSimpleObjects" name="testDoubleArray[17]" time="0.0" />
  <testcase classname="com.ibm.juno.core.test.a.rttests.CT_RoundTripSimpleObjects" name="testLongObjectArray[17]" time="0.0" />
  <testcase classname="com.ibm.juno.core.test.a.rttests.CT_RoundTripSimpleObjects" name="testStringArray[17]" time="0.001" />
  <testcase classname="com.ibm.juno.core.test.a.rttests.CT_RoundTripSimpleObjects" name="testCharArray[18]" time="0.001" />
  <testcase classname="com.ibm.juno.core.test.a.rttests.CT_RoundTripSimpleObjects" name="testCharacter[18]" time="0.0" />
  <testcase classname="com.ibm.juno.core.test.a.rttests.CT_RoundTripSimpleObjects" name="testFloatArray[18]" time="0.0" />
  <testcase classname="com.ibm.juno.core.test.a.rttests.CT_RoundTripSimpleObjects" name="testLongObject[18]" time="0.0" />
  <testcase classname="com.ibm.juno.core.test.a.rttests.CT_RoundTripSimpleObjects" name="testTreeMap[18]" time="0.0" />
  <testcase classname="com.ibm.juno.core.test.a.rttests.CT_RoundTripSimpleObjects" name="testInt[18]" time="0.0" />
  <testcase classname="com.ibm.juno.core.test.a.rttests.CT_RoundTripSimpleObjects" name="testFloat[18]" time="0.0" />
  <testcase classname="com.ibm.juno.core.test.a.rttests.CT_RoundTripSimpleObjects" name="testShort[18]" time="0.0" />
  <testcase classname="com.ibm.juno.core.test.a.rttests.CT_RoundTripSimpleObjects" name="testChar[18]" time="0.0" />
  <testcase classname="com.ibm.juno.core.test.a.rttests.CT_RoundTripSimpleObjects" name="testLong[18]" time="0.0" />
  <testcase classname="com.ibm.juno.core.test.a.rttests.CT_RoundTripSimpleObjects" name="testNull[18]" time="0.001" />
  <testcase classname="com.ibm.juno.core.test.a.rttests.CT_RoundTripSimpleObjects" name="testCharacterArray[18]" time="0.0" />
  <testcase classname="com.ibm.juno.core.test.a.rttests.CT_RoundTripSimpleObjects" name="testLongObject2dArray[18]" time="0.0" />
  <testcase classname="com.ibm.juno.core.test.a.rttests.CT_RoundTripSimpleObjects" name="testObjectMap[18]" time="0.0" />
  <testcase classname="com.ibm.juno.core.test.a.rttests.CT_RoundTripSimpleObjects" name="testInt2dArray[18]" time="0.0" />
  <testcase classname="com.ibm.juno.core.test.a.rttests.CT_RoundTripSimpleObjects" name="testBooleanObject[18]" time="0.0" />
  <testcase classname="com.ibm.juno.core.test.a.rttests.CT_RoundTripSimpleObjects" name="testShortObject2dArray[18]" time="0.0" />
  <testcase classname="com.ibm.juno.core.test.a.rttests.CT_RoundTripSimpleObjects" name="testBooleanObject2dArray[18]" time="0.0" />
  <testcase classname="com.ibm.juno.core.test.a.rttests.CT_RoundTripSimpleObjects" name="testBoolean[18]" time="0.0" />
  <testcase classname="com.ibm.juno.core.test.a.rttests.CT_RoundTripSimpleObjects" name="testLinkedHashMap[18]" time="0.0" />
  <testcase classname="com.ibm.juno.core.test.a.rttests.CT_RoundTripSimpleObjects" name="testBoolean2dArray[18]" time="0.0" />
  <testcase classname="com.ibm.juno.core.test.a.rttests.CT_RoundTripSimpleObjects" name="testBooleanArray[18]" time="0.0" />
  <testcase classname="com.ibm.juno.core.test.a.rttests.CT_RoundTripSimpleObjects" name="testIntegerArray[18]" time="0.0" />
  <testcase classname="com.ibm.juno.core.test.a.rttests.CT_RoundTripSimpleObjects" name="testInt3dArray[18]" time="0.001" />
  <testcase classname="com.ibm.juno.core.test.a.rttests.CT_RoundTripSimpleObjects" name="testShortObject[18]" time="0.0" />
  <testcase classname="com.ibm.juno.core.test.a.rttests.CT_RoundTripSimpleObjects" name="testDouble2dArray[18]" time="0.0" />
  <testcase classname="com.ibm.juno.core.test.a.rttests.CT_RoundTripSimpleObjects" name="testDoubleObjectArray[18]" time="0.0" />
  <testcase classname="com.ibm.juno.core.test.a.rttests.CT_RoundTripSimpleObjects" name="testObjectList[18]" time="0.0" />
  <testcase classname="com.ibm.juno.core.test.a.rttests.CT_RoundTripSimpleObjects" name="testString2dArray[18]" time="0.0" />
  <testcase classname="com.ibm.juno.core.test.a.rttests.CT_RoundTripSimpleObjects" name="testLong2dArray[18]" time="0.001" />
  <testcase classname="com.ibm.juno.core.test.a.rttests.CT_RoundTripSimpleObjects" name="testInteger2dArray[18]" time="0.0" />
  <testcase classname="com.ibm.juno.core.test.a.rttests.CT_RoundTripSimpleObjects" name="testChar2dArray[18]" time="0.0" />
  <testcase classname="com.ibm.juno.core.test.a.rttests.CT_RoundTripSimpleObjects" name="testFloatObject2dArray[18]" time="0.0" />
  <testcase classname="com.ibm.juno.core.test.a.rttests.CT_RoundTripSimpleObjects" name="testLongArray[18]" time="0.0" />
  <testcase classname="com.ibm.juno.core.test.a.rttests.CT_RoundTripSimpleObjects" name="testShortArray[18]" time="0.0" />
  <testcase classname="com.ibm.juno.core.test.a.rttests.CT_RoundTripSimpleObjects" name="testExtendedUnicode[18]" time="0.0" />
  <testcase classname="com.ibm.juno.core.test.a.rttests.CT_RoundTripSimpleObjects" name="testShort2dArray[18]" time="0.0" />
  <testcase classname="com.ibm.juno.core.test.a.rttests.CT_RoundTripSimpleObjects" name="testCharacter2dArray[18]" time="0.001" />
  <testcase classname="com.ibm.juno.core.test.a.rttests.CT_RoundTripSimpleObjects" name="testIntArray[18]" time="0.0" />
  <testcase classname="com.ibm.juno.core.test.a.rttests.CT_RoundTripSimpleObjects" name="testDouble[18]" time="0.0" />
  <testcase classname="com.ibm.juno.core.test.a.rttests.CT_RoundTripSimpleObjects" name="testFloat2dArray[18]" time="0.0" />
  <testcase classname="com.ibm.juno.core.test.a.rttests.CT_RoundTripSimpleObjects" name="testShortObjectArray[18]" time="0.0" />
  <testcase classname="com.ibm.juno.core.test.a.rttests.CT_RoundTripSimpleObjects" name="testInteger3dArray[18]" time="0.001" />
  <testcase classname="com.ibm.juno.core.test.a.rttests.CT_RoundTripSimpleObjects" name="testInteger[18]" time="0.0" />
  <testcase classname="com.ibm.juno.core.test.a.rttests.CT_RoundTripSimpleObjects" name="testFloatObject[18]" time="0.0" />
  <testcase classname="com.ibm.juno.core.test.a.rttests.CT_RoundTripSimpleObjects" name="testString[18]" time="0.0" />
  <testcase classname="com.ibm.juno.core.test.a.rttests.CT_RoundTripSimpleObjects" name="testDoubleObject2dArray[18]" time="0.001" />
  <testcase classname="com.ibm.juno.core.test.a.rttests.CT_RoundTripSimpleObjects" name="testBooleanObjectArray[18]" time="0.0" />
  <testcase classname="com.ibm.juno.core.test.a.rttests.CT_RoundTripSimpleObjects" name="testVector[18]" time="0.0" />
  <testcase classname="com.ibm.juno.core.test.a.rttests.CT_RoundTripSimpleObjects" name="testFloatObjectArray[18]" time="0.0" />
  <testcase classname="com.ibm.juno.core.test.a.rttests.CT_RoundTripSimpleObjects" name="testDoubleObject[18]" time="0.0" />
  <testcase classname="com.ibm.juno.core.test.a.rttests.CT_RoundTripSimpleObjects" name="testDoubleArray[18]" time="0.0" />
  <testcase classname="com.ibm.juno.core.test.a.rttests.CT_RoundTripSimpleObjects" name="testLongObjectArray[18]" time="0.001" />
  <testcase classname="com.ibm.juno.core.test.a.rttests.CT_RoundTripSimpleObjects" name="testStringArray[18]" time="0.0" />
  <testcase classname="com.ibm.juno.core.test.a.rttests.CT_RoundTripSimpleObjects" name="testCharArray[19]" time="0.001" />
  <testcase classname="com.ibm.juno.core.test.a.rttests.CT_RoundTripSimpleObjects" name="testCharacter[19]" time="0.0" />
  <testcase classname="com.ibm.juno.core.test.a.rttests.CT_RoundTripSimpleObjects" name="testFloatArray[19]" time="0.0" />
  <testcase classname="com.ibm.juno.core.test.a.rttests.CT_RoundTripSimpleObjects" name="testLongObject[19]" time="0.0" />
  <testcase classname="com.ibm.juno.core.test.a.rttests.CT_RoundTripSimpleObjects" name="testTreeMap[19]" time="0.0" />
  <testcase classname="com.ibm.juno.core.test.a.rttests.CT_RoundTripSimpleObjects" name="testInt[19]" time="0.0" />
  <testcase classname="com.ibm.juno.core.test.a.rttests.CT_RoundTripSimpleObjects" name="testFloat[19]" time="0.001" />
  <testcase classname="com.ibm.juno.core.test.a.rttests.CT_RoundTripSimpleObjects" name="testShort[19]" time="0.001" />
  <testcase classname="com.ibm.juno.core.test.a.rttests.CT_RoundTripSimpleObjects" name="testChar[19]" time="0.0" />
  <testcase classname="com.ibm.juno.core.test.a.rttests.CT_RoundTripSimpleObjects" name="testLong[19]" time="0.0" />
  <testcase classname="com.ibm.juno.core.test.a.rttests.CT_RoundTripSimpleObjects" name="testNull[19]" time="0.0" />
  <testcase classname="com.ibm.juno.core.test.a.rttests.CT_RoundTripSimpleObjects" name="testCharacterArray[19]" time="0.001" />
  <testcase classname="com.ibm.juno.core.test.a.rttests.CT_RoundTripSimpleObjects" name="testLongObject2dArray[19]" time="0.001" />
  <testcase classname="com.ibm.juno.core.test.a.rttests.CT_RoundTripSimpleObjects" name="testObjectMap[19]" time="0.001" />
  <testcase classname="com.ibm.juno.core.test.a.rttests.CT_RoundTripSimpleObjects" name="testInt2dArray[19]" time="0.001" />
  <testcase classname="com.ibm.juno.core.test.a.rttests.CT_RoundTripSimpleObjects" name="testBooleanObject[19]" time="0.001" />
  <testcase classname="com.ibm.juno.core.test.a.rttests.CT_RoundTripSimpleObjects" name="testShortObject2dArray[19]" time="0.001" />
  <testcase classname="com.ibm.juno.core.test.a.rttests.CT_RoundTripSimpleObjects" name="testBooleanObject2dArray[19]" time="0.001" />
  <testcase classname="com.ibm.juno.core.test.a.rttests.CT_RoundTripSimpleObjects" name="testBoolean[19]" time="0.001" />
  <testcase classname="com.ibm.juno.core.test.a.rttests.CT_RoundTripSimpleObjects" name="testLinkedHashMap[19]" time="0.0" />
  <testcase classname="com.ibm.juno.core.test.a.rttests.CT_RoundTripSimpleObjects" name="testBoolean2dArray[19]" time="0.001" />
  <testcase classname="com.ibm.juno.core.test.a.rttests.CT_RoundTripSimpleObjects" name="testBooleanArray[19]" time="0.001" />
  <testcase classname="com.ibm.juno.core.test.a.rttests.CT_RoundTripSimpleObjects" name="testIntegerArray[19]" time="0.001" />
  <testcase classname="com.ibm.juno.core.test.a.rttests.CT_RoundTripSimpleObjects" name="testInt3dArray[19]" time="0.001" />
  <testcase classname="com.ibm.juno.core.test.a.rttests.CT_RoundTripSimpleObjects" name="testShortObject[19]" time="0.0" />
  <testcase classname="com.ibm.juno.core.test.a.rttests.CT_RoundTripSimpleObjects" name="testDouble2dArray[19]" time="0.0" />
  <testcase classname="com.ibm.juno.core.test.a.rttests.CT_RoundTripSimpleObjects" name="testDoubleObjectArray[19]" time="0.0" />
  <testcase classname="com.ibm.juno.core.test.a.rttests.CT_RoundTripSimpleObjects" name="testObjectList[19]" time="0.0" />
  <testcase classname="com.ibm.juno.core.test.a.rttests.CT_RoundTripSimpleObjects" name="testString2dArray[19]" time="0.001" />
  <testcase classname="com.ibm.juno.core.test.a.rttests.CT_RoundTripSimpleObjects" name="testLong2dArray[19]" time="0.001" />
  <testcase classname="com.ibm.juno.core.test.a.rttests.CT_RoundTripSimpleObjects" name="testInteger2dArray[19]" time="0.001" />
  <testcase classname="com.ibm.juno.core.test.a.rttests.CT_RoundTripSimpleObjects" name="testChar2dArray[19]" time="0.002" />
  <testcase classname="com.ibm.juno.core.test.a.rttests.CT_RoundTripSimpleObjects" name="testFloatObject2dArray[19]" time="0.001" />
  <testcase classname="com.ibm.juno.core.test.a.rttests.CT_RoundTripSimpleObjects" name="testLongArray[19]" time="0.001" />
  <testcase classname="com.ibm.juno.core.test.a.rttests.CT_RoundTripSimpleObjects" name="testShortArray[19]" time="0.001" />
  <testcase classname="com.ibm.juno.core.test.a.rttests.CT_RoundTripSimpleObjects" name="testExtendedUnicode[19]" time="0.001" />
  <testcase classname="com.ibm.juno.core.test.a.rttests.CT_RoundTripSimpleObjects" name="testShort2dArray[19]" time="0.001" />
  <testcase classname="com.ibm.juno.core.test.a.rttests.CT_RoundTripSimpleObjects" name="testCharacter2dArray[19]" time="0.001" />
  <testcase classname="com.ibm.juno.core.test.a.rttests.CT_RoundTripSimpleObjects" name="testIntArray[19]" time="0.001" />
  <testcase classname="com.ibm.juno.core.test.a.rttests.CT_RoundTripSimpleObjects" name="testDouble[19]" time="0.001" />
  <testcase classname="com.ibm.juno.core.test.a.rttests.CT_RoundTripSimpleObjects" name="testFloat2dArray[19]" time="0.001" />
  <testcase classname="com.ibm.juno.core.test.a.rttests.CT_RoundTripSimpleObjects" name="testShortObjectArray[19]" time="0.001" />
  <testcase classname="com.ibm.juno.core.test.a.rttests.CT_RoundTripSimpleObjects" name="testInteger3dArray[19]" time="0.001" />
  <testcase classname="com.ibm.juno.core.test.a.rttests.CT_RoundTripSimpleObjects" name="testInteger[19]" time="0.001" />
  <testcase classname="com.ibm.juno.core.test.a.rttests.CT_RoundTripSimpleObjects" name="testFloatObject[19]" time="0.001" />
  <testcase classname="com.ibm.juno.core.test.a.rttests.CT_RoundTripSimpleObjects" name="testString[19]" time="0.001" />
  <testcase classname="com.ibm.juno.core.test.a.rttests.CT_RoundTripSimpleObjects" name="testDoubleObject2dArray[19]" time="0.001" />
  <testcase classname="com.ibm.juno.core.test.a.rttests.CT_RoundTripSimpleObjects" name="testBooleanObjectArray[19]" time="0.001" />
  <testcase classname="com.ibm.juno.core.test.a.rttests.CT_RoundTripSimpleObjects" name="testVector[19]" time="0.001" />
  <testcase classname="com.ibm.juno.core.test.a.rttests.CT_RoundTripSimpleObjects" name="testFloatObjectArray[19]" time="0.001" />
  <testcase classname="com.ibm.juno.core.test.a.rttests.CT_RoundTripSimpleObjects" name="testDoubleObject[19]" time="0.001" />
  <testcase classname="com.ibm.juno.core.test.a.rttests.CT_RoundTripSimpleObjects" name="testDoubleArray[19]" time="0.001" />
  <testcase classname="com.ibm.juno.core.test.a.rttests.CT_RoundTripSimpleObjects" name="testLongObjectArray[19]" time="0.001" />
  <testcase classname="com.ibm.juno.core.test.a.rttests.CT_RoundTripSimpleObjects" name="testStringArray[19]" time="0.001" />
  <testcase classname="com.ibm.juno.core.test.a.rttests.CT_RoundTripToObjectMaps" name="test[0]" time="0.004" />
  <testcase classname="com.ibm.juno.core.test.a.rttests.CT_RoundTripToObjectMaps" name="test[1]" time="0.001" />
  <testcase classname="com.ibm.juno.core.test.a.rttests.CT_RoundTripToObjectMaps" name="test[2]" time="0.001" />
  <testcase classname="com.ibm.juno.core.test.a.rttests.CT_RoundTripToObjectMaps" name="test[3]" time="0.015" />
  <testcase classname="com.ibm.juno.core.test.a.rttests.CT_RoundTripToObjectMaps" name="test[4]" time="0.001" />
  <testcase classname="com.ibm.juno.core.test.a.rttests.CT_RoundTripToObjectMaps" name="test[5]" time="0.002" />
  <testcase classname="com.ibm.juno.core.test.a.rttests.CT_RoundTripToObjectMaps" name="test[6]" time="0.002" />
  <testcase classname="com.ibm.juno.core.test.a.rttests.CT_RoundTripToObjectMaps" name="test[7]" time="0.0" />
  <testcase classname="com.ibm.juno.core.test.a.rttests.CT_RoundTripToObjectMaps" name="test[8]" time="0.001" />
  <testcase classname="com.ibm.juno.core.test.a.rttests.CT_RoundTripToObjectMaps" name="test[9]" time="0.001" />
  <testcase classname="com.ibm.juno.core.test.a.rttests.CT_RoundTripToObjectMaps" name="test[10]" time="0.001" />
  <testcase classname="com.ibm.juno.core.test.a.rttests.CT_RoundTripToObjectMaps" name="test[11]" time="0.001" />
  <testcase classname="com.ibm.juno.core.test.a.rttests.CT_RoundTripToObjectMaps" name="test[12]" time="0.0" />
  <testcase classname="com.ibm.juno.core.test.a.rttests.CT_RoundTripToObjectMaps" name="test[13]" time="0.003" />
  <testcase classname="com.ibm.juno.core.test.a.rttests.CT_RoundTripToObjectMaps" name="test[14]" time="0.004" />
  <testcase classname="com.ibm.juno.core.test.a.rttests.CT_RoundTripToObjectMaps" name="test[15]" time="0.002" />
  <testcase classname="com.ibm.juno.core.test.a.rttests.CT_RoundTripToObjectMaps" name="test[16]" time="0.002" />
  <testcase classname="com.ibm.juno.core.test.a.rttests.CT_RoundTripToObjectMaps" name="test[17]" time="0.003" />
  <testcase classname="com.ibm.juno.core.test.a.rttests.CT_RoundTripToObjectMaps" name="test[18]" time="0.001" />
  <testcase classname="com.ibm.juno.core.test.a.rttests.CT_RoundTripToObjectMaps" name="test[19]" time="0.003" />
  <testcase classname="com.ibm.juno.core.test.csv.CT_Csv" name="testBasic" time="0.002" />
  <testcase classname="com.ibm.juno.core.test.dto.atom.CT_Atom" name="testBasic" time="0.038" />
  <testcase classname="com.ibm.juno.core.test.dto.cognos.CT_CognosXml" name="test" time="0.006" />
  <testcase classname="com.ibm.juno.core.test.dto.jsonschema.CT_JsonSchema" name="testSchema1" time="0.002" />
  <testcase classname="com.ibm.juno.core.test.dto.jsonschema.CT_JsonSchema" name="testSchema2" time="0.001" />
  <testcase classname="com.ibm.juno.core.test.filters.CT_BeanFilter" name="testFilteredWithStopClass" time="0.002" />
  <testcase classname="com.ibm.juno.core.test.filters.CT_BeanFilter" name="testFilteredWithStopClassesAtMulitpleLevels" time="0.002" />
  <testcase classname="com.ibm.juno.core.test.filters.CT_BeanFilter" name="testFilteredWithStopClassOnParentClass" time="0.002" />
  <testcase classname="com.ibm.juno.core.test.filters.CT_BeanFilter" name="testFilteredAbstractClasses" time="0.002" />
  <testcase classname="com.ibm.juno.core.test.filters.CT_BeanFilter" name="testFilteredWithStopClassOnParentClassWithOverriddenAnnotation" time="0.001" />
  <testcase classname="com.ibm.juno.core.test.filters.CT_BeanFilter" name="testFilteredInterfaces" time="0.002" />
  <testcase classname="com.ibm.juno.core.test.filters.CT_BeanMap" name="testFilteredEntryWithMultipleMatchingFilters" time="0.003" />
  <testcase classname="com.ibm.juno.core.test.filters.CT_BeanMap" name="testFilteredEntry" time="0.001" />
  <testcase classname="com.ibm.juno.core.test.filters.CT_ByteArrayBase64Filter" name="testBean[0]" time="0.007" />
  <testcase classname="com.ibm.juno.core.test.filters.CT_ByteArrayBase64Filter" name="testPrimitiveArrays[0]" time="0.003" />
  <testcase classname="com.ibm.juno.core.test.filters.CT_ByteArrayBase64Filter" name="testBean[1]" time="0.001" />
  <testcase classname="com.ibm.juno.core.test.filters.CT_ByteArrayBase64Filter" name="testPrimitiveArrays[1]" time="0.0" />
  <testcase classname="com.ibm.juno.core.test.filters.CT_ByteArrayBase64Filter" name="testBean[2]" time="0.001" />
  <testcase classname="com.ibm.juno.core.test.filters.CT_ByteArrayBase64Filter" name="testPrimitiveArrays[2]" time="0.0" />
  <testcase classname="com.ibm.juno.core.test.filters.CT_ByteArrayBase64Filter" name="testBean[3]" time="0.01" />
  <testcase classname="com.ibm.juno.core.test.filters.CT_ByteArrayBase64Filter" name="testPrimitiveArrays[3]" time="0.021" />
  <testcase classname="com.ibm.juno.core.test.filters.CT_ByteArrayBase64Filter" name="testBean[4]" time="0.003" />
  <testcase classname="com.ibm.juno.core.test.filters.CT_ByteArrayBase64Filter" name="testPrimitiveArrays[4]" time="0.002" />
  <testcase classname="com.ibm.juno.core.test.filters.CT_ByteArrayBase64Filter" name="testBean[5]" time="0.002" />
  <testcase classname="com.ibm.juno.core.test.filters.CT_ByteArrayBase64Filter" name="testPrimitiveArrays[5]" time="0.003" />
  <testcase classname="com.ibm.juno.core.test.filters.CT_ByteArrayBase64Filter" name="testBean[6]" time="0.004" />
  <testcase classname="com.ibm.juno.core.test.filters.CT_ByteArrayBase64Filter" name="testPrimitiveArrays[6]" time="0.004" />
  <testcase classname="com.ibm.juno.core.test.filters.CT_ByteArrayBase64Filter" name="testBean[7]" time="0.001" />
  <testcase classname="com.ibm.juno.core.test.filters.CT_ByteArrayBase64Filter" name="testPrimitiveArrays[7]" time="0.001" />
  <testcase classname="com.ibm.juno.core.test.filters.CT_ByteArrayBase64Filter" name="testBean[8]" time="0.0" />
  <testcase classname="com.ibm.juno.core.test.filters.CT_ByteArrayBase64Filter" name="testPrimitiveArrays[8]" time="0.001" />
  <testcase classname="com.ibm.juno.core.test.filters.CT_ByteArrayBase64Filter" name="testBean[9]" time="0.001" />
  <testcase classname="com.ibm.juno.core.test.filters.CT_ByteArrayBase64Filter" name="testPrimitiveArrays[9]" time="0.0" />
  <testcase classname="com.ibm.juno.core.test.filters.CT_ByteArrayBase64Filter" name="testBean[10]" time="0.0" />
  <testcase classname="com.ibm.juno.core.test.filters.CT_ByteArrayBase64Filter" name="testPrimitiveArrays[10]" time="0.0" />
  <testcase classname="com.ibm.juno.core.test.filters.CT_ByteArrayBase64Filter" name="testBean[11]" time="0.0" />
  <testcase classname="com.ibm.juno.core.test.filters.CT_ByteArrayBase64Filter" name="testPrimitiveArrays[11]" time="0.0" />
  <testcase classname="com.ibm.juno.core.test.filters.CT_ByteArrayBase64Filter" name="testBean[12]" time="0.0" />
  <testcase classname="com.ibm.juno.core.test.filters.CT_ByteArrayBase64Filter" name="testPrimitiveArrays[12]" time="0.001" />
  <testcase classname="com.ibm.juno.core.test.filters.CT_ByteArrayBase64Filter" name="testBean[13]" time="0.006" />
  <testcase classname="com.ibm.juno.core.test.filters.CT_ByteArrayBase64Filter" name="testPrimitiveArrays[13]" time="0.003" />
  <testcase classname="com.ibm.juno.core.test.filters.CT_ByteArrayBase64Filter" name="testBean[14]" time="0.005" />
  <testcase classname="com.ibm.juno.core.test.filters.CT_ByteArrayBase64Filter" name="testPrimitiveArrays[14]" time="0.003" />
  <testcase classname="com.ibm.juno.core.test.filters.CT_ByteArrayBase64Filter" name="testBean[15]" time="0.0" />
  <testcase classname="com.ibm.juno.core.test.filters.CT_ByteArrayBase64Filter" name="testPrimitiveArrays[15]" time="0.0" />
  <testcase classname="com.ibm.juno.core.test.filters.CT_ByteArrayBase64Filter" name="testBean[16]" time="0.0" />
  <testcase classname="com.ibm.juno.core.test.filters.CT_ByteArrayBase64Filter" name="testPrimitiveArrays[16]" time="0.0" />
  <testcase classname="com.ibm.juno.core.test.filters.CT_ByteArrayBase64Filter" name="testBean[17]" time="0.0" />
  <testcase classname="com.ibm.juno.core.test.filters.CT_ByteArrayBase64Filter" name="testPrimitiveArrays[17]" time="0.01" />
  <testcase classname="com.ibm.juno.core.test.filters.CT_ByteArrayBase64Filter" name="testBean[18]" time="0.0" />
  <testcase classname="com.ibm.juno.core.test.filters.CT_ByteArrayBase64Filter" name="testPrimitiveArrays[18]" time="0.0" />
  <testcase classname="com.ibm.juno.core.test.filters.CT_ByteArrayBase64Filter" name="testBean[19]" time="0.0" />
  <testcase classname="com.ibm.juno.core.test.filters.CT_ByteArrayBase64Filter" name="testPrimitiveArrays[19]" time="0.01" />
  <testcase classname="com.ibm.juno.core.test.filters.CT_CalendarFilter" name="testDefaultStringUrlEncoding" time="0.0" />
  <testcase classname="com.ibm.juno.core.test.filters.CT_CalendarFilter" name="testDefaultStringRdfXml" time="0.0" />
  <testcase classname="com.ibm.juno.core.test.filters.CT_CalendarFilter" name="testBeanProperyFilterRdfXmlWithNs" time="0.0" />
  <testcase classname="com.ibm.juno.core.test.filters.CT_CalendarFilter" name="testDefaultMapUon" time="0.01" />
  <testcase classname="com.ibm.juno.core.test.filters.CT_CalendarFilter" name="testDefaultMapXml" time="0.0" />
  <testcase classname="com.ibm.juno.core.test.filters.CT_CalendarFilter" name="testISO8601DTUon" time="0.0" />
  <testcase classname="com.ibm.juno.core.test.filters.CT_CalendarFilter" name="testISO8601DTXml" time="0.0" />
  <testcase classname="com.ibm.juno.core.test.filters.CT_CalendarFilter" name="testRFC2822DTUon" time="0.0" />
  <testcase classname="com.ibm.juno.core.test.filters.CT_CalendarFilter" name="testRFC2822DTXml" time="0.0" />
  <testcase classname="com.ibm.juno.core.test.filters.CT_CalendarFilter" name="testDefaultMediumUon" time="0.0" />
  <testcase classname="com.ibm.juno.core.test.filters.CT_CalendarFilter" name="testDefaultMediumXml" time="0.011" />
  <testcase classname="com.ibm.juno.core.test.filters.CT_CalendarFilter" name="testTimezone" time="0.002" />
  <testcase classname="com.ibm.juno.core.test.filters.CT_CalendarFilter" name="testDefaultLongHtml" time="0.001" />
  <testcase classname="com.ibm.juno.core.test.filters.CT_CalendarFilter" name="testDefaultLongJson" time="0.0" />
  <testcase classname="com.ibm.juno.core.test.filters.CT_CalendarFilter" name="testRFC2822DTHtml" time="0.001" />
  <testcase classname="com.ibm.juno.core.test.filters.CT_CalendarFilter" name="testRFC2822DTJson" time="0.0" />
  <testcase classname="com.ibm.juno.core.test.filters.CT_CalendarFilter" name="testBeanProperyFilterHtml" time="0.001" />
  <testcase classname="com.ibm.juno.core.test.filters.CT_CalendarFilter" name="testBeanProperyFilterJson" time="0.0" />
  <testcase classname="com.ibm.juno.core.test.filters.CT_CalendarFilter" name="testDefaultMediumHtml" time="0.001" />
  <testcase classname="com.ibm.juno.core.test.filters.CT_CalendarFilter" name="testDefaultMediumJson" time="0.0" />
  <testcase classname="com.ibm.juno.core.test.filters.CT_CalendarFilter" name="testDefaultStringUon" time="0.0" />
  <testcase classname="com.ibm.juno.core.test.filters.CT_CalendarFilter" name="testDefaultStringXml" time="0.001" />
  <testcase classname="com.ibm.juno.core.test.filters.CT_CalendarFilter" name="testDefaultStringHtml" time="0.001" />
  <testcase classname="com.ibm.juno.core.test.filters.CT_CalendarFilter" name="testDefaultStringJson" time="0.001" />
  <testcase classname="com.ibm.juno.core.test.filters.CT_CalendarFilter" name="testDefaultLongUrlEncoding" time="0.0" />
  <testcase classname="com.ibm.juno.core.test.filters.CT_CalendarFilter" name="testDefaultMediumUrlEncoding" time="0.0" />
  <testcase classname="com.ibm.juno.core.test.filters.CT_CalendarFilter" name="testBeanProperyFilterUrlEncoding" time="0.001" />
  <testcase classname="com.ibm.juno.core.test.filters.CT_CalendarFilter" name="testDefaultLongUon" time="0.001" />
  <testcase classname="com.ibm.juno.core.test.filters.CT_CalendarFilter" name="testDefaultLongXml" time="0.0" />
  <testcase classname="com.ibm.juno.core.test.filters.CT_CalendarFilter" name="testRFC2822DTUrlEncoding" time="0.0" />
  <testcase classname="com.ibm.juno.core.test.filters.CT_CalendarFilter" name="testISO8601DTUrlEncoding" time="0.001" />
  <testcase classname="com.ibm.juno.core.test.filters.CT_CalendarFilter" name="testDefaultMapHtml" time="0.0" />
  <testcase classname="com.ibm.juno.core.test.filters.CT_CalendarFilter" name="testDefaultMapJson" time="0.0" />
  <testcase classname="com.ibm.juno.core.test.filters.CT_CalendarFilter" name="testDefaultMapUrlEncoding" time="0.0" />
  <testcase classname="com.ibm.juno.core.test.filters.CT_CalendarFilter" name="testDefaultLongRdfXml" time="0.001" />
  <testcase classname="com.ibm.juno.core.test.filters.CT_CalendarFilter" name="testDefaultMapRdfXml" time="0.001" />
  <testcase classname="com.ibm.juno.core.test.filters.CT_CalendarFilter" name="testDefaultMediumRdfXml" time="0.002" />
  <testcase classname="com.ibm.juno.core.test.filters.CT_CalendarFilter" name="testRFC2822DTRdfXml" time="0.0" />
  <testcase classname="com.ibm.juno.core.test.filters.CT_CalendarFilter" name="testISO8601DTRdfXml" time="0.0" />
  <testcase classname="com.ibm.juno.core.test.filters.CT_CalendarFilter" name="testBeanProperyFilterUon" time="0.0" />
  <testcase classname="com.ibm.juno.core.test.filters.CT_CalendarFilter" name="testBeanProperyFilterXml" time="0.0" />
  <testcase classname="com.ibm.juno.core.test.filters.CT_CalendarFilter" name="testISO8601DTHtml" time="0.0" />
  <testcase classname="com.ibm.juno.core.test.filters.CT_CalendarFilter" name="testISO8601DTJson" time="0.0" />
  <testcase classname="com.ibm.juno.core.test.filters.CT_DateFilter" name="testMap" time="0.0" />
  <testcase classname="com.ibm.juno.core.test.filters.CT_DateFilter" name="testLong" time="0.0" />
  <testcase classname="com.ibm.juno.core.test.filters.CT_DateFilter" name="testRFC2822DT" time="0.01" />
  <testcase classname="com.ibm.juno.core.test.filters.CT_DateFilter" name="testBeanWithDate" time="0.0" />
  <testcase classname="com.ibm.juno.core.test.filters.CT_DateFilter" name="testISO8601DTZ" time="0.0" />
  <testcase classname="com.ibm.juno.core.test.filters.CT_DateFilter" name="testString" time="0.0" />
  <testcase classname="com.ibm.juno.core.test.filters.CT_EnumerationFilter" name="test" time="0.0" />
  <testcase classname="com.ibm.juno.core.test.filters.CT_IteratorFilter" name="test" time="0.0" />
  <testcase classname="com.ibm.juno.core.test.filters.CT_ReaderFilter" name="test" time="0.01" />
  <testcase classname="com.ibm.juno.core.test.html.CT_Common" name="testBeanPropertyProperties" time="0.0" />
  <testcase classname="com.ibm.juno.core.test.html.CT_Common" name="testURIAttr" time="0.01" />
  <testcase classname="com.ibm.juno.core.test.html.CT_Common" name="testUris" time="0.0" />
  <testcase classname="com.ibm.juno.core.test.html.CT_Common" name="testBasicBean" time="0.0" />
  <testcase classname="com.ibm.juno.core.test.html.CT_Common" name="testTrimEmptyArrays" time="0.011" />
  <testcase classname="com.ibm.juno.core.test.html.CT_Common" name="testBeanPropertyPropertiesOnListOfBeans" time="0.001" />
  <testcase classname="com.ibm.juno.core.test.html.CT_Common" name="testTrimEmptyLists" time="0.003" />
  <testcase classname="com.ibm.juno.core.test.html.CT_Common" name="testTrimEmptyMaps" time="0.002" />
  <testcase classname="com.ibm.juno.core.test.html.CT_Common" name="testRecursion" time="0.032" />
  <testcase classname="com.ibm.juno.core.test.html.CT_Common" name="testLockedSerializer" time="0.001" />
  <testcase classname="com.ibm.juno.core.test.html.CT_Common" name="testTrimNullsFromBeans" time="0.001" />
  <testcase classname="com.ibm.juno.core.test.html.CT_CommonParser" name="testFromSerializer" time="0.021" />
  <testcase classname="com.ibm.juno.core.test.html.CT_CommonParser" name="testCorrectHandlingOfUnknownProperties" time="0.002" />
  <testcase classname="com.ibm.juno.core.test.html.CT_CommonParser" name="testCollectionPropertiesWithNoSetters" time="0.002" />
  <testcase classname="com.ibm.juno.core.test.html.CT_CommonParser" name="testParserListeners" time="0.001" />
  <testcase classname="com.ibm.juno.core.test.html.CT_Html" name="testTables1" time="0.005" />
  <testcase classname="com.ibm.juno.core.test.html.CT_Html" name="testHtmlAnnotationAsXml" time="0.003" />
  <testcase classname="com.ibm.juno.core.test.html.CT_Html" name="testHtmlAnnotationAsPlainText" time="0.003" />
  <testcase classname="com.ibm.juno.core.test.html.CT_Html" name="testAnchorTextOptions" time="0.001" />
  <testcase classname="com.ibm.juno.core.test.ini.CT_ConfigFile" name="testEntryListener" time="0.009" />
  <testcase classname="com.ibm.juno.core.test.ini.CT_ConfigFile" name="testEncodedValues" time="0.011" />
  <testcase classname="com.ibm.juno.core.test.ini.CT_ConfigFile" name="testShellScriptGeneration" time="0.0" />
  <testcase classname="com.ibm.juno.core.test.ini.CT_ConfigFile" name="testWriteProperties" time="0.004" />
  <testcase classname="com.ibm.juno.core.test.ini.CT_ConfigFile" name="testDefaultSection" time="0.009" />
  <testcase classname="com.ibm.juno.core.test.ini.CT_ConfigFile" name="testSerializedAsJson" time="0.0" />
  <testcase classname="com.ibm.juno.core.test.ini.CT_ConfigFile" name="testSerialization" time="0.0" />
  <testcase classname="com.ibm.juno.core.test.ini.CT_ConfigFile" name="testBadInput" time="0.0" />
  <testcase classname="com.ibm.juno.core.test.ini.CT_ConfigFile" name="testPut" time="0.001" />
  <testcase classname="com.ibm.juno.core.test.ini.CT_ConfigFile" name="testPutStringEncoded" time="0.001" />
  <testcase classname="com.ibm.juno.core.test.ini.CT_ConfigFile" name="testGetSectionKeys" time="0.0" />
  <testcase classname="com.ibm.juno.core.test.ini.CT_ConfigFile" name="testMerge" time="0.001" />
  <testcase classname="com.ibm.juno.core.test.ini.CT_ConfigFile" name="testEnum" time="0.006" />
  <testcase classname="com.ibm.juno.core.test.ini.CT_ConfigFile" name="testNumberShortcuts" time="0.0" />
  <testcase classname="com.ibm.juno.core.test.ini.CT_ConfigFile" name="testListeners" time="0.022" />
  <testcase classname="com.ibm.juno.core.test.ini.CT_ConfigFile" name="testAddLines" time="0.001" />
  <testcase classname="com.ibm.juno.core.test.ini.CT_ConfigFile" name="testXorEncoder" time="0.001" />
  <testcase classname="com.ibm.juno.core.test.ini.CT_ConfigFile" name="testHeaderComments" time="0.008" />
  <testcase classname="com.ibm.juno.core.test.ini.CT_ConfigFile" name="testGetSectionAsBean" time="0.001" />
  <testcase classname="com.ibm.juno.core.test.ini.CT_ConfigFile" name="testExampleInConfigFile" time="0.008" />
  <testcase classname="com.ibm.juno.core.test.ini.CT_ConfigFile" name="testContains" time="0.0" />
  <testcase classname="com.ibm.juno.core.test.ini.CT_ConfigFile" name="testRemoveString" time="0.0" />
  <testcase classname="com.ibm.juno.core.test.ini.CT_ConfigFile" name="testPutString" time="0.0" />
  <testcase classname="com.ibm.juno.core.test.ini.CT_ConfigFile" name="testGetBoolean" time="0.0" />
  <testcase classname="com.ibm.juno.core.test.ini.CT_ConfigFile" name="testMultiLines" time="0.001" />
  <testcase classname="com.ibm.juno.core.test.ini.CT_ConfigFile" name="testVariables" time="0.0" />
  <testcase classname="com.ibm.juno.core.test.ini.CT_ConfigFile" name="testContainsNonEmptyKey" time="0.0" />
  <testcase classname="com.ibm.juno.core.test.ini.CT_ConfigFile" name="testAlternateConstructors" time="0.0" />
  <testcase classname="com.ibm.juno.core.test.ini.CT_ConfigFile" name="testSectionListener" time="0.0" />
  <testcase classname="com.ibm.juno.core.test.ini.CT_ConfigFile" name="testGetStringArray" time="0.0" />
  <testcase classname="com.ibm.juno.core.test.ini.CT_ConfigFile" name="testBatchFileGeneration" time="0.0" />
  <testcase classname="com.ibm.juno.core.test.ini.CT_ConfigFile" name="testAddHeaderComments" time="0.001" />
  <testcase classname="com.ibm.juno.core.test.ini.CT_ConfigFile" name="testGetObjectArray" time="0.001" />
  <testcase classname="com.ibm.juno.core.test.ini.CT_ConfigFile" name="testBasics" time="0.005" />
  <testcase classname="com.ibm.juno.core.test.ini.CT_ConfigFile" name="testGetObject" time="0.001" />
  <testcase classname="com.ibm.juno.core.test.ini.CT_ConfigFile" name="testGetInt" time="0.001" />
  <testcase classname="com.ibm.juno.core.test.ini.CT_ConfigFile" name="testGetString" time="0.0" />
  <testcase classname="com.ibm.juno.core.test.ini.CT_ConfigFile" name="testRemoveEntries" time="0.008" />
  <testcase classname="com.ibm.juno.core.test.ini.CT_ConfigFile" name="testToWritable" time="0.001" />
  <testcase classname="com.ibm.juno.core.test.ini.CT_ConfigFile" name="testCommentsOnly" time="0.005" />
  <testcase classname="com.ibm.juno.core.test.ini.CT_ConfigFile" name="testLoadFromReader" time="0.0" />
  <testcase classname="com.ibm.juno.core.test.ini.CT_ConfigFile" name="testGetSectionMap" time="0.001" />
  <testcase classname="com.ibm.juno.core.test.ini.CT_ConfigMgr" name="testGet" time="0.01" />
  <testcase classname="com.ibm.juno.core.test.ini.CT_ConfigMgr" name="testMain" time="0.012" />
  <testcase classname="com.ibm.juno.core.test.ini.CT_ConfigMgr" name="testReadOnly" time="0.002" />
  <testcase classname="com.ibm.juno.core.test.ini.CT_ConfigMgr" name="testLoadIfModified" time="0.006" />
  <testcase classname="com.ibm.juno.core.test.jena.CT_Common" name="testBeanPropertyProperties" time="0.006" />
  <testcase classname="com.ibm.juno.core.test.jena.CT_Common" name="testBeanPropertyProperiesOnListOfBeans" time="0.003" />
  <testcase classname="com.ibm.juno.core.test.jena.CT_Common" name="testURIAttr" time="0.003" />
  <testcase classname="com.ibm.juno.core.test.jena.CT_Common" name="testUris" time="0.008" />
  <testcase classname="com.ibm.juno.core.test.jena.CT_Common" name="testTrimEmptyArrays" time="0.005" />
  <testcase classname="com.ibm.juno.core.test.jena.CT_Common" name="testTrimEmptyLists" time="0.007" />
  <testcase classname="com.ibm.juno.core.test.jena.CT_Common" name="testTrimEmptyMaps" time="0.007" />
  <testcase classname="com.ibm.juno.core.test.jena.CT_Common" name="testRecursion" time="0.007" />
  <testcase classname="com.ibm.juno.core.test.jena.CT_Common" name="testLockedSerializer" time="0.001" />
  <testcase classname="com.ibm.juno.core.test.jena.CT_Common" name="testTrimNullsFromBeans" time="0.003" />
  <testcase classname="com.ibm.juno.core.test.jena.CT_CommonParser" name="testFromSerializer" time="0.01" />
  <testcase classname="com.ibm.juno.core.test.jena.CT_CommonParser" name="testCorrectHandlingOfUnknownProperties" time="0.002" />
  <testcase classname="com.ibm.juno.core.test.jena.CT_CommonParser" name="testCollectionPropertiesWithNoSetters" time="0.002" />
  <testcase classname="com.ibm.juno.core.test.jena.CT_CommonParser" name="testParserListeners" time="0.0" />
  <testcase classname="com.ibm.juno.core.test.jena.CT_CommonXml" name="testBeanUriAnnotation" time="0.002" />
  <testcase classname="com.ibm.juno.core.test.jena.CT_CommonXml" name="testBeanUriAnnotationOnlyUriProperty" time="0.003" />
  <testcase classname="com.ibm.juno.core.test.jena.CT_Rdf" name="testCollectionFormatProperties" time="0.099" />
  <testcase classname="com.ibm.juno.core.test.jena.CT_Rdf" name="testCollectionFormatAnnotationOnClass" time="0.025" />
  <testcase classname="com.ibm.juno.core.test.jena.CT_Rdf" name="testLooseCollectionsOfBeans" time="0.017" />
  <testcase classname="com.ibm.juno.core.test.jena.CT_Rdf" name="testCollectionFormatAnnotations" time="0.031" />
  <testcase classname="com.ibm.juno.core.test.jena.CT_RdfParser" name="testParseIntoGenericPojos" time="0.015" />
  <testcase classname="com.ibm.juno.core.test.json.CT_Common" name="testBeanPropertyProperiesOnListOfBeans" time="0.002" />
  <testcase classname="com.ibm.juno.core.test.json.CT_Common" name="testURIAttr" time="0.002" />
  <testcase classname="com.ibm.juno.core.test.json.CT_Common" name="testUris" time="0.001" />
  <testcase classname="com.ibm.juno.core.test.json.CT_Common" name="testBasicBean" time="0.001" />
  <testcase classname="com.ibm.juno.core.test.json.CT_Common" name="testBeanPropertyProperies" time="0.005" />
  <testcase classname="com.ibm.juno.core.test.json.CT_Common" name="testTrimEmptyArrays" time="0.002" />
  <testcase classname="com.ibm.juno.core.test.json.CT_Common" name="testTrimEmptyLists" time="0.002" />
  <testcase classname="com.ibm.juno.core.test.json.CT_Common" name="testTrimEmptyMaps" time="0.004" />
  <testcase classname="com.ibm.juno.core.test.json.CT_Common" name="testRecursion" time="0.009" />
  <testcase classname="com.ibm.juno.core.test.json.CT_Common" name="testLockedSerializer" time="0.0" />
  <testcase classname="com.ibm.juno.core.test.json.CT_Common" name="testTrimNullsFromBeans" time="0.0" />
  <testcase classname="com.ibm.juno.core.test.json.CT_CommonParser" name="testFromSerializer" time="0.004" />
  <testcase classname="com.ibm.juno.core.test.json.CT_CommonParser" name="testCorrectHandlingOfUnknownProperties" time="0.001" />
  <testcase classname="com.ibm.juno.core.test.json.CT_CommonParser" name="testCollectionPropertiesWithNoSetters" time="0.001" />
  <testcase classname="com.ibm.juno.core.test.json.CT_CommonParser" name="testParserListeners" time="0.001" />
  <testcase classname="com.ibm.juno.core.test.json.CT_Json" name="testBasic" time="0.0" />
  <testcase classname="com.ibm.juno.core.test.json.CT_Json" name="testEscapingDoubleQuotes" time="0.0" />
  <testcase classname="com.ibm.juno.core.test.json.CT_Json" name="testEscapeSolidus" time="0.001" />
  <testcase classname="com.ibm.juno.core.test.json.CT_Json" name="testEscapingSingleQuotes" time="0.0" />
  <testcase classname="com.ibm.juno.core.test.json.CT_Json" name="testWrapperAttrAnnotationOnNonBean" time="0.002" />
  <testcase classname="com.ibm.juno.core.test.json.CT_Json" name="testWrapperAttrAnnotationOnBean" time="0.002" />
  <testcase classname="com.ibm.juno.core.test.json.CT_Json" name="testIndentation" time="0.0" />
  <testcase classname="com.ibm.juno.core.test.json.CT_Json" name="testAddClassAttrs" time="0.001" />
  <testcase classname="com.ibm.juno.core.test.json.CT_Json" name="testBackslashesInStrings" time="0.0" />
  <testcase classname="com.ibm.juno.core.test.json.CT_Json" name="testReservedKeywordAttributes" time="0.0" />
  <testcase classname="com.ibm.juno.core.test.json.CT_JsonParser" name="testPrimitivesAsStrings" time="0.002" />
  <testcase classname="com.ibm.juno.core.test.json.CT_JsonParser" name="testInvalidJson" time="0.001" />
  <testcase classname="com.ibm.juno.core.test.json.CT_JsonParser" name="testInvalidJsonNumbers" time="0.0" />
  <testcase classname="com.ibm.juno.core.test.json.CT_JsonParser" name="testNonStringAsString" time="0.001" />
  <testcase classname="com.ibm.juno.core.test.json.CT_JsonParser" name="testNonExistentAttribute" time="0.0" />
  <testcase classname="com.ibm.juno.core.test.json.CT_JsonParser" name="testCognosJson" time="0.028" />
  <testcase classname="com.ibm.juno.core.test.json.CT_JsonParser" name="testUnquotedStrings" time="0.001" />
  <testcase classname="com.ibm.juno.core.test.json.CT_JsonParser" name="testStrictMode" time="0.001" />
  <testcase classname="com.ibm.juno.core.test.json.CT_JsonSchema" name="testBasic" time="0.0" />
  <testcase classname="com.ibm.juno.core.test.urlencoding.CT_Common_Uon" name="testURIAttr" time="0.001" />
  <testcase classname="com.ibm.juno.core.test.urlencoding.CT_Common_Uon" name="testUris" time="0.001" />
  <testcase classname="com.ibm.juno.core.test.urlencoding.CT_Common_Uon" name="testBeanPropertyProperies" time="0.004" />
  <testcase classname="com.ibm.juno.core.test.urlencoding.CT_Common_Uon" name="testTrimEmptyArrays" time="0.002" />
  <testcase classname="com.ibm.juno.core.test.urlencoding.CT_Common_Uon" name="testBeanPropertyPropertiesOnListOfBeans" time="0.001" />
  <testcase classname="com.ibm.juno.core.test.urlencoding.CT_Common_Uon" name="testTrimEmptyLists" time="0.002" />
  <testcase classname="com.ibm.juno.core.test.urlencoding.CT_Common_Uon" name="testTrimEmptyMaps" time="0.003" />
  <testcase classname="com.ibm.juno.core.test.urlencoding.CT_Common_Uon" name="testRecursion" time="0.005" />
  <testcase classname="com.ibm.juno.core.test.urlencoding.CT_Common_Uon" name="testLockedSerializer" time="0.0" />
  <testcase classname="com.ibm.juno.core.test.urlencoding.CT_Common_Uon" name="testTrimNullsFromBeans" time="0.0" />
  <testcase classname="com.ibm.juno.core.test.urlencoding.CT_Common_UrlEncoding" name="testURIAttr" time="0.001" />
  <testcase classname="com.ibm.juno.core.test.urlencoding.CT_Common_UrlEncoding" name="testUris" time="0.001" />
  <testcase classname="com.ibm.juno.core.test.urlencoding.CT_Common_UrlEncoding" name="testBeanPropertyProperies" time="0.003" />
  <testcase classname="com.ibm.juno.core.test.urlencoding.CT_Common_UrlEncoding" name="testTrimEmptyArrays" time="0.002" />
  <testcase classname="com.ibm.juno.core.test.urlencoding.CT_Common_UrlEncoding" name="testBeanPropertyPropertiesOnListOfBeans" time="0.001" />
  <testcase classname="com.ibm.juno.core.test.urlencoding.CT_Common_UrlEncoding" name="testTrimEmptyLists" time="0.003" />
  <testcase classname="com.ibm.juno.core.test.urlencoding.CT_Common_UrlEncoding" name="testTrimEmptyMaps" time="0.002" />
  <testcase classname="com.ibm.juno.core.test.urlencoding.CT_Common_UrlEncoding" name="testRecursion" time="0.008" />
  <testcase classname="com.ibm.juno.core.test.urlencoding.CT_Common_UrlEncoding" name="testLockedSerializer" time="0.0" />
  <testcase classname="com.ibm.juno.core.test.urlencoding.CT_Common_UrlEncoding" name="testTrimNullsFromBeans" time="0.0" />
  <testcase classname="com.ibm.juno.core.test.urlencoding.CT_CommonParser_Uon" name="testFromSerializer" time="0.003" />
  <testcase classname="com.ibm.juno.core.test.urlencoding.CT_CommonParser_Uon" name="testCorrectHandlingOfUnknownProperties" time="0.001" />
  <testcase classname="com.ibm.juno.core.test.urlencoding.CT_CommonParser_Uon" name="testCollectionPropertiesWithNoSetters" time="0.001" />
  <testcase classname="com.ibm.juno.core.test.urlencoding.CT_CommonParser_Uon" name="testParserListeners" time="0.0" />
  <testcase classname="com.ibm.juno.core.test.urlencoding.CT_CommonParser_UrlEncoding" name="testFromSerializer" time="0.003" />
  <testcase classname="com.ibm.juno.core.test.urlencoding.CT_CommonParser_UrlEncoding" name="testCorrectHandlingOfUnknownProperties" time="0.001" />
  <testcase classname="com.ibm.juno.core.test.urlencoding.CT_CommonParser_UrlEncoding" name="testCollectionPropertiesWithNoSetters" time="0.001" />
  <testcase classname="com.ibm.juno.core.test.urlencoding.CT_CommonParser_UrlEncoding" name="testParserListeners" time="0.0" />
  <testcase classname="com.ibm.juno.core.test.urlencoding.CT_CommonParser_UrlEncoding" name="testCollections" time="0.0" />
  <testcase classname="com.ibm.juno.core.test.urlencoding.CT_UonParser" name="testSimpleBean" time="0.0" />
  <testcase classname="com.ibm.juno.core.test.urlencoding.CT_UonParser" name="testUnicodeChars" time="0.0" />
  <testcase classname="com.ibm.juno.core.test.urlencoding.CT_UonParser" name="testBasic" time="0.004" />
  <testcase classname="com.ibm.juno.core.test.urlencoding.CT_UonParserReader" name="testBasic" time="0.001" />
  <testcase classname="com.ibm.juno.core.test.urlencoding.CT_UonSerializer" name="testUnicodeChars" time="0.001" />
  <testcase classname="com.ibm.juno.core.test.urlencoding.CT_UonSerializer" name="testBasic" time="0.002" />
  <testcase classname="com.ibm.juno.core.test.urlencoding.CT_UrlEncodingParser" name="testSimpleBean" time="0.002" />
  <testcase classname="com.ibm.juno.core.test.urlencoding.CT_UrlEncodingParser" name="testUnicodeChars" time="0.0" />
  <testcase classname="com.ibm.juno.core.test.urlencoding.CT_UrlEncodingParser" name="testCommaDelimitedLists" time="0.002" />
  <testcase classname="com.ibm.juno.core.test.urlencoding.CT_UrlEncodingParser" name="testBasic" time="0.004" />
  <testcase classname="com.ibm.juno.core.test.urlencoding.CT_UrlEncodingParser" name="testParseIntoSimpleMap" time="0.0" />
  <testcase classname="com.ibm.juno.core.test.urlencoding.CT_UrlEncodingParser" name="testWhitespace" time="0.004" />
  <testcase classname="com.ibm.juno.core.test.urlencoding.CT_UrlEncodingParser" name="testEmptyString" time="0.001" />
  <testcase classname="com.ibm.juno.core.test.urlencoding.CT_UrlEncodingParser" name="testMultiPartParametersOnBeansViaAnnotationOnClass" time="0.009" />
  <testcase classname="com.ibm.juno.core.test.urlencoding.CT_UrlEncodingParser" name="testMultiPartParametersOnBeansViaProperty" time="0.004" />
  <testcase classname="com.ibm.juno.core.test.urlencoding.CT_UrlEncodingParser" name="testNoValues" time="0.0" />
  <testcase classname="com.ibm.juno.core.test.urlencoding.CT_UrlEncodingParser" name="testParseIntoSimpleMapMultiValues" time="0.0" />
  <testcase classname="com.ibm.juno.core.test.urlencoding.CT_UrlEncodingParser" name="testCommaDelimitedListsWithSpecialChars" time="0.002" />
  <testcase classname="com.ibm.juno.core.test.urlencoding.CT_UrlEncodingSerializer" name="testMultiPartParametersOnMapOfStringArrays" time="0.0" />
  <testcase classname="com.ibm.juno.core.test.urlencoding.CT_UrlEncodingSerializer" name="testUnicodeChars" time="0.002" />
  <testcase classname="com.ibm.juno.core.test.urlencoding.CT_UrlEncodingSerializer" name="testBasic" time="0.002" />
  <testcase classname="com.ibm.juno.core.test.urlencoding.CT_UrlEncodingSerializer" name="testMultiPartParametersOnBeansViaAnnotationOnClass" time="0.004" />
  <testcase classname="com.ibm.juno.core.test.urlencoding.CT_UrlEncodingSerializer" name="testMultiPartParametersOnBeansViaProperty" time="0.006" />
  <testcase classname="com.ibm.juno.core.test.utils.CT_Args" name="test" time="0.0" />
  <testcase classname="com.ibm.juno.core.test.utils.CT_ArrayUtils" name="testAsSet" time="0.002" />
  <testcase classname="com.ibm.juno.core.test.utils.CT_ArrayUtils" name="testAppendCollectionToArray" time="0.0" />
  <testcase classname="com.ibm.juno.core.test.utils.CT_ArrayUtils" name="testCombine" time="0.0" />
  <testcase classname="com.ibm.juno.core.test.utils.CT_ArrayUtils" name="testAppendArrayToArray" time="0.0" />
  <testcase classname="com.ibm.juno.core.test.utils.CT_ArrayUtils" name="testReverse" time="0.0" />
  <testcase classname="com.ibm.juno.core.test.utils.CT_ArrayUtils" name="testIterator" time="0.0" />
  <testcase classname="com.ibm.juno.core.test.utils.CT_ArrayUtils" name="testArrayIterator" time="0.001" />
  <testcase classname="com.ibm.juno.core.test.utils.CT_ByteArrayCache" name="testBasic" time="0.002" />
  <testcase classname="com.ibm.juno.core.test.utils.CT_ByteArrayInOutStream" name="testBasic" time="0.001" />
  <testcase classname="com.ibm.juno.core.test.utils.CT_CharSet" name="test" time="0.0" />
  <testcase classname="com.ibm.juno.core.test.utils.CT_ClassUtils" name="testGetReadableClassName" time="0.001" />
  <testcase classname="com.ibm.juno.core.test.utils.CT_ClassUtils" name="testGetReadableClassNames" time="0.0" />
  <testcase classname="com.ibm.juno.core.test.utils.CT_ClassUtils" name="testIsParentClass" time="0.001" />
  <testcase classname="com.ibm.juno.core.test.utils.CT_CollectionUtils" name="testReverse" time="0.0" />
  <testcase classname="com.ibm.juno.core.test.utils.CT_FilteredMap" name="testBasic" time="0.0" />
  <testcase classname="com.ibm.juno.core.test.utils.CT_IdentityList" name="test" time="0.0" />
  <testcase classname="com.ibm.juno.core.test.utils.CT_IOPipe" name="testClose" time="0.001" />
  <testcase classname="com.ibm.juno.core.test.utils.CT_IOPipe" name="testLineProcessor" time="0.002" />
  <testcase classname="com.ibm.juno.core.test.utils.CT_IOPipe" name="testBuffSize" time="0.0" />
  <testcase classname="com.ibm.juno.core.test.utils.CT_IOPipe" name="testByLines" time="0.001" />
  <testcase classname="com.ibm.juno.core.test.utils.CT_IOPipe" name="testConstructor" time="0.0" />
  <testcase classname="com.ibm.juno.core.test.utils.CT_IOUtils" name="testRead" time="0.0" />
  <testcase classname="com.ibm.juno.core.test.utils.CT_KeywordStore" name="test" time="0.0" />
  <testcase classname="com.ibm.juno.core.test.utils.CT_MultiIterable" name="test" time="0.001" />
  <testcase classname="com.ibm.juno.core.test.utils.CT_MultiSet" name="doTest" time="0.002" />
  <testcase classname="com.ibm.juno.core.test.utils.CT_ParserReader" name="test" time="0.0" />
  <testcase classname="com.ibm.juno.core.test.utils.CT_PojoIntrospector" name="testBasic" time="0.0" />
  <testcase classname="com.ibm.juno.core.test.utils.CT_PojoQuery" name="testFilterCollectionIntSearchOneLevel" time="0.14" />
  <testcase classname="com.ibm.juno.core.test.utils.CT_PojoQuery" name="testFilterMapTwoLevel" time="0.007" />
  <testcase classname="com.ibm.juno.core.test.utils.CT_PojoQuery" name="testFilterMapOneLevel" time="0.003" />
  <testcase classname="com.ibm.juno.core.test.utils.CT_PojoQuery" name="testFilterCollectionStringSearchTwoLevel" time="0.004" />
  <testcase classname="com.ibm.juno.core.test.utils.CT_PojoQuery" name="testFilterCollectionStringSearchOneLevel" time="0.003" />
  <testcase classname="com.ibm.juno.core.test.utils.CT_PojoQuery" name="testFilterCollectionDateSearchOneLevel" time="0.014" />
  <testcase classname="com.ibm.juno.core.test.utils.CT_PojoQuery" name="testFilterCollectionViewTwoLevel" time="0.006" />
  <testcase classname="com.ibm.juno.core.test.utils.CT_PojoQuery" name="testFilterCollectionViewOneLevel" time="0.002" />
  <testcase classname="com.ibm.juno.core.test.utils.CT_PojoQuery" name="testSorting" time="0.004" />
  <testcase classname="com.ibm.juno.core.test.utils.CT_PojoRest" name="testAddressBook" time="0.003" />
  <testcase classname="com.ibm.juno.core.test.utils.CT_PojoRest" name="testBasic" time="0.0" />
  <testcase classname="com.ibm.juno.core.test.utils.CT_PojoRest" name="testBeans" time="0.0" />
  <testcase classname="com.ibm.juno.core.test.utils.CT_PojoRest" name="testConstructors" time="0.0" />
  <testcase classname="com.ibm.juno.core.test.utils.CT_PojoRest" name="testGetRootObject" time="0.0" />
  <testcase classname="com.ibm.juno.core.test.utils.CT_PojoRest" name="testGetPublicMethods" time="0.001" />
  <testcase classname="com.ibm.juno.core.test.utils.CT_PojoRest" name="testInvokeMethod" time="0.0" />
  <testcase classname="com.ibm.juno.core.test.utils.CT_PojoRest" name="testGetClassMeta" time="0.0" />
  <testcase classname="com.ibm.juno.core.test.utils.CT_PojoRest" name="testGetMethods" time="0.011" />
  <testcase classname="com.ibm.juno.core.test.utils.CT_PojoRest" name="testRootLocked" time="0.0" />
  <testcase classname="com.ibm.juno.core.test.utils.CT_SimpleMap" name="doTest" time="0.002" />
  <testcase classname="com.ibm.juno.core.test.utils.CT_StringBuilderWriter" name="test" time="0.0" />
  <testcase classname="com.ibm.juno.core.test.utils.CT_StringUtils" name="testEndsWith" time="0.0" />
  <testcase classname="com.ibm.juno.core.test.utils.CT_StringUtils" name="testParseNumberFromReader" time="0.001" />
  <testcase classname="com.ibm.juno.core.test.utils.CT_StringUtils" name="testNullIfEmpty" time="0.0" />
  <testcase classname="com.ibm.juno.core.test.utils.CT_StringUtils" name="testBase64EncodeToString" time="0.0" />
  <testcase classname="com.ibm.juno.core.test.utils.CT_StringUtils" name="testGenerateUUID" time="0.001" />
  <testcase classname="com.ibm.juno.core.test.utils.CT_StringUtils" name="testParseNumber" time="0.001" />
  <testcase classname="com.ibm.juno.core.test.utils.CT_StringUtils" name="testSplit" time="0.001" />
  <testcase classname="com.ibm.juno.core.test.utils.CT_StringUtils" name="testJoin" time="0.0" />
  <testcase classname="com.ibm.juno.core.test.utils.CT_StringUtils" name="testTrim" time="0.0" />
  <testcase classname="com.ibm.juno.core.test.utils.CT_StringUtils" name="testUnescapeChars" time="0.0" />
  <testcase classname="com.ibm.juno.core.test.utils.CT_StringUtils" name="testParseISO8601Date" time="0.001" />
  <testcase classname="com.ibm.juno.core.test.utils.CT_StringUtils" name="testisDecimal" time="0.0" />
  <testcase classname="com.ibm.juno.core.test.utils.CT_StringUtils" name="testReplaceVars" time="0.0" />
  <testcase classname="com.ibm.juno.core.test.utils.CT_StringUtils" name="testPathStartsWith" time="0.0" />
  <testcase classname="com.ibm.juno.core.test.utils.CT_StringUtils" name="testisFloat" time="0.0" />
  <testcase classname="com.ibm.juno.core.test.utils.CT_StringUtils" name="testDecodeHex" time="0.0" />
  <testcase classname="com.ibm.juno.core.test.utils.CT_StringUtils" name="testStartsWith" time="0.0" />
  <testcase classname="com.ibm.juno.core.test.utils.CT_StringUtils" name="testNumberRanges" time="0.001" />
  <testcase classname="com.ibm.juno.core.test.utils.CT_StringVarResolver" name="testEscapedSequences" time="0.006" />
  <testcase classname="com.ibm.juno.core.test.utils.CT_StringVarResolver" name="testEscaped$" time="0.0" />
  <testcase classname="com.ibm.juno.core.test.utils.CT_StringVarResolver" name="test$E" time="0.001" />
  <testcase classname="com.ibm.juno.core.test.utils.CT_StringVarResolver" name="testFalseTriggers" time="0.0" />
  <testcase classname="com.ibm.juno.core.test.utils.CT_StringVarResolver" name="test" time="0.001" />
  <testcase classname="com.ibm.juno.core.test.utils.CT_StringVarResolver" name="test2" time="0.0" />
  <testcase classname="com.ibm.juno.core.test.utils.CT_StringVarResolver" name="testParent" time="0.0" />
  <testcase classname="com.ibm.juno.core.test.xml.CT_Common" name="testBeanPropertyProperties" time="0.13" />
  <testcase classname="com.ibm.juno.core.test.xml.CT_Common" name="testURIAttr" time="0.279" />
  <testcase classname="com.ibm.juno.core.test.xml.CT_Common" name="testUris" time="0.0" />
  <testcase classname="com.ibm.juno.core.test.xml.CT_Common" name="testTrimEmptyArrays" time="0.0" />
  <testcase classname="com.ibm.juno.core.test.xml.CT_Common" name="testBeanPropertyPropertiesOnListOfBeans" time="0.0" />
  <testcase classname="com.ibm.juno.core.test.xml.CT_Common" name="testTrimEmptyLists" time="0.01" />
  <testcase classname="com.ibm.juno.core.test.xml.CT_Common" name="testTrimEmptyMaps" time="0.003" />
  <testcase classname="com.ibm.juno.core.test.xml.CT_Common" name="testRecursion" time="0.009" />
  <testcase classname="com.ibm.juno.core.test.xml.CT_Common" name="testLockedSerializer" time="0.0" />
  <testcase classname="com.ibm.juno.core.test.xml.CT_Common" name="testTrimNullsFromBeans" time="0.001" />
  <testcase classname="com.ibm.juno.core.test.xml.CT_CommonParser" name="testFromSerializer" time="0.008" />
  <testcase classname="com.ibm.juno.core.test.xml.CT_CommonParser" name="testCorrectHandlingOfUnknownProperties" time="0.002" />
  <testcase classname="com.ibm.juno.core.test.xml.CT_CommonParser" name="testCollectionPropertiesWithNoSetters" time="0.001" />
  <testcase classname="com.ibm.juno.core.test.xml.CT_CommonParser" name="testParserListeners" time="0.001" />
  <testcase classname="com.ibm.juno.core.test.xml.CT_CommonXml" name="testBeanUriAnnotation" time="0.005" />
  <testcase classname="com.ibm.juno.core.test.xml.CT_CommonXml" name="testBeanUriAnnotationOnlyUriProperty" time="0.0" />
  <testcase classname="com.ibm.juno.core.test.xml.CT_Xml" name="testXmlNsOnPackageNsUriInXmlNs" time="0.015" />
  <testcase classname="com.ibm.juno.core.test.xml.CT_Xml" name="testNsOnPackageNsOnClassNoElementNameOnClass" time="0.025" />
  <testcase classname="com.ibm.juno.core.test.xml.CT_Xml" name="testComboOfNsAndOverriddenBeanPropertyNames" time="0.008" />
  <testcase classname="com.ibm.juno.core.test.xml.CT_Xml" name="testNsOnClass" time="0.013" />
  <testcase classname="com.ibm.juno.core.test.xml.CT_Xml" name="testElementNameOnNotABean" time="0.001" />
  <testcase classname="com.ibm.juno.core.test.xml.CT_Xml" name="testElementNameOnBeansOfCollection" time="0.001" />
  <testcase classname="com.ibm.juno.core.test.xml.CT_Xml" name="testElementNameOnInterface" time="0.003" />
  <testcase classname="com.ibm.juno.core.test.xml.CT_Xml" name="testElementNameWithInvalidChars" time="0.004" />
  <testcase classname="com.ibm.juno.core.test.xml.CT_Xml" name="testNsOnClassWithElementName" time="0.011" />
  <testcase classname="com.ibm.juno.core.test.xml.CT_Xml" name="testNamespaces" time="0.001" />
  <testcase classname="com.ibm.juno.core.test.xml.CT_Xml" name="testXmlFormatAttr" time="0.004" />
  <testcase classname="com.ibm.juno.core.test.xml.CT_Xml" name="testNsOnPackageNoNsOnClass" time="0.015" />
  <testcase classname="com.ibm.juno.core.test.xml.CT_Xml" name="testNsOnPackageNsOnClassElementNameOnClass" time="0.031" />
  <testcase classname="com.ibm.juno.core.test.xml.CT_Xml" name="testXmlNsWithoutMatchingNsUri" time="0.001" />
  <testcase classname="com.ibm.juno.core.test.xml.CT_Xml" name="testElementName" time="0.004" />
  <testcase classname="com.ibm.juno.core.test.xml.CT_Xml" name="testTrimNulls" time="0.001" />
  <testcase classname="com.ibm.juno.core.test.xml.CT_Xml" name="testIgnoreCollectionFieldWithElementName" time="0.006" />
  <testcase classname="com.ibm.juno.core.test.xml.CT_Xml" name="testBeanNameAnnotation" time="0.0" />
  <testcase classname="com.ibm.juno.core.test.xml.CT_Xml" name="testXmlAttrs" time="0.006" />
  <testcase classname="com.ibm.juno.core.test.xml.CT_Xml" name="testNsOnPackageNoNsOnClassElementNameOnClass" time="0.011" />
  <testcase classname="com.ibm.juno.core.test.xml.CT_Xml" name="testBeanUriAnnotationFormattedAsElement" time="0.004" />
  <testcase classname="com.ibm.juno.core.test.xml.CT_Xml" name="testOverriddenBeanUriAsElementNames" time="0.004" />
  <testcase classname="com.ibm.juno.core.test.xml.CT_Xml" name="testXmlNsAnnotation" time="0.032" />
  <testcase classname="com.ibm.juno.core.test.xml.CT_Xml" name="testComparisonWithJson" time="0.002" />
  <testcase classname="com.ibm.juno.core.test.xml.CT_Xml" name="testElementNameInInvalidLocations" time="0.001" />
  <testcase classname="com.ibm.juno.core.test.xml.CT_Xml" name="testElementNameOnCollection" time="0.003" />
  <testcase classname="com.ibm.juno.core.test.xml.CT_Xml" name="testElementNameOnSuperclass" time="0.004" />
  <testcase classname="com.ibm.juno.core.test.xml.CT_Xml" name="testOverriddenBeanUriAndIdAnnotations" time="0.005" />
  <testcase classname="com.ibm.juno.core.test.xml.CT_Xml" name="testFieldsWithElementNameOnNotABeans" time="0.001" />
  <testcase classname="com.ibm.juno.core.test.xml.CT_Xml" name="testXmlFormatAttrWithNs" time="0.006" />
  <testcase classname="com.ibm.juno.core.test.xml.CT_Xml" name="testXXXXNotation" time="0.001" />
  <testcase classname="com.ibm.juno.core.test.xml.CT_XmlCollapsed" name="testElementNameOnElementClass" time="0.002" />
  <testcase classname="com.ibm.juno.core.test.xml.CT_XmlCollapsed" name="testElementNameOnCollectionClassOverridden" time="0.01" />
  <testcase classname="com.ibm.juno.core.test.xml.CT_XmlCollapsed" name="testNullConstructibleCollectionFields" time="0.0" />
  <testcase classname="com.ibm.juno.core.test.xml.CT_XmlCollapsed" name="testElementNameOnElementClassOverridden" time="0.0" />
  <testcase classname="com.ibm.juno.core.test.xml.CT_XmlCollapsed" name="testBasic" time="0.0" />
  <testcase classname="com.ibm.juno.core.test.xml.CT_XmlCollapsed" name="testUninitializedFields" time="0.01" />
  <testcase classname="com.ibm.juno.core.test.xml.CT_XmlCollapsed" name="testGetters" time="0.01" />
  <testcase classname="com.ibm.juno.core.test.xml.CT_XmlCollapsed" name="testElementNameOnCollectionClass" time="0.01" />
  <testcase classname="com.ibm.juno.core.test.xml.CT_XmlCollapsed" name="testInitializedFields" time="0.01" />
  <testcase classname="com.ibm.juno.core.test.xml.CT_XmlContent" name="testBadContent" time="0.0" />
  <testcase classname="com.ibm.juno.core.test.xml.CT_XmlContent" name="testXmlContentFormat" time="0.01" />
  <testcase classname="com.ibm.juno.core.test.xml.CT_XmlContent" name="testContentFormat" time="0.012" />
  <testcase classname="com.ibm.juno.core.test.xml.CT_XmlParser" name="testGenericWithChildElements" time="0.005" />
  <testcase classname="com.ibm.juno.core.test.xml.CT_XmlParser" name="testGenericAttributes" time="0.0" />
  <testcase classname="com.ibm.juno.core.test.xml.CT_XmlParser" name="testPreserveRootElement" time="0.001" />
  <system-out><![CDATA[]]></system-out>
  <system-err><![CDATA[SLF4J: Class path contains multiple SLF4J bindings.
SLF4J: Found binding in [jar:file:/D:/workspaces/juno/com.ibm.team.juno.releng/lib/jena/slf4j-log4j12-1.6.4.jar!/org/slf4j/impl/StaticLoggerBinder.class]
SLF4J: Found binding in [jar:file:/D:/workspaces/juno/com.ibm.team.juno.releng/build/juno-samples-fat-5.2.jar!/org/slf4j/impl/StaticLoggerBinder.class]
SLF4J: Found binding in [jar:file:/D:/workspaces/juno/com.ibm.team.juno.releng/build/microservice-samples-project/lib/slf4j-log4j12-1.6.4.jar!/org/slf4j/impl/StaticLoggerBinder.class]
SLF4J: Found binding in [jar:file:/D:/workspaces/juno/com.ibm.team.juno.releng/build/test/juno-server-test-5.2.jar!/org/slf4j/impl/StaticLoggerBinder.class]
SLF4J: See http://www.slf4j.org/codes.html#multiple_bindings for an explanation.
---Usage---
java -cp juno.jar com.ibm.juno.core.ini.ConfigFile createBatchEnvFile -configFile <configFile> -envFile <envFile> [-verbose]
java -cp juno.jar com.ibm.juno.core.ini.ConfigFile createShellEnvFile -configFile <configFile> -envFile <envFile> [-verbose]
java -cp juno.jar com.ibm.juno.core.ini.ConfigFile setVals -configFile <configFile> -vals [var1 val1 [var2 val2...]] [-verbose]
log4j:WARN No appenders could be found for logger (com.hp.hpl.jena.rdf.model.impl.RDFDefaultErrorHandler).
log4j:WARN Please initialize the log4j system properly.
log4j:WARN See http://logging.apache.org/log4j/1.2/faq.html#noconfig for more info.
]]></system-err>
</testsuite>
