<?xml version="1.0" encoding="UTF-8" ?>
<testsuite errors="0" failures="0" hostname="SERIAL-R9039N1G" name="com.ibm.juno.server.tests.AllTests" tests="121" time="6.121" timestamp="2015-12-30T17:18:02">
  <properties>
    <property name="file.encoding.pkg" value="sun.io" />
    <property name="org.osgi.framework.executionenvironment" value="OSGi/Minimum-1.0,OSGi/Minimum-1.1,OSGi/Minimum-1.2,JRE-1.1,J2SE-1.2,J2SE-1.3,J2SE-1.4,J2SE-1.5,JavaSE-1.6,JavaSE-1.7" />
    <property name="osgi.framework" value="file:/C:/RTC/../IMShared/plugins/org.eclipse.osgi_3.8.2.v20140416-1442.jar" />
    <property name="java.home" value="C:\RTC\jdk\jre" />
    <property name="eclipse.application" value="org.eclipse.ui.ide.workbench" />
    <property name="bin.includes" value="lib/derby/derby.jar,lib/jaxrs/jsr311-api-1.1.1.jar,META-INF/,." />
    <property name="JAZZ_HOME" value="C:/test/JTS4000/JazzTeamServer" />
    <property name="osgi.debug" value="" />
    <property name="org.eclipse.debug.ui.breakpoints.toggleFactoriesUsed" value="false" />
    <property name="java.endorsed.dirs" value="C:\RTC\jdk\jre\lib\endorsed" />
    <property name="osgi.bundlestore" value="C:\RTC\configuration\org.eclipse.osgi\bundles" />
    <property name="java.fullversion" value="JRE 1.7.0 IBM J9 2.7 Windows 7 amd64-64 Compressed References 20140410_195893 (JIT enabled, AOT enabled)&#xa;J9VM - R27_Java727_SR1_20140410_1931_B195893&#xa;JIT  - tr.r13.java_20140410_61421&#xa;GC   - R27_Java727_SR1_20140410_1931_B195893_CMPRSS&#xa;J9CL - 20140410_195893" />
    <property name="java.vendor.url" value="http://www.ibm.com/" />
    <property name="jars.extra.classpath" value="lib/jaxrs/jsr311-api-1.1.1.jar,lib/jena/jena-core-2.7.1-sources.jar,lib/jena/jena-core-2.7.1.jar,lib/jena/jena-iri-0.9.2.jar,lib/jena/log4j-1.2.16.jar,lib/jena/slf4j-api-1.6.4.jar,lib/jena/slf4j-log4j12-1.6.4.jar" />
    <property name="java.version" value="1.7.0" />
    <property name="eclipse.pdebuild.home" value="/C:/IMShared/plugins/org.eclipse.pde.build_3.8.2.v20121114-140810/./" />
    <property name="osgi.os" value="win32" />
    <property name="org.eclipse.equinox.simpleconfigurator.configUrl" value="file:org.eclipse.equinox.simpleconfigurator/bundles.info" />
    <property name="org.osgi.framework.uuid" value="c041e1bd-6eae-0015-1a1a-9ad22161a1ee" />
    <property name="com.ibm.oti.shared.enabled" value="false" />
    <property name="osgi.splashPath" value="file:/C:/IMShared/plugins/com.ibm.team.concert,file:/C:/IMShared/plugins/com.ibm.team.concert.nl1,file:/C:/IMShared/plugins/com.ibm.team.concert.nl2,file:/C:/IMShared/plugins/com.ibm.team.concert.nl2a,file:/C:/IMShared/plugins/com.ibm.datastudio.consolidated.product,file:/C:/IMShared/plugins/com.ibm.datastudio.consolidated.product.nl1,file:/C:/IMShared/plugins/com.ibm.datastudio.consolidated.product.nl2" />
    <property name="com.ibm.oti.vm.library.version" value="27" />
    <property name="os.encoding" value="UTF8" />
    <property name="ant.project.invoked-targets" value="Juno.ComponentTest" />
    <property name="user.name" value="jbognar" />
    <property name="org.osgi.framework.version" value="1.7.0" />
    <property name="sun.io.unicode.encoding" value="UnicodeLittle" />
    <property name="org.osgi.framework.system.packages" value="javax.accessibility,javax.activation,javax.activity,javax.annotation,javax.annotation.processing,javax.crypto,javax.crypto.interfaces,javax.crypto.spec,javax.imageio,javax.imageio.event,javax.imageio.metadata,javax.imageio.plugins.bmp,javax.imageio.plugins.jpeg,javax.imageio.spi,javax.imageio.stream,javax.jws,javax.jws.soap,javax.lang.model,javax.lang.model.element,javax.lang.model.type,javax.lang.model.util,javax.management,javax.management.loading,javax.management.modelmbean,javax.management.monitor,javax.management.openmbean,javax.management.relation,javax.management.remote,javax.management.remote.rmi,javax.management.timer,javax.naming,javax.naming.directory,javax.naming.event,javax.naming.ldap,javax.naming.spi,javax.net,javax.net.ssl,javax.print,javax.print.attribute,javax.print.attribute.standard,javax.print.event,javax.rmi,javax.rmi.CORBA,javax.rmi.ssl,javax.script,javax.security.auth,javax.security.auth.callback,javax.security.auth.kerberos,javax.security.auth.login,javax.security.auth.spi,javax.security.auth.x500,javax.security.cert,javax.security.sasl,javax.sound.midi,javax.sound.midi.spi,javax.sound.sampled,javax.sound.sampled.spi,javax.sql,javax.sql.rowset,javax.sql.rowset.serial,javax.sql.rowset.spi,javax.swing,javax.swing.border,javax.swing.colorchooser,javax.swing.event,javax.swing.filechooser,javax.swing.plaf,javax.swing.plaf.basic,javax.swing.plaf.metal,javax.swing.plaf.multi,javax.swing.plaf.nimbus,javax.swing.plaf.synth,javax.swing.table,javax.swing.text,javax.swing.text.html,javax.swing.text.html.parser,javax.swing.text.rtf,javax.swing.tree,javax.swing.undo,javax.tools,javax.transaction,javax.transaction.xa,javax.xml,javax.xml.bind,javax.xml.bind.annotation,javax.xml.bind.annotation.adapters,javax.xml.bind.attachment,javax.xml.bind.helpers,javax.xml.bind.util,javax.xml.crypto,javax.xml.crypto.dom,javax.xml.crypto.dsig,javax.xml.crypto.dsig.dom,javax.xml.crypto.dsig.keyinfo,javax.xml.crypto.dsig.spec,javax.xml.datatype,javax.xml.namespace,javax.xml.parsers,javax.xml.soap,javax.xml.stream,javax.xml.stream.events,javax.xml.stream.util,javax.xml.transform,javax.xml.transform.dom,javax.xml.transform.sax,javax.xml.transform.stax,javax.xml.transform.stream,javax.xml.validation,javax.xml.ws,javax.xml.ws.handler,javax.xml.ws.handler.soap,javax.xml.ws.http,javax.xml.ws.soap,javax.xml.ws.spi,javax.xml.ws.spi.http,javax.xml.ws.wsaddressing,javax.xml.xpath,org.ietf.jgss,org.omg.CORBA,org.omg.CORBA_2_3,org.omg.CORBA_2_3.portable,org.omg.CORBA.DynAnyPackage,org.omg.CORBA.ORBPackage,org.omg.CORBA.portable,org.omg.CORBA.TypeCodePackage,org.omg.CosNaming,org.omg.CosNaming.NamingContextExtPackage,org.omg.CosNaming.NamingContextPackage,org.omg.Dynamic,org.omg.DynamicAny,org.omg.DynamicAny.DynAnyFactoryPackage,org.omg.DynamicAny.DynAnyPackage,org.omg.IOP,org.omg.IOP.CodecFactoryPackage,org.omg.IOP.CodecPackage,org.omg.Messaging,org.omg.PortableInterceptor,org.omg.PortableInterceptor.ORBInitInfoPackage,org.omg.PortableServer,org.omg.PortableServer.CurrentPackage,org.omg.PortableServer.POAManagerPackage,org.omg.PortableServer.POAPackage,org.omg.PortableServer.portable,org.omg.PortableServer.ServantLocatorPackage,org.omg.SendingContext,org.omg.stub.java.rmi,org.w3c.dom,org.w3c.dom.bootstrap,org.w3c.dom.css,org.w3c.dom.events,org.w3c.dom.html,org.w3c.dom.ls,org.w3c.dom.ranges,org.w3c.dom.stylesheets,org.w3c.dom.traversal,org.w3c.dom.views,org.w3c.dom.xpath,org.xml.sax,org.xml.sax.ext,org.xml.sax.helpers" />
    <property name="sun.jnu.encoding" value="Cp1252" />
    <property name="java.runtime.name" value="Java(TM) SE Runtime Environment" />
    <property name="com.ibm.jcl.checkClassPath" value="" />
    <property name="ibm.system.encoding" value="Cp1252" />
    <property name="applicationXMI" value="org.eclipse.ui.workbench/LegacyIDE.e4xmi" />
    <property name="osgi.instance.area.default" value="file:/C:/Users/IBM_ADMIN/IBM/rationalsdp/workspace/" />
    <property name="eclipse.launcher.name" value="Eclipse" />
    <property name="eclipse.product" value="com.ibm.team.concert.product" />
    <property name="java.specification.name" value="Java Platform API Specification" />
    <property name="org.osgi.supports.framework.fragment" value="true" />
    <property name="user.timezone" value="" />
    <property name="org.osgi.framework.system.capabilities" value="osgi.ee; osgi.ee=&quot;OSGi/Minimum&quot;; version:List&lt;Version&gt;=&quot;1.0, 1.1, 1.2&quot;,osgi.ee; osgi.ee=&quot;JRE&quot;; version:List&lt;Version&gt;=&quot;1.0, 1.1&quot;,osgi.ee; osgi.ee=&quot;JavaSE&quot;; version:List&lt;Version&gt;=&quot;1.0, 1.1, 1.2, 1.3, 1.4, 1.5, 1.6, 1.7&quot;" />
    <property name="JUNO_SERVER_TEST_URL" value="http://localhost:10001" />
    <property name="osgi.nl" value="en_US" />
    <property name="path.separator" value=";" />
    <property name="com.ibm.oti.jcl.build" value="20140410_195893" />
    <property name="file.encoding" value="Cp1252" />
    <property name="osgi.arch" value="x86_64" />
    <property name="ant.project.default-target" value="Juno.Build" />
    <property name="com.ibm.oti.configuration" value="scar" />
    <property name="_jacoco.agentFile" value="C:\Users\IBM_AD~1\AppData\Local\Temp\jacocoagent7452611420645386408.jar" />
    <property name="sun.java.command" value="org.apache.tools.ant.taskdefs.optional.junit.JUnitTestRunner com.ibm.juno.server.tests.AllTests filtertrace=false haltOnError=false haltOnFailure=false formatter=org.apache.tools.ant.taskdefs.optional.junit.SummaryJUnitResultFormatter showoutput=true outputtoformatters=true logfailedtests=true logtestlistenerevents=false formatter=org.apache.tools.ant.taskdefs.optional.junit.XMLJUnitResultFormatter,D:\workspaces\juno\com.ibm.team.juno.releng\build\test\junit\results\TEST-com.ibm.juno.server.tests.AllTests.xml crashfile=D:\workspaces\juno\com.ibm.team.juno.releng\junitvmwatcher7855068176712013882.properties propsfile=D:\workspaces\juno\com.ibm.team.juno.releng\junit2905401132856924732.properties" />
    <property name="ant.file" value="D:\workspaces\juno\com.ibm.team.juno.releng\build.xml" />
    <property name="org.osgi.supports.framework.requirebundle" value="true" />
    <property name="osgi.bundles.override.user" value="true" />
    <property name="osgi.bundles.defaultStartLevel" value="4" />
    <property name="JUNO_SAMPLE_URL" value="http://localhost:10000" />
    <property name="osgi.launcherIni" value="eclipse" />
    <property name="osgi.bundles" value="reference:file:org.eclipse.birt.jetty.overlay_4.2.2.v201210101433.jar,reference:file:org.eclipse.equinox.simpleconfigurator_1.0.301.v20120914-163612.jar@1:start" />
    <property name="java.io.tmpdir" value="C:\Users\IBM_AD~1\AppData\Local\Temp\" />
    <property name="org.osgi.framework.os.name" value="Windows7" />
    <property name="equinox.use.ds" value="true" />
    <property name="TODAY" value="December 30 2015" />
    <property name="user.language" value="en" />
    <property name="eof" value="eof" />
    <property name="line.separator" value="&#xd;&#xa;" />
    <property name="org.osgi.framework.processor" value="x86-64" />
    <property name="java.vm.info" value="JRE 1.7.0 Windows 7 amd64-64 Compressed References 20140410_195893 (JIT enabled, AOT enabled)&#xa;J9VM - R27_Java727_SR1_20140410_1931_B195893&#xa;JIT  - tr.r13.java_20140410_61421&#xa;GC   - R27_Java727_SR1_20140410_1931_B195893_CMPRSS&#xa;J9CL - 20140410_195893" />
    <property name="osgi.manifest.cache" value="C:\RTC\configuration\org.eclipse.osgi\manifests" />
    <property name="osgi.splashLocation" value="C:\RTC\configuration\org.eclipse.equinox.launcher\com.ibm.team.concert_3.1.1000.v20141031_1346\splash.bmp" />
    <property name="sun.desktop" value="windows" />
    <property name="java.vm.specification.name" value="Java Virtual Machine Specification" />
    <property name="version" value="5.2.0.0" />
    <property name="ant.file.Juno" value="D:\workspaces\juno\com.ibm.team.juno.releng\build.xml" />
    <property name="eclipse.vm" value="C:\RTC\\jdk/jre/bin/javaw.exe" />
    <property name="com.ibm.cpu.endian" value="little" />
    <property name="eclipse.pdebuild.templates" value="/C:/IMShared/plugins/org.eclipse.pde.build_3.8.2.v20121114-140810/templates/" />
    <property name="osgi.configuration.area" value="file:/C:/RTC/configuration/" />
    <property name="java.awt.printerjob" value="sun.awt.windows.WPrinterJob" />
    <property name="com.ibm.util.extralibs.properties" value="" />
    <property name="ant.version" value="Apache Ant(TM) version 1.8.3 compiled on February 26 2012" />
    <property name="osgi.ws" value="win32" />
    <property name="com.ibm.xtq.processor.overrideSecureProcessing" value="true" />
    <property name="osgi.launcherPath" value="C:\RTC" />
    <property name="nls_exclude" value="**/*.html" />
    <property name="org.osgi.supports.framework.extension" value="true" />
    <property name="eclipse.p2.data.area" value="@config.dir/../p2/" />
    <property name="help.war" value="C:\RTC\help\help.war" />
    <property name="osgi.framework.extensions" value="reference:file:org.eclipse.birt.jetty.overlay_4.2.2.v201210101433.jar" />
    <property name="gosh.args" value="--nointeractive" />
    <property name="org.osgi.framework.language" value="en" />
    <property name="os.name" value="Windows 7" />
    <property name="eclipse.home.location" value="file:/C:/RTC/" />
    <property name="java.specification.vendor" value="Sun Microsystems Inc." />
    <property name="eclipse.vmargs" value="-Xms512m&#xa;-Xmx4096m&#xa;-Xmnx64m&#xa;-Xgcpolicy:gencon&#xa;-Xscmx192m&#xa;-Xshareclasses:name=IBMSDP_%u&#xa;-Xcompressedrefs&#xa;-Xquickstart&#xa;-Xnolinenumbers&#xa;-XX:MaxPermSize=1024M&#xa;-jar&#xa;C:\RTC\\plugins/org.eclipse.equinox.launcher_1.3.0.v20120522-1813.jar&#xa;" />
    <property name="java.vm.name" value="IBM J9 VM" />
    <property name="java.library.path" value="C:\RTC\jdk\jre\bin\compressedrefs;C:\RTC\jdk\jre\bin;C:\windows\system32;C:\windows;D:\SQLLIB\BIN;D:\SQLLIB\FUNCTION;C:\ProgramData\Oracle\Java\javapath;C:\Java\IBM_SDK_71\jre\bin;C:\Program Files (x86)\Intel\iCLS Client\;C:\Program Files\Intel\iCLS Client\;C:\windows\system32;C:\windows;C:\windows\System32\Wbem;C:\windows\System32\WindowsPowerShell\v1.0\;C:\Program Files\IBM\Infoprint Select;C:\Program Files (x86)\IBM\Personal Communications\;C:\Program Files (x86)\IBM\Trace Facility\;C:\Program Files\Intel\Intel(R) Management Engine Components\DAL;C:\Program Files (x86)\Intel\Intel(R) Management Engine Components\DAL;C:\Program Files\Intel\Intel(R) Management Engine Components\IPT;C:\Program Files (x86)\Intel\Intel(R) Management Engine Components\IPT;C:\Program Files\Intel\WiFi\bin\;C:\Program Files\Common Files\Intel\WirelessCommon\;c:\notes;C:\vslick\win;C:\mks\mksnt;C:\Program Files\ibm\gsk8\lib64;C:\Program Files (x86)\ibm\gsk8\lib;C:\Vagrant\bin;C:\cygwin64\bin;D:\nodejs\;C:\Program Files\Oracle\VirtualBox;C:\Program Files (x86)\QuickTime\QTSystem\;C:\Program Files (x86)\Windows Kits\8.1\Windows Performance Toolkit\;C:\Program Files\Intel\WiFi\bin\;C:\Program Files\Common Files\Intel\WirelessCommon\;C:\Program Files\Boot2Docker for Windows;C:\Users\IBM_ADMIN\AppData\Roaming\npm" />
    <property name="eclipse.pdebuild.scripts" value="/C:/IMShared/plugins/org.eclipse.pde.build_3.8.2.v20121114-140810/scripts/" />
    <property name="ant.java.version" value="1.7" />
    <property name="eclipse.commands" value="-os&#xa;win32&#xa;-ws&#xa;win32&#xa;-arch&#xa;x86_64&#xa;-showsplash&#xa;-launcher&#xa;C:\RTC\eclipse.exe&#xa;-name&#xa;Eclipse&#xa;--launcher.library&#xa;C:\RTC\\plugins/org.eclipse.equinox.launcher.win32.win32.x86_64_1.1.200.v20120913-144807\eclipse_1503.dll&#xa;-startup&#xa;C:\RTC\\plugins/org.eclipse.equinox.launcher_1.3.0.v20120522-1813.jar&#xa;--launcher.overrideVmargs&#xa;-exitdata&#xa;1ed40_60&#xa;-install&#xa;C:/RTC&#xa;-product&#xa;com.ibm.team.concert.product&#xa;-data&#xa;D:/workspaces/juno&#xa;-showLocation&#xa;-vm&#xa;C:\RTC\\jdk/jre/bin/javaw.exe&#xa;" />
    <property name="basedir" value="D:\workspaces\juno\com.ibm.team.juno.releng" />
    <property name="java.class.version" value="51.0" />
    <property name="osgi.syspath" value="c:\RTC\..\IMShared\plugins" />
    <property name="help.type.default" value="remote" />
    <property name="ant.home" value="C:\IMShared\plugins\org.apache.ant_1.8.3.v201301120609" />
    <property name="java.compiler" value="j9jit27" />
    <property name="org.eclipse.equinox.launcher.splash.location" value="C:\RTC\configuration\org.eclipse.equinox.launcher\com.ibm.team.concert_3.1.1000.v20141031_1346\splash.bmp" />
    <property name="osgi.framework.extensions.override.user" value="true" />
    <property name="console.encoding" value="Cp437" />
    <property name="osgi.instance.area" value="file:/D:/workspaces/juno/" />
    <property name="osgi.install.area" value="file:/C:/RTC/" />
    <property name="sun.boot.library.path" value="C:\RTC\jdk\jre\bin\compressedrefs;C:\RTC\jdk\jre\bin" />
    <property name="java.awt.graphicsenv" value="sun.awt.Win32GraphicsEnvironment" />
    <property name="user.variant" value="" />
    <property name="org.mortbay.http.HttpRequest.maxFormContentSize" value="4000000" />
    <property name="ant.file.type.Juno" value="file" />
    <property name="ant.project.name" value="Juno" />
    <property name="java.vm.specification.version" value="1.0" />
    <property name="awt.toolkit" value="sun.awt.windows.WToolkit" />
    <property name="org.eclipse.update.reconcile" value="false" />
    <property name="java.ext.dirs" value="C:\RTC\jdk\jre\lib\ext" />
    <property name="osgi.framework.version" value="3.8.2.v20140416-1442" />
    <property name="os.version" value="6.1" />
    <property name="eclipse.launcher" value="C:\RTC\eclipse.exe" />
    <property name="user.home" value="C:\Users\IBM_ADMIN" />
    <property name="cic.appDataLocation" value="C:\ProgramData\IBM\Installation Manager" />
    <property name="java.vm.vendor" value="IBM Corporation" />
    <property name="dir.build" value="build" />
    <property name="jre.compilation.profile" value="JavaSE-1.6" />
    <property name="user.dir" value="C:\RTC" />
    <property name="org.osgi.framework.os.version" value="6.1.0" />
    <property name="osgi.framework.shape" value="jar" />
    <property name="com.ibm.vm.bitmode" value="64" />
    <property name="osgi.framework.override.user" value="true" />
    <property name="sun.cpu.endian" value="little" />
    <property name="eclipse.startTime" value="1451422635766" />
    <property name="java.vm.version" value="2.7" />
    <property name="java.class.path" value="D:\workspaces\juno\com.ibm.team.juno.releng\lib\commons-codec-1.9\commons-codec-1.9.jar;D:\workspaces\juno\com.ibm.team.juno.releng\lib\commons-fileupload\org.apache.commons.fileupload_1.3.1.jar;D:\workspaces\juno\com.ibm.team.juno.releng\lib\derby\derby.jar;D:\workspaces\juno\com.ibm.team.juno.releng\lib\equinox\org.eclipse.osgi.services_3.2.100.v20100503.jar;D:\workspaces\juno\com.ibm.team.juno.releng\lib\equinox\org.eclipse.osgi_3.6.50.R36x_v20120315-1500.jar;D:\workspaces\juno\com.ibm.team.juno.releng\lib\httpclient\commons-logging-1.1.1.jar;D:\workspaces\juno\com.ibm.team.juno.releng\lib\httpclient\httpclient-4.5.jar;D:\workspaces\juno\com.ibm.team.juno.releng\lib\httpclient\httpcore-4.4.1.jar;D:\workspaces\juno\com.ibm.team.juno.releng\lib\httpclient\httpmime-4.5.jar;D:\workspaces\juno\com.ibm.team.juno.releng\lib\jacoco\jacocoagent.jar;D:\workspaces\juno\com.ibm.team.juno.releng\lib\jacoco\jacocoant.jar;D:\workspaces\juno\com.ibm.team.juno.releng\lib\jacoco\org.jacoco.agent-0.7.5.201505241946.jar;D:\workspaces\juno\com.ibm.team.juno.releng\lib\jacoco\org.jacoco.ant-0.7.5.201505241946.jar;D:\workspaces\juno\com.ibm.team.juno.releng\lib\jacoco\org.jacoco.core-0.7.5.201505241946.jar;D:\workspaces\juno\com.ibm.team.juno.releng\lib\jacoco\org.jacoco.report-0.7.5.201505241946.jar;D:\workspaces\juno\com.ibm.team.juno.releng\lib\java2html\java2html.jar;D:\workspaces\juno\com.ibm.team.juno.releng\lib\javax.servlet_2.5.0.jar;D:\workspaces\juno\com.ibm.team.juno.releng\lib\jaxrs\jsr311-api-1.1.1.jar;D:\workspaces\juno\com.ibm.team.juno.releng\lib\jaxrs\wink-common-1.2.1-incubating.jar;D:\workspaces\juno\com.ibm.team.juno.releng\lib\jaxrs\wink-server-1.2.1-incubating.jar;D:\workspaces\juno\com.ibm.team.juno.releng\lib\jena\jena-core-2.7.1-sources.jar;D:\workspaces\juno\com.ibm.team.juno.releng\lib\jena\jena-core-2.7.1.jar;D:\workspaces\juno\com.ibm.team.juno.releng\lib\jena\jena-iri-0.9.2.jar;D:\workspaces\juno\com.ibm.team.juno.releng\lib\jena\log4j-1.2.16.jar;D:\workspaces\juno\com.ibm.team.juno.releng\lib\jena\slf4j-api-1.6.4.jar;D:\workspaces\juno\com.ibm.team.juno.releng\lib\jena\slf4j-log4j12-1.6.4.jar;D:\workspaces\juno\com.ibm.team.juno.releng\lib\junit\hamcrest-core-1.3.jar;D:\workspaces\juno\com.ibm.team.juno.releng\lib\junit\junit-4.12.jar;D:\workspaces\juno\com.ibm.team.juno.releng\build\bundles\com.ibm.team.juno.client_5.2.0.0.jar;D:\workspaces\juno\com.ibm.team.juno.releng\build\bundles\com.ibm.team.juno.microservice_5.2.0.0.jar;D:\workspaces\juno\com.ibm.team.juno.releng\build\bundles\com.ibm.team.juno.server_5.2.0.0.jar;D:\workspaces\juno\com.ibm.team.juno.releng\build\bundles\com.ibm.team.juno_5.2.0.0.jar;D:\workspaces\juno\com.ibm.team.juno.releng\build\juno-all-5.2.jar;D:\workspaces\juno\com.ibm.team.juno.releng\build\juno-samples-5.2.jar;D:\workspaces\juno\com.ibm.team.juno.releng\build\juno-samples-fat-5.2.jar;D:\workspaces\juno\com.ibm.team.juno.releng\build\microservice-project\lib\commons-codec-1.9.jar;D:\workspaces\juno\com.ibm.team.juno.releng\build\microservice-project\lib\commons-io-1.2.jar;D:\workspaces\juno\com.ibm.team.juno.releng\build\microservice-project\lib\commons-logging-1.1.1.jar;D:\workspaces\juno\com.ibm.team.juno.releng\build\microservice-project\lib\httpclient-4.5.jar;D:\workspaces\juno\com.ibm.team.juno.releng\build\microservice-project\lib\httpcore-4.4.1.jar;D:\workspaces\juno\com.ibm.team.juno.releng\build\microservice-project\lib\httpmime-4.5.jar;D:\workspaces\juno\com.ibm.team.juno.releng\build\microservice-project\lib\javax.servlet-api-3.0.jar;D:\workspaces\juno\com.ibm.team.juno.releng\build\microservice-project\lib\jetty-all-8.1.0.jar;D:\workspaces\juno\com.ibm.team.juno.releng\build\microservice-project\lib\juno-all-5.2.jar;D:\workspaces\juno\com.ibm.team.juno.releng\build\microservice-project\lib\org.apache.commons.fileupload_1.3.1.jar;D:\workspaces\juno\com.ibm.team.juno.releng\build\microservice-samples-project\lib\commons-codec-1.9.jar;D:\workspaces\juno\com.ibm.team.juno.releng\build\microservice-samples-project\lib\commons-io-1.2.jar;D:\workspaces\juno\com.ibm.team.juno.releng\build\microservice-samples-project\lib\commons-logging-1.1.1.jar;D:\workspaces\juno\com.ibm.team.juno.releng\build\microservice-samples-project\lib\derby.jar;D:\workspaces\juno\com.ibm.team.juno.releng\build\microservice-samples-project\lib\httpclient-4.5.jar;D:\workspaces\juno\com.ibm.team.juno.releng\build\microservice-samples-project\lib\httpcore-4.4.1.jar;D:\workspaces\juno\com.ibm.team.juno.releng\build\microservice-samples-project\lib\httpmime-4.5.jar;D:\workspaces\juno\com.ibm.team.juno.releng\build\microservice-samples-project\lib\javax.servlet-api-3.0.jar;D:\workspaces\juno\com.ibm.team.juno.releng\build\microservice-samples-project\lib\jena-core-2.7.1.jar;D:\workspaces\juno\com.ibm.team.juno.releng\build\microservice-samples-project\lib\jena-iri-0.9.2.jar;D:\workspaces\juno\com.ibm.team.juno.releng\build\microservice-samples-project\lib\jetty-all-8.1.0.jar;D:\workspaces\juno\com.ibm.team.juno.releng\build\microservice-samples-project\lib\juno-all-5.2.jar;D:\workspaces\juno\com.ibm.team.juno.releng\build\microservice-samples-project\lib\log4j-1.2.16.jar;D:\workspaces\juno\com.ibm.team.juno.releng\build\microservice-samples-project\lib\org.apache.commons.fileupload_1.3.1.jar;D:\workspaces\juno\com.ibm.team.juno.releng\build\microservice-samples-project\lib\slf4j-api-1.6.4.jar;D:\workspaces\juno\com.ibm.team.juno.releng\build\microservice-samples-project\lib\slf4j-log4j12-1.6.4.jar;D:\workspaces\juno\com.ibm.team.juno.releng\build\source\com.ibm.team.juno.client_5.2.0.0.jar;D:\workspaces\juno\com.ibm.team.juno.releng\build\source\com.ibm.team.juno.microservice_5.2.0.0.jar;D:\workspaces\juno\com.ibm.team.juno.releng\build\source\com.ibm.team.juno.server_5.2.0.0.jar;D:\workspaces\juno\com.ibm.team.juno.releng\build\source\com.ibm.team.juno_5.2.0.0.jar;D:\workspaces\juno\com.ibm.team.juno.releng\build\source\juno-all-5.2.jar;D:\workspaces\juno\com.ibm.team.juno.releng\build\source\juno-samples-5.2_src.jar;D:\workspaces\juno\com.ibm.team.juno.releng\build\test\juno-core-test-5.2.jar;D:\workspaces\juno\com.ibm.team.juno.releng\build\test\juno-server-test-5.2.jar;D:\workspaces\juno\com.ibm.team.juno.releng;D:\SQLLIB\java\db2java.zip;D:\SQLLIB\java\db2jcc.jar;D:\SQLLIB\java\sqlj.zip;D:\SQLLIB\java\db2jcc_license_cu.jar;D:\SQLLIB\bin;D:\SQLLIB\java\common.jar;C:\IMShared\plugins\org.apache.ant_1.8.3.v201301120609\lib\ant-launcher.jar;C:\IMShared\plugins\org.apache.ant_1.8.3.v201301120609\lib\ant.jar;C:\IMShared\plugins\org.apache.ant_1.8.3.v201301120609\lib\ant-junit.jar;C:\IMShared\plugins\org.apache.ant_1.8.3.v201301120609\lib\ant-junit4.jar;C:\Users\IBM_AD~1\AppData\Local\Temp\jacocoagent7452611420645386408.jar;C:\Users\IBM_AD~1\AppData\Local\Temp\jacocoagent7452611420645386408.jar" />
    <property name="DSTAMP" value="20151230" />
    <property name="ant.library.dir" value="C:\IMShared\plugins\org.apache.ant_1.8.3.v201301120609\lib" />
    <property name="os.arch" value="amd64" />
    <property name="eclipse.p2.profile" value="IBM Rational Team Concert Client com.ibm.sdp.eclipse.ide" />
    <property name="sun.java.launcher" value="SUN_STANDARD" />
    <property name="org.osgi.framework.vendor" value="Eclipse" />
    <property name="ant.core.lib" value="C:\IMShared\plugins\org.apache.ant_1.8.3.v201301120609\lib\ant.jar" />
    <property name="osgi.tracefile" value="D:\workspaces\juno\.metadata\trace.log" />
    <property name="java.vm.specification.vendor" value="Sun Microsystems Inc." />
    <property name="TSTAMP" value="1217" />
    <property name="com.ibm.system.agent.path" value="C:\RTC\jdk\jre\bin" />
    <property name="file.separator" value="\" />
    <property name="java.runtime.version" value="pwa6470_27sr1-20140411_01 (SR1)" />
    <property name="sun.boot.class.path" value="C:\RTC\jdk\jre\bin\compressedrefs\jclSC170\vm.jar;C:\RTC\jdk\jre\lib\se-service.jar;C:\RTC\jdk\jre\lib\math.jar;C:\RTC\jdk\jre\lib\jlm.jar;C:\RTC\jdk\jre\lib\ibmorb.jar;C:\RTC\jdk\jre\lib\ibmorbapi.jar;C:\RTC\jdk\jre\lib\ibmcfw.jar;C:\RTC\jdk\jre\lib\ibmpkcs.jar;C:\RTC\jdk\jre\lib\ibmcertpathfw.jar;C:\RTC\jdk\jre\lib\ibmjgssfw.jar;C:\RTC\jdk\jre\lib\ibmjssefw.jar;C:\RTC\jdk\jre\lib\ibmsaslfw.jar;C:\RTC\jdk\jre\lib\ibmjcefw.jar;C:\RTC\jdk\jre\lib\ibmjgssprovider.jar;C:\RTC\jdk\jre\lib\ibmjsseprovider2.jar;C:\RTC\jdk\jre\lib\ibmcertpathprovider.jar;C:\RTC\jdk\jre\lib\xmldsigfw.jar;C:\RTC\jdk\jre\lib\xml.jar;C:\RTC\jdk\jre\lib\charsets.jar;C:\RTC\jdk\jre\lib\resources.jar;C:\RTC\jdk\jre\lib\rt.jar;C:\RTC\jdk\jre\lib\dataaccess.jar" />
    <property name="ibm.signalhandling.sigint" value="true" />
    <property name="shortVersion" value="5.2" />
    <property name="ibm.signalhandling.rs" value="false" />
    <property name="osgi.frameworkClassPath" value="., file:C:/RTC/../IMShared/plugins/org.eclipse.birt.jetty.overlay_4.2.2.v201210101433.jar" />
    <property name="user.country" value="US" />
    <property name="com.ibm.packed.version" value="2" />
    <property name="osgi.logfile" value="D:\workspaces\juno\.metadata\.log" />
    <property name="com.ibm.oti.vm.bootstrap.library.path" value="C:\RTC\jdk\jre\bin\compressedrefs;C:\RTC\jdk\jre\bin" />
    <property name="com.ibm.zero.version" value="2" />
    <property name="ibm.signalhandling.sigchain" value="true" />
    <property name="osgi.bundlefile.limit" value="100" />
    <property name="java.vendor" value="IBM Corporation" />
    <property name="java.specification.version" value="1.7" />
    <property name="sun.arch.data.model" value="64" />
    <property name="help.URL.default" value="" />
  </properties>
  <testcase classname="com.ibm.juno.server.tests.sample.CT_AddressBookResource" name="testBasic" time="0.162" />
  <testcase classname="com.ibm.juno.server.tests.sample.CT_AddressBookResource" name="testPojoQuery" time="1.016" />
  <testcase classname="com.ibm.juno.server.tests.sample.CT_AddressBookResource" name="testPojoIntrospector" time="0.125" />
  <testcase classname="com.ibm.juno.server.tests.sample.CT_AddressBookResource" name="testPojoRest" time="0.573" />
  <testcase classname="com.ibm.juno.server.tests.CT_JacocoDummy" name="accessPrivateConstructorsOnStaticUtilityClasses" time="0.004" />
  <testcase classname="com.ibm.juno.server.tests.CT_RestUtils" name="testGetServletURI" time="0.0" />
  <testcase classname="com.ibm.juno.server.tests.CT_RestUtils" name="testTrimSlashes" time="0.0" />
  <testcase classname="com.ibm.juno.server.tests.CT_RestUtils" name="testTrimTrailingSlashes2" time="0.0" />
  <testcase classname="com.ibm.juno.server.tests.CT_RestUtils" name="testDecode" time="0.0" />
  <testcase classname="com.ibm.juno.server.tests.CT_RestUtils" name="testEncode" time="0.0" />
  <testcase classname="com.ibm.juno.server.tests.CT_RestUtils" name="testTrimTrailingSlashes" time="0.0" />
  <testcase classname="com.ibm.juno.server.tests.sample.CT_RootResources" name="testXml" time="0.128" />
  <testcase classname="com.ibm.juno.server.tests.sample.CT_RootResources" name="testJson" time="0.026" />
  <testcase classname="com.ibm.juno.server.tests.sample.CT_RootResources" name="testOptionsPage" time="0.066" />
  <testcase classname="com.ibm.juno.server.tests.sample.CT_RootResources" name="testHtmlStripped" time="0.046" />
  <testcase classname="com.ibm.juno.server.tests.sample.CT_RootResources" name="testStyleSheet" time="0.011" />
  <testcase classname="com.ibm.juno.server.tests.sample.CT_RootResources" name="testJsonSchema" time="0.052" />
  <testcase classname="com.ibm.juno.server.tests.sample.CT_SampleRemoteableServicesResource" name="testBasic" time="0.063" />
  <testcase classname="com.ibm.juno.server.tests.CT_TestAcceptCharset" name="testCharsetOnResponse" time="0.199" />
  <testcase classname="com.ibm.juno.server.tests.CT_TestAcceptCharset" name="testQValues" time="0.057" />
  <testcase classname="com.ibm.juno.server.tests.CT_TestBeanContextProperties" name="testClassFilters" time="0.029" />
  <testcase classname="com.ibm.juno.server.tests.CT_TestCallbackStrings" name="test" time="0.037" />
  <testcase classname="com.ibm.juno.server.tests.CT_TestCharsetEncodings" name="test" time="0.048" />
  <testcase classname="com.ibm.juno.server.tests.CT_TestConfig" name="test" time="0.128" />
  <testcase classname="com.ibm.juno.server.tests.CT_TestContent" name="testUsingContentParam" time="0.273" />
  <testcase classname="com.ibm.juno.server.tests.CT_TestContent" name="testUsingContentParamJsonParam" time="0.127" />
  <testcase classname="com.ibm.juno.server.tests.CT_TestContent" name="testUsingContent" time="0.204" />
  <testcase classname="com.ibm.juno.server.tests.CT_TestContent" name="testUsingContentParamJsonHeader" time="0.117" />
  <testcase classname="com.ibm.juno.server.tests.CT_TestDefaultContentTypes" name="testRestMethodAddParsersSerializersAnnotations" time="0.052" />
  <testcase classname="com.ibm.juno.server.tests.CT_TestDefaultContentTypes" name="testRestMethodParsersSerializers" time="0.054" />
  <testcase classname="com.ibm.juno.server.tests.CT_TestDefaultContentTypes" name="testDefaultHeadersOnServletAnnotation" time="0.057" />
  <testcase classname="com.ibm.juno.server.tests.CT_TestDefaultContentTypes" name="testRestMethodAddParsersSerializers" time="0.071" />
  <testcase classname="com.ibm.juno.server.tests.CT_TestDefaultContentTypes" name="testAccept" time="0.047" />
  <testcase classname="com.ibm.juno.server.tests.CT_TestDefaultContentTypes" name="testRestMethodParserSerializerAnnotations" time="0.043" />
  <testcase classname="com.ibm.juno.server.tests.CT_TestErrorConditions" name="testSetParameterToInvalidTypes" time="0.02" />
  <testcase classname="com.ibm.juno.server.tests.CT_TestErrorConditions" name="test412" time="0.009" />
  <testcase classname="com.ibm.juno.server.tests.CT_TestErrorConditions" name="test404and405" time="0.016" />
  <testcase classname="com.ibm.juno.server.tests.CT_TestErrorConditions" name="testParseIntoNonConstructableBean" time="0.011" />
  <testcase classname="com.ibm.juno.server.tests.CT_TestErrorConditions" name="testParseIntoNonStaticInnerClass" time="0.011" />
  <testcase classname="com.ibm.juno.server.tests.CT_TestErrorConditions" name="testThrownConstructorException" time="0.012" />
  <testcase classname="com.ibm.juno.server.tests.CT_TestErrorConditions" name="testParseIntoNonPublicInnerClass" time="0.018" />
  <testcase classname="com.ibm.juno.server.tests.CT_TestErrorConditions" name="testNonExistentBeanProperties" time="0.018" />
  <testcase classname="com.ibm.juno.server.tests.CT_TestErrorConditions" name="testWrongDataType" time="0.01" />
  <testcase classname="com.ibm.juno.server.tests.CT_TestFilters" name="testClassFilterOverridesParentClassFilter" time="0.015" />
  <testcase classname="com.ibm.juno.server.tests.CT_TestFilters" name="testMethodFilterOverridesClassFilter" time="0.016" />
  <testcase classname="com.ibm.juno.server.tests.CT_TestGroups" name="testSerializerDefinedOnClass" time="0.058" />
  <testcase classname="com.ibm.juno.server.tests.CT_TestGzip" name="testGzipOnDirect" time="0.016" />
  <testcase classname="com.ibm.juno.server.tests.CT_TestGzip" name="testGzipOff" time="0.06" />
  <testcase classname="com.ibm.juno.server.tests.CT_TestGzip" name="testGzipOn" time="0.059" />
  <testcase classname="com.ibm.juno.server.tests.CT_TestInheritance" name="testSerializers" time="0.023" />
  <testcase classname="com.ibm.juno.server.tests.CT_TestInheritance" name="testEncoders" time="0.002" />
  <testcase classname="com.ibm.juno.server.tests.CT_TestInheritance" name="testProperties" time="0.031" />
  <testcase classname="com.ibm.juno.server.tests.CT_TestInheritance" name="testFilters" time="0.021" />
  <testcase classname="com.ibm.juno.server.tests.CT_TestInheritance" name="testParsers" time="0.008" />
  <testcase classname="com.ibm.juno.server.tests.CT_TestMessages" name="test" time="0.026" />
  <testcase classname="com.ibm.juno.server.tests.sample.CT_TestMultiPartFormPosts" name="testUpload" time="0.023" />
  <testcase classname="com.ibm.juno.server.tests.CT_TestNls" name="test1" time="0.038" />
  <testcase classname="com.ibm.juno.server.tests.CT_TestNls" name="test2" time="0.014" />
  <testcase classname="com.ibm.juno.server.tests.CT_TestNls" name="test3" time="0.016" />
  <testcase classname="com.ibm.juno.server.tests.CT_TestNls" name="test4" time="0.015" />
  <testcase classname="com.ibm.juno.server.tests.CT_TestNls" name="test5" time="0.015" />
  <testcase classname="com.ibm.juno.server.tests.CT_TestNls" name="test6" time="0.013" />
  <testcase classname="com.ibm.juno.server.tests.CT_TestNlsProperty" name="testInheritedFromClass" time="0.011" />
  <testcase classname="com.ibm.juno.server.tests.CT_TestNlsProperty" name="testInheritedFromMethod" time="0.007" />
  <testcase classname="com.ibm.juno.server.tests.CT_TestNoParserInput" name="testInputStream" time="0.008" />
  <testcase classname="com.ibm.juno.server.tests.CT_TestNoParserInput" name="testPushbackReader" time="0.011" />
  <testcase classname="com.ibm.juno.server.tests.CT_TestNoParserInput" name="testReader" time="0.009" />
  <testcase classname="com.ibm.juno.server.tests.CT_TestOnPostCall" name="testPropertiesOverriddenProgramatically" time="0.026" />
  <testcase classname="com.ibm.juno.server.tests.CT_TestOnPostCall" name="testPropertiesOverriddenProgramaticallyDefaultAccept" time="0.064" />
  <testcase classname="com.ibm.juno.server.tests.CT_TestOnPostCall" name="testPropertiesOverridenByAnnotationDefaultAccept" time="0.018" />
  <testcase classname="com.ibm.juno.server.tests.CT_TestOnPostCall" name="testPropertiesOverridenByAnnotation" time="0.012" />
  <testcase classname="com.ibm.juno.server.tests.CT_TestOnPreCall" name="testPropertiesOverriddenProgrammatically" time="0.013" />
  <testcase classname="com.ibm.juno.server.tests.CT_TestOnPreCall" name="testPropertiesOverriddenByAnnotation" time="0.013" />
  <testcase classname="com.ibm.juno.server.tests.CT_TestOptionsWithoutNls" name="testOptions" time="0.019" />
  <testcase classname="com.ibm.juno.server.tests.CT_TestOptionsWithoutNls" name="testMissingResourceBundle" time="0.012" />
  <testcase classname="com.ibm.juno.server.tests.CT_TestOverlappingMethods" name="testOverlappingMatchers1" time="0.015" />
  <testcase classname="com.ibm.juno.server.tests.CT_TestOverlappingMethods" name="testOverlappingMatchers2" time="0.026" />
  <testcase classname="com.ibm.juno.server.tests.CT_TestOverlappingMethods" name="testOverlappingUrlPatterns" time="0.023" />
  <testcase classname="com.ibm.juno.server.tests.CT_TestOverlappingMethods" name="testOverlappingGuards1" time="0.008" />
  <testcase classname="com.ibm.juno.server.tests.CT_TestOverlappingMethods" name="testOverlappingGuards2" time="0.016" />
  <testcase classname="com.ibm.juno.server.tests.CT_TestParams" name="testQParamPost" time="0.03" />
  <testcase classname="com.ibm.juno.server.tests.CT_TestParams" name="testParamPost" time="0.02" />
  <testcase classname="com.ibm.juno.server.tests.CT_TestParams" name="testFormPostsWithMultiParamsUsingAnnotation" time="0.013" />
  <testcase classname="com.ibm.juno.server.tests.CT_TestParams" name="testBasic" time="0.124" />
  <testcase classname="com.ibm.juno.server.tests.CT_TestParams" name="testHasQParamGet" time="0.021" />
  <testcase classname="com.ibm.juno.server.tests.CT_TestParams" name="testFormPostsWithMultiParamsUsingProperty" time="0.037" />
  <testcase classname="com.ibm.juno.server.tests.CT_TestParams" name="testHasParamGet" time="0.033" />
  <testcase classname="com.ibm.juno.server.tests.CT_TestParams" name="testQParamGet" time="0.019" />
  <testcase classname="com.ibm.juno.server.tests.CT_TestParams" name="testMultiPartParams" time="0.02" />
  <testcase classname="com.ibm.juno.server.tests.CT_TestParams" name="testFormPostAsContent" time="0.03" />
  <testcase classname="com.ibm.juno.server.tests.CT_TestParams" name="testMultiPartParamsSingleValues" time="0.011" />
  <testcase classname="com.ibm.juno.server.tests.CT_TestParams" name="testHasQParamPost" time="0.025" />
  <testcase classname="com.ibm.juno.server.tests.CT_TestParams" name="testParamGet" time="0.032" />
  <testcase classname="com.ibm.juno.server.tests.CT_TestParams" name="testHasParamPost" time="0.026" />
  <testcase classname="com.ibm.juno.server.tests.CT_TestParsers" name="testParserOnClass" time="0.011" />
  <testcase classname="com.ibm.juno.server.tests.CT_TestParsers" name="testParserWithDifferentMediaTypes" time="0.013" />
  <testcase classname="com.ibm.juno.server.tests.CT_TestParsers" name="testParserOverriddenOnMethod" time="0.009" />
  <testcase classname="com.ibm.juno.server.tests.CT_TestParsers" name="testValidErrorResponse" time="0.007" />
  <testcase classname="com.ibm.juno.server.tests.CT_TestParsers" name="testParserOnMethod" time="0.013" />
  <testcase classname="com.ibm.juno.server.tests.CT_TestPath" name="testBasic" time="0.01" />
  <testcase classname="com.ibm.juno.server.tests.CT_TestPaths" name="testBasic" time="0.136" />
  <testcase classname="com.ibm.juno.server.tests.CT_TestProperties" name="testProperties" time="0.007" />
  <testcase classname="com.ibm.juno.server.tests.CT_TestProperties" name="testPropertiesDefinedOnMethod" time="0.007" />
  <testcase classname="com.ibm.juno.server.tests.CT_TestRestClient" name="testSuccessPattern" time="0.011" />
  <testcase classname="com.ibm.juno.server.tests.CT_TestRestClient" name="testFailurePattern" time="0.014" />
  <testcase classname="com.ibm.juno.server.tests.CT_TestRestClient" name="testCaptureResponse" time="0.01" />
  <testcase classname="com.ibm.juno.server.tests.CT_TestRestClient" name="testAddResponsePattern" time="0.021" />
  <testcase classname="com.ibm.juno.server.tests.CT_TestSerializers" name="test406" time="0.009" />
  <testcase classname="com.ibm.juno.server.tests.CT_TestSerializers" name="testSerializerOnMethod" time="0.005" />
  <testcase classname="com.ibm.juno.server.tests.CT_TestSerializers" name="testSerializerWithDifferentMediaTypes" time="0.007" />
  <testcase classname="com.ibm.juno.server.tests.CT_TestSerializers" name="testSerializerOnClass" time="0.008" />
  <testcase classname="com.ibm.juno.server.tests.CT_TestSerializers" name="testSerializerOverriddenOnMethod" time="0.007" />
  <testcase classname="com.ibm.juno.server.tests.CT_TestStaticFiles" name="testXdocs" time="0.015" />
  <testcase classname="com.ibm.juno.server.tests.CT_TestUris" name="testChild" time="0.061" />
  <testcase classname="com.ibm.juno.server.tests.CT_TestUris" name="testRoot" time="0.067" />
  <testcase classname="com.ibm.juno.server.tests.CT_TestUris" name="testGrandChild" time="0.054" />
  <testcase classname="com.ibm.juno.server.tests.CT_TestUrlContent" name="testInt" time="0.006" />
  <testcase classname="com.ibm.juno.server.tests.CT_TestUrlContent" name="testBean" time="0.009" />
  <testcase classname="com.ibm.juno.server.tests.CT_TestUrlContent" name="testEnum" time="0.007" />
  <testcase classname="com.ibm.juno.server.tests.CT_TestUrlContent" name="testString" time="0.007" />
  <testcase classname="com.ibm.juno.server.tests.CT_UrlPathPattern" name="testComparison" time="0.005" />
  <system-out><![CDATA[]]></system-out>
  <system-err><![CDATA[log4j:WARN No appenders could be found for logger (org.apache.http.client.protocol.RequestAddCookies).
log4j:WARN Please initialize the log4j system properly.
log4j:WARN See http://logging.apache.org/log4j/1.2/faq.html#noconfig for more info.
]]></system-err>
</testsuite>
